[0.028s] Invoking command in '/home/neha/ros2_ws/src/semnav_migration/build/semnav': CMAKE_PREFIX_PATH=${CMAKE_PREFIX_PATH}:/opt/ros/jazzy DEBUGINFOD_URLS=https://debuginfod.ubuntu.com /usr/bin/cmake --build /home/neha/ros2_ws/src/semnav_migration/build/semnav -- -j2 -l2
[0.240s] [ 14%] Built target reactive_planner
[0.388s] [ 23%] Built target navigation_semantic
[0.390s] [ 33%] Built target navigation
[0.549s] [ 42%] Building CXX object CMakeFiles/navigation_humans.dir/src/navigation_humans.cpp.o
[0.549s] [ 42%] Building CXX object CMakeFiles/human_following.dir/src/human_following.cpp.o
[23.263s] /home/neha/ros2_ws/src/semnav_migration/src/human_following.cpp:44:36: error: ‘ros’ has not been declared
[23.264s]    44 |                 HumanFollowingNode(ros::NodeHandle* nodehandle) : nh_(*nodehandle) {
[23.264s]       |                                    ^~~
[23.265s] /home/neha/ros2_ws/src/semnav_migration/src/human_following.cpp:44:51: error: expected ‘)’ before ‘*’ token
[23.265s]    44 |                 HumanFollowingNode(ros::NodeHandle* nodehandle) : nh_(*nodehandle) {
[23.265s]       |                                   ~               ^
[23.265s]       |                                                   )
[23.265s] /home/neha/ros2_ws/src/semnav_migration/src/human_following.cpp:242:69: error: ‘KeypointDetections3D’ in namespace ‘object_pose_interface_msgs’ does not name a type
[23.265s]   242 |                 void human_update(const object_pose_interface_msgs::KeypointDetections3D::ConstPtr& human_data) {
[23.266s]       |                                                                     ^~~~~~~~~~~~~~~~~~~~
[23.266s] /home/neha/ros2_ws/src/semnav_migration/src/human_following.cpp:242:99: error: expected unqualified-id before ‘&’ token
[23.266s]   242 |                 void human_update(const object_pose_interface_msgs::KeypointDetections3D::ConstPtr& human_data) {
[23.266s]       |                                                                                                   ^
[23.266s] /home/neha/ros2_ws/src/semnav_migration/src/human_following.cpp:242:99: error: expected ‘)’ before ‘&’ token
[23.266s]   242 |                 void human_update(const object_pose_interface_msgs::KeypointDetections3D::ConstPtr& human_data) {
[23.266s]       |                                  ~                                                                ^
[23.266s]       |                                                                                                   )
[23.267s] /home/neha/ros2_ws/src/semnav_migration/src/human_following.cpp:242:99: error: expected ‘;’ at end of member declaration
[23.269s]   242 |                 void human_update(const object_pose_interface_msgs::KeypointDetections3D::ConstPtr& human_data) {
[23.272s]       |                                                                                                   ^
[23.272s]       |                                                                                                    ;
[23.289s] /home/neha/ros2_ws/src/semnav_migration/src/human_following.cpp:242:101: error: ‘human_data’ does not name a type
[23.290s]   242 |                 void human_update(const object_pose_interface_msgs::KeypointDetections3D::ConstPtr& human_data) {
[23.290s]       |                                                                                                     ^~~~~~~~~~
[23.290s] /home/neha/ros2_ws/src/semnav_migration/src/human_following.cpp:288:75: error: ‘SemanticMapObjectArray’ in namespace ‘object_pose_interface_msgs’ does not name a type
[23.290s]   288 |                 void diffeo_tree_update(const object_pose_interface_msgs::SemanticMapObjectArray::ConstPtr& semantic_map_data) {
[23.291s]       |                                                                           ^~~~~~~~~~~~~~~~~~~~~~
[23.294s] /home/neha/ros2_ws/src/semnav_migration/src/human_following.cpp:288:107: error: expected unqualified-id before ‘&’ token
[23.294s]   288 |                 void diffeo_tree_update(const object_pose_interface_msgs::SemanticMapObjectArray::ConstPtr& semantic_map_data) {
[23.294s]       |                                                                                                           ^
[23.294s] /home/neha/ros2_ws/src/semnav_migration/src/human_following.cpp:288:107: error: expected ‘)’ before ‘&’ token
[23.294s]   288 |                 void diffeo_tree_update(const object_pose_interface_msgs::SemanticMapObjectArray::ConstPtr& semantic_map_data) {
[23.295s]       |                                        ~                                                                  ^
[23.296s]       |                                                                                                           )
[23.298s] /home/neha/ros2_ws/src/semnav_migration/src/human_following.cpp:288:107: error: expected ‘;’ at end of member declaration
[23.298s]   288 |                 void diffeo_tree_update(const object_pose_interface_msgs::SemanticMapObjectArray::ConstPtr& semantic_map_data) {
[23.298s]       |                                                                                                           ^
[23.298s]       |                                                                                                            ;
[23.345s] /home/neha/ros2_ws/src/semnav_migration/src/human_following.cpp:288:109: error: ‘semantic_map_data’ does not name a type
[23.347s]   288 |                 void diffeo_tree_update(const object_pose_interface_msgs::SemanticMapObjectArray::ConstPtr& semantic_map_data) {
[23.347s]       |                                                                                                             ^~~~~~~~~~~~~~~~~
[23.348s] /home/neha/ros2_ws/src/semnav_migration/src/human_following.cpp:375:58: error: ‘LaserScan’ in namespace ‘sensor_msgs’ does not name a type
[23.348s]   375 |                 void control_callback(const sensor_msgs::LaserScan::ConstPtr& lidar_data, const nav_msgs::Odometry::ConstPtr& robot_data) {
[23.348s]       |                                                          ^~~~~~~~~
[23.348s] /home/neha/ros2_ws/src/semnav_migration/src/human_following.cpp:375:77: error: expected unqualified-id before ‘&’ token
[23.348s]   375 |                 void control_callback(const sensor_msgs::LaserScan::ConstPtr& lidar_data, const nav_msgs::Odometry::ConstPtr& robot_data) {
[23.348s]       |                                                                             ^
[23.349s] /home/neha/ros2_ws/src/semnav_migration/src/human_following.cpp:375:77: error: expected ‘)’ before ‘&’ token
[23.349s]   375 |                 void control_callback(const sensor_msgs::LaserScan::ConstPtr& lidar_data, const nav_msgs::Odometry::ConstPtr& robot_data) {
[23.349s]       |                                      ~                                      ^
[23.349s]       |                                                                             )
[23.349s] /home/neha/ros2_ws/src/semnav_migration/src/human_following.cpp:375:77: error: expected ‘;’ at end of member declaration
[23.349s]   375 |                 void control_callback(const sensor_msgs::LaserScan::ConstPtr& lidar_data, const nav_msgs::Odometry::ConstPtr& robot_data) {
[23.349s]       |                                                                             ^
[23.349s]       |                                                                              ;
[23.366s] /home/neha/ros2_ws/src/semnav_migration/src/human_following.cpp:375:79: error: ‘lidar_data’ does not name a type
[23.366s]   375 |                 void control_callback(const sensor_msgs::LaserScan::ConstPtr& lidar_data, const nav_msgs::Odometry::ConstPtr& robot_data) {
[23.366s]       |                                                                               ^~~~~~~~~~
[23.375s] /home/neha/ros2_ws/src/semnav_migration/src/human_following.cpp:643:17: error: ‘ros’ does not name a type
[23.375s]   643 |                 ros::NodeHandle nh_;
[23.375s]       |                 ^~~
[23.381s] /home/neha/ros2_ws/src/semnav_migration/src/human_following.cpp:662:17: error: ‘ros’ does not name a type
[23.381s]   662 |                 ros::Publisher pub_behaviorID_;
[23.381s]       |                 ^~~
[23.390s] /home/neha/ros2_ws/src/semnav_migration/src/human_following.cpp:663:17: error: ‘ros’ does not name a type
[23.390s]   663 |                 ros::Publisher pub_behaviorMode_;
[23.390s]       |                 ^~~
[23.397s] /home/neha/ros2_ws/src/semnav_migration/src/human_following.cpp:664:17: error: ‘ros’ does not name a type
[23.397s]   664 |                 ros::Publisher pub_twist_;
[23.397s]       |                 ^~~
[23.407s] /home/neha/ros2_ws/src/semnav_migration/src/human_following.cpp:666:17: error: ‘ros’ does not name a type
[23.408s]   666 |                 ros::Publisher pub_semantic_map_;
[23.408s]       |                 ^~~
[23.416s] /home/neha/ros2_ws/src/semnav_migration/src/human_following.cpp:695:17: error: ‘ros’ does not name a type
[23.416s]   695 |                 ros::Time Goal_camera_stamp_;
[23.416s]       |                 ^~~
[23.433s] /home/neha/ros2_ws/src/semnav_migration/src/human_following.cpp:715:17: error: ‘tf’ does not name a type; did you mean ‘tm’?
[23.433s]   715 |                 tf::TransformListener listener_;
[23.433s]       |                 ^~
[23.433s]       |                 tm
[23.440s] /home/neha/ros2_ws/src/semnav_migration/src/human_following.cpp: In member function ‘void HumanFollowingNode::publish_twist(double, double)’:
[23.440s] /home/neha/ros2_ws/src/semnav_migration/src/human_following.cpp:166:40: error: ‘Twist’ is not a member of ‘geometry_msgs’; did you mean ‘geometry_msgs::msg::Twist’?
[23.441s]   166 |                         geometry_msgs::Twist commandTwist;
[23.441s]       |                                        ^~~~~
[23.441s] In file included from /opt/ros/jazzy/include/geometry_msgs/geometry_msgs/msg/detail/velocity_stamped__struct.hpp:25,
[23.442s]                  from /opt/ros/jazzy/include/geometry_msgs/geometry_msgs/msg/velocity_stamped.hpp:7,
[23.444s]                  from /opt/ros/jazzy/include/tf2/tf2/buffer_core.h:49,
[23.444s]                  from /opt/ros/jazzy/include/tf2_ros/tf2_ros/async_buffer_interface.h:39,
[23.444s]                  from /opt/ros/jazzy/include/tf2_ros/tf2_ros/buffer.h:42,
[23.444s]                  from /home/neha/ros2_ws/src/semnav_migration/include/reactive_planner_lib.h:40,
[23.445s]                  from /home/neha/ros2_ws/src/semnav_migration/src/human_following.cpp:25:
[23.445s] /opt/ros/jazzy/include/geometry_msgs/geometry_msgs/msg/detail/twist__struct.hpp:137:7: note: ‘geometry_msgs::msg::Twist’ declared here
[23.445s]   137 | using Twist =
[23.445s]       |       ^~~~~
[23.523s] /home/neha/ros2_ws/src/semnav_migration/src/human_following.cpp:167:25: error: ‘commandTwist’ was not declared in this scope
[23.523s]   167 |                         commandTwist.linear.x = LinearCmd;
[23.523s]       |                         ^~~~~~~~~~~~
[23.569s] /home/neha/ros2_ws/src/semnav_migration/src/navigation_humans.cpp: In member function ‘void NavigationHumansNode::human_update(const object_pose_interface_msgs::msg::KeypointDetections3D_<std::allocator<void> >::ConstPtr&)’:
[23.569s] /home/neha/ros2_ws/src/semnav_migration/src/navigation_humans.cpp:287:95: error: ‘const object_pose_interface_msgs::msg::KeypointDetections3D_<std::allocator<void> >::_header_type’ {aka ‘const struct builtin_interfaces::msg::Time_<std::allocator<void> >’} has no member named ‘stamp’
[23.570s]   287 |                                                 pointCamera.header.stamp = human_data->header.stamp;
[23.570s]       |                                                                                               ^~~~~
[23.570s] /home/neha/ros2_ws/src/semnav_migration/src/navigation_humans.cpp:300:90: error: ‘const object_pose_interface_msgs::msg::KeypointDetections3D_<std::allocator<void> >::_header_type’ {aka ‘const struct builtin_interfaces::msg::Time_<std::allocator<void> >’} has no member named ‘stamp’
[23.570s]   300 |                                             camera_optical_frame_id_, human_data->header.stamp,
[23.570s]       |                                                                                          ^~~~~
[23.580s] /home/neha/ros2_ws/src/semnav_migration/src/human_following.cpp:169:25: error: ‘pub_twist_’ was not declared in this scope; did you mean ‘publish_twist’?
[23.580s]   169 |                         pub_twist_.publish(commandTwist);
[23.580s]       |                         ^~~~~~~~~~
[23.580s]       |                         publish_twist
[23.584s] /home/neha/ros2_ws/src/semnav_migration/src/human_following.cpp: In member function ‘void HumanFollowingNode::publish_behavior_id(uint16_t)’:
[23.584s] /home/neha/ros2_ws/src/semnav_migration/src/human_following.cpp:174:35: error: ‘UInt32’ is not a member of ‘std_msgs’; did you mean ‘example_interfaces::msg::UInt32’?
[23.585s]   174 |                         std_msgs::UInt32 commandId;
[23.585s]       |                                   ^~~~~~
[23.586s] In file included from /opt/ros/jazzy/include/example_interfaces/example_interfaces/msg/u_int32.hpp:7,
[23.586s]                  from /home/neha/ros2_ws/src/semnav_migration/include/reactive_planner_lib.h:51:
[23.586s] /opt/ros/jazzy/include/example_interfaces/example_interfaces/msg/detail/u_int32__struct.hpp:125:7: note: ‘example_interfaces::msg::UInt32’ declared here
[23.586s]   125 | using UInt32 =
[23.587s]       |       ^~~~~~
[23.639s] /home/neha/ros2_ws/src/semnav_migration/src/human_following.cpp:175:25: error: ‘commandId’ was not declared in this scope
[23.639s]   175 |                         commandId.data = BehaviorIdCmd;
[23.639s]       |                         ^~~~~~~~~
[23.646s] In file included from /opt/ros/jazzy/include/rclcpp/rclcpp/copy_all_parameter_values.hpp:27,
[23.647s]                  from /opt/ros/jazzy/include/rclcpp/rclcpp/rclcpp.hpp:171,
[23.647s]                  from /home/neha/ros2_ws/src/semnav_migration/include/reactive_planner_lib.h:32,
[23.647s]                  from /home/neha/ros2_ws/src/semnav_migration/src/navigation_humans.cpp:25:
[23.647s] /home/neha/ros2_ws/src/semnav_migration/src/navigation_humans.cpp: In member function ‘void NavigationHumansNode::control_callback(const sensor_msgs::msg::LaserScan_<std::allocator<void> >::ConstPtr&, const nav_msgs::msg::Odometry_<std::allocator<void> >::ConstPtr&)’:
[23.647s] /home/neha/ros2_ws/src/semnav_migration/src/navigation_humans.cpp:684:124: error: ‘now’ is not a member of ‘rclcpp::Time’
[23.647s]   684 |                 "[Navigation] Command update for " << int(localDiffeoTreeArray.size()) << " polygons in " << rclcpp::Time::now().toSec()-before_time << " seconds.");
[23.647s]       |                                                                                                                            ^~~
[23.802s] /home/neha/ros2_ws/src/semnav_migration/src/human_following.cpp:176:25: error: ‘pub_behaviorID_’ was not declared in this scope; did you mean ‘pub_behaviorID_topic_’?
[23.802s]   176 |                         pub_behaviorID_.publish(commandId);
[23.803s]       |                         ^~~~~~~~~~~~~~~
[23.803s]       |                         pub_behaviorID_topic_
[23.809s] /home/neha/ros2_ws/src/semnav_migration/src/human_following.cpp: In member function ‘void HumanFollowingNode::publish_behavior_mode(uint16_t)’:
[23.809s] /home/neha/ros2_ws/src/semnav_migration/src/human_following.cpp:181:35: error: ‘UInt32’ is not a member of ‘std_msgs’; did you mean ‘example_interfaces::msg::UInt32’?
[23.810s]   181 |                         std_msgs::UInt32 commandMode;
[23.812s]       |                                   ^~~~~~
[23.812s] /opt/ros/jazzy/include/example_interfaces/example_interfaces/msg/detail/u_int32__struct.hpp:125:7: note: ‘example_interfaces::msg::UInt32’ declared here
[23.812s]   125 | using UInt32 =
[23.813s]       |       ^~~~~~
[23.937s] /home/neha/ros2_ws/src/semnav_migration/src/human_following.cpp:182:25: error: ‘commandMode’ was not declared in this scope
[23.937s]   182 |                         commandMode.data = BehaviorModeCmd;
[23.937s]       |                         ^~~~~~~~~~~
[24.113s] /home/neha/ros2_ws/src/semnav_migration/src/human_following.cpp:183:25: error: ‘pub_behaviorMode_’ was not declared in this scope; did you mean ‘pub_behaviorMode_topic_’?
[24.113s]   183 |                         pub_behaviorMode_.publish(commandMode);
[24.113s]       |                         ^~~~~~~~~~~~~~~~~
[24.113s]       |                         pub_behaviorMode_topic_
[24.212s] /home/neha/ros2_ws/src/semnav_migration/src/human_following.cpp: In function ‘int main(int, char**)’:
[24.212s] /home/neha/ros2_ws/src/semnav_migration/src/human_following.cpp:722:9: error: ‘ros’ has not been declared
[24.213s]   722 |         ros::init(argc, argv, "human_following");
[24.213s]       |         ^~~
[24.213s] /home/neha/ros2_ws/src/semnav_migration/src/human_following.cpp:725:9: error: ‘ros’ has not been declared
[24.213s]   725 |         ros::NodeHandle nh("~");
[24.213s]       |         ^~~
[24.233s] /home/neha/ros2_ws/src/semnav_migration/src/human_following.cpp:728:48: error: ‘nh’ was not declared in this scope
[24.233s]   728 |         HumanFollowingNode humanFollowingNode(&nh);
[24.233s]       |                                                ^~
[27.061s] In file included from /opt/ros/jazzy/include/rclcpp/rclcpp/subscription_base.hpp:32,
[27.061s]                  from /opt/ros/jazzy/include/rclcpp/rclcpp/callback_group.hpp:29,
[27.061s]                  from /opt/ros/jazzy/include/rclcpp/rclcpp/any_executable.hpp:20,
[27.061s]                  from /opt/ros/jazzy/include/rclcpp/rclcpp/memory_strategy.hpp:25,
[27.061s]                  from /opt/ros/jazzy/include/rclcpp/rclcpp/memory_strategies.hpp:18,
[27.062s]                  from /opt/ros/jazzy/include/rclcpp/rclcpp/executor_options.hpp:22,
[27.062s]                  from /opt/ros/jazzy/include/rclcpp/rclcpp/executor.hpp:38,
[27.062s]                  from /opt/ros/jazzy/include/rclcpp/rclcpp/executors/multi_threaded_executor.hpp:25,
[27.062s]                  from /opt/ros/jazzy/include/rclcpp/rclcpp/executors.hpp:21,
[27.062s]                  from /opt/ros/jazzy/include/rclcpp/rclcpp/rclcpp.hpp:172:
[27.062s] /opt/ros/jazzy/include/rclcpp/rclcpp/any_subscription_callback.hpp: In instantiation of ‘rclcpp::AnySubscriptionCallback<MessageT, AllocatorT> rclcpp::AnySubscriptionCallback<MessageT, AllocatorT>::set(CallbackT) [with CallbackT = std::_Bind<void (NavigationHumansNode::*(NavigationHumansNode*, std::_Placeholder<1>))(const std::shared_ptr<const object_pose_interface_msgs::msg::KeypointDetections3D_<std::allocator<void> > >&)>; MessageT = object_pose_interface_msgs::msg::SemanticMapObjectArray_<std::allocator<void> >; AllocatorT = std::allocator<void>]’:
[27.062s] /opt/ros/jazzy/include/rclcpp/rclcpp/subscription_factory.hpp:93:32:   required from ‘rclcpp::SubscriptionFactory rclcpp::create_subscription_factory(CallbackT&&, const SubscriptionOptionsWithAllocator<AllocatorT>&, typename MessageMemoryStrategyT::SharedPtr, std::shared_ptr<topic_statistics::SubscriptionTopicStatistics>) [with MessageT = object_pose_interface_msgs::msg::SemanticMapObjectArray_<std::allocator<void> >; CallbackT = std::_Bind<void (NavigationHumansNode::*(NavigationHumansNode*, std::_Placeholder<1>))(const std::shared_ptr<const object_pose_interface_msgs::msg::KeypointDetections3D_<std::allocator<void> > >&)>; AllocatorT = std::allocator<void>; SubscriptionT = Subscription<object_pose_interface_msgs::msg::SemanticMapObjectArray_<std::allocator<void> > >; MessageMemoryStrategyT = message_memory_strategy::MessageMemoryStrategy<object_pose_interface_msgs::msg::SemanticMapObjectArray_<std::allocator<void> >, std::allocator<void> >; typename MessageMemoryStrategyT::SharedPtr = std::shared_ptr<message_memory_strategy::MessageMemoryStrategy<object_pose_interface_msgs::msg::SemanticMapObjectArray_<std::allocator<void> >, std::allocator<void> > >]’
[27.063s] /opt/ros/jazzy/include/rclcpp/rclcpp/create_subscription.hpp:121:63:   required from ‘std::shared_ptr<ROSMessageT> rclcpp::detail::create_subscription(NodeParametersT&, NodeTopicsT&, const std::string&, const rclcpp::QoS&, CallbackT&&, const rclcpp::SubscriptionOptionsWithAllocator<AllocatorT>&, typename MessageMemoryStrategyT::SharedPtr) [with MessageT = object_pose_interface_msgs::msg::SemanticMapObjectArray_<std::allocator<void> >; CallbackT = std::_Bind<void (NavigationHumansNode::*(NavigationHumansNode*, std::_Placeholder<1>))(const std::shared_ptr<const object_pose_interface_msgs::msg::KeypointDetections3D_<std::allocator<void> > >&)>; AllocatorT = std::allocator<void>; SubscriptionT = rclcpp::Subscription<object_pose_interface_msgs::msg::SemanticMapObjectArray_<std::allocator<void> > >; MessageMemoryStrategyT = rclcpp::message_memory_strategy::MessageMemoryStrategy<object_pose_interface_msgs::msg::SemanticMapObjectArray_<std::allocator<void> >, std::allocator<void> >; NodeParametersT = rclcpp::Node; NodeTopicsT = rclcpp::Node; std::string = std::__cxx11::basic_string<char>; typename MessageMemoryStrategyT::SharedPtr = std::shared_ptr<rclcpp::message_memory_strategy::MessageMemoryStrategy<object_pose_interface_msgs::msg::SemanticMapObjectArray_<std::allocator<void> >, std::allocator<void> > >]’
[27.065s] /opt/ros/jazzy/include/rclcpp/rclcpp/create_subscription.hpp:190:76:   required from ‘std::shared_ptr<ROSMessageT> rclcpp::create_subscription(NodeT&, const std::string&, const QoS&, CallbackT&&, const SubscriptionOptionsWithAllocator<AllocatorT>&, typename MessageMemoryStrategyT::SharedPtr) [with MessageT = object_pose_interface_msgs::msg::SemanticMapObjectArray_<std::allocator<void> >; CallbackT = std::_Bind<void (NavigationHumansNode::*(NavigationHumansNode*, std::_Placeholder<1>))(const std::shared_ptr<const object_pose_interface_msgs::msg::KeypointDetections3D_<std::allocator<void> > >&)>; AllocatorT = std::allocator<void>; SubscriptionT = Subscription<object_pose_interface_msgs::msg::SemanticMapObjectArray_<std::allocator<void> > >; MessageMemoryStrategyT = message_memory_strategy::MessageMemoryStrategy<object_pose_interface_msgs::msg::SemanticMapObjectArray_<std::allocator<void> >, std::allocator<void> >; NodeT = Node; std::string = std::__cxx11::basic_string<char>; typename MessageMemoryStrategyT::SharedPtr = std::shared_ptr<message_memory_strategy::MessageMemoryStrategy<object_pose_interface_msgs::msg::SemanticMapObjectArray_<std::allocator<void> >, std::allocator<void> > >]’
[27.066s] /opt/ros/jazzy/include/rclcpp/rclcpp/node_impl.hpp:99:47:   required from ‘std::shared_ptr<ROSMessageT> rclcpp::Node::create_subscription(const std::string&, const rclcpp::QoS&, CallbackT&&, const rclcpp::SubscriptionOptionsWithAllocator<AllocatorT>&, typename MessageMemoryStrategyT::SharedPtr) [with MessageT = object_pose_interface_msgs::msg::SemanticMapObjectArray_<std::allocator<void> >; CallbackT = std::_Bind<void (NavigationHumansNode::*(NavigationHumansNode*, std::_Placeholder<1>))(const std::shared_ptr<const object_pose_interface_msgs::msg::KeypointDetections3D_<std::allocator<void> > >&)>; AllocatorT = std::allocator<void>; SubscriptionT = rclcpp::Subscription<object_pose_interface_msgs::msg::SemanticMapObjectArray_<std::allocator<void> > >; MessageMemoryStrategyT = rclcpp::message_memory_strategy::MessageMemoryStrategy<object_pose_interface_msgs::msg::SemanticMapObjectArray_<std::allocator<void> >, std::allocator<void> >; std::string = std::__cxx11::basic_string<char>; typename MessageMemoryStrategyT::SharedPtr = std::shared_ptr<rclcpp::message_memory_strategy::MessageMemoryStrategy<object_pose_interface_msgs::msg::SemanticMapObjectArray_<std::allocator<void> >, std::allocator<void> > >]’
[27.066s] /home/neha/ros2_ws/src/semnav_migration/src/navigation_humans.cpp:168:106:   required from here
[27.066s] /opt/ros/jazzy/include/rclcpp/rclcpp/any_subscription_callback.hpp:396:23: error: no match for ‘operator=’ (operand types are ‘rclcpp::detail::AnySubscriptionCallbackHelper<object_pose_interface_msgs::msg::SemanticMapObjectArray_<std::allocator<void> >, std::allocator<void>, false, false>::variant_type’ {aka ‘std::variant<std::function<void(const object_pose_interface_msgs::msg::SemanticMapObjectArray_<std::allocator<void> >&)>, std::function<void(const object_pose_interface_msgs::msg::SemanticMapObjectArray_<std::allocator<void> >&, const rclcpp::MessageInfo&)>, std::function<void(const rclcpp::SerializedMessage&)>, std::function<void(const rclcpp::SerializedMessage&, const rclcpp::MessageInfo&)>, std::function<void(std::unique_ptr<object_pose_interface_msgs::msg::SemanticMapObjectArray_<std::allocator<void> >, std::default_delete<object_pose_interface_msgs::msg::SemanticMapObjectArray_<std::allocator<void> > > >)>, std::function<void(std::unique_ptr<object_pose_interface_msgs::msg::SemanticMapObjectArray_<std::allocator<void> >, std::default_delete<object_pose_interface_msgs::msg::SemanticMapObjectArray_<std::allocator<void> > > >, const rclcpp::MessageInfo&)>, std::function<void(std::unique_ptr<rclcpp::SerializedMessage, std::default_delete<rclcpp::SerializedMessage> >)>, std::function<void(std::unique_ptr<rclcpp::SerializedMessage, std::default_delete<rclcpp::SerializedMessage> >, const rclcpp::MessageInfo&)>, std::function<void(std::shared_ptr<const object_pose_interface_msgs::msg::SemanticMapObjectArray_<std::allocator<void> > >)>, std::function<void(std::shared_ptr<const object_pose_interface_msgs::msg::SemanticMapObjectArray_<std::allocator<void> > >, const rclcpp::MessageInfo&)>, std::function<void(std::shared_ptr<const rclcpp::SerializedMessage>)>, std::function<void(std::shared_ptr<const rclcpp::SerializedMessage>, const rclcpp::MessageInfo&)>, std::function<void(const std::shared_ptr<const object_pose_interface_msgs::msg::SemanticMapObjectArray_<std::allocator<void> > >&)>, std::function<void(const std::shared_ptr<const object_pose_interface_msgs::msg::SemanticMapObjectArray_<std::allocator<void> > >&, const rclcpp::MessageInfo&)>, std::function<void(const std::shared_ptr<const rclcpp::SerializedMessage>&)>, std::function<void(const std::shared_ptr<const rclcpp::SerializedMessage>&, const rclcpp::MessageInfo&)>, std::function<void(std::shared_ptr<object_pose_interface_msgs::msg::SemanticMapObjectArray_<std::allocator<void> > >)>, std::function<void(std::shared_ptr<object_pose_interface_msgs::msg::SemanticMapObjectArray_<std::allocator<void> > >, const rclcpp::MessageInfo&)>, std::function<void(std::shared_ptr<rclcpp::SerializedMessage>)>, std::function<void(std::shared_ptr<rclcpp::SerializedMessage>, const rclcpp::MessageInfo&)> >’} and ‘rclcpp::detail::SubscriptionCallbackTypeHelper<object_pose_interface_msgs::msg::SemanticMapObjectArray_<std::allocator<void> >, std::_Bind<void (NavigationHumansNode::*(NavigationHumansNode*, std::_Placeholder<1>))(const std::shared_ptr<const object_pose_interface_msgs::msg::KeypointDetections3D_<std::allocator<void> > >&)>, void>::callback_type’ {aka ‘std::function<void(const std::shared_ptr<const object_pose_interface_msgs::msg::KeypointDetections3D_<std::allocator<void> > >&)>’})
[27.066s]   396 |     callback_variant_ = static_cast<typename scbth::callback_type>(callback);
[27.066s]       |     ~~~~~~~~~~~~~~~~~~^~~~~~~~~~~~~~~~~~~~~~~~~~~~~~~~~~~~~~~~~~~~~~~~~~~~~~
[27.066s] In file included from /opt/ros/jazzy/include/rclcpp/rclcpp/client.hpp:29,
[27.067s]                  from /opt/ros/jazzy/include/rclcpp/rclcpp/callback_group.hpp:24:
[27.069s] /usr/include/c++/13/variant:1494:9: note: candidate: ‘template<class _Tp> std::enable_if_t<((__exactly_once<std::variant<_Types>::__accepted_type<_Tp&&, typename std::enable_if<__not_self<_Tp&&>, void>::type> > && is_constructible_v<std::variant<_Types>::__accepted_type<_Tp&&, typename std::enable_if<__not_self<_Tp&&>, void>::type>, _Tp>) && is_assignable_v<std::variant<_Types>::__accepted_type<_Tp&&, typename std::enable_if<__not_self<_Tp&&>, void>::type>&, _Tp>), std::variant<_Types>&> std::variant<_Types>::operator=(_Tp&&) [with _Types = {std::function<void(const object_pose_interface_msgs::msg::SemanticMapObjectArray_<std::allocator<void> >&)>, std::function<void(const object_pose_interface_msgs::msg::SemanticMapObjectArray_<std::allocator<void> >&, const rclcpp::MessageInfo&)>, std::function<void(const rclcpp::SerializedMessage&)>, std::function<void(const rclcpp::SerializedMessage&, const rclcpp::MessageInfo&)>, std::function<void(std::unique_ptr<object_pose_interface_msgs::msg::SemanticMapObjectArray_<std::allocator<void> >, std::default_delete<object_pose_interface_msgs::msg::SemanticMapObjectArray_<std::allocator<void> > > >)>, std::function<void(std::unique_ptr<object_pose_interface_msgs::msg::SemanticMapObjectArray_<std::allocator<void> >, std::default_delete<object_pose_interface_msgs::msg::SemanticMapObjectArray_<std::allocator<void> > > >, const rclcpp::MessageInfo&)>, std::function<void(std::unique_ptr<rclcpp::SerializedMessage, std::default_delete<rclcpp::SerializedMessage> >)>, std::function<void(std::unique_ptr<rclcpp::SerializedMessage, std::default_delete<rclcpp::SerializedMessage> >, const rclcpp::MessageInfo&)>, std::function<void(std::shared_ptr<const object_pose_interface_msgs::msg::SemanticMapObjectArray_<std::allocator<void> > >)>, std::function<void(std::shared_ptr<const object_pose_interface_msgs::msg::SemanticMapObjectArray_<std::allocator<void> > >, const rclcpp::MessageInfo&)>, std::function<void(std::shared_ptr<const rclcpp::SerializedMessage>)>, std::function<void(std::shared_ptr<const rclcpp::SerializedMessage>, const rclcpp::MessageInfo&)>, std::function<void(const std::shared_ptr<const object_pose_interface_msgs::msg::SemanticMapObjectArray_<std::allocator<void> > >&)>, std::function<void(const std::shared_ptr<const object_pose_interface_msgs::msg::SemanticMapObjectArray_<std::allocator<void> > >&, const rclcpp::MessageInfo&)>, std::function<void(const std::shared_ptr<const rclcpp::SerializedMessage>&)>, std::function<void(const std::shared_ptr<const rclcpp::SerializedMessage>&, const rclcpp::MessageInfo&)>, std::function<void(std::shared_ptr<object_pose_interface_msgs::msg::SemanticMapObjectArray_<std::allocator<void> > >)>, std::function<void(std::shared_ptr<object_pose_interface_msgs::msg::SemanticMapObjectArray_<std::allocator<void> > >, const rclcpp::MessageInfo&)>, std::function<void(std::shared_ptr<rclcpp::SerializedMessage>)>, std::function<void(std::shared_ptr<rclcpp::SerializedMessage>, const rclcpp::MessageInfo&)>}]’
[27.069s]  1494 |         operator=(_Tp&& __rhs)
[27.069s]       |         ^~~~~~~~
[27.069s] /usr/include/c++/13/variant:1494:9: note:   template argument deduction/substitution failed:
[27.070s] /usr/include/c++/13/variant: In substitution of ‘template<class ... _Types> template<class _Tp, class> using std::variant<_Types>::__accepted_type = std::variant<_Types>::__to_type<__accepted_index<_Tp> > [with _Tp = std::function<void(const std::shared_ptr<const object_pose_interface_msgs::msg::KeypointDetections3D_<std::allocator<void> > >&)>&&; <template-parameter-2-2> = void; _Types = {std::function<void(const object_pose_interface_msgs::msg::SemanticMapObjectArray_<std::allocator<void> >&)>, std::function<void(const object_pose_interface_msgs::msg::SemanticMapObjectArray_<std::allocator<void> >&, const rclcpp::MessageInfo&)>, std::function<void(const rclcpp::SerializedMessage&)>, std::function<void(const rclcpp::SerializedMessage&, const rclcpp::MessageInfo&)>, std::function<void(std::unique_ptr<object_pose_interface_msgs::msg::SemanticMapObjectArray_<std::allocator<void> >, std::default_delete<object_pose_interface_msgs::msg::SemanticMapObjectArray_<std::allocator<void> > > >)>, std::function<void(std::unique_ptr<object_pose_interface_msgs::msg::SemanticMapObjectArray_<std::allocator<void> >, std::default_delete<object_pose_interface_msgs::msg::SemanticMapObjectArray_<std::allocator<void> > > >, const rclcpp::MessageInfo&)>, std::function<void(std::unique_ptr<rclcpp::SerializedMessage, std::default_delete<rclcpp::SerializedMessage> >)>, std::function<void(std::unique_ptr<rclcpp::SerializedMessage, std::default_delete<rclcpp::SerializedMessage> >, const rclcpp::MessageInfo&)>, std::function<void(std::shared_ptr<const object_pose_interface_msgs::msg::SemanticMapObjectArray_<std::allocator<void> > >)>, std::function<void(std::shared_ptr<const object_pose_interface_msgs::msg::SemanticMapObjectArray_<std::allocator<void> > >, const rclcpp::MessageInfo&)>, std::function<void(std::shared_ptr<const rclcpp::SerializedMessage>)>, std::function<void(std::shared_ptr<const rclcpp::SerializedMessage>, const rclcpp::MessageInfo&)>, std::function<void(const std::shared_ptr<const object_pose_interface_msgs::msg::SemanticMapObjectArray_<std::allocator<void> > >&)>, std::function<void(const std::shared_ptr<const object_pose_interface_msgs::msg::SemanticMapObjectArray_<std::allocator<void> > >&, const rclcpp::MessageInfo&)>, std::function<void(const std::shared_ptr<const rclcpp::SerializedMessage>&)>, std::function<void(const std::shared_ptr<const rclcpp::SerializedMessage>&, const rclcpp::MessageInfo&)>, std::function<void(std::shared_ptr<object_pose_interface_msgs::msg::SemanticMapObjectArray_<std::allocator<void> > >)>, std::function<void(std::shared_ptr<object_pose_interface_msgs::msg::SemanticMapObjectArray_<std::allocator<void> > >, const rclcpp::MessageInfo&)>, std::function<void(std::shared_ptr<rclcpp::SerializedMessage>)>, std::function<void(std::shared_ptr<rclcpp::SerializedMessage>, const rclcpp::MessageInfo&)>}]’:
[27.070s] /usr/include/c++/13/variant:1490:14:   required by substitution of ‘template<class _Tp> std::enable_if_t<((__exactly_once<std::variant<std::function<void(const object_pose_interface_msgs::msg::SemanticMapObjectArray_<std::allocator<void> >&)>, std::function<void(const object_pose_interface_msgs::msg::SemanticMapObjectArray_<std::allocator<void> >&, const rclcpp::MessageInfo&)>, std::function<void(const rclcpp::SerializedMessage&)>, std::function<void(const rclcpp::SerializedMessage&, const rclcpp::MessageInfo&)>, std::function<void(std::unique_ptr<object_pose_interface_msgs::msg::SemanticMapObjectArray_<std::allocator<void> >, std::default_delete<object_pose_interface_msgs::msg::SemanticMapObjectArray_<std::allocator<void> > > >)>, std::function<void(std::unique_ptr<object_pose_interface_msgs::msg::SemanticMapObjectArray_<std::allocator<void> >, std::default_delete<object_pose_interface_msgs::msg::SemanticMapObjectArray_<std::allocator<void> > > >, const rclcpp::MessageInfo&)>, std::function<void(std::unique_ptr<rclcpp::SerializedMessage, std::default_delete<rclcpp::SerializedMessage> >)>, std::function<void(std::unique_ptr<rclcpp::SerializedMessage, std::default_delete<rclcpp::SerializedMessage> >, const rclcpp::MessageInfo&)>, std::function<void(std::shared_ptr<const object_pose_interface_msgs::msg::SemanticMapObjectArray_<std::allocator<void> > >)>, std::function<void(std::shared_ptr<const object_pose_interface_msgs::msg::SemanticMapObjectArray_<std::allocator<void> > >, const rclcpp::MessageInfo&)>, std::function<void(std::shared_ptr<const rclcpp::SerializedMessage>)>, std::function<void(std::shared_ptr<const rclcpp::SerializedMessage>, const rclcpp::MessageInfo&)>, std::function<void(const std::shared_ptr<const object_pose_interface_msgs::msg::SemanticMapObjectArray_<std::allocator<void> > >&)>, std::function<void(const std::shared_ptr<const object_pose_interface_msgs::msg::SemanticMapObjectArray_<std::allocator<void> > >&, const rclcpp::MessageInfo&)>, std::function<void(const std::shared_ptr<const rclcpp::SerializedMessage>&)>, std::function<void(const std::shared_ptr<const rclcpp::SerializedMessage>&, const rclcpp::MessageInfo&)>, std::function<void(std::shared_ptr<object_pose_interface_msgs::msg::SemanticMapObjectArray_<std::allocator<void> > >)>, std::function<void(std::shared_ptr<object_pose_interface_msgs::msg::SemanticMapObjectArray_<std::allocator<void> > >, const rclcpp::MessageInfo&)>, std::function<void(std::shared_ptr<rclcpp::SerializedMessage>)>, std::function<void(std::shared_ptr<rclcpp::SerializedMessage>, const rclcpp::MessageInfo&)> >::__accepted_type<_Tp&&, typename std::enable_if<__not_self<_Tp&&>, void>::type> > && is_constructible_v<std::variant<std::function<void(const object_pose_interface_msgs::msg::SemanticMapObjectArray_<std::allocator<void> >&)>, std::function<void(const object_pose_interface_msgs::msg::SemanticMapObjectArray_<std::allocator<void> >&, const rclcpp::MessageInfo&)>, std::function<void(const rclcpp::SerializedMessage&)>, std::function<void(const rclcpp::SerializedMessage&, const rclcpp::MessageInfo&)>, std::function<void(std::unique_ptr<object_pose_interface_msgs::msg::SemanticMapObjectArray_<std::allocator<void> >, std::default_delete<object_pose_interface_msgs::msg::SemanticMapObjectArray_<std::allocator<void> > > >)>, std::function<void(std::unique_ptr<object_pose_interface_msgs::msg::SemanticMapObjectArray_<std::allocator<void> >, std::default_delete<object_pose_interface_msgs::msg::SemanticMapObjectArray_<std::allocator<void> > > >, const rclcpp::MessageInfo&)>, std::function<void(std::unique_ptr<rclcpp::SerializedMessage, std::default_delete<rclcpp::SerializedMessage> >)>, std::function<void(std::unique_ptr<rclcpp::SerializedMessage, std::default_delete<rclcpp::SerializedMessage> >, const rclcpp::MessageInfo&)>, std::function<void(std::shared_ptr<const object_pose_interface_msgs::msg::SemanticMapObjectArray_<std::allocator<void> > >)>, std::function<void(std::shared_ptr<const object_pose_interface_msgs::msg::SemanticMapObjectArray_<std::allocator<void> > >, const rclcpp::MessageInfo&)>, std::function<void(std::shared_ptr<const rclcpp::SerializedMessage>)>, std::function<void(std::shared_ptr<const rclcpp::SerializedMessage>, const rclcpp::MessageInfo&)>, std::function<void(const std::shared_ptr<const object_pose_interface_msgs::msg::SemanticMapObjectArray_<std::allocator<void> > >&)>, std::function<void(const std::shared_ptr<const object_pose_interface_msgs::msg::SemanticMapObjectArray_<std::allocator<void> > >&, const rclcpp::MessageInfo&)>, std::function<void(const std::shared_ptr<const rclcpp::SerializedMessage>&)>, std::function<void(const std::shared_ptr<const rclcpp::SerializedMessage>&, const rclcpp::MessageInfo&)>, std::function<void(std::shared_ptr<object_pose_interface_msgs::msg::SemanticMapObjectArray_<std::allocator<void> > >)>, std::function<void(std::shared_ptr<object_pose_interface_msgs::msg::SemanticMapObjectArray_<std::allocator<void> > >, const rclcpp::MessageInfo&)>, std::function<void(std::shared_ptr<rclcpp::SerializedMessage>)>, std::function<void(std::shared_ptr<rclcpp::SerializedMessage>, const rclcpp::MessageInfo&)> >::__accepted_type<_Tp&&, typename std::enable_if<__not_self<_Tp&&>, void>::type>, _Tp>) && is_assignable_v<std::variant<std::function<void(const object_pose_interface_msgs::msg::SemanticMapObjectArray_<std::allocator<void> >&)>, std::function<void(const object_pose_interface_msgs::msg::SemanticMapObjectArray_<std::allocator<void> >&, const rclcpp::MessageInfo&)>, std::function<void(const rclcpp::SerializedMessage&)>, std::function<void(const rclcpp::SerializedMessage&, const rclcpp::MessageInfo&)>, std::function<void(std::unique_ptr<object_pose_interface_msgs::msg::SemanticMapObjectArray_<std::allocator<void> >, std::default_delete<object_pose_interface_msgs::msg::SemanticMapObjectArray_<std::allocator<void> > > >)>, std::function<void(std::unique_ptr<object_pose_interface_msgs::msg::SemanticMapObjectArray_<std::allocator<void> >, std::default_delete<object_pose_interface_msgs::msg::SemanticMapObjectArray_<std::allocator<void> > > >, const rclcpp::MessageInfo&)>, std::function<void(std::unique_ptr<rclcpp::SerializedMessage, std::default_delete<rclcpp::SerializedMessage> >)>, std::function<void(std::unique_ptr<rclcpp::SerializedMessage, std::default_delete<rclcpp::SerializedMessage> >, const rclcpp::MessageInfo&)>, std::function<void(std::shared_ptr<const object_pose_interface_msgs::msg::SemanticMapObjectArray_<std::allocator<void> > >)>, std::function<void(std::shared_ptr<const object_pose_interface_msgs::msg::SemanticMapObjectArray_<std::allocator<void> > >, const rclcpp::MessageInfo&)>, std::function<void(std::shared_ptr<const rclcpp::SerializedMessage>)>, std::function<void(std::shared_ptr<const rclcpp::SerializedMessage>, const rclcpp::MessageInfo&)>, std::function<void(const std::shared_ptr<const object_pose_interface_msgs::msg::SemanticMapObjectArray_<std::allocator<void> > >&)>, std::function<void(const std::shared_ptr<const object_pose_interface_msgs::msg::SemanticMapObjectArray_<std::allocator<void> > >&, const rclcpp::MessageInfo&)>, std::function<void(const std::shared_ptr<const rclcpp::SerializedMessage>&)>, std::function<void(const std::shared_ptr<const rclcpp::SerializedMessage>&, const rclcpp::MessageInfo&)>, std::function<void(std::shared_ptr<object_pose_interface_msgs::msg::SemanticMapObjectArray_<std::allocator<void> > >)>, std::function<void(std::shared_ptr<object_pose_interface_msgs::msg::SemanticMapObjectArray_<std::allocator<void> > >, const rclcpp::MessageInfo&)>, std::function<void(std::shared_ptr<rclcpp::SerializedMessage>)>, std::function<void(std::shared_ptr<rclcpp::SerializedMessage>, const rclcpp::MessageInfo&)> >::__accepted_type<_Tp&&, typename std::enable_if<__not_self<_Tp&&>, void>::type>&, _Tp>), std::variant<std::function<void(const object_pose_interface_msgs::msg::SemanticMapObjectArray_<std::allocator<void> >&)>, std::function<void(const object_pose_interface_msgs::msg::SemanticMapObjectArray_<std::allocator<void> >&, const rclcpp::MessageInfo&)>, std::function<void(const rclcpp::SerializedMessage&)>, std::function<void(const rclcpp::SerializedMessage&, const rclcpp::MessageInfo&)>, std::function<void(std::unique_ptr<object_pose_interface_msgs::msg::SemanticMapObjectArray_<std::allocator<void> >, std::default_delete<object_pose_interface_msgs::msg::SemanticMapObjectArray_<std::allocator<void> > > >)>, std::function<void(std::unique_ptr<object_pose_interface_msgs::msg::SemanticMapObjectArray_<std::allocator<void> >, std::default_delete<object_pose_interface_msgs::msg::SemanticMapObjectArray_<std::allocator<void> > > >, const rclcpp::MessageInfo&)>, std::function<void(std::unique_ptr<rclcpp::SerializedMessage, std::default_delete<rclcpp::SerializedMessage> >)>, std::function<void(std::unique_ptr<rclcpp::SerializedMessage, std::default_delete<rclcpp::SerializedMessage> >, const rclcpp::MessageInfo&)>, std::function<void(std::shared_ptr<const object_pose_interface_msgs::msg::SemanticMapObjectArray_<std::allocator<void> > >)>, std::function<void(std::shared_ptr<const object_pose_interface_msgs::msg::SemanticMapObjectArray_<std::allocator<void> > >, const rclcpp::MessageInfo&)>, std::function<void(std::shared_ptr<const rclcpp::SerializedMessage>)>, std::function<void(std::shared_ptr<const rclcpp::SerializedMessage>, const rclcpp::MessageInfo&)>, std::function<void(const std::shared_ptr<const object_pose_interface_msgs::msg::SemanticMapObjectArray_<std::allocator<void> > >&)>, std::function<void(const std::shared_ptr<const object_pose_interface_msgs::msg::SemanticMapObjectArray_<std::allocator<void> > >&, const rclcpp::MessageInfo&)>, std::function<void(const std::shared_ptr<const rclcpp::SerializedMessage>&)>, std::function<void(const std::shared_ptr<const rclcpp::SerializedMessage>&, const rclcpp::MessageInfo&)>, std::function<void(std::shared_ptr<object_pose_interface_msgs::msg::SemanticMapObjectArray_<std::allocator<void> > >)>, std::function<void(std::shared_ptr<object_pose_interface_msgs::msg::SemanticMapObjectArray_<std::allocator<void> > >, const rclcpp::MessageInfo&)>, std::function<void(std::shared_ptr<rclcpp::SerializedMessage>)>, std::function<void(std::shared_ptr<rclcpp::SerializedMessage>, const rclcpp::MessageInfo&)> >&> std::variant<std::function<void(const object_pose_interface_msgs::msg::SemanticMapObjectArray_<std::allocator<void> >&)>, std::function<void(const object_pose_interface_msgs::msg::SemanticMapObjectArray_<std::allocator<void> >&, const rclcpp::MessageInfo&)>, std::function<void(const rclcpp::SerializedMessage&)>, std::function<void(const rclcpp::SerializedMessage&, const rclcpp::MessageInfo&)>, std::function<void(std::unique_ptr<object_pose_interface_msgs::msg::SemanticMapObjectArray_<std::allocator<void> >, std::default_delete<object_pose_interface_msgs::msg::SemanticMapObjectArray_<std::allocator<void> > > >)>, std::function<void(std::unique_ptr<object_pose_interface_msgs::msg::SemanticMapObjectArray_<std::allocator<void> >, std::default_delete<object_pose_interface_msgs::msg::SemanticMapObjectArray_<std::allocator<void> > > >, const rclcpp::MessageInfo&)>, std::function<void(std::unique_ptr<rclcpp::SerializedMessage, std::default_delete<rclcpp::SerializedMessage> >)>, std::function<void(std::unique_ptr<rclcpp::SerializedMessage, std::default_delete<rclcpp::SerializedMessage> >, const rclcpp::MessageInfo&)>, std::function<void(std::shared_ptr<const object_pose_interface_msgs::msg::SemanticMapObjectArray_<std::allocator<void> > >)>, std::function<void(std::shared_ptr<const object_pose_interface_msgs::msg::SemanticMapObjectArray_<std::allocator<void> > >, const rclcpp::MessageInfo&)>, std::function<void(std::shared_ptr<const rclcpp::SerializedMessage>)>, std::function<void(std::shared_ptr<const rclcpp::SerializedMessage>, const rclcpp::MessageInfo&)>, std::function<void(const std::shared_ptr<const object_pose_interface_msgs::msg::SemanticMapObjectArray_<std::allocator<void> > >&)>, std::function<void(const std::shared_ptr<const object_pose_interface_msgs::msg::SemanticMapObjectArray_<std::allocator<void> > >&, const rclcpp::MessageInfo&)>, std::function<void(const std::shared_ptr<const rclcpp::SerializedMessage>&)>, std::function<void(const std::shared_ptr<const rclcpp::SerializedMessage>&, const rclcpp::MessageInfo&)>, std::function<void(std::shared_ptr<object_pose_interface_msgs::msg::SemanticMapObjectArray_<std::allocator<void> > >)>, std::function<void(std::shared_ptr<object_pose_interface_msgs::msg::SemanticMapObjectArray_<std::allocator<void> > >, const rclcpp::MessageInfo&)>, std::function<void(std::shared_ptr<rclcpp::SerializedMessage>)>, std::function<void(std::shared_ptr<rclcpp::SerializedMessage>, const rclcpp::MessageInfo&)> >::operator=(_Tp&&) [with _Tp = std::function<void(const std::shared_ptr<const object_pose_interface_msgs::msg::KeypointDetections3D_<std::allocator<void> > >&)>]’
[27.070s] /opt/ros/jazzy/include/rclcpp/rclcpp/any_subscription_callback.hpp:396:23:   required from ‘rclcpp::AnySubscriptionCallback<MessageT, AllocatorT> rclcpp::AnySubscriptionCallback<MessageT, AllocatorT>::set(CallbackT) [with CallbackT = std::_Bind<void (NavigationHumansNode::*(NavigationHumansNode*, std::_Placeholder<1>))(const std::shared_ptr<const object_pose_interface_msgs::msg::KeypointDetections3D_<std::allocator<void> > >&)>; MessageT = object_pose_interface_msgs::msg::SemanticMapObjectArray_<std::allocator<void> >; AllocatorT = std::allocator<void>]’
[27.070s] /opt/ros/jazzy/include/rclcpp/rclcpp/subscription_factory.hpp:93:32:   required from ‘rclcpp::SubscriptionFactory rclcpp::create_subscription_factory(CallbackT&&, const SubscriptionOptionsWithAllocator<AllocatorT>&, typename MessageMemoryStrategyT::SharedPtr, std::shared_ptr<topic_statistics::SubscriptionTopicStatistics>) [with MessageT = object_pose_interface_msgs::msg::SemanticMapObjectArray_<std::allocator<void> >; CallbackT = std::_Bind<void (NavigationHumansNode::*(NavigationHumansNode*, std::_Placeholder<1>))(const std::shared_ptr<const object_pose_interface_msgs::msg::KeypointDetections3D_<std::allocator<void> > >&)>; AllocatorT = std::allocator<void>; SubscriptionT = Subscription<object_pose_interface_msgs::msg::SemanticMapObjectArray_<std::allocator<void> > >; MessageMemoryStrategyT = message_memory_strategy::MessageMemoryStrategy<object_pose_interface_msgs::msg::SemanticMapObjectArray_<std::allocator<void> >, std::allocator<void> >; typename MessageMemoryStrategyT::SharedPtr = std::shared_ptr<message_memory_strategy::MessageMemoryStrategy<object_pose_interface_msgs::msg::SemanticMapObjectArray_<std::allocator<void> >, std::allocator<void> > >]’
[27.071s] /opt/ros/jazzy/include/rclcpp/rclcpp/create_subscription.hpp:121:63:   required from ‘std::shared_ptr<ROSMessageT> rclcpp::detail::create_subscription(NodeParametersT&, NodeTopicsT&, const std::string&, const rclcpp::QoS&, CallbackT&&, const rclcpp::SubscriptionOptionsWithAllocator<AllocatorT>&, typename MessageMemoryStrategyT::SharedPtr) [with MessageT = object_pose_interface_msgs::msg::SemanticMapObjectArray_<std::allocator<void> >; CallbackT = std::_Bind<void (NavigationHumansNode::*(NavigationHumansNode*, std::_Placeholder<1>))(const std::shared_ptr<const object_pose_interface_msgs::msg::KeypointDetections3D_<std::allocator<void> > >&)>; AllocatorT = std::allocator<void>; SubscriptionT = rclcpp::Subscription<object_pose_interface_msgs::msg::SemanticMapObjectArray_<std::allocator<void> > >; MessageMemoryStrategyT = rclcpp::message_memory_strategy::MessageMemoryStrategy<object_pose_interface_msgs::msg::SemanticMapObjectArray_<std::allocator<void> >, std::allocator<void> >; NodeParametersT = rclcpp::Node; NodeTopicsT = rclcpp::Node; std::string = std::__cxx11::basic_string<char>; typename MessageMemoryStrategyT::SharedPtr = std::shared_ptr<rclcpp::message_memory_strategy::MessageMemoryStrategy<object_pose_interface_msgs::msg::SemanticMapObjectArray_<std::allocator<void> >, std::allocator<void> > >]’
[27.073s] /opt/ros/jazzy/include/rclcpp/rclcpp/create_subscription.hpp:190:76:   required from ‘std::shared_ptr<ROSMessageT> rclcpp::create_subscription(NodeT&, const std::string&, const QoS&, CallbackT&&, const SubscriptionOptionsWithAllocator<AllocatorT>&, typename MessageMemoryStrategyT::SharedPtr) [with MessageT = object_pose_interface_msgs::msg::SemanticMapObjectArray_<std::allocator<void> >; CallbackT = std::_Bind<void (NavigationHumansNode::*(NavigationHumansNode*, std::_Placeholder<1>))(const std::shared_ptr<const object_pose_interface_msgs::msg::KeypointDetections3D_<std::allocator<void> > >&)>; AllocatorT = std::allocator<void>; SubscriptionT = Subscription<object_pose_interface_msgs::msg::SemanticMapObjectArray_<std::allocator<void> > >; MessageMemoryStrategyT = message_memory_strategy::MessageMemoryStrategy<object_pose_interface_msgs::msg::SemanticMapObjectArray_<std::allocator<void> >, std::allocator<void> >; NodeT = Node; std::string = std::__cxx11::basic_string<char>; typename MessageMemoryStrategyT::SharedPtr = std::shared_ptr<message_memory_strategy::MessageMemoryStrategy<object_pose_interface_msgs::msg::SemanticMapObjectArray_<std::allocator<void> >, std::allocator<void> > >]’
[27.073s] /opt/ros/jazzy/include/rclcpp/rclcpp/node_impl.hpp:99:47:   required from ‘std::shared_ptr<ROSMessageT> rclcpp::Node::create_subscription(const std::string&, const rclcpp::QoS&, CallbackT&&, const rclcpp::SubscriptionOptionsWithAllocator<AllocatorT>&, typename MessageMemoryStrategyT::SharedPtr) [with MessageT = object_pose_interface_msgs::msg::SemanticMapObjectArray_<std::allocator<void> >; CallbackT = std::_Bind<void (NavigationHumansNode::*(NavigationHumansNode*, std::_Placeholder<1>))(const std::shared_ptr<const object_pose_interface_msgs::msg::KeypointDetections3D_<std::allocator<void> > >&)>; AllocatorT = std::allocator<void>; SubscriptionT = rclcpp::Subscription<object_pose_interface_msgs::msg::SemanticMapObjectArray_<std::allocator<void> > >; MessageMemoryStrategyT = rclcpp::message_memory_strategy::MessageMemoryStrategy<object_pose_interface_msgs::msg::SemanticMapObjectArray_<std::allocator<void> >, std::allocator<void> >; std::string = std::__cxx11::basic_string<char>; typename MessageMemoryStrategyT::SharedPtr = std::shared_ptr<rclcpp::message_memory_strategy::MessageMemoryStrategy<object_pose_interface_msgs::msg::SemanticMapObjectArray_<std::allocator<void> >, std::allocator<void> > >]’
[27.073s] /home/neha/ros2_ws/src/semnav_migration/src/navigation_humans.cpp:168:106:   required from here
[27.074s] /usr/include/c++/13/variant:1407:15: error: no type named ‘type’ in ‘struct std::enable_if<false, void>’
[27.074s]  1407 |         using __accepted_type = __to_type<__accepted_index<_Tp>>;
[27.074s]       |               ^~~~~~~~~~~~~~~
[27.074s] /opt/ros/jazzy/include/rclcpp/rclcpp/any_subscription_callback.hpp: In instantiation of ‘rclcpp::AnySubscriptionCallback<MessageT, AllocatorT> rclcpp::AnySubscriptionCallback<MessageT, AllocatorT>::set(CallbackT) [with CallbackT = std::_Bind<void (NavigationHumansNode::*(NavigationHumansNode*, std::_Placeholder<1>))(const std::shared_ptr<const object_pose_interface_msgs::msg::KeypointDetections3D_<std::allocator<void> > >&)>; MessageT = object_pose_interface_msgs::msg::SemanticMapObjectArray_<std::allocator<void> >; AllocatorT = std::allocator<void>]’:
[27.074s] /opt/ros/jazzy/include/rclcpp/rclcpp/subscription_factory.hpp:93:32:   required from ‘rclcpp::SubscriptionFactory rclcpp::create_subscription_factory(CallbackT&&, const SubscriptionOptionsWithAllocator<AllocatorT>&, typename MessageMemoryStrategyT::SharedPtr, std::shared_ptr<topic_statistics::SubscriptionTopicStatistics>) [with MessageT = object_pose_interface_msgs::msg::SemanticMapObjectArray_<std::allocator<void> >; CallbackT = std::_Bind<void (NavigationHumansNode::*(NavigationHumansNode*, std::_Placeholder<1>))(const std::shared_ptr<const object_pose_interface_msgs::msg::KeypointDetections3D_<std::allocator<void> > >&)>; AllocatorT = std::allocator<void>; SubscriptionT = Subscription<object_pose_interface_msgs::msg::SemanticMapObjectArray_<std::allocator<void> > >; MessageMemoryStrategyT = message_memory_strategy::MessageMemoryStrategy<object_pose_interface_msgs::msg::SemanticMapObjectArray_<std::allocator<void> >, std::allocator<void> >; typename MessageMemoryStrategyT::SharedPtr = std::shared_ptr<message_memory_strategy::MessageMemoryStrategy<object_pose_interface_msgs::msg::SemanticMapObjectArray_<std::allocator<void> >, std::allocator<void> > >]’
[27.074s] /opt/ros/jazzy/include/rclcpp/rclcpp/create_subscription.hpp:121:63:   required from ‘std::shared_ptr<ROSMessageT> rclcpp::detail::create_subscription(NodeParametersT&, NodeTopicsT&, const std::string&, const rclcpp::QoS&, CallbackT&&, const rclcpp::SubscriptionOptionsWithAllocator<AllocatorT>&, typename MessageMemoryStrategyT::SharedPtr) [with MessageT = object_pose_interface_msgs::msg::SemanticMapObjectArray_<std::allocator<void> >; CallbackT = std::_Bind<void (NavigationHumansNode::*(NavigationHumansNode*, std::_Placeholder<1>))(const std::shared_ptr<const object_pose_interface_msgs::msg::KeypointDetections3D_<std::allocator<void> > >&)>; AllocatorT = std::allocator<void>; SubscriptionT = rclcpp::Subscription<object_pose_interface_msgs::msg::SemanticMapObjectArray_<std::allocator<void> > >; MessageMemoryStrategyT = rclcpp::message_memory_strategy::MessageMemoryStrategy<object_pose_interface_msgs::msg::SemanticMapObjectArray_<std::allocator<void> >, std::allocator<void> >; NodeParametersT = rclcpp::Node; NodeTopicsT = rclcpp::Node; std::string = std::__cxx11::basic_string<char>; typename MessageMemoryStrategyT::SharedPtr = std::shared_ptr<rclcpp::message_memory_strategy::MessageMemoryStrategy<object_pose_interface_msgs::msg::SemanticMapObjectArray_<std::allocator<void> >, std::allocator<void> > >]’
[27.074s] /opt/ros/jazzy/include/rclcpp/rclcpp/create_subscription.hpp:190:76:   required from ‘std::shared_ptr<ROSMessageT> rclcpp::create_subscription(NodeT&, const std::string&, const QoS&, CallbackT&&, const SubscriptionOptionsWithAllocator<AllocatorT>&, typename MessageMemoryStrategyT::SharedPtr) [with MessageT = object_pose_interface_msgs::msg::SemanticMapObjectArray_<std::allocator<void> >; CallbackT = std::_Bind<void (NavigationHumansNode::*(NavigationHumansNode*, std::_Placeholder<1>))(const std::shared_ptr<const object_pose_interface_msgs::msg::KeypointDetections3D_<std::allocator<void> > >&)>; AllocatorT = std::allocator<void>; SubscriptionT = Subscription<object_pose_interface_msgs::msg::SemanticMapObjectArray_<std::allocator<void> > >; MessageMemoryStrategyT = message_memory_strategy::MessageMemoryStrategy<object_pose_interface_msgs::msg::SemanticMapObjectArray_<std::allocator<void> >, std::allocator<void> >; NodeT = Node; std::string = std::__cxx11::basic_string<char>; typename MessageMemoryStrategyT::SharedPtr = std::shared_ptr<message_memory_strategy::MessageMemoryStrategy<object_pose_interface_msgs::msg::SemanticMapObjectArray_<std::allocator<void> >, std::allocator<void> > >]’
[27.075s] /opt/ros/jazzy/include/rclcpp/rclcpp/node_impl.hpp:99:47:   required from ‘std::shared_ptr<ROSMessageT> rclcpp::Node::create_subscription(const std::string&, const rclcpp::QoS&, CallbackT&&, const rclcpp::SubscriptionOptionsWithAllocator<AllocatorT>&, typename MessageMemoryStrategyT::SharedPtr) [with MessageT = object_pose_interface_msgs::msg::SemanticMapObjectArray_<std::allocator<void> >; CallbackT = std::_Bind<void (NavigationHumansNode::*(NavigationHumansNode*, std::_Placeholder<1>))(const std::shared_ptr<const object_pose_interface_msgs::msg::KeypointDetections3D_<std::allocator<void> > >&)>; AllocatorT = std::allocator<void>; SubscriptionT = rclcpp::Subscription<object_pose_interface_msgs::msg::SemanticMapObjectArray_<std::allocator<void> > >; MessageMemoryStrategyT = rclcpp::message_memory_strategy::MessageMemoryStrategy<object_pose_interface_msgs::msg::SemanticMapObjectArray_<std::allocator<void> >, std::allocator<void> >; std::string = std::__cxx11::basic_string<char>; typename MessageMemoryStrategyT::SharedPtr = std::shared_ptr<rclcpp::message_memory_strategy::MessageMemoryStrategy<object_pose_interface_msgs::msg::SemanticMapObjectArray_<std::allocator<void> >, std::allocator<void> > >]’
[27.078s] /home/neha/ros2_ws/src/semnav_migration/src/navigation_humans.cpp:168:106:   required from here
[27.078s] /usr/include/c++/13/variant:1430:16: note: candidate: ‘std::variant<_Types>& std::variant<_Types>::operator=(const std::variant<_Types>&) [with _Types = {std::function<void(const object_pose_interface_msgs::msg::SemanticMapObjectArray_<std::allocator<void> >&)>, std::function<void(const object_pose_interface_msgs::msg::SemanticMapObjectArray_<std::allocator<void> >&, const rclcpp::MessageInfo&)>, std::function<void(const rclcpp::SerializedMessage&)>, std::function<void(const rclcpp::SerializedMessage&, const rclcpp::MessageInfo&)>, std::function<void(std::unique_ptr<object_pose_interface_msgs::msg::SemanticMapObjectArray_<std::allocator<void> >, std::default_delete<object_pose_interface_msgs::msg::SemanticMapObjectArray_<std::allocator<void> > > >)>, std::function<void(std::unique_ptr<object_pose_interface_msgs::msg::SemanticMapObjectArray_<std::allocator<void> >, std::default_delete<object_pose_interface_msgs::msg::SemanticMapObjectArray_<std::allocator<void> > > >, const rclcpp::MessageInfo&)>, std::function<void(std::unique_ptr<rclcpp::SerializedMessage, std::default_delete<rclcpp::SerializedMessage> >)>, std::function<void(std::unique_ptr<rclcpp::SerializedMessage, std::default_delete<rclcpp::SerializedMessage> >, const rclcpp::MessageInfo&)>, std::function<void(std::shared_ptr<const object_pose_interface_msgs::msg::SemanticMapObjectArray_<std::allocator<void> > >)>, std::function<void(std::shared_ptr<const object_pose_interface_msgs::msg::SemanticMapObjectArray_<std::allocator<void> > >, const rclcpp::MessageInfo&)>, std::function<void(std::shared_ptr<const rclcpp::SerializedMessage>)>, std::function<void(std::shared_ptr<const rclcpp::SerializedMessage>, const rclcpp::MessageInfo&)>, std::function<void(const std::shared_ptr<const object_pose_interface_msgs::msg::SemanticMapObjectArray_<std::allocator<void> > >&)>, std::function<void(const std::shared_ptr<const object_pose_interface_msgs::msg::SemanticMapObjectArray_<std::allocator<void> > >&, const rclcpp::MessageInfo&)>, std::function<void(const std::shared_ptr<const rclcpp::SerializedMessage>&)>, std::function<void(const std::shared_ptr<const rclcpp::SerializedMessage>&, const rclcpp::MessageInfo&)>, std::function<void(std::shared_ptr<object_pose_interface_msgs::msg::SemanticMapObjectArray_<std::allocator<void> > >)>, std::function<void(std::shared_ptr<object_pose_interface_msgs::msg::SemanticMapObjectArray_<std::allocator<void> > >, const rclcpp::MessageInfo&)>, std::function<void(std::shared_ptr<rclcpp::SerializedMessage>)>, std::function<void(std::shared_ptr<rclcpp::SerializedMessage>, const rclcpp::MessageInfo&)>}]’
[27.078s]  1430 |       variant& operator=(const variant&) = default;
[27.079s]       |                ^~~~~~~~
[27.079s] /usr/include/c++/13/variant:1430:26: note:   no known conversion for argument 1 from ‘rclcpp::detail::SubscriptionCallbackTypeHelper<object_pose_interface_msgs::msg::SemanticMapObjectArray_<std::allocator<void> >, std::_Bind<void (NavigationHumansNode::*(NavigationHumansNode*, std::_Placeholder<1>))(const std::shared_ptr<const object_pose_interface_msgs::msg::KeypointDetections3D_<std::allocator<void> > >&)>, void>::callback_type’ {aka ‘std::function<void(const std::shared_ptr<const object_pose_interface_msgs::msg::KeypointDetections3D_<std::allocator<void> > >&)>’} to ‘const std::variant<std::function<void(const object_pose_interface_msgs::msg::SemanticMapObjectArray_<std::allocator<void> >&)>, std::function<void(const object_pose_interface_msgs::msg::SemanticMapObjectArray_<std::allocator<void> >&, const rclcpp::MessageInfo&)>, std::function<void(const rclcpp::SerializedMessage&)>, std::function<void(const rclcpp::SerializedMessage&, const rclcpp::MessageInfo&)>, std::function<void(std::unique_ptr<object_pose_interface_msgs::msg::SemanticMapObjectArray_<std::allocator<void> >, std::default_delete<object_pose_interface_msgs::msg::SemanticMapObjectArray_<std::allocator<void> > > >)>, std::function<void(std::unique_ptr<object_pose_interface_msgs::msg::SemanticMapObjectArray_<std::allocator<void> >, std::default_delete<object_pose_interface_msgs::msg::SemanticMapObjectArray_<std::allocator<void> > > >, const rclcpp::MessageInfo&)>, std::function<void(std::unique_ptr<rclcpp::SerializedMessage, std::default_delete<rclcpp::SerializedMessage> >)>, std::function<void(std::unique_ptr<rclcpp::SerializedMessage, std::default_delete<rclcpp::SerializedMessage> >, const rclcpp::MessageInfo&)>, std::function<void(std::shared_ptr<const object_pose_interface_msgs::msg::SemanticMapObjectArray_<std::allocator<void> > >)>, std::function<void(std::shared_ptr<const object_pose_interface_msgs::msg::SemanticMapObjectArray_<std::allocator<void> > >, const rclcpp::MessageInfo&)>, std::function<void(std::shared_ptr<const rclcpp::SerializedMessage>)>, std::function<void(std::shared_ptr<const rclcpp::SerializedMessage>, const rclcpp::MessageInfo&)>, std::function<void(const std::shared_ptr<const object_pose_interface_msgs::msg::SemanticMapObjectArray_<std::allocator<void> > >&)>, std::function<void(const std::shared_ptr<const object_pose_interface_msgs::msg::SemanticMapObjectArray_<std::allocator<void> > >&, const rclcpp::MessageInfo&)>, std::function<void(const std::shared_ptr<const rclcpp::SerializedMessage>&)>, std::function<void(const std::shared_ptr<const rclcpp::SerializedMessage>&, const rclcpp::MessageInfo&)>, std::function<void(std::shared_ptr<object_pose_interface_msgs::msg::SemanticMapObjectArray_<std::allocator<void> > >)>, std::function<void(std::shared_ptr<object_pose_interface_msgs::msg::SemanticMapObjectArray_<std::allocator<void> > >, const rclcpp::MessageInfo&)>, std::function<void(std::shared_ptr<rclcpp::SerializedMessage>)>, std::function<void(std::shared_ptr<rclcpp::SerializedMessage>, const rclcpp::MessageInfo&)> >&’
[27.079s]  1430 |       variant& operator=(const variant&) = default;
[27.079s]       |                          ^~~~~~~~~~~~~~
[27.079s] /usr/include/c++/13/variant:1431:16: note: candidate: ‘std::variant<_Types>& std::variant<_Types>::operator=(std::variant<_Types>&&) [with _Types = {std::function<void(const object_pose_interface_msgs::msg::SemanticMapObjectArray_<std::allocator<void> >&)>, std::function<void(const object_pose_interface_msgs::msg::SemanticMapObjectArray_<std::allocator<void> >&, const rclcpp::MessageInfo&)>, std::function<void(const rclcpp::SerializedMessage&)>, std::function<void(const rclcpp::SerializedMessage&, const rclcpp::MessageInfo&)>, std::function<void(std::unique_ptr<object_pose_interface_msgs::msg::SemanticMapObjectArray_<std::allocator<void> >, std::default_delete<object_pose_interface_msgs::msg::SemanticMapObjectArray_<std::allocator<void> > > >)>, std::function<void(std::unique_ptr<object_pose_interface_msgs::msg::SemanticMapObjectArray_<std::allocator<void> >, std::default_delete<object_pose_interface_msgs::msg::SemanticMapObjectArray_<std::allocator<void> > > >, const rclcpp::MessageInfo&)>, std::function<void(std::unique_ptr<rclcpp::SerializedMessage, std::default_delete<rclcpp::SerializedMessage> >)>, std::function<void(std::unique_ptr<rclcpp::SerializedMessage, std::default_delete<rclcpp::SerializedMessage> >, const rclcpp::MessageInfo&)>, std::function<void(std::shared_ptr<const object_pose_interface_msgs::msg::SemanticMapObjectArray_<std::allocator<void> > >)>, std::function<void(std::shared_ptr<const object_pose_interface_msgs::msg::SemanticMapObjectArray_<std::allocator<void> > >, const rclcpp::MessageInfo&)>, std::function<void(std::shared_ptr<const rclcpp::SerializedMessage>)>, std::function<void(std::shared_ptr<const rclcpp::SerializedMessage>, const rclcpp::MessageInfo&)>, std::function<void(const std::shared_ptr<const object_pose_interface_msgs::msg::SemanticMapObjectArray_<std::allocator<void> > >&)>, std::function<void(const std::shared_ptr<const object_pose_interface_msgs::msg::SemanticMapObjectArray_<std::allocator<void> > >&, const rclcpp::MessageInfo&)>, std::function<void(const std::shared_ptr<const rclcpp::SerializedMessage>&)>, std::function<void(const std::shared_ptr<const rclcpp::SerializedMessage>&, const rclcpp::MessageInfo&)>, std::function<void(std::shared_ptr<object_pose_interface_msgs::msg::SemanticMapObjectArray_<std::allocator<void> > >)>, std::function<void(std::shared_ptr<object_pose_interface_msgs::msg::SemanticMapObjectArray_<std::allocator<void> > >, const rclcpp::MessageInfo&)>, std::function<void(std::shared_ptr<rclcpp::SerializedMessage>)>, std::function<void(std::shared_ptr<rclcpp::SerializedMessage>, const rclcpp::MessageInfo&)>}]’
[27.079s]  1431 |       variant& operator=(variant&&) = default;
[27.080s]       |                ^~~~~~~~
[27.082s] /usr/include/c++/13/variant:1431:26: note:   no known conversion for argument 1 from ‘rclcpp::detail::SubscriptionCallbackTypeHelper<object_pose_interface_msgs::msg::SemanticMapObjectArray_<std::allocator<void> >, std::_Bind<void (NavigationHumansNode::*(NavigationHumansNode*, std::_Placeholder<1>))(const std::shared_ptr<const object_pose_interface_msgs::msg::KeypointDetections3D_<std::allocator<void> > >&)>, void>::callback_type’ {aka ‘std::function<void(const std::shared_ptr<const object_pose_interface_msgs::msg::KeypointDetections3D_<std::allocator<void> > >&)>’} to ‘std::variant<std::function<void(const object_pose_interface_msgs::msg::SemanticMapObjectArray_<std::allocator<void> >&)>, std::function<void(const object_pose_interface_msgs::msg::SemanticMapObjectArray_<std::allocator<void> >&, const rclcpp::MessageInfo&)>, std::function<void(const rclcpp::SerializedMessage&)>, std::function<void(const rclcpp::SerializedMessage&, const rclcpp::MessageInfo&)>, std::function<void(std::unique_ptr<object_pose_interface_msgs::msg::SemanticMapObjectArray_<std::allocator<void> >, std::default_delete<object_pose_interface_msgs::msg::SemanticMapObjectArray_<std::allocator<void> > > >)>, std::function<void(std::unique_ptr<object_pose_interface_msgs::msg::SemanticMapObjectArray_<std::allocator<void> >, std::default_delete<object_pose_interface_msgs::msg::SemanticMapObjectArray_<std::allocator<void> > > >, const rclcpp::MessageInfo&)>, std::function<void(std::unique_ptr<rclcpp::SerializedMessage, std::default_delete<rclcpp::SerializedMessage> >)>, std::function<void(std::unique_ptr<rclcpp::SerializedMessage, std::default_delete<rclcpp::SerializedMessage> >, const rclcpp::MessageInfo&)>, std::function<void(std::shared_ptr<const object_pose_interface_msgs::msg::SemanticMapObjectArray_<std::allocator<void> > >)>, std::function<void(std::shared_ptr<const object_pose_interface_msgs::msg::SemanticMapObjectArray_<std::allocator<void> > >, const rclcpp::MessageInfo&)>, std::function<void(std::shared_ptr<const rclcpp::SerializedMessage>)>, std::function<void(std::shared_ptr<const rclcpp::SerializedMessage>, const rclcpp::MessageInfo&)>, std::function<void(const std::shared_ptr<const object_pose_interface_msgs::msg::SemanticMapObjectArray_<std::allocator<void> > >&)>, std::function<void(const std::shared_ptr<const object_pose_interface_msgs::msg::SemanticMapObjectArray_<std::allocator<void> > >&, const rclcpp::MessageInfo&)>, std::function<void(const std::shared_ptr<const rclcpp::SerializedMessage>&)>, std::function<void(const std::shared_ptr<const rclcpp::SerializedMessage>&, const rclcpp::MessageInfo&)>, std::function<void(std::shared_ptr<object_pose_interface_msgs::msg::SemanticMapObjectArray_<std::allocator<void> > >)>, std::function<void(std::shared_ptr<object_pose_interface_msgs::msg::SemanticMapObjectArray_<std::allocator<void> > >, const rclcpp::MessageInfo&)>, std::function<void(std::shared_ptr<rclcpp::SerializedMessage>)>, std::function<void(std::shared_ptr<rclcpp::SerializedMessage>, const rclcpp::MessageInfo&)> >&&’
[27.082s]  1431 |       variant& operator=(variant&&) = default;
[27.082s]       |                          ^~~~~~~~~
[28.995s] gmake[2]: *** [CMakeFiles/human_following.dir/build.make:76: CMakeFiles/human_following.dir/src/human_following.cpp.o] Error 1
[28.996s] gmake[1]: *** [CMakeFiles/Makefile2:259: CMakeFiles/human_following.dir/all] Error 2
[28.996s] gmake[1]: *** Waiting for unfinished jobs....
[42.107s] gmake[2]: *** [CMakeFiles/navigation_humans.dir/build.make:76: CMakeFiles/navigation_humans.dir/src/navigation_humans.cpp.o] Error 1
[42.108s] gmake[1]: *** [CMakeFiles/Makefile2:233: CMakeFiles/navigation_humans.dir/all] Error 2
[42.108s] gmake: *** [Makefile:146: all] Error 2
[42.111s] Invoked command in '/home/neha/ros2_ws/src/semnav_migration/build/semnav' returned '2': CMAKE_PREFIX_PATH=${CMAKE_PREFIX_PATH}:/opt/ros/jazzy DEBUGINFOD_URLS=https://debuginfod.ubuntu.com /usr/bin/cmake --build /home/neha/ros2_ws/src/semnav_migration/build/semnav -- -j2 -l2
