[01m[K/home/neha/ros2_ws/src/semnav_migration/src/human_following.cpp:[m[K In member function ‘[01m[Kvoid HumanFollowingNode::[01;32m[Kcontrol_callback[m[K(const sensor_msgs::msg::LaserScan_<std::allocator<void> >::ConstPtr&, const nav_msgs::msg::Odometry_<std::allocator<void> >::ConstPtr&)[m[K’:
[01m[K/home/neha/ros2_ws/src/semnav_migration/src/human_following.cpp:471:62:[m[K [01;31m[Kerror: [m[K‘[01m[Khuman_data[m[K’ was not declared in this scope; did you mean ‘[01m[Khuman_update[m[K’?
  471 |                 builtin_interfaces::msg::Time time_stamped = [01;31m[Khuman_data[m[K->header.stamp;
      |                                                              [01;31m[K^~~~~~~~~~[m[K
      |                                                              [32m[Khuman_update[m[K
[01m[K/home/neha/ros2_ws/src/semnav_migration/src/human_following_signal.cpp:[m[K In member function ‘[01m[Kvoid HumanFollowingSignalNode::[01;32m[Khuman_update[m[K(const object_pose_interface_msgs::msg::KeypointDetections3D_<std::allocator<void> >::ConstPtr&)[m[K’:
[01m[K/home/neha/ros2_ws/src/semnav_migration/src/human_following_signal.cpp:295:43:[m[K [01;31m[Kerror: [m[K‘[01m[Kclass std::shared_ptr<tf2_ros::TransformListener>[m[K’ has no member named ‘[01m[KwaitForTransform[m[K’
  295 |                                 listener_.[01;31m[KwaitForTransform[m[K(world_frame_id_, camera_optical_frame_id_, human_data->header.stamp, ros::Duration(2.0));
      |                                           [01;31m[K^~~~~~~~~~~~~~~~[m[K
[01m[K/home/neha/ros2_ws/src/semnav_migration/src/human_following_signal.cpp:295:129:[m[K [01;31m[Kerror: [m[K‘[01m[Kros[m[K’ has not been declared
  295 |                                 listener_.waitForTransform(world_frame_id_, camera_optical_frame_id_, human_data->header.stamp, [01;31m[Kros[m[K::Duration(2.0));
      |                                                                                                                                 [01;31m[K^~~[m[K
[01m[K/home/neha/ros2_ws/src/semnav_migration/src/human_following_signal.cpp:304:59:[m[K [01;31m[Kerror: [m[K‘[01m[Kclass std::shared_ptr<tf2_ros::TransformListener>[m[K’ has no member named ‘[01m[KwaitForTransform[m[K’
  304 |                                                 listener_.[01;31m[KwaitForTransform[m[K(world_frame_id_, ros::Time(0), camera_optical_frame_id_, human_data->header.stamp, world_frame_id_, ros::Duration(1.0));
      |                                                           [01;31m[K^~~~~~~~~~~~~~~~[m[K
[01m[K/home/neha/ros2_ws/src/semnav_migration/src/human_following_signal.cpp:304:93:[m[K [01;31m[Kerror: [m[K‘[01m[Kros[m[K’ has not been declared
  304 |                                                 listener_.waitForTransform(world_frame_id_, [01;31m[Kros[m[K::Time(0), camera_optical_frame_id_, human_data->header.stamp, world_frame_id_, ros::Duration(1.0));
      |                                                                                             [01;31m[K^~~[m[K
[01m[K/home/neha/ros2_ws/src/semnav_migration/src/human_following_signal.cpp:304:176:[m[K [01;31m[Kerror: [m[K‘[01m[Kros[m[K’ has not been declared
  304 |                                                 listener_.waitForTransform(world_frame_id_, ros::Time(0), camera_optical_frame_id_, human_data->header.stamp, world_frame_id_, [01;31m[Kros[m[K::Duration(1.0));
      |                                                                                                                                                                                [01;31m[K^~~[m[K
[01m[K/home/neha/ros2_ws/src/semnav_migration/src/human_following_signal.cpp:305:59:[m[K [01;31m[Kerror: [m[K‘[01m[Kclass std::shared_ptr<tf2_ros::TransformListener>[m[K’ has no member named ‘[01m[KtransformPoint[m[K’
  305 |                                                 listener_.[01;31m[KtransformPoint[m[K(world_frame_id_, ros::Time(0), pointCamera, world_frame_id_, pointMap);
      |                                                           [01;31m[K^~~~~~~~~~~~~~[m[K
[01m[K/home/neha/ros2_ws/src/semnav_migration/src/human_following_signal.cpp:305:91:[m[K [01;31m[Kerror: [m[K‘[01m[Kros[m[K’ has not been declared
  305 |                                                 listener_.transformPoint(world_frame_id_, [01;31m[Kros[m[K::Time(0), pointCamera, world_frame_id_, pointMap);
      |                                                                                           [01;31m[K^~~[m[K
[01m[K/home/neha/ros2_ws/src/semnav_migration/src/human_following_signal.cpp:306:50:[m[K [01;31m[Kerror: [m[K‘[01m[Ktf22[m[K’ does not name a type
  306 |                                         } catch ([01;31m[Ktf22[m[K::TransformException &ex) {
      |                                                  [01;31m[K^~~~[m[K
[01m[K/home/neha/ros2_ws/src/semnav_migration/src/human_following_signal.cpp:306:75:[m[K [01;31m[Kerror: [m[Kexpected unqualified-id before ‘[01m[K&[m[K’ token
  306 |                                         } catch (tf22::TransformException [01;31m[K&[m[Kex) {
      |                                                                           [01;31m[K^[m[K
[01m[K/home/neha/ros2_ws/src/semnav_migration/src/human_following_signal.cpp:306:75:[m[K [01;31m[Kerror: [m[Kexpected ‘[01m[K)[m[K’ before ‘[01m[K&[m[K’ token
[01m[K/home/neha/ros2_ws/src/semnav_migration/src/human_following_signal.cpp:306:49:[m[K [01;36m[Knote: [m[Kto match this ‘[01m[K([m[K’
  306 |                                         } catch [01;36m[K([m[Ktf22::TransformException &ex) {
      |                                                 [01;36m[K^[m[K
[01m[K/home/neha/ros2_ws/src/semnav_migration/src/human_following_signal.cpp:306:75:[m[K [01;31m[Kerror: [m[Kexpected ‘[01m[K{[m[K’ before ‘[01m[K&[m[K’ token
  306 |                                         } catch (tf22::TransformException [01;31m[K&[m[Kex) {
      |                                                                           [01;31m[K^[m[K
[01m[K/home/neha/ros2_ws/src/semnav_migration/src/human_following_signal.cpp:306:76:[m[K [01;31m[Kerror: [m[K‘[01m[Kex[m[K’ was not declared in this scope; did you mean ‘[01m[Kexp[m[K’?
  306 |                                         } catch (tf22::TransformException &[01;31m[Kex[m[K) {
      |                                                                            [01;31m[K^~[m[K
      |                                                                            [32m[Kexp[m[K
[01m[K/home/neha/ros2_ws/src/semnav_migration/src/human_following_signal.cpp:[m[K In member function ‘[01m[Kvoid HumanFollowingSignalNode::[01;32m[Kcontrol_callback[m[K(const sensor_msgs::msg::LaserScan_<std::allocator<void> >::ConstPtr&, const nav_msgs::msg::Odometry_<std::allocator<void> >::ConstPtr&)[m[K’:
[01m[K/home/neha/ros2_ws/src/semnav_migration/src/human_following_signal.cpp:459:49:[m[K [01;31m[Kerror: [m[K‘[01m[Kros[m[K’ has not been declared
  459 |                         odomPose.header.stamp = [01;31m[Kros[m[K::Time(0);
      |                                                 [01;31m[K^~~[m[K
[01m[K/home/neha/ros2_ws/src/semnav_migration/src/human_following_signal.cpp:463:43:[m[K [01;31m[Kerror: [m[K‘[01m[Kclass std::shared_ptr<tf2_ros::TransformListener>[m[K’ has no member named ‘[01m[KwaitForTransform[m[K’
  463 |                                 listener_.[01;31m[KwaitForTransform[m[K(world_frame_id_, odom_frame_id_, ros::Time(0), ros::Duration(1.0));
      |                                           [01;31m[K^~~~~~~~~~~~~~~~[m[K
[01m[K/home/neha/ros2_ws/src/semnav_migration/src/human_following_signal.cpp:463:93:[m[K [01;31m[Kerror: [m[K‘[01m[Kros[m[K’ has not been declared
  463 |                                 listener_.waitForTransform(world_frame_id_, odom_frame_id_, [01;31m[Kros[m[K::Time(0), ros::Duration(1.0));
      |                                                                                             [01;31m[K^~~[m[K
[01m[K/home/neha/ros2_ws/src/semnav_migration/src/human_following_signal.cpp:463:107:[m[K [01;31m[Kerror: [m[K‘[01m[Kros[m[K’ has not been declared
  463 |                                 listener_.waitForTransform(world_frame_id_, odom_frame_id_, ros::Time(0), [01;31m[Kros[m[K::Duration(1.0));
      |                                                                                                           [01;31m[K^~~[m[K
[01m[K/home/neha/ros2_ws/src/semnav_migration/src/human_following_signal.cpp:464:43:[m[K [01;31m[Kerror: [m[K‘[01m[Kclass std::shared_ptr<tf2_ros::TransformListener>[m[K’ has no member named ‘[01m[KtransformPose[m[K’
  464 |                                 listener_.[01;31m[KtransformPose[m[K(world_frame_id_, odomPose, mapPose);
      |                                           [01;31m[K^~~~~~~~~~~~~[m[K
[01m[K/home/neha/ros2_ws/src/semnav_migration/src/human_following_signal.cpp:497:43:[m[K [01;31m[Kerror: [m[K‘[01m[Kclass std::shared_ptr<tf2_ros::TransformListener>[m[K’ has no member named ‘[01m[KwaitForTransform[m[K’
  497 |                                 listener_.[01;31m[KwaitForTransform[m[K(world_frame_id_, ros::Time(0), camera_optical_frame_id_, localGoalCameraStamp, world_frame_id_, ros::Duration(1.0));
      |                                           [01;31m[K^~~~~~~~~~~~~~~~[m[K
[01m[K/home/neha/ros2_ws/src/semnav_migration/src/human_following_signal.cpp:497:77:[m[K [01;31m[Kerror: [m[K‘[01m[Kros[m[K’ has not been declared
  497 |                                 listener_.waitForTransform(world_frame_id_, [01;31m[Kros[m[K::Time(0), camera_optical_frame_id_, localGoalCameraStamp, world_frame_id_, ros::Duration(1.0));
      |                                                                             [01;31m[K^~~[m[K
[01m[K/home/neha/ros2_ws/src/semnav_migration/src/human_following_signal.cpp:497:156:[m[K [01;31m[Kerror: [m[K‘[01m[Kros[m[K’ has not been declared
  497 |                                 listener_.waitForTransform(world_frame_id_, ros::Time(0), camera_optical_frame_id_, localGoalCameraStamp, world_frame_id_, [01;31m[Kros[m[K::Duration(1.0));
      |                                                                                                                                                            [01;31m[K^~~[m[K
[01m[K/home/neha/ros2_ws/src/semnav_migration/src/human_following_signal.cpp:498:43:[m[K [01;31m[Kerror: [m[K‘[01m[Kclass std::shared_ptr<tf2_ros::TransformListener>[m[K’ has no member named ‘[01m[KtransformPoint[m[K’
  498 |                                 listener_.[01;31m[KtransformPoint[m[K(world_frame_id_, ros::Time(0), localGoalCamera, world_frame_id_, localGoalMap);
      |                                           [01;31m[K^~~~~~~~~~~~~~[m[K
[01m[K/home/neha/ros2_ws/src/semnav_migration/src/human_following_signal.cpp:498:75:[m[K [01;31m[Kerror: [m[K‘[01m[Kros[m[K’ has not been declared
  498 |                                 listener_.transformPoint(world_frame_id_, [01;31m[Kros[m[K::Time(0), localGoalCamera, world_frame_id_, localGoalMap);
      |                                                                           [01;31m[K^~~[m[K
[01m[K/home/neha/ros2_ws/src/semnav_migration/src/human_following_signal.cpp:669:33:[m[K [01;31m[Kerror: [m[K‘[01m[Kros[m[K’ has not been declared
  669 |                                 [01;31m[Kros[m[K::Duration(5.0).sleep();
      |                                 [01;31m[K^~~[m[K
In file included from [01m[K/opt/ros/jazzy/include/rclcpp/rclcpp/copy_all_parameter_values.hpp:27[m[K,
                 from [01m[K/opt/ros/jazzy/include/rclcpp/rclcpp/rclcpp.hpp:171[m[K,
                 from [01m[K/home/neha/ros2_ws/src/semnav_migration/include/reactive_planner_lib.h:32[m[K,
                 from [01m[K/home/neha/ros2_ws/src/semnav_migration/src/human_following_signal.cpp:25[m[K:
[01m[K/home/neha/ros2_ws/src/semnav_migration/src/human_following_signal.cpp:697:157:[m[K [01;31m[Kerror: [m[K‘[01m[Kros[m[K’ has not been declared
  697 |                         RCLCPP_WARN_STREAM(this->get_logger(), "[Navigation] Command update for " << int(localDiffeoTreeArray.size()) << " polygons in " << [01;31m[Kros[m[K::Time::now().toSec()-before_time << " seconds.");
      |                                                                                                                                                             [01;31m[K^~~[m[K
gmake[2]: *** [CMakeFiles/human_following.dir/build.make:76: CMakeFiles/human_following.dir/src/human_following.cpp.o] Error 1
gmake[1]: *** [CMakeFiles/Makefile2:259: CMakeFiles/human_following.dir/all] Error 2
gmake[1]: *** Waiting for unfinished jobs....
gmake[2]: *** [CMakeFiles/human_following_signal.dir/build.make:76: CMakeFiles/human_following_signal.dir/src/human_following_signal.cpp.o] Error 1
gmake[1]: *** [CMakeFiles/Makefile2:285: CMakeFiles/human_following_signal.dir/all] Error 2
gmake: *** [Makefile:146: all] Error 2
