[0.105s] Invoking command in '/home/neha/ros2_ws/src/semnav_migration/build/semnav': CMAKE_PREFIX_PATH=${CMAKE_PREFIX_PATH}:/opt/ros/jazzy DEBUGINFOD_URLS=https://debuginfod.ubuntu.com /usr/bin/cmake --build /home/neha/ros2_ws/src/semnav_migration/build/semnav -- -j2 -l2
[0.477s] [ 14%] Built target reactive_planner
[0.621s] [ 19%] Building CXX object CMakeFiles/navigation.dir/src/navigation.cpp.o
[0.627s] [ 23%] Building CXX object CMakeFiles/navigation_semantic.dir/src/navigation_semantic.cpp.o
[22.275s] /home/neha/ros2_ws/src/semnav_migration/src/navigation_semantic.cpp:46:13: error: extra qualification ‘SemanticNavigationNode::’ on member ‘SemanticNavigationNode’ [-fpermissive]
[22.275s]    46 |             SemanticNavigationNode::SemanticNavigationNode() : Node("semantic_navigation_node") {
[22.275s]       |             ^~~~~~~~~~~~~~~~~~~~~~
[22.303s] /home/neha/ros2_ws/src/semnav_migration/src/navigation.cpp:46:13: error: extra qualification ‘NavigationNode::’ on member ‘NavigationNode’ [-fpermissive]
[22.304s]    46 |             NavigationNode::NavigationNode() : rclcpp::Node(std::string("navigation_node")) {
[22.304s]       |             ^~~~~~~~~~~~~~
[22.322s] /home/neha/ros2_ws/src/semnav_migration/src/navigation_semantic.cpp: In constructor ‘SemanticNavigationNode::SemanticNavigationNode()’:
[22.323s] /home/neha/ros2_ws/src/semnav_migration/src/navigation_semantic.cpp:46:95: error: no matching function for call to ‘rclcpp::Node::Node()’
[22.323s]    46 |             SemanticNavigationNode::SemanticNavigationNode() : Node("semantic_navigation_node") {
[22.323s]       |                                                                                               ^
[22.323s] In file included from /opt/ros/jazzy/include/rclcpp/rclcpp/executors/single_threaded_executor.hpp:28,
[22.323s]                  from /opt/ros/jazzy/include/rclcpp/rclcpp/executors.hpp:22,
[22.323s]                  from /opt/ros/jazzy/include/rclcpp/rclcpp/rclcpp.hpp:172,
[22.323s]                  from /home/neha/ros2_ws/src/semnav_migration/include/reactive_planner_lib.h:32,
[22.324s]                  from /home/neha/ros2_ws/src/semnav_migration/src/navigation_semantic.cpp:25:
[22.324s] /opt/ros/jazzy/include/rclcpp/rclcpp/node.hpp:1629:3: note: candidate: ‘rclcpp::Node::Node(const rclcpp::Node&, const std::string&)’
[22.326s]  1629 |   Node(
[22.326s]       |   ^~~~
[22.326s] /opt/ros/jazzy/include/rclcpp/rclcpp/node.hpp:1629:3: note:   candidate expects 2 arguments, 0 provided
[22.326s] /opt/ros/jazzy/include/rclcpp/rclcpp/node.hpp:103:12: note: candidate: ‘rclcpp::Node::Node(const std::string&, const std::string&, const rclcpp::NodeOptions&)’
[22.327s]   103 |   explicit Node(
[22.327s]       |            ^~~~
[22.327s] /opt/ros/jazzy/include/rclcpp/rclcpp/node.hpp:103:12: note:   candidate expects 3 arguments, 0 provided
[22.327s] /opt/ros/jazzy/include/rclcpp/rclcpp/node.hpp:91:12: note: candidate: ‘rclcpp::Node::Node(const std::string&, const rclcpp::NodeOptions&)’
[22.327s]    91 |   explicit Node(
[22.327s]       |            ^~~~
[22.327s] /opt/ros/jazzy/include/rclcpp/rclcpp/node.hpp:91:12: note:   candidate expects 2 arguments, 0 provided
[22.357s] /home/neha/ros2_ws/src/semnav_migration/src/navigation.cpp: In constructor ‘NavigationNode::NavigationNode()’:
[22.357s] /home/neha/ros2_ws/src/semnav_migration/src/navigation.cpp:46:91: error: no matching function for call to ‘rclcpp::Node::Node()’
[22.357s]    46 |             NavigationNode::NavigationNode() : rclcpp::Node(std::string("navigation_node")) {
[22.357s]       |                                                                                           ^
[22.359s] In file included from /opt/ros/jazzy/include/rclcpp/rclcpp/executors/single_threaded_executor.hpp:28,
[22.359s]                  from /opt/ros/jazzy/include/rclcpp/rclcpp/executors.hpp:22,
[22.359s]                  from /opt/ros/jazzy/include/rclcpp/rclcpp/rclcpp.hpp:172,
[22.359s]                  from /home/neha/ros2_ws/src/semnav_migration/include/reactive_planner_lib.h:32,
[22.359s]                  from /home/neha/ros2_ws/src/semnav_migration/src/navigation.cpp:25:
[22.359s] /opt/ros/jazzy/include/rclcpp/rclcpp/node.hpp:1629:3: note: candidate: ‘rclcpp::Node::Node(const rclcpp::Node&, const std::string&)’
[22.360s]  1629 |   Node(
[22.360s]       |   ^~~~
[22.360s] /opt/ros/jazzy/include/rclcpp/rclcpp/node.hpp:1629:3: note:   candidate expects 2 arguments, 0 provided
[22.360s] /opt/ros/jazzy/include/rclcpp/rclcpp/node.hpp:103:12: note: candidate: ‘rclcpp::Node::Node(const std::string&, const std::string&, const rclcpp::NodeOptions&)’
[22.361s]   103 |   explicit Node(
[22.361s]       |            ^~~~
[22.361s] /opt/ros/jazzy/include/rclcpp/rclcpp/node.hpp:103:12: note:   candidate expects 3 arguments, 0 provided
[22.362s] /opt/ros/jazzy/include/rclcpp/rclcpp/node.hpp:91:12: note: candidate: ‘rclcpp::Node::Node(const std::string&, const rclcpp::NodeOptions&)’
[22.362s]    91 |   explicit Node(
[22.362s]       |            ^~~~
[22.362s] /opt/ros/jazzy/include/rclcpp/rclcpp/node.hpp:91:12: note:   candidate expects 2 arguments, 0 provided
[22.434s] /home/neha/ros2_ws/src/semnav_migration/src/navigation_semantic.cpp:143:119: error: no matching function for call to ‘message_filters::Subscriber<sensor_msgs::msg::LaserScan_<std::allocator<void> > >::Subscriber(SemanticNavigationNode*, const char [17], int)’
[22.434s]   143 |                         message_filters::Subscriber<sensor_msgs::msg::LaserScan> sub_laser(this, "sub_laser_topic_", 1);
[22.435s]       |                                                                                                                       ^
[22.437s] In file included from /home/neha/ros2_ws/src/semnav_migration/include/reactive_planner_lib.h:44:
[22.437s] /opt/ros/jazzy/include/message_filters/message_filters/subscriber.h:224:3: note: candidate: ‘message_filters::Subscriber<M, NodeType>::Subscriber() [with M = sensor_msgs::msg::LaserScan_<std::allocator<void> >; NodeType = rclcpp::Node]’
[22.437s]   224 |   Subscriber() = default;
[22.438s]       |   ^~~~~~~~~~
[22.438s] /opt/ros/jazzy/include/message_filters/message_filters/subscriber.h:224:3: note:   candidate expects 0 arguments, 3 provided
[22.438s] /opt/ros/jazzy/include/message_filters/message_filters/subscriber.h:212:3: note: candidate: ‘message_filters::Subscriber<M, NodeType>::Subscriber(NodeType*, const std::string&, rmw_qos_profile_t, rclcpp::SubscriptionOptions) [with M = sensor_msgs::msg::LaserScan_<std::allocator<void> >; NodeType = rclcpp::Node; std::string = std::__cxx11::basic_string<char>; rmw_qos_profile_t = rmw_qos_profile_s; rclcpp::SubscriptionOptions = rclcpp::SubscriptionOptionsWithAllocator<std::allocator<void> >]’
[22.438s]   212 |   Subscriber(
[22.438s]       |   ^~~~~~~~~~
[22.438s] /opt/ros/jazzy/include/message_filters/message_filters/subscriber.h:212:3: note:   candidate expects 4 arguments, 3 provided
[22.438s] /opt/ros/jazzy/include/message_filters/message_filters/subscriber.h:203:3: note: candidate: ‘message_filters::Subscriber<M, NodeType>::Subscriber(NodePtr, const std::string&, rmw_qos_profile_t, rclcpp::SubscriptionOptions) [with M = sensor_msgs::msg::LaserScan_<std::allocator<void> >; NodeType = rclcpp::Node; NodePtr = std::shared_ptr<rclcpp::Node>; std::string = std::__cxx11::basic_string<char>; rmw_qos_profile_t = rmw_qos_profile_s; rclcpp::SubscriptionOptions = rclcpp::SubscriptionOptionsWithAllocator<std::allocator<void> >]’
[22.439s]   203 |   Subscriber(
[22.439s]       |   ^~~~~~~~~~
[22.439s] /opt/ros/jazzy/include/message_filters/message_filters/subscriber.h:203:3: note:   candidate expects 4 arguments, 3 provided
[22.441s] /opt/ros/jazzy/include/message_filters/message_filters/subscriber.h:188:3: note: candidate: ‘message_filters::Subscriber<M, NodeType>::Subscriber(NodeType*, const std::string&, rmw_qos_profile_t) [with M = sensor_msgs::msg::LaserScan_<std::allocator<void> >; NodeType = rclcpp::Node; std::string = std::__cxx11::basic_string<char>; rmw_qos_profile_t = rmw_qos_profile_s]’
[22.441s]   188 |   Subscriber(NodeType * node, const std::string& topic, const rmw_qos_profile_t qos = rmw_qos_profile_default)
[22.441s]       |   ^~~~~~~~~~
[22.442s] /opt/ros/jazzy/include/message_filters/message_filters/subscriber.h:188:81: note:   no known conversion for argument 3 from ‘int’ to ‘rmw_qos_profile_t’ {aka ‘rmw_qos_profile_s’}
[22.442s]   188 |   Subscriber(NodeType * node, const std::string& topic, const rmw_qos_profile_t qos = rmw_qos_profile_default)
[22.442s]       |                                                         ~~~~~~~~~~~~~~~~~~~~~~~~^~~~~~~~~~~~~~~~~~~~~~~~~~~~~
[22.442s] /opt/ros/jazzy/include/message_filters/message_filters/subscriber.h:183:3: note: candidate: ‘message_filters::Subscriber<M, NodeType>::Subscriber(NodePtr, const std::string&, rmw_qos_profile_t) [with M = sensor_msgs::msg::LaserScan_<std::allocator<void> >; NodeType = rclcpp::Node; NodePtr = std::shared_ptr<rclcpp::Node>; std::string = std::__cxx11::basic_string<char>; rmw_qos_profile_t = rmw_qos_profile_s]’
[22.442s]   183 |   Subscriber(NodePtr node, const std::string& topic, const rmw_qos_profile_t qos = rmw_qos_profile_default)
[22.442s]       |   ^~~~~~~~~~
[22.442s] /opt/ros/jazzy/include/message_filters/message_filters/subscriber.h:183:22: note:   no known conversion for argument 1 from ‘SemanticNavigationNode*’ to ‘message_filters::Subscriber<sensor_msgs::msg::LaserScan_<std::allocator<void> > >::NodePtr’ {aka ‘std::shared_ptr<rclcpp::Node>’}
[22.443s]   183 |   Subscriber(NodePtr node, const std::string& topic, const rmw_qos_profile_t qos = rmw_qos_profile_default)
[22.443s]       |              ~~~~~~~~^~~~
[22.485s] /home/neha/ros2_ws/src/semnav_migration/src/navigation.cpp:143:116: error: no matching function for call to ‘message_filters::Subscriber<sensor_msgs::msg::LaserScan_<std::allocator<void> > >::Subscriber(rclcpp::Node&, std::string&, int)’
[22.486s]   143 |                         message_filters::Subscriber<sensor_msgs::msg::LaserScan> sub_laser(nh_, sub_laser_topic_, 1);
[22.486s]       |                                                                                                                    ^
[22.486s] In file included from /home/neha/ros2_ws/src/semnav_migration/include/reactive_planner_lib.h:44:
[22.486s] /opt/ros/jazzy/include/message_filters/message_filters/subscriber.h:224:3: note: candidate: ‘message_filters::Subscriber<M, NodeType>::Subscriber() [with M = sensor_msgs::msg::LaserScan_<std::allocator<void> >; NodeType = rclcpp::Node]’
[22.486s]   224 |   Subscriber() = default;
[22.486s]       |   ^~~~~~~~~~
[22.486s] /opt/ros/jazzy/include/message_filters/message_filters/subscriber.h:224:3: note:   candidate expects 0 arguments, 3 provided
[22.487s] /opt/ros/jazzy/include/message_filters/message_filters/subscriber.h:212:3: note: candidate: ‘message_filters::Subscriber<M, NodeType>::Subscriber(NodeType*, const std::string&, rmw_qos_profile_t, rclcpp::SubscriptionOptions) [with M = sensor_msgs::msg::LaserScan_<std::allocator<void> >; NodeType = rclcpp::Node; std::string = std::__cxx11::basic_string<char>; rmw_qos_profile_t = rmw_qos_profile_s; rclcpp::SubscriptionOptions = rclcpp::SubscriptionOptionsWithAllocator<std::allocator<void> >]’
[22.487s]   212 |   Subscriber(
[22.489s]       |   ^~~~~~~~~~
[22.489s] /opt/ros/jazzy/include/message_filters/message_filters/subscriber.h:212:3: note:   candidate expects 4 arguments, 3 provided
[22.489s] /opt/ros/jazzy/include/message_filters/message_filters/subscriber.h:203:3: note: candidate: ‘message_filters::Subscriber<M, NodeType>::Subscriber(NodePtr, const std::string&, rmw_qos_profile_t, rclcpp::SubscriptionOptions) [with M = sensor_msgs::msg::LaserScan_<std::allocator<void> >; NodeType = rclcpp::Node; NodePtr = std::shared_ptr<rclcpp::Node>; std::string = std::__cxx11::basic_string<char>; rmw_qos_profile_t = rmw_qos_profile_s; rclcpp::SubscriptionOptions = rclcpp::SubscriptionOptionsWithAllocator<std::allocator<void> >]’
[22.490s]   203 |   Subscriber(
[22.498s]       |   ^~~~~~~~~~
[22.498s] /opt/ros/jazzy/include/message_filters/message_filters/subscriber.h:203:3: note:   candidate expects 4 arguments, 3 provided
[22.498s] /opt/ros/jazzy/include/message_filters/message_filters/subscriber.h:188:3: note: candidate: ‘message_filters::Subscriber<M, NodeType>::Subscriber(NodeType*, const std::string&, rmw_qos_profile_t) [with M = sensor_msgs::msg::LaserScan_<std::allocator<void> >; NodeType = rclcpp::Node; std::string = std::__cxx11::basic_string<char>; rmw_qos_profile_t = rmw_qos_profile_s]’
[22.498s]   188 |   Subscriber(NodeType * node, const std::string& topic, const rmw_qos_profile_t qos = rmw_qos_profile_default)
[22.499s]       |   ^~~~~~~~~~
[22.499s] /opt/ros/jazzy/include/message_filters/message_filters/subscriber.h:188:25: note:   no known conversion for argument 1 from ‘rclcpp::Node’ to ‘rclcpp::Node*’
[22.499s]   188 |   Subscriber(NodeType * node, const std::string& topic, const rmw_qos_profile_t qos = rmw_qos_profile_default)
[22.499s]       |              ~~~~~~~~~~~^~~~
[22.499s] /opt/ros/jazzy/include/message_filters/message_filters/subscriber.h:183:3: note: candidate: ‘message_filters::Subscriber<M, NodeType>::Subscriber(NodePtr, const std::string&, rmw_qos_profile_t) [with M = sensor_msgs::msg::LaserScan_<std::allocator<void> >; NodeType = rclcpp::Node; NodePtr = std::shared_ptr<rclcpp::Node>; std::string = std::__cxx11::basic_string<char>; rmw_qos_profile_t = rmw_qos_profile_s]’
[22.500s]   183 |   Subscriber(NodePtr node, const std::string& topic, const rmw_qos_profile_t qos = rmw_qos_profile_default)
[22.500s]       |   ^~~~~~~~~~
[22.502s] /opt/ros/jazzy/include/message_filters/message_filters/subscriber.h:183:22: note:   no known conversion for argument 1 from ‘rclcpp::Node’ to ‘message_filters::Subscriber<sensor_msgs::msg::LaserScan_<std::allocator<void> > >::NodePtr’ {aka ‘std::shared_ptr<rclcpp::Node>’}
[22.502s]   183 |   Subscriber(NodePtr node, const std::string& topic, const rmw_qos_profile_t qos = rmw_qos_profile_default)
[22.502s]       |              ~~~~~~~~^~~~
[22.518s] /home/neha/ros2_ws/src/semnav_migration/src/navigation_semantic.cpp:144:103: error: no matching function for call to ‘message_filters::Subscriber<nav_msgs::msg::Odometry_<std::allocator<void> > >::Subscriber(SemanticNavigationNode*, const char [17], int)’
[22.518s]   144 |             message_filters::Subscriber<nav_msgs::msg::Odometry> sub_robot(this, "sub_robot_topic_", 1);
[22.518s]       |                                                                                                       ^
[22.518s] /opt/ros/jazzy/include/message_filters/message_filters/subscriber.h:224:3: note: candidate: ‘message_filters::Subscriber<M, NodeType>::Subscriber() [with M = nav_msgs::msg::Odometry_<std::allocator<void> >; NodeType = rclcpp::Node]’
[22.519s]   224 |   Subscriber() = default;
[22.519s]       |   ^~~~~~~~~~
[22.519s] /opt/ros/jazzy/include/message_filters/message_filters/subscriber.h:224:3: note:   candidate expects 0 arguments, 3 provided
[22.519s] /opt/ros/jazzy/include/message_filters/message_filters/subscriber.h:212:3: note: candidate: ‘message_filters::Subscriber<M, NodeType>::Subscriber(NodeType*, const std::string&, rmw_qos_profile_t, rclcpp::SubscriptionOptions) [with M = nav_msgs::msg::Odometry_<std::allocator<void> >; NodeType = rclcpp::Node; std::string = std::__cxx11::basic_string<char>; rmw_qos_profile_t = rmw_qos_profile_s; rclcpp::SubscriptionOptions = rclcpp::SubscriptionOptionsWithAllocator<std::allocator<void> >]’
[22.519s]   212 |   Subscriber(
[22.519s]       |   ^~~~~~~~~~
[22.519s] /opt/ros/jazzy/include/message_filters/message_filters/subscriber.h:212:3: note:   candidate expects 4 arguments, 3 provided
[22.520s] /opt/ros/jazzy/include/message_filters/message_filters/subscriber.h:203:3: note: candidate: ‘message_filters::Subscriber<M, NodeType>::Subscriber(NodePtr, const std::string&, rmw_qos_profile_t, rclcpp::SubscriptionOptions) [with M = nav_msgs::msg::Odometry_<std::allocator<void> >; NodeType = rclcpp::Node; NodePtr = std::shared_ptr<rclcpp::Node>; std::string = std::__cxx11::basic_string<char>; rmw_qos_profile_t = rmw_qos_profile_s; rclcpp::SubscriptionOptions = rclcpp::SubscriptionOptionsWithAllocator<std::allocator<void> >]’
[22.520s]   203 |   Subscriber(
[22.524s]       |   ^~~~~~~~~~
[22.524s] /opt/ros/jazzy/include/message_filters/message_filters/subscriber.h:203:3: note:   candidate expects 4 arguments, 3 provided
[22.524s] /opt/ros/jazzy/include/message_filters/message_filters/subscriber.h:188:3: note: candidate: ‘message_filters::Subscriber<M, NodeType>::Subscriber(NodeType*, const std::string&, rmw_qos_profile_t) [with M = nav_msgs::msg::Odometry_<std::allocator<void> >; NodeType = rclcpp::Node; std::string = std::__cxx11::basic_string<char>; rmw_qos_profile_t = rmw_qos_profile_s]’
[22.525s]   188 |   Subscriber(NodeType * node, const std::string& topic, const rmw_qos_profile_t qos = rmw_qos_profile_default)
[22.525s]       |   ^~~~~~~~~~
[22.525s] /opt/ros/jazzy/include/message_filters/message_filters/subscriber.h:188:81: note:   no known conversion for argument 3 from ‘int’ to ‘rmw_qos_profile_t’ {aka ‘rmw_qos_profile_s’}
[22.525s]   188 |   Subscriber(NodeType * node, const std::string& topic, const rmw_qos_profile_t qos = rmw_qos_profile_default)
[22.525s]       |                                                         ~~~~~~~~~~~~~~~~~~~~~~~~^~~~~~~~~~~~~~~~~~~~~~~~~~~~~
[22.525s] /opt/ros/jazzy/include/message_filters/message_filters/subscriber.h:183:3: note: candidate: ‘message_filters::Subscriber<M, NodeType>::Subscriber(NodePtr, const std::string&, rmw_qos_profile_t) [with M = nav_msgs::msg::Odometry_<std::allocator<void> >; NodeType = rclcpp::Node; NodePtr = std::shared_ptr<rclcpp::Node>; std::string = std::__cxx11::basic_string<char>; rmw_qos_profile_t = rmw_qos_profile_s]’
[22.525s]   183 |   Subscriber(NodePtr node, const std::string& topic, const rmw_qos_profile_t qos = rmw_qos_profile_default)
[22.526s]       |   ^~~~~~~~~~
[22.526s] /opt/ros/jazzy/include/message_filters/message_filters/subscriber.h:183:22: note:   no known conversion for argument 1 from ‘SemanticNavigationNode*’ to ‘message_filters::Subscriber<nav_msgs::msg::Odometry_<std::allocator<void> > >::NodePtr’ {aka ‘std::shared_ptr<rclcpp::Node>’}
[22.526s]   183 |   Subscriber(NodePtr node, const std::string& topic, const rmw_qos_profile_t qos = rmw_qos_profile_default)
[22.529s]       |              ~~~~~~~~^~~~
[22.531s] /home/neha/ros2_ws/src/semnav_migration/src/navigation_semantic.cpp:152:86: error: no matching function for call to ‘SemanticNavigationNode::create_subscription(const char [20], int)’
[22.531s]   152 |                         rclcpp::Subscription sub_semantic = this->create_subscription("sub_semantic_topic_", 1);
[22.531s]       |                                                             ~~~~~~~~~~~~~~~~~~~~~~~~~^~~~~~~~~~~~~~~~~~~~~~~~~~
[22.531s] /opt/ros/jazzy/include/rclcpp/rclcpp/node.hpp:221:3: note: candidate: ‘template<class MessageT, class CallbackT, class AllocatorT, class SubscriptionT, class MessageMemoryStrategyT> std::shared_ptr<ROSMessageT> rclcpp::Node::create_subscription(const std::string&, const rclcpp::QoS&, CallbackT&&, const rclcpp::SubscriptionOptionsWithAllocator<AllocatorT>&, typename MessageMemoryStrategyT::SharedPtr)’
[22.531s]   221 |   create_subscription(
[22.531s]       |   ^~~~~~~~~~~~~~~~~~~
[22.532s] /opt/ros/jazzy/include/rclcpp/rclcpp/node.hpp:221:3: note:   template argument deduction/substitution failed:
[22.532s] /home/neha/ros2_ws/src/semnav_migration/src/navigation_semantic.cpp:152:86: note:   candidate expects 5 arguments, 2 provided
[22.532s]   152 |                         rclcpp::Subscription sub_semantic = this->create_subscription("sub_semantic_topic_", 1);
[22.532s]       |                                                             ~~~~~~~~~~~~~~~~~~~~~~~~~^~~~~~~~~~~~~~~~~~~~~~~~~~
[22.582s] /home/neha/ros2_ws/src/semnav_migration/src/navigation.cpp:144:112: error: no matching function for call to ‘message_filters::Subscriber<nav_msgs::msg::Odometry_<std::allocator<void> > >::Subscriber(rclcpp::Node&, std::string&, int)’
[22.582s]   144 |                         message_filters::Subscriber<nav_msgs::msg::Odometry> sub_robot(nh_, sub_robot_topic_, 1);
[22.582s]       |                                                                                                                ^
[22.583s] /opt/ros/jazzy/include/message_filters/message_filters/subscriber.h:224:3: note: candidate: ‘message_filters::Subscriber<M, NodeType>::Subscriber() [with M = nav_msgs::msg::Odometry_<std::allocator<void> >; NodeType = rclcpp::Node]’
[22.583s]   224 |   Subscriber() = default;
[22.583s]       |   ^~~~~~~~~~
[22.583s] /opt/ros/jazzy/include/message_filters/message_filters/subscriber.h:224:3: note:   candidate expects 0 arguments, 3 provided
[22.584s] /opt/ros/jazzy/include/message_filters/message_filters/subscriber.h:212:3: note: candidate: ‘message_filters::Subscriber<M, NodeType>::Subscriber(NodeType*, const std::string&, rmw_qos_profile_t, rclcpp::SubscriptionOptions) [with M = nav_msgs::msg::Odometry_<std::allocator<void> >; NodeType = rclcpp::Node; std::string = std::__cxx11::basic_string<char>; rmw_qos_profile_t = rmw_qos_profile_s; rclcpp::SubscriptionOptions = rclcpp::SubscriptionOptionsWithAllocator<std::allocator<void> >]’
[22.584s]   212 |   Subscriber(
[22.584s]       |   ^~~~~~~~~~
[22.584s] /opt/ros/jazzy/include/message_filters/message_filters/subscriber.h:212:3: note:   candidate expects 4 arguments, 3 provided
[22.585s] /opt/ros/jazzy/include/message_filters/message_filters/subscriber.h:203:3: note: candidate: ‘message_filters::Subscriber<M, NodeType>::Subscriber(NodePtr, const std::string&, rmw_qos_profile_t, rclcpp::SubscriptionOptions) [with M = nav_msgs::msg::Odometry_<std::allocator<void> >; NodeType = rclcpp::Node; NodePtr = std::shared_ptr<rclcpp::Node>; std::string = std::__cxx11::basic_string<char>; rmw_qos_profile_t = rmw_qos_profile_s; rclcpp::SubscriptionOptions = rclcpp::SubscriptionOptionsWithAllocator<std::allocator<void> >]’
[22.585s]   203 |   Subscriber(
[22.585s]       |   ^~~~~~~~~~
[22.586s] /opt/ros/jazzy/include/message_filters/message_filters/subscriber.h:203:3: note:   candidate expects 4 arguments, 3 provided
[22.588s] /opt/ros/jazzy/include/message_filters/message_filters/subscriber.h:188:3: note: candidate: ‘message_filters::Subscriber<M, NodeType>::Subscriber(NodeType*, const std::string&, rmw_qos_profile_t) [with M = nav_msgs::msg::Odometry_<std::allocator<void> >; NodeType = rclcpp::Node; std::string = std::__cxx11::basic_string<char>; rmw_qos_profile_t = rmw_qos_profile_s]’
[22.588s]   188 |   Subscriber(NodeType * node, const std::string& topic, const rmw_qos_profile_t qos = rmw_qos_profile_default)
[22.588s]       |   ^~~~~~~~~~
[22.589s] /opt/ros/jazzy/include/message_filters/message_filters/subscriber.h:188:25: note:   no known conversion for argument 1 from ‘rclcpp::Node’ to ‘rclcpp::Node*’
[22.589s]   188 |   Subscriber(NodeType * node, const std::string& topic, const rmw_qos_profile_t qos = rmw_qos_profile_default)
[22.589s]       |              ~~~~~~~~~~~^~~~
[22.589s] /opt/ros/jazzy/include/message_filters/message_filters/subscriber.h:183:3: note: candidate: ‘message_filters::Subscriber<M, NodeType>::Subscriber(NodePtr, const std::string&, rmw_qos_profile_t) [with M = nav_msgs::msg::Odometry_<std::allocator<void> >; NodeType = rclcpp::Node; NodePtr = std::shared_ptr<rclcpp::Node>; std::string = std::__cxx11::basic_string<char>; rmw_qos_profile_t = rmw_qos_profile_s]’
[22.589s]   183 |   Subscriber(NodePtr node, const std::string& topic, const rmw_qos_profile_t qos = rmw_qos_profile_default)
[22.590s]       |   ^~~~~~~~~~
[22.590s] /opt/ros/jazzy/include/message_filters/message_filters/subscriber.h:183:22: note:   no known conversion for argument 1 from ‘rclcpp::Node’ to ‘message_filters::Subscriber<nav_msgs::msg::Odometry_<std::allocator<void> > >::NodePtr’ {aka ‘std::shared_ptr<rclcpp::Node>’}
[22.590s]   183 |   Subscriber(NodePtr node, const std::string& topic, const rmw_qos_profile_t qos = rmw_qos_profile_default)
[22.590s]       |              ~~~~~~~~^~~~
[22.676s] /home/neha/ros2_ws/src/semnav_migration/src/navigation_semantic.cpp: In member function ‘void SemanticNavigationNode::control_callback(const sensor_msgs::msg::LaserScan_<std::allocator<void> >::ConstPtr&, const nav_msgs::msg::Odometry_<std::allocator<void> >::ConstPtr&)’:
[22.676s] /home/neha/ros2_ws/src/semnav_migration/src/navigation_semantic.cpp:443:42: error: could not convert ‘lidar_data’ from ‘shared_ptr<LaserScan_<[...]>>’ to ‘shared_ptr<LaserScan_<[...]>>’
[22.676s]   443 |                         constructLIDAR2D(lidar_data, CutoffRange_, AllowableRange_, RobotPitch_, &LIDAR);
[22.676s]       |                                          ^~~~~~~~~~
[22.676s]       |                                          |
[22.677s]       |                                          shared_ptr<LaserScan_<[...]>>
[22.729s] /home/neha/ros2_ws/src/semnav_migration/src/navigation.cpp:149:55: error: ‘bind’ is not a member of ‘boost’; did you mean ‘find’?
[22.729s]   149 |                         sync->registerCallback(boost::bind(&NavigationNode::control_callback, this, _1, _2));
[22.729s]       |                                                       ^~~~
[22.729s]       |                                                       find
[22.735s] /home/neha/ros2_ws/src/semnav_migration/src/navigation.cpp:149:101: error: ‘_1’ was not declared in this scope
[22.735s]   149 |                         sync->registerCallback(boost::bind(&NavigationNode::control_callback, this, _1, _2));
[22.735s]       |                                                                                                     ^~
[22.736s] /home/neha/ros2_ws/src/semnav_migration/src/navigation.cpp:149:101: note: suggested alternatives:
[22.736s] In file included from /usr/include/boost/mpl/aux_/include_preprocessed.hpp:37,
[22.736s]                  from /usr/include/boost/mpl/placeholders.hpp:43,
[22.736s]                  from /usr/include/boost/iterator/iterator_categories.hpp:16,
[22.736s]                  from /usr/include/boost/iterator/iterator_facade.hpp:13,
[22.737s]                  from /usr/include/boost/range/iterator_range_core.hpp:27,
[22.737s]                  from /usr/include/boost/lexical_cast.hpp:48,
[22.737s]                  from /usr/include/boost/multiprecision/detail/number_base.hpp:29,
[22.737s]                  from /usr/include/boost/multiprecision/traits/is_variable_precision.hpp:9,
[22.737s]                  from /usr/include/boost/multiprecision/detail/precision.hpp:9,
[22.737s]                  from /usr/include/boost/multiprecision/number.hpp:11,
[22.737s]                  from /usr/include/boost/multiprecision/cpp_int.hpp:19,
[22.738s]                  from /usr/include/boost/multiprecision/cpp_bin_float.hpp:15,
[22.738s]                  from /usr/include/boost/geometry/core/coordinate_promotion.hpp:16,
[22.740s]                  from /usr/include/boost/geometry/core/radian_access.hpp:30,
[22.740s]                  from /usr/include/boost/geometry/geometry.hpp:50,
[22.740s]                  from /usr/include/boost/geometry.hpp:17,
[22.740s]                  from /home/neha/ros2_ws/src/semnav_migration/include/reactive_planner_lib.h:26:
[22.741s] /usr/include/boost/mpl/aux_/preprocessed/gcc/placeholders.hpp:29:16: note:   ‘mpl_::_1’
[22.741s]    29 | typedef arg<1> _1;
[22.741s]       |                ^~
[22.741s] In file included from /usr/include/boost/numeric/conversion/converter_policies.hpp:13,
[22.741s]                  from /usr/include/boost/numeric/conversion/converter.hpp:14,
[22.741s]                  from /usr/include/boost/numeric/conversion/cast.hpp:33,
[22.741s]                  from /usr/include/boost/geometry/core/radian_access.hpp:26:
[22.742s] /usr/include/c++/13/functional:294:48: note:   ‘std::placeholders::_1’
[22.742s]   294 |     _GLIBCXX_PLACEHOLDER const _Placeholder<1> _1;
[22.742s]       |                                                ^~
[22.744s] /usr/include/boost/mpl/aux_/preprocessed/gcc/placeholders.hpp:29:16: note:   ‘mpl_::_1’
[22.745s]    29 | typedef arg<1> _1;
[22.745s]       |                ^~
[22.745s] In file included from /usr/include/boost/describe/members.hpp:20,
[22.745s]                  from /usr/include/boost/container_hash/is_described_class.hpp:11,
[22.745s]                  from /usr/include/boost/container_hash/hash.hpp:18,
[22.745s]                  from /usr/include/boost/functional/hash.hpp:6,
[22.746s]                  from /usr/include/CGAL/Kernel/hash_functions.h:16,
[22.746s]                  from /usr/include/CGAL/Kernel/global_functions.h:25,
[22.748s]                  from /usr/include/CGAL/Cartesian/Cartesian_base.h:22,
[22.748s]                  from /usr/include/CGAL/Simple_cartesian.h:20,
[22.748s]                  from /usr/include/CGAL/Exact_predicates_inexact_constructions_kernel.h:20,
[22.749s]                  from /home/neha/ros2_ws/src/semnav_migration/include/polygeom_lib.h:32,
[22.749s]                  from /home/neha/ros2_ws/src/semnav_migration/include/reactive_planner_lib.h:52:
[22.749s] /usr/include/boost/mp11/bind.hpp:45:7: note:   ‘boost::mp11::_1’
[22.749s]    45 | using _1 = mp_arg<0>;
[22.749s]       |       ^~
[22.749s] /usr/include/boost/mpl/aux_/preprocessed/gcc/placeholders.hpp:29:16: note:   ‘mpl_::_1’
[22.749s]    29 | typedef arg<1> _1;
[22.750s]       |                ^~
[22.750s] /home/neha/ros2_ws/src/semnav_migration/src/navigation.cpp:149:105: error: ‘_2’ was not declared in this scope
[22.752s]   149 |                         sync->registerCallback(boost::bind(&NavigationNode::control_callback, this, _1, _2));
[22.752s]       |                                                                                                         ^~
[22.752s] /home/neha/ros2_ws/src/semnav_migration/src/navigation.cpp:149:105: note: suggested alternatives:
[22.752s] /usr/include/boost/mpl/aux_/preprocessed/gcc/placeholders.hpp:42:16: note:   ‘mpl_::_2’
[22.753s]    42 | typedef arg<2> _2;
[22.753s]       |                ^~
[22.753s] /usr/include/c++/13/functional:295:48: note:   ‘std::placeholders::_2’
[22.753s]   295 |     _GLIBCXX_PLACEHOLDER const _Placeholder<2> _2;
[22.753s]       |                                                ^~
[22.753s] /usr/include/boost/mpl/aux_/preprocessed/gcc/placeholders.hpp:42:16: note:   ‘mpl_::_2’
[22.753s]    42 | typedef arg<2> _2;
[22.754s]       |                ^~
[22.754s] /usr/include/boost/mp11/bind.hpp:46:7: note:   ‘boost::mp11::_2’
[22.756s]    46 | using _2 = mp_arg<1>;
[22.756s]       |       ^~
[22.756s] /usr/include/boost/mpl/aux_/preprocessed/gcc/placeholders.hpp:42:16: note:   ‘mpl_::_2’
[22.756s]    42 | typedef arg<2> _2;
[22.757s]       |                ^~
[22.757s] /home/neha/ros2_ws/src/semnav_migration/src/navigation.cpp:152:74: error: no matching function for call to ‘NavigationNode::create_subscription(const char [20], int)’
[22.757s]   152 |             rclcpp::Subscription sub_semantic = this->create_subscription("sub_semantic_topic_", 1);
[22.757s]       |                                                 ~~~~~~~~~~~~~~~~~~~~~~~~~^~~~~~~~~~~~~~~~~~~~~~~~~~
[22.757s] /opt/ros/jazzy/include/rclcpp/rclcpp/node.hpp:221:3: note: candidate: ‘template<class MessageT, class CallbackT, class AllocatorT, class SubscriptionT, class MessageMemoryStrategyT> std::shared_ptr<ROSMessageT> rclcpp::Node::create_subscription(const std::string&, const rclcpp::QoS&, CallbackT&&, const rclcpp::SubscriptionOptionsWithAllocator<AllocatorT>&, typename MessageMemoryStrategyT::SharedPtr)’
[22.757s]   221 |   create_subscription(
[22.758s]       |   ^~~~~~~~~~~~~~~~~~~
[22.758s] /opt/ros/jazzy/include/rclcpp/rclcpp/node.hpp:221:3: note:   template argument deduction/substitution failed:
[22.758s] /home/neha/ros2_ws/src/semnav_migration/src/navigation.cpp:152:74: note:   candidate expects 5 arguments, 2 provided
[22.760s]   152 |             rclcpp::Subscription sub_semantic = this->create_subscription("sub_semantic_topic_", 1);
[22.760s]       |                                                 ~~~~~~~~~~~~~~~~~~~~~~~~~^~~~~~~~~~~~~~~~~~~~~~~~~~
[22.854s] /home/neha/ros2_ws/src/semnav_migration/src/navigation.cpp: In member function ‘void NavigationNode::control_callback(const sensor_msgs::msg::LaserScan_<std::allocator<void> >::ConstPtr&, const nav_msgs::msg::Odometry_<std::allocator<void> >::ConstPtr&)’:
[22.854s] /home/neha/ros2_ws/src/semnav_migration/src/navigation.cpp:404:42: error: could not convert ‘lidar_data’ from ‘shared_ptr<LaserScan_<[...]>>’ to ‘shared_ptr<LaserScan_<[...]>>’
[22.854s]   404 |                         constructLIDAR2D(lidar_data, CutoffRange_, AllowableRange_, RobotPitch_, &LIDAR);
[22.854s]       |                                          ^~~~~~~~~~
[22.855s]       |                                          |
[22.855s]       |                                          shared_ptr<LaserScan_<[...]>>
[38.452s] gmake[2]: *** [CMakeFiles/navigation_semantic.dir/build.make:76: CMakeFiles/navigation_semantic.dir/src/navigation_semantic.cpp.o] Error 1
[38.454s] gmake[1]: *** [CMakeFiles/Makefile2:207: CMakeFiles/navigation_semantic.dir/all] Error 2
[38.454s] gmake[1]: *** Waiting for unfinished jobs....
[39.794s] gmake[2]: *** [CMakeFiles/navigation.dir/build.make:76: CMakeFiles/navigation.dir/src/navigation.cpp.o] Error 1
[39.795s] gmake[1]: *** [CMakeFiles/Makefile2:181: CMakeFiles/navigation.dir/all] Error 2
[39.795s] gmake: *** [Makefile:146: all] Error 2
[39.798s] Invoked command in '/home/neha/ros2_ws/src/semnav_migration/build/semnav' returned '2': CMAKE_PREFIX_PATH=${CMAKE_PREFIX_PATH}:/opt/ros/jazzy DEBUGINFOD_URLS=https://debuginfod.ubuntu.com /usr/bin/cmake --build /home/neha/ros2_ws/src/semnav_migration/build/semnav -- -j2 -l2
