[0.028s] Invoking command in '/home/neha/ros2_ws/src/semnav_migration/build/semnav': CMAKE_PREFIX_PATH=${CMAKE_PREFIX_PATH}:/opt/ros/jazzy DEBUGINFOD_URLS=https://debuginfod.ubuntu.com /usr/bin/cmake --build /home/neha/ros2_ws/src/semnav_migration/build/semnav -- -j2 -l2
[0.195s] [ 14%] Built target reactive_planner
[0.337s] [ 23%] Building CXX object CMakeFiles/navigation.dir/src/navigation.cpp.o
[0.337s] [ 23%] Building CXX object CMakeFiles/navigation_semantic.dir/src/navigation_semantic.cpp.o
[21.550s] /home/neha/ros2_ws/src/semnav_migration/src/navigation_semantic.cpp:46:13: error: extra qualification ‘SemanticNavigationNode::’ on member ‘SemanticNavigationNode’ [-fpermissive]
[21.551s]    46 |             SemanticNavigationNode::SemanticNavigationNode() : Node("semantic_navigation_node") {
[21.551s]       |             ^~~~~~~~~~~~~~~~~~~~~~
[21.573s] /home/neha/ros2_ws/src/semnav_migration/src/navigation_semantic.cpp: In constructor ‘SemanticNavigationNode::SemanticNavigationNode()’:
[21.573s] /home/neha/ros2_ws/src/semnav_migration/src/navigation_semantic.cpp:46:95: error: no matching function for call to ‘rclcpp::Node::Node()’
[21.573s]    46 |             SemanticNavigationNode::SemanticNavigationNode() : Node("semantic_navigation_node") {
[21.573s]       |                                                                                               ^
[21.573s] In file included from /opt/ros/jazzy/include/rclcpp/rclcpp/executors/single_threaded_executor.hpp:28,
[21.573s]                  from /opt/ros/jazzy/include/rclcpp/rclcpp/executors.hpp:22,
[21.574s]                  from /opt/ros/jazzy/include/rclcpp/rclcpp/rclcpp.hpp:172,
[21.575s]                  from /home/neha/ros2_ws/src/semnav_migration/include/reactive_planner_lib.h:32,
[21.575s]                  from /home/neha/ros2_ws/src/semnav_migration/src/navigation_semantic.cpp:25:
[21.575s] /opt/ros/jazzy/include/rclcpp/rclcpp/node.hpp:1629:3: note: candidate: ‘rclcpp::Node::Node(const rclcpp::Node&, const std::string&)’
[21.575s]  1629 |   Node(
[21.577s]       |   ^~~~
[21.578s] /opt/ros/jazzy/include/rclcpp/rclcpp/node.hpp:1629:3: note:   candidate expects 2 arguments, 0 provided
[21.578s] /opt/ros/jazzy/include/rclcpp/rclcpp/node.hpp:103:12: note: candidate: ‘rclcpp::Node::Node(const std::string&, const std::string&, const rclcpp::NodeOptions&)’
[21.578s]   103 |   explicit Node(
[21.578s]       |            ^~~~
[21.578s] /opt/ros/jazzy/include/rclcpp/rclcpp/node.hpp:103:12: note:   candidate expects 3 arguments, 0 provided
[21.578s] /opt/ros/jazzy/include/rclcpp/rclcpp/node.hpp:91:12: note: candidate: ‘rclcpp::Node::Node(const std::string&, const rclcpp::NodeOptions&)’
[21.578s]    91 |   explicit Node(
[21.579s]       |            ^~~~
[21.579s] /opt/ros/jazzy/include/rclcpp/rclcpp/node.hpp:91:12: note:   candidate expects 2 arguments, 0 provided
[21.579s] /home/neha/ros2_ws/src/semnav_migration/src/navigation_semantic.cpp:46:95: error: no matching function for call to ‘tf2_ros::TransformListener::TransformListener()’
[21.579s]    46 |             SemanticNavigationNode::SemanticNavigationNode() : Node("semantic_navigation_node") {
[21.581s]       |                                                                                               ^
[21.582s] In file included from /home/neha/ros2_ws/src/semnav_migration/include/reactive_planner_lib.h:40:
[21.582s] /opt/ros/jazzy/include/tf2_ros/tf2_ros/transform_listener.h:121:3: note: candidate: ‘template<class AllocatorT> tf2_ros::TransformListener::TransformListener(tf2::BufferCore&, rclcpp::node_interfaces::NodeBaseInterface::SharedPtr, rclcpp::node_interfaces::NodeLoggingInterface::SharedPtr, rclcpp::node_interfaces::NodeParametersInterface::SharedPtr, rclcpp::node_interfaces::NodeTopicsInterface::SharedPtr, bool, const rclcpp::QoS&, const rclcpp::QoS&, const rclcpp::SubscriptionOptionsWithAllocator<AllocatorT>&, const rclcpp::SubscriptionOptionsWithAllocator<AllocatorT>&)’
[21.582s]   121 |   TransformListener(
[21.582s]       |   ^~~~~~~~~~~~~~~~~
[21.582s] /opt/ros/jazzy/include/tf2_ros/tf2_ros/transform_listener.h:121:3: note:   template argument deduction/substitution failed:
[21.582s] /home/neha/ros2_ws/src/semnav_migration/src/navigation_semantic.cpp:46:95: note:   candidate expects 10 arguments, 0 provided
[21.582s]    46 |             SemanticNavigationNode::SemanticNavigationNode() : Node("semantic_navigation_node") {
[21.583s]       |                                                                                               ^
[21.583s] /opt/ros/jazzy/include/tf2_ros/tf2_ros/transform_listener.h:96:3: note: candidate: ‘template<class NodeT, class AllocatorT> tf2_ros::TransformListener::TransformListener(tf2::BufferCore&, NodeT&&, bool, const rclcpp::QoS&, const rclcpp::QoS&, const rclcpp::SubscriptionOptionsWithAllocator<AllocatorT>&, const rclcpp::SubscriptionOptionsWithAllocator<AllocatorT>&)’
[21.583s]    96 |   TransformListener(
[21.583s]       |   ^~~~~~~~~~~~~~~~~
[21.585s] /opt/ros/jazzy/include/tf2_ros/tf2_ros/transform_listener.h:96:3: note:   template argument deduction/substitution failed:
[21.585s] /home/neha/ros2_ws/src/semnav_migration/src/navigation_semantic.cpp:46:95: note:   candidate expects 7 arguments, 0 provided
[21.586s]    46 |             SemanticNavigationNode::SemanticNavigationNode() : Node("semantic_navigation_node") {
[21.586s]       |                                                                                               ^
[21.586s] /opt/ros/jazzy/include/tf2_ros/tf2_ros/transform_listener.h:92:12: note: candidate: ‘tf2_ros::TransformListener::TransformListener(tf2::BufferCore&, bool)’
[21.586s]    92 |   explicit TransformListener(tf2::BufferCore & buffer, bool spin_thread = true);
[21.586s]       |            ^~~~~~~~~~~~~~~~~
[21.586s] /opt/ros/jazzy/include/tf2_ros/tf2_ros/transform_listener.h:92:12: note:   candidate expects 2 arguments, 0 provided
[21.626s] /home/neha/ros2_ws/src/semnav_migration/src/navigation.cpp:46:13: error: extra qualification ‘NavigationNode::’ on member ‘NavigationNode’ [-fpermissive]
[21.627s]    46 |             NavigationNode::NavigationNode() : rclcpp::Node(std::string("navigation_node")) {
[21.627s]       |             ^~~~~~~~~~~~~~
[21.672s] /home/neha/ros2_ws/src/semnav_migration/src/navigation_semantic.cpp:143:116: error: no matching function for call to ‘message_filters::Subscriber<sensor_msgs::msg::LaserScan_<std::allocator<void> > >::Subscriber(rclcpp::Node&, std::string&, int)’
[21.673s]   143 |                         message_filters::Subscriber<sensor_msgs::msg::LaserScan> sub_laser(nh_, sub_laser_topic_, 1);
[21.673s]       |                                                                                                                    ^
[21.674s] In file included from /home/neha/ros2_ws/src/semnav_migration/include/reactive_planner_lib.h:44:
[21.674s] /opt/ros/jazzy/include/message_filters/message_filters/subscriber.h:224:3: note: candidate: ‘message_filters::Subscriber<M, NodeType>::Subscriber() [with M = sensor_msgs::msg::LaserScan_<std::allocator<void> >; NodeType = rclcpp::Node]’
[21.674s]   224 |   Subscriber() = default;
[21.674s]       |   ^~~~~~~~~~
[21.674s] /opt/ros/jazzy/include/message_filters/message_filters/subscriber.h:224:3: note:   candidate expects 0 arguments, 3 provided
[21.674s] /opt/ros/jazzy/include/message_filters/message_filters/subscriber.h:212:3: note: candidate: ‘message_filters::Subscriber<M, NodeType>::Subscriber(NodeType*, const std::string&, rmw_qos_profile_t, rclcpp::SubscriptionOptions) [with M = sensor_msgs::msg::LaserScan_<std::allocator<void> >; NodeType = rclcpp::Node; std::string = std::__cxx11::basic_string<char>; rmw_qos_profile_t = rmw_qos_profile_s; rclcpp::SubscriptionOptions = rclcpp::SubscriptionOptionsWithAllocator<std::allocator<void> >]’
[21.674s]   212 |   Subscriber(
[21.675s]       |   ^~~~~~~~~~
[21.675s] /opt/ros/jazzy/include/message_filters/message_filters/subscriber.h:212:3: note:   candidate expects 4 arguments, 3 provided
[21.675s] /opt/ros/jazzy/include/message_filters/message_filters/subscriber.h:203:3: note: candidate: ‘message_filters::Subscriber<M, NodeType>::Subscriber(NodePtr, const std::string&, rmw_qos_profile_t, rclcpp::SubscriptionOptions) [with M = sensor_msgs::msg::LaserScan_<std::allocator<void> >; NodeType = rclcpp::Node; NodePtr = std::shared_ptr<rclcpp::Node>; std::string = std::__cxx11::basic_string<char>; rmw_qos_profile_t = rmw_qos_profile_s; rclcpp::SubscriptionOptions = rclcpp::SubscriptionOptionsWithAllocator<std::allocator<void> >]’
[21.678s]   203 |   Subscriber(
[21.679s]       |   ^~~~~~~~~~
[21.679s] /opt/ros/jazzy/include/message_filters/message_filters/subscriber.h:203:3: note:   candidate expects 4 arguments, 3 provided
[21.679s] /opt/ros/jazzy/include/message_filters/message_filters/subscriber.h:188:3: note: candidate: ‘message_filters::Subscriber<M, NodeType>::Subscriber(NodeType*, const std::string&, rmw_qos_profile_t) [with M = sensor_msgs::msg::LaserScan_<std::allocator<void> >; NodeType = rclcpp::Node; std::string = std::__cxx11::basic_string<char>; rmw_qos_profile_t = rmw_qos_profile_s]’
[21.679s]   188 |   Subscriber(NodeType * node, const std::string& topic, const rmw_qos_profile_t qos = rmw_qos_profile_default)
[21.679s]       |   ^~~~~~~~~~
[21.680s] /opt/ros/jazzy/include/message_filters/message_filters/subscriber.h:188:25: note:   no known conversion for argument 1 from ‘rclcpp::Node’ to ‘rclcpp::Node*’
[21.680s]   188 |   Subscriber(NodeType * node, const std::string& topic, const rmw_qos_profile_t qos = rmw_qos_profile_default)
[21.680s]       |              ~~~~~~~~~~~^~~~
[21.680s] /opt/ros/jazzy/include/message_filters/message_filters/subscriber.h:183:3: note: candidate: ‘message_filters::Subscriber<M, NodeType>::Subscriber(NodePtr, const std::string&, rmw_qos_profile_t) [with M = sensor_msgs::msg::LaserScan_<std::allocator<void> >; NodeType = rclcpp::Node; NodePtr = std::shared_ptr<rclcpp::Node>; std::string = std::__cxx11::basic_string<char>; rmw_qos_profile_t = rmw_qos_profile_s]’
[21.680s]   183 |   Subscriber(NodePtr node, const std::string& topic, const rmw_qos_profile_t qos = rmw_qos_profile_default)
[21.680s]       |   ^~~~~~~~~~
[21.680s] /opt/ros/jazzy/include/message_filters/message_filters/subscriber.h:183:22: note:   no known conversion for argument 1 from ‘rclcpp::Node’ to ‘message_filters::Subscriber<sensor_msgs::msg::LaserScan_<std::allocator<void> > >::NodePtr’ {aka ‘std::shared_ptr<rclcpp::Node>’}
[21.681s]   183 |   Subscriber(NodePtr node, const std::string& topic, const rmw_qos_profile_t qos = rmw_qos_profile_default)
[21.681s]       |              ~~~~~~~~^~~~
[21.681s] /home/neha/ros2_ws/src/semnav_migration/src/navigation.cpp: In constructor ‘NavigationNode::NavigationNode()’:
[21.681s] /home/neha/ros2_ws/src/semnav_migration/src/navigation.cpp:46:91: error: no matching function for call to ‘rclcpp::Node::Node()’
[21.681s]    46 |             NavigationNode::NavigationNode() : rclcpp::Node(std::string("navigation_node")) {
[21.681s]       |                                                                                           ^
[21.681s] In file included from /opt/ros/jazzy/include/rclcpp/rclcpp/executors/single_threaded_executor.hpp:28,
[21.682s]                  from /opt/ros/jazzy/include/rclcpp/rclcpp/executors.hpp:22,
[21.682s]                  from /opt/ros/jazzy/include/rclcpp/rclcpp/rclcpp.hpp:172,
[21.682s]                  from /home/neha/ros2_ws/src/semnav_migration/include/reactive_planner_lib.h:32,
[21.682s]                  from /home/neha/ros2_ws/src/semnav_migration/src/navigation.cpp:25:
[21.684s] /opt/ros/jazzy/include/rclcpp/rclcpp/node.hpp:1629:3: note: candidate: ‘rclcpp::Node::Node(const rclcpp::Node&, const std::string&)’
[21.684s]  1629 |   Node(
[21.685s]       |   ^~~~
[21.685s] /opt/ros/jazzy/include/rclcpp/rclcpp/node.hpp:1629:3: note:   candidate expects 2 arguments, 0 provided
[21.685s] /opt/ros/jazzy/include/rclcpp/rclcpp/node.hpp:103:12: note: candidate: ‘rclcpp::Node::Node(const std::string&, const std::string&, const rclcpp::NodeOptions&)’
[21.685s]   103 |   explicit Node(
[21.685s]       |            ^~~~
[21.685s] /opt/ros/jazzy/include/rclcpp/rclcpp/node.hpp:103:12: note:   candidate expects 3 arguments, 0 provided
[21.686s] /opt/ros/jazzy/include/rclcpp/rclcpp/node.hpp:91:12: note: candidate: ‘rclcpp::Node::Node(const std::string&, const rclcpp::NodeOptions&)’
[21.686s]    91 |   explicit Node(
[21.686s]       |            ^~~~
[21.686s] /opt/ros/jazzy/include/rclcpp/rclcpp/node.hpp:91:12: note:   candidate expects 2 arguments, 0 provided
[21.717s] /home/neha/ros2_ws/src/semnav_migration/src/navigation.cpp:140:103: error: no match for ‘operator=’ (operand types are ‘rclcpp::Publisher<geometry_msgs::msg::Twist_<std::allocator<void> > >::SharedPtr’ {aka ‘std::shared_ptr<rclcpp::Publisher<geometry_msgs::msg::Twist_<std::allocator<void> > > >’} and ‘std::shared_ptr<rclcpp::Publisher<example_interfaces::msg::UInt32_<std::allocator<void> > > >’)
[21.717s]   140 |             pub_twist_ = this->create_publisher<example_interfaces::msg::UInt32>("pub_twist_topic_", 1);
[21.718s]       |                                                                                                       ^
[21.719s] In file included from /usr/include/c++/13/memory:80,
[21.720s]                  from /usr/include/boost/math/cstdfloat/cstdfloat_cmath.hpp:25,
[21.720s]                  from /usr/include/boost/cstdfloat.hpp:27,
[21.721s]                  from /usr/include/boost/multiprecision/detail/float128_functions.hpp:15,
[21.721s]                  from /usr/include/boost/multiprecision/detail/fpclassify.hpp:13,
[21.721s]                  from /usr/include/boost/multiprecision/detail/default_ops.hpp:15,
[21.721s]                  from /usr/include/boost/multiprecision/detail/generic_interconvert.hpp:12,
[21.721s]                  from /usr/include/boost/multiprecision/number.hpp:12,
[21.721s]                  from /usr/include/boost/multiprecision/cpp_int.hpp:19,
[21.721s]                  from /usr/include/boost/multiprecision/cpp_bin_float.hpp:15,
[21.722s]                  from /usr/include/boost/geometry/core/coordinate_promotion.hpp:16,
[21.722s]                  from /usr/include/boost/geometry/core/radian_access.hpp:30,
[21.722s]                  from /usr/include/boost/geometry/geometry.hpp:50,
[21.722s]                  from /usr/include/boost/geometry.hpp:17,
[21.724s]                  from /home/neha/ros2_ws/src/semnav_migration/include/reactive_planner_lib.h:26:
[21.724s] /usr/include/c++/13/bits/shared_ptr.h:418:9: note: candidate: ‘template<class _Yp> std::shared_ptr<_Tp>::_Assignable<const std::shared_ptr<_Yp>&> std::shared_ptr<_Tp>::operator=(const std::shared_ptr<_Yp>&) [with _Tp = rclcpp::Publisher<geometry_msgs::msg::Twist_<std::allocator<void> > >]’
[21.725s]   418 |         operator=(const shared_ptr<_Yp>& __r) noexcept
[21.725s]       |         ^~~~~~~~
[21.725s] /usr/include/c++/13/bits/shared_ptr.h:418:9: note:   template argument deduction/substitution failed:
[21.725s] /usr/include/c++/13/bits/shared_ptr.h: In substitution of ‘template<class _Tp> template<class _Arg> using std::shared_ptr<_Tp>::_Assignable = typename std::enable_if<std::is_assignable<std::__shared_ptr<_Tp>&, _Arg>::value, std::shared_ptr<_Tp>&>::type [with _Arg = const std::shared_ptr<rclcpp::Publisher<example_interfaces::msg::UInt32_<std::allocator<void> > > >&; _Tp = rclcpp::Publisher<geometry_msgs::msg::Twist_<std::allocator<void> > >]’:
[21.725s] /usr/include/c++/13/bits/shared_ptr.h:418:2:   required by substitution of ‘template<class _Yp> std::shared_ptr<rclcpp::Publisher<geometry_msgs::msg::Twist_<std::allocator<void> > > >::_Assignable<const std::shared_ptr<_Tp>&> std::shared_ptr<rclcpp::Publisher<geometry_msgs::msg::Twist_<std::allocator<void> > > >::operator=(const std::shared_ptr<_Tp>&) [with _Yp = rclcpp::Publisher<example_interfaces::msg::UInt32_<std::allocator<void> > >]’
[21.725s] /home/neha/ros2_ws/src/semnav_migration/src/navigation.cpp:140:103:   required from here
[21.725s] /usr/include/c++/13/bits/shared_ptr.h:183:15: error: no type named ‘type’ in ‘struct std::enable_if<false, std::shared_ptr<rclcpp::Publisher<geometry_msgs::msg::Twist_<std::allocator<void> > > >&>’
[21.726s]   183 |         using _Assignable = typename enable_if<
[21.726s]       |               ^~~~~~~~~~~
[21.726s] /usr/include/c++/13/bits/shared_ptr.h:429:9: note: candidate: ‘template<class _Yp> std::shared_ptr<_Tp>::_Assignable<std::auto_ptr<_Up> > std::shared_ptr<_Tp>::operator=(std::auto_ptr<_Up>&&) [with _Tp = rclcpp::Publisher<geometry_msgs::msg::Twist_<std::allocator<void> > >]’
[21.726s]   429 |         operator=(auto_ptr<_Yp>&& __r)
[21.728s]       |         ^~~~~~~~
[21.728s] /usr/include/c++/13/bits/shared_ptr.h:429:9: note:   template argument deduction/substitution failed:
[21.729s] /home/neha/ros2_ws/src/semnav_migration/src/navigation.cpp:140:103: note:   ‘std::shared_ptr<rclcpp::Publisher<example_interfaces::msg::UInt32_<std::allocator<void> > > >’ is not derived from ‘std::auto_ptr<T>’
[21.729s]   140 |             pub_twist_ = this->create_publisher<example_interfaces::msg::UInt32>("pub_twist_topic_", 1);
[21.729s]       |                                                                                                       ^
[21.729s] /usr/include/c++/13/bits/shared_ptr.h:446:9: note: candidate: ‘template<class _Yp> std::shared_ptr<_Tp>::_Assignable<std::shared_ptr<_Yp> > std::shared_ptr<_Tp>::operator=(std::shared_ptr<_Yp>&&) [with _Tp = rclcpp::Publisher<geometry_msgs::msg::Twist_<std::allocator<void> > >]’
[21.729s]   446 |         operator=(shared_ptr<_Yp>&& __r) noexcept
[21.729s]       |         ^~~~~~~~
[21.730s] /usr/include/c++/13/bits/shared_ptr.h:446:9: note:   template argument deduction/substitution failed:
[21.730s] /usr/include/c++/13/bits/shared_ptr.h: In substitution of ‘template<class _Tp> template<class _Arg> using std::shared_ptr<_Tp>::_Assignable = typename std::enable_if<std::is_assignable<std::__shared_ptr<_Tp>&, _Arg>::value, std::shared_ptr<_Tp>&>::type [with _Arg = std::shared_ptr<rclcpp::Publisher<example_interfaces::msg::UInt32_<std::allocator<void> > > >; _Tp = rclcpp::Publisher<geometry_msgs::msg::Twist_<std::allocator<void> > >]’:
[21.730s] /usr/include/c++/13/bits/shared_ptr.h:446:2:   required by substitution of ‘template<class _Yp> std::shared_ptr<rclcpp::Publisher<geometry_msgs::msg::Twist_<std::allocator<void> > > >::_Assignable<std::shared_ptr<_Tp> > std::shared_ptr<rclcpp::Publisher<geometry_msgs::msg::Twist_<std::allocator<void> > > >::operator=(std::shared_ptr<_Tp>&&) [with _Yp = rclcpp::Publisher<example_interfaces::msg::UInt32_<std::allocator<void> > >]’
[21.730s] /home/neha/ros2_ws/src/semnav_migration/src/navigation.cpp:140:103:   required from here
[21.732s] /usr/include/c++/13/bits/shared_ptr.h:183:15: error: no type named ‘type’ in ‘struct std::enable_if<false, std::shared_ptr<rclcpp::Publisher<geometry_msgs::msg::Twist_<std::allocator<void> > > >&>’
[21.732s]   183 |         using _Assignable = typename enable_if<
[21.733s]       |               ^~~~~~~~~~~
[21.733s] /usr/include/c++/13/bits/shared_ptr.h:454:9: note: candidate: ‘template<class _Yp, class _Del> std::shared_ptr<_Tp>::_Assignable<std::unique_ptr<_Up, _Ep> > std::shared_ptr<_Tp>::operator=(std::unique_ptr<_Up, _Ep>&&) [with _Del = _Yp; _Tp = rclcpp::Publisher<geometry_msgs::msg::Twist_<std::allocator<void> > >]’
[21.733s]   454 |         operator=(unique_ptr<_Yp, _Del>&& __r)
[21.733s]       |         ^~~~~~~~
[21.733s] /usr/include/c++/13/bits/shared_ptr.h:454:9: note:   template argument deduction/substitution failed:
[21.733s] /home/neha/ros2_ws/src/semnav_migration/src/navigation.cpp:140:103: note:   ‘std::shared_ptr<rclcpp::Publisher<example_interfaces::msg::UInt32_<std::allocator<void> > > >’ is not derived from ‘std::unique_ptr<_Tp, _Dp>’
[21.733s]   140 |             pub_twist_ = this->create_publisher<example_interfaces::msg::UInt32>("pub_twist_topic_", 1);
[21.734s]       |                                                                                                       ^
[21.734s] /usr/include/c++/13/bits/shared_ptr.h:414:19: note: candidate: ‘std::shared_ptr<_Tp>& std::shared_ptr<_Tp>::operator=(const std::shared_ptr<_Tp>&) [with _Tp = rclcpp::Publisher<geometry_msgs::msg::Twist_<std::allocator<void> > >]’
[21.734s]   414 |       shared_ptr& operator=(const shared_ptr&) noexcept = default;
[21.734s]       |                   ^~~~~~~~
[21.736s] /usr/include/c++/13/bits/shared_ptr.h:414:29: note:   no known conversion for argument 1 from ‘std::shared_ptr<rclcpp::Publisher<example_interfaces::msg::UInt32_<std::allocator<void> > > >’ to ‘const std::shared_ptr<rclcpp::Publisher<geometry_msgs::msg::Twist_<std::allocator<void> > > >&’
[21.736s]   414 |       shared_ptr& operator=(const shared_ptr&) noexcept = default;
[21.737s]       |                             ^~~~~~~~~~~~~~~~~
[21.737s] /usr/include/c++/13/bits/shared_ptr.h:438:7: note: candidate: ‘std::shared_ptr<_Tp>& std::shared_ptr<_Tp>::operator=(std::shared_ptr<_Tp>&&) [with _Tp = rclcpp::Publisher<geometry_msgs::msg::Twist_<std::allocator<void> > >]’
[21.737s]   438 |       operator=(shared_ptr&& __r) noexcept
[21.737s]       |       ^~~~~~~~
[21.737s] /usr/include/c++/13/bits/shared_ptr.h:438:30: note:   no known conversion for argument 1 from ‘std::shared_ptr<rclcpp::Publisher<example_interfaces::msg::UInt32_<std::allocator<void> > > >’ to ‘std::shared_ptr<rclcpp::Publisher<geometry_msgs::msg::Twist_<std::allocator<void> > > >&&’
[21.737s]   438 |       operator=(shared_ptr&& __r) noexcept
[21.737s]       |                 ~~~~~~~~~~~~~^~~
[21.759s] /home/neha/ros2_ws/src/semnav_migration/src/navigation_semantic.cpp:144:100: error: no matching function for call to ‘message_filters::Subscriber<nav_msgs::msg::Odometry_<std::allocator<void> > >::Subscriber(rclcpp::Node&, std::string&, int)’
[21.760s]   144 |             message_filters::Subscriber<nav_msgs::msg::Odometry> sub_robot(nh_, sub_robot_topic_, 1);
[21.760s]       |                                                                                                    ^
[21.760s] /opt/ros/jazzy/include/message_filters/message_filters/subscriber.h:224:3: note: candidate: ‘message_filters::Subscriber<M, NodeType>::Subscriber() [with M = nav_msgs::msg::Odometry_<std::allocator<void> >; NodeType = rclcpp::Node]’
[21.760s]   224 |   Subscriber() = default;
[21.760s]       |   ^~~~~~~~~~
[21.760s] /opt/ros/jazzy/include/message_filters/message_filters/subscriber.h:224:3: note:   candidate expects 0 arguments, 3 provided
[21.760s] /opt/ros/jazzy/include/message_filters/message_filters/subscriber.h:212:3: note: candidate: ‘message_filters::Subscriber<M, NodeType>::Subscriber(NodeType*, const std::string&, rmw_qos_profile_t, rclcpp::SubscriptionOptions) [with M = nav_msgs::msg::Odometry_<std::allocator<void> >; NodeType = rclcpp::Node; std::string = std::__cxx11::basic_string<char>; rmw_qos_profile_t = rmw_qos_profile_s; rclcpp::SubscriptionOptions = rclcpp::SubscriptionOptionsWithAllocator<std::allocator<void> >]’
[21.761s]   212 |   Subscriber(
[21.761s]       |   ^~~~~~~~~~
[21.761s] /opt/ros/jazzy/include/message_filters/message_filters/subscriber.h:212:3: note:   candidate expects 4 arguments, 3 provided
[21.761s] /opt/ros/jazzy/include/message_filters/message_filters/subscriber.h:203:3: note: candidate: ‘message_filters::Subscriber<M, NodeType>::Subscriber(NodePtr, const std::string&, rmw_qos_profile_t, rclcpp::SubscriptionOptions) [with M = nav_msgs::msg::Odometry_<std::allocator<void> >; NodeType = rclcpp::Node; NodePtr = std::shared_ptr<rclcpp::Node>; std::string = std::__cxx11::basic_string<char>; rmw_qos_profile_t = rmw_qos_profile_s; rclcpp::SubscriptionOptions = rclcpp::SubscriptionOptionsWithAllocator<std::allocator<void> >]’
[21.763s]   203 |   Subscriber(
[21.764s]       |   ^~~~~~~~~~
[21.764s] /opt/ros/jazzy/include/message_filters/message_filters/subscriber.h:203:3: note:   candidate expects 4 arguments, 3 provided
[21.764s] /opt/ros/jazzy/include/message_filters/message_filters/subscriber.h:188:3: note: candidate: ‘message_filters::Subscriber<M, NodeType>::Subscriber(NodeType*, const std::string&, rmw_qos_profile_t) [with M = nav_msgs::msg::Odometry_<std::allocator<void> >; NodeType = rclcpp::Node; std::string = std::__cxx11::basic_string<char>; rmw_qos_profile_t = rmw_qos_profile_s]’
[21.764s]   188 |   Subscriber(NodeType * node, const std::string& topic, const rmw_qos_profile_t qos = rmw_qos_profile_default)
[21.764s]       |   ^~~~~~~~~~
[21.764s] /opt/ros/jazzy/include/message_filters/message_filters/subscriber.h:188:25: note:   no known conversion for argument 1 from ‘rclcpp::Node’ to ‘rclcpp::Node*’
[21.764s]   188 |   Subscriber(NodeType * node, const std::string& topic, const rmw_qos_profile_t qos = rmw_qos_profile_default)
[21.765s]       |              ~~~~~~~~~~~^~~~
[21.765s] /opt/ros/jazzy/include/message_filters/message_filters/subscriber.h:183:3: note: candidate: ‘message_filters::Subscriber<M, NodeType>::Subscriber(NodePtr, const std::string&, rmw_qos_profile_t) [with M = nav_msgs::msg::Odometry_<std::allocator<void> >; NodeType = rclcpp::Node; NodePtr = std::shared_ptr<rclcpp::Node>; std::string = std::__cxx11::basic_string<char>; rmw_qos_profile_t = rmw_qos_profile_s]’
[21.765s]   183 |   Subscriber(NodePtr node, const std::string& topic, const rmw_qos_profile_t qos = rmw_qos_profile_default)
[21.765s]       |   ^~~~~~~~~~
[21.765s] /opt/ros/jazzy/include/message_filters/message_filters/subscriber.h:183:22: note:   no known conversion for argument 1 from ‘rclcpp::Node’ to ‘message_filters::Subscriber<nav_msgs::msg::Odometry_<std::allocator<void> > >::NodePtr’ {aka ‘std::shared_ptr<rclcpp::Node>’}
[21.767s]   183 |   Subscriber(NodePtr node, const std::string& topic, const rmw_qos_profile_t qos = rmw_qos_profile_default)
[21.768s]       |              ~~~~~~~~^~~~
[21.785s] /home/neha/ros2_ws/src/semnav_migration/src/navigation.cpp:143:116: error: no matching function for call to ‘message_filters::Subscriber<sensor_msgs::msg::LaserScan_<std::allocator<void> > >::Subscriber(rclcpp::Node&, std::string&, int)’
[21.785s]   143 |                         message_filters::Subscriber<sensor_msgs::msg::LaserScan> sub_laser(nh_, sub_laser_topic_, 1);
[21.785s]       |                                                                                                                    ^
[21.785s] In file included from /home/neha/ros2_ws/src/semnav_migration/include/reactive_planner_lib.h:44:
[21.785s] /opt/ros/jazzy/include/message_filters/message_filters/subscriber.h:224:3: note: candidate: ‘message_filters::Subscriber<M, NodeType>::Subscriber() [with M = sensor_msgs::msg::LaserScan_<std::allocator<void> >; NodeType = rclcpp::Node]’
[21.785s]   224 |   Subscriber() = default;
[21.786s]       |   ^~~~~~~~~~
[21.786s] /opt/ros/jazzy/include/message_filters/message_filters/subscriber.h:224:3: note:   candidate expects 0 arguments, 3 provided
[21.786s] /opt/ros/jazzy/include/message_filters/message_filters/subscriber.h:212:3: note: candidate: ‘message_filters::Subscriber<M, NodeType>::Subscriber(NodeType*, const std::string&, rmw_qos_profile_t, rclcpp::SubscriptionOptions) [with M = sensor_msgs::msg::LaserScan_<std::allocator<void> >; NodeType = rclcpp::Node; std::string = std::__cxx11::basic_string<char>; rmw_qos_profile_t = rmw_qos_profile_s; rclcpp::SubscriptionOptions = rclcpp::SubscriptionOptionsWithAllocator<std::allocator<void> >]’
[21.786s]   212 |   Subscriber(
[21.788s]       |   ^~~~~~~~~~
[21.788s] /opt/ros/jazzy/include/message_filters/message_filters/subscriber.h:212:3: note:   candidate expects 4 arguments, 3 provided
[21.789s] /opt/ros/jazzy/include/message_filters/message_filters/subscriber.h:203:3: note: candidate: ‘message_filters::Subscriber<M, NodeType>::Subscriber(NodePtr, const std::string&, rmw_qos_profile_t, rclcpp::SubscriptionOptions) [with M = sensor_msgs::msg::LaserScan_<std::allocator<void> >; NodeType = rclcpp::Node; NodePtr = std::shared_ptr<rclcpp::Node>; std::string = std::__cxx11::basic_string<char>; rmw_qos_profile_t = rmw_qos_profile_s; rclcpp::SubscriptionOptions = rclcpp::SubscriptionOptionsWithAllocator<std::allocator<void> >]’
[21.789s]   203 |   Subscriber(
[21.789s]       |   ^~~~~~~~~~
[21.789s] /opt/ros/jazzy/include/message_filters/message_filters/subscriber.h:203:3: note:   candidate expects 4 arguments, 3 provided
[21.789s] /opt/ros/jazzy/include/message_filters/message_filters/subscriber.h:188:3: note: candidate: ‘message_filters::Subscriber<M, NodeType>::Subscriber(NodeType*, const std::string&, rmw_qos_profile_t) [with M = sensor_msgs::msg::LaserScan_<std::allocator<void> >; NodeType = rclcpp::Node; std::string = std::__cxx11::basic_string<char>; rmw_qos_profile_t = rmw_qos_profile_s]’
[21.789s]   188 |   Subscriber(NodeType * node, const std::string& topic, const rmw_qos_profile_t qos = rmw_qos_profile_default)
[21.789s]       |   ^~~~~~~~~~
[21.790s] /opt/ros/jazzy/include/message_filters/message_filters/subscriber.h:188:25: note:   no known conversion for argument 1 from ‘rclcpp::Node’ to ‘rclcpp::Node*’
[21.790s]   188 |   Subscriber(NodeType * node, const std::string& topic, const rmw_qos_profile_t qos = rmw_qos_profile_default)
[21.790s]       |              ~~~~~~~~~~~^~~~
[21.790s] /opt/ros/jazzy/include/message_filters/message_filters/subscriber.h:183:3: note: candidate: ‘message_filters::Subscriber<M, NodeType>::Subscriber(NodePtr, const std::string&, rmw_qos_profile_t) [with M = sensor_msgs::msg::LaserScan_<std::allocator<void> >; NodeType = rclcpp::Node; NodePtr = std::shared_ptr<rclcpp::Node>; std::string = std::__cxx11::basic_string<char>; rmw_qos_profile_t = rmw_qos_profile_s]’
[21.792s]   183 |   Subscriber(NodePtr node, const std::string& topic, const rmw_qos_profile_t qos = rmw_qos_profile_default)
[21.792s]       |   ^~~~~~~~~~
[21.793s] /opt/ros/jazzy/include/message_filters/message_filters/subscriber.h:183:22: note:   no known conversion for argument 1 from ‘rclcpp::Node’ to ‘message_filters::Subscriber<sensor_msgs::msg::LaserScan_<std::allocator<void> > >::NodePtr’ {aka ‘std::shared_ptr<rclcpp::Node>’}
[21.793s]   183 |   Subscriber(NodePtr node, const std::string& topic, const rmw_qos_profile_t qos = rmw_qos_profile_default)
[21.793s]       |              ~~~~~~~~^~~~
[21.847s] /home/neha/ros2_ws/src/semnav_migration/src/navigation.cpp:144:112: error: no matching function for call to ‘message_filters::Subscriber<nav_msgs::msg::Odometry_<std::allocator<void> > >::Subscriber(rclcpp::Node&, std::string&, int)’
[21.848s]   144 |                         message_filters::Subscriber<nav_msgs::msg::Odometry> sub_robot(nh_, sub_robot_topic_, 1);
[21.849s]       |                                                                                                                ^
[21.849s] /opt/ros/jazzy/include/message_filters/message_filters/subscriber.h:224:3: note: candidate: ‘message_filters::Subscriber<M, NodeType>::Subscriber() [with M = nav_msgs::msg::Odometry_<std::allocator<void> >; NodeType = rclcpp::Node]’
[21.849s]   224 |   Subscriber() = default;
[21.849s]       |   ^~~~~~~~~~
[21.849s] /opt/ros/jazzy/include/message_filters/message_filters/subscriber.h:224:3: note:   candidate expects 0 arguments, 3 provided
[21.849s] /opt/ros/jazzy/include/message_filters/message_filters/subscriber.h:212:3: note: candidate: ‘message_filters::Subscriber<M, NodeType>::Subscriber(NodeType*, const std::string&, rmw_qos_profile_t, rclcpp::SubscriptionOptions) [with M = nav_msgs::msg::Odometry_<std::allocator<void> >; NodeType = rclcpp::Node; std::string = std::__cxx11::basic_string<char>; rmw_qos_profile_t = rmw_qos_profile_s; rclcpp::SubscriptionOptions = rclcpp::SubscriptionOptionsWithAllocator<std::allocator<void> >]’
[21.849s]   212 |   Subscriber(
[21.850s]       |   ^~~~~~~~~~
[21.850s] /opt/ros/jazzy/include/message_filters/message_filters/subscriber.h:212:3: note:   candidate expects 4 arguments, 3 provided
[21.850s] /opt/ros/jazzy/include/message_filters/message_filters/subscriber.h:203:3: note: candidate: ‘message_filters::Subscriber<M, NodeType>::Subscriber(NodePtr, const std::string&, rmw_qos_profile_t, rclcpp::SubscriptionOptions) [with M = nav_msgs::msg::Odometry_<std::allocator<void> >; NodeType = rclcpp::Node; NodePtr = std::shared_ptr<rclcpp::Node>; std::string = std::__cxx11::basic_string<char>; rmw_qos_profile_t = rmw_qos_profile_s; rclcpp::SubscriptionOptions = rclcpp::SubscriptionOptionsWithAllocator<std::allocator<void> >]’
[21.850s]   203 |   Subscriber(
[21.852s]       |   ^~~~~~~~~~
[21.852s] /opt/ros/jazzy/include/message_filters/message_filters/subscriber.h:203:3: note:   candidate expects 4 arguments, 3 provided
[21.853s] /opt/ros/jazzy/include/message_filters/message_filters/subscriber.h:188:3: note: candidate: ‘message_filters::Subscriber<M, NodeType>::Subscriber(NodeType*, const std::string&, rmw_qos_profile_t) [with M = nav_msgs::msg::Odometry_<std::allocator<void> >; NodeType = rclcpp::Node; std::string = std::__cxx11::basic_string<char>; rmw_qos_profile_t = rmw_qos_profile_s]’
[21.853s]   188 |   Subscriber(NodeType * node, const std::string& topic, const rmw_qos_profile_t qos = rmw_qos_profile_default)
[21.853s]       |   ^~~~~~~~~~
[21.853s] /opt/ros/jazzy/include/message_filters/message_filters/subscriber.h:188:25: note:   no known conversion for argument 1 from ‘rclcpp::Node’ to ‘rclcpp::Node*’
[21.853s]   188 |   Subscriber(NodeType * node, const std::string& topic, const rmw_qos_profile_t qos = rmw_qos_profile_default)
[21.853s]       |              ~~~~~~~~~~~^~~~
[21.853s] /opt/ros/jazzy/include/message_filters/message_filters/subscriber.h:183:3: note: candidate: ‘message_filters::Subscriber<M, NodeType>::Subscriber(NodePtr, const std::string&, rmw_qos_profile_t) [with M = nav_msgs::msg::Odometry_<std::allocator<void> >; NodeType = rclcpp::Node; NodePtr = std::shared_ptr<rclcpp::Node>; std::string = std::__cxx11::basic_string<char>; rmw_qos_profile_t = rmw_qos_profile_s]’
[21.854s]   183 |   Subscriber(NodePtr node, const std::string& topic, const rmw_qos_profile_t qos = rmw_qos_profile_default)
[21.854s]       |   ^~~~~~~~~~
[21.854s] /opt/ros/jazzy/include/message_filters/message_filters/subscriber.h:183:22: note:   no known conversion for argument 1 from ‘rclcpp::Node’ to ‘message_filters::Subscriber<nav_msgs::msg::Odometry_<std::allocator<void> > >::NodePtr’ {aka ‘std::shared_ptr<rclcpp::Node>’}
[21.854s]   183 |   Subscriber(NodePtr node, const std::string& topic, const rmw_qos_profile_t qos = rmw_qos_profile_default)
[21.856s]       |              ~~~~~~~~^~~~
[21.907s] /home/neha/ros2_ws/src/semnav_migration/src/navigation_semantic.cpp:149:55: error: ‘bind’ is not a member of ‘boost’; did you mean ‘find’?
[21.907s]   149 |                         sync->registerCallback(boost::bind(&SemanticNavigationNode::control_callback, this, _1, _2));
[21.907s]       |                                                       ^~~~
[21.907s]       |                                                       find
[21.914s] /home/neha/ros2_ws/src/semnav_migration/src/navigation_semantic.cpp:149:109: error: ‘_1’ was not declared in this scope
[21.914s]   149 |                         sync->registerCallback(boost::bind(&SemanticNavigationNode::control_callback, this, _1, _2));
[21.914s]       |                                                                                                             ^~
[21.914s] /home/neha/ros2_ws/src/semnav_migration/src/navigation_semantic.cpp:149:109: note: suggested alternatives:
[21.914s] In file included from /usr/include/boost/mpl/aux_/include_preprocessed.hpp:37,
[21.914s]                  from /usr/include/boost/mpl/placeholders.hpp:43,
[21.915s]                  from /usr/include/boost/iterator/iterator_categories.hpp:16,
[21.915s]                  from /usr/include/boost/iterator/iterator_facade.hpp:13,
[21.915s]                  from /usr/include/boost/range/iterator_range_core.hpp:27,
[21.915s]                  from /usr/include/boost/lexical_cast.hpp:48,
[21.915s]                  from /usr/include/boost/multiprecision/detail/number_base.hpp:29,
[21.915s]                  from /usr/include/boost/multiprecision/traits/is_variable_precision.hpp:9,
[21.915s]                  from /usr/include/boost/multiprecision/detail/precision.hpp:9,
[21.915s]                  from /usr/include/boost/multiprecision/number.hpp:11,
[21.916s]                  from /usr/include/boost/multiprecision/cpp_int.hpp:19,
[21.916s]                  from /usr/include/boost/multiprecision/cpp_bin_float.hpp:15,
[21.916s]                  from /usr/include/boost/geometry/core/coordinate_promotion.hpp:16,
[21.916s]                  from /usr/include/boost/geometry/core/radian_access.hpp:30,
[21.916s]                  from /usr/include/boost/geometry/geometry.hpp:50,
[21.916s]                  from /usr/include/boost/geometry.hpp:17,
[21.916s]                  from /home/neha/ros2_ws/src/semnav_migration/include/reactive_planner_lib.h:26:
[21.917s] /usr/include/boost/mpl/aux_/preprocessed/gcc/placeholders.hpp:29:16: note:   ‘mpl_::_1’
[21.917s]    29 | typedef arg<1> _1;
[21.917s]       |                ^~
[21.917s] In file included from /usr/include/boost/numeric/conversion/converter_policies.hpp:13,
[21.917s]                  from /usr/include/boost/numeric/conversion/converter.hpp:14,
[21.919s]                  from /usr/include/boost/numeric/conversion/cast.hpp:33,
[21.919s]                  from /usr/include/boost/geometry/core/radian_access.hpp:26:
[21.920s] /usr/include/c++/13/functional:294:48: note:   ‘std::placeholders::_1’
[21.920s]   294 |     _GLIBCXX_PLACEHOLDER const _Placeholder<1> _1;
[21.920s]       |                                                ^~
[21.920s] /usr/include/boost/mpl/aux_/preprocessed/gcc/placeholders.hpp:29:16: note:   ‘mpl_::_1’
[21.920s]    29 | typedef arg<1> _1;
[21.920s]       |                ^~
[21.920s] In file included from /usr/include/boost/describe/members.hpp:20,
[21.920s]                  from /usr/include/boost/container_hash/is_described_class.hpp:11,
[21.924s]                  from /usr/include/boost/container_hash/hash.hpp:18,
[21.924s]                  from /usr/include/boost/functional/hash.hpp:6,
[21.924s]                  from /usr/include/CGAL/Kernel/hash_functions.h:16,
[21.924s]                  from /usr/include/CGAL/Kernel/global_functions.h:25,
[21.924s]                  from /usr/include/CGAL/Cartesian/Cartesian_base.h:22,
[21.924s]                  from /usr/include/CGAL/Simple_cartesian.h:20,
[21.924s]                  from /usr/include/CGAL/Exact_predicates_inexact_constructions_kernel.h:20,
[21.925s]                  from /home/neha/ros2_ws/src/semnav_migration/include/polygeom_lib.h:32,
[21.925s]                  from /home/neha/ros2_ws/src/semnav_migration/include/reactive_planner_lib.h:52:
[21.925s] /usr/include/boost/mp11/bind.hpp:45:7: note:   ‘boost::mp11::_1’
[21.925s]    45 | using _1 = mp_arg<0>;
[21.927s]       |       ^~
[21.927s] /usr/include/boost/mpl/aux_/preprocessed/gcc/placeholders.hpp:29:16: note:   ‘mpl_::_1’
[21.927s]    29 | typedef arg<1> _1;
[21.928s]       |                ^~
[21.928s] /home/neha/ros2_ws/src/semnav_migration/src/navigation_semantic.cpp:149:113: error: ‘_2’ was not declared in this scope
[21.928s]   149 |                         sync->registerCallback(boost::bind(&SemanticNavigationNode::control_callback, this, _1, _2));
[21.928s]       |                                                                                                                 ^~
[21.928s] /home/neha/ros2_ws/src/semnav_migration/src/navigation_semantic.cpp:149:113: note: suggested alternatives:
[21.928s] /usr/include/boost/mpl/aux_/preprocessed/gcc/placeholders.hpp:42:16: note:   ‘mpl_::_2’
[21.928s]    42 | typedef arg<2> _2;
[21.929s]       |                ^~
[21.929s] /usr/include/c++/13/functional:295:48: note:   ‘std::placeholders::_2’
[21.929s]   295 |     _GLIBCXX_PLACEHOLDER const _Placeholder<2> _2;
[21.929s]       |                                                ^~
[21.929s] /usr/include/boost/mpl/aux_/preprocessed/gcc/placeholders.hpp:42:16: note:   ‘mpl_::_2’
[21.931s]    42 | typedef arg<2> _2;
[21.931s]       |                ^~
[21.932s] /usr/include/boost/mp11/bind.hpp:46:7: note:   ‘boost::mp11::_2’
[21.932s]    46 | using _2 = mp_arg<1>;
[21.932s]       |       ^~
[21.932s] /usr/include/boost/mpl/aux_/preprocessed/gcc/placeholders.hpp:42:16: note:   ‘mpl_::_2’
[21.932s]    42 | typedef arg<2> _2;
[21.932s]       |                ^~
[21.932s] /home/neha/ros2_ws/src/semnav_migration/src/navigation_semantic.cpp:151:86: error: no matching function for call to ‘SemanticNavigationNode::create_subscription(const char [20], int)’
[21.933s]   151 |                         rclcpp::Subscription sub_semantic = this->create_subscription("sub_semantic_topic_", 1);
[21.933s]       |                                                             ~~~~~~~~~~~~~~~~~~~~~~~~~^~~~~~~~~~~~~~~~~~~~~~~~~~
[21.933s] /opt/ros/jazzy/include/rclcpp/rclcpp/node.hpp:221:3: note: candidate: ‘template<class MessageT, class CallbackT, class AllocatorT, class SubscriptionT, class MessageMemoryStrategyT> std::shared_ptr<ROSMessageT> rclcpp::Node::create_subscription(const std::string&, const rclcpp::QoS&, CallbackT&&, const rclcpp::SubscriptionOptionsWithAllocator<AllocatorT>&, typename MessageMemoryStrategyT::SharedPtr)’
[21.933s]   221 |   create_subscription(
[21.935s]       |   ^~~~~~~~~~~~~~~~~~~
[21.935s] /opt/ros/jazzy/include/rclcpp/rclcpp/node.hpp:221:3: note:   template argument deduction/substitution failed:
[21.935s] /home/neha/ros2_ws/src/semnav_migration/src/navigation_semantic.cpp:151:86: note:   candidate expects 5 arguments, 2 provided
[21.936s]   151 |                         rclcpp::Subscription sub_semantic = this->create_subscription("sub_semantic_topic_", 1);
[21.936s]       |                                                             ~~~~~~~~~~~~~~~~~~~~~~~~~^~~~~~~~~~~~~~~~~~~~~~~~~~
[21.977s] /home/neha/ros2_ws/src/semnav_migration/src/navigation_semantic.cpp:164:13: error: ‘tf_buffer_’ was not declared in this scope
[21.978s]   164 |             tf_buffer_ = std::make_unique<tf2_ros::Buffer>(this->get_clock());
[21.978s]       |             ^~~~~~~~~~
[21.983s] /home/neha/ros2_ws/src/semnav_migration/src/navigation.cpp:149:55: error: ‘bind’ is not a member of ‘boost’; did you mean ‘find’?
[21.984s]   149 |                         sync->registerCallback(boost::bind(&NavigationNode::control_callback, this, _1, _2));
[21.984s]       |                                                       ^~~~
[21.984s]       |                                                       find
[21.987s] /home/neha/ros2_ws/src/semnav_migration/src/navigation.cpp:149:101: error: ‘_1’ was not declared in this scope
[21.987s]   149 |                         sync->registerCallback(boost::bind(&NavigationNode::control_callback, this, _1, _2));
[21.988s]       |                                                                                                     ^~
[21.988s] /home/neha/ros2_ws/src/semnav_migration/src/navigation.cpp:149:101: note: suggested alternatives:
[21.991s] In file included from /usr/include/boost/mpl/aux_/include_preprocessed.hpp:37,
[21.992s]                  from /usr/include/boost/mpl/placeholders.hpp:43,
[21.992s]                  from /usr/include/boost/iterator/iterator_categories.hpp:16,
[21.992s]                  from /usr/include/boost/iterator/iterator_facade.hpp:13,
[21.992s]                  from /usr/include/boost/range/iterator_range_core.hpp:27,
[21.992s]                  from /usr/include/boost/lexical_cast.hpp:48,
[21.993s]                  from /usr/include/boost/multiprecision/detail/number_base.hpp:29,
[21.993s]                  from /usr/include/boost/multiprecision/traits/is_variable_precision.hpp:9,
[21.993s]                  from /usr/include/boost/multiprecision/detail/precision.hpp:9,
[21.995s]                  from /usr/include/boost/multiprecision/number.hpp:11:
[21.995s] /usr/include/boost/mpl/aux_/preprocessed/gcc/placeholders.hpp:29:16: note:   ‘mpl_::_1’
[21.996s]    29 | typedef arg<1> _1;
[21.996s]       |                ^~
[21.996s] In file included from /usr/include/boost/numeric/conversion/converter_policies.hpp:13,
[21.996s]                  from /usr/include/boost/numeric/conversion/converter.hpp:14,
[21.996s]                  from /usr/include/boost/numeric/conversion/cast.hpp:33,
[21.996s]                  from /usr/include/boost/geometry/core/radian_access.hpp:26:
[21.996s] /usr/include/c++/13/functional:294:48: note:   ‘std::placeholders::_1’
[21.996s]   294 |     _GLIBCXX_PLACEHOLDER const _Placeholder<1> _1;
[21.997s]       |                                                ^~
[21.997s] /usr/include/boost/mpl/aux_/preprocessed/gcc/placeholders.hpp:29:16: note:   ‘mpl_::_1’
[21.997s]    29 | typedef arg<1> _1;
[21.997s]       |                ^~
[21.999s] In file included from /usr/include/boost/describe/members.hpp:20,
[21.999s]                  from /usr/include/boost/container_hash/is_described_class.hpp:11,
[22.000s]                  from /usr/include/boost/container_hash/hash.hpp:18,
[22.000s]                  from /usr/include/boost/functional/hash.hpp:6,
[22.000s]                  from /usr/include/CGAL/Kernel/hash_functions.h:16,
[22.000s]                  from /usr/include/CGAL/Kernel/global_functions.h:25,
[22.000s]                  from /usr/include/CGAL/Cartesian/Cartesian_base.h:22,
[22.000s]                  from /usr/include/CGAL/Simple_cartesian.h:20,
[22.000s]                  from /usr/include/CGAL/Exact_predicates_inexact_constructions_kernel.h:20,
[22.000s]                  from /home/neha/ros2_ws/src/semnav_migration/include/polygeom_lib.h:32,
[22.001s]                  from /home/neha/ros2_ws/src/semnav_migration/include/reactive_planner_lib.h:52:
[22.001s] /usr/include/boost/mp11/bind.hpp:45:7: note:   ‘boost::mp11::_1’
[22.001s]    45 | using _1 = mp_arg<0>;
[22.001s]       |       ^~
[22.003s] /usr/include/boost/mpl/aux_/preprocessed/gcc/placeholders.hpp:29:16: note:   ‘mpl_::_1’
[22.003s]    29 | typedef arg<1> _1;
[22.004s]       |                ^~
[22.004s] /home/neha/ros2_ws/src/semnav_migration/src/navigation.cpp:149:105: error: ‘_2’ was not declared in this scope
[22.004s]   149 |                         sync->registerCallback(boost::bind(&NavigationNode::control_callback, this, _1, _2));
[22.004s]       |                                                                                                         ^~
[22.004s] /home/neha/ros2_ws/src/semnav_migration/src/navigation.cpp:149:105: note: suggested alternatives:
[22.004s] /usr/include/boost/mpl/aux_/preprocessed/gcc/placeholders.hpp:42:16: note:   ‘mpl_::_2’
[22.004s]    42 | typedef arg<2> _2;
[22.005s]       |                ^~
[22.005s] /usr/include/c++/13/functional:295:48: note:   ‘std::placeholders::_2’
[22.005s]   295 |     _GLIBCXX_PLACEHOLDER const _Placeholder<2> _2;
[22.005s]       |                                                ^~
[22.007s] /usr/include/boost/mpl/aux_/preprocessed/gcc/placeholders.hpp:42:16: note:   ‘mpl_::_2’
[22.008s]    42 | typedef arg<2> _2;
[22.008s]       |                ^~
[22.008s] /usr/include/boost/mp11/bind.hpp:46:7: note:   ‘boost::mp11::_2’
[22.008s]    46 | using _2 = mp_arg<1>;
[22.008s]       |       ^~
[22.008s] /usr/include/boost/mpl/aux_/preprocessed/gcc/placeholders.hpp:42:16: note:   ‘mpl_::_2’
[22.008s]    42 | typedef arg<2> _2;
[22.009s]       |                ^~
[22.009s] /home/neha/ros2_ws/src/semnav_migration/src/navigation.cpp:152:74: error: no matching function for call to ‘NavigationNode::create_subscription(const char [20], int)’
[22.009s]   152 |             rclcpp::Subscription sub_semantic = this->create_subscription("sub_semantic_topic_", 1);
[22.009s]       |                                                 ~~~~~~~~~~~~~~~~~~~~~~~~~^~~~~~~~~~~~~~~~~~~~~~~~~~
[22.012s] /opt/ros/jazzy/include/rclcpp/rclcpp/node.hpp:221:3: note: candidate: ‘template<class MessageT, class CallbackT, class AllocatorT, class SubscriptionT, class MessageMemoryStrategyT> std::shared_ptr<ROSMessageT> rclcpp::Node::create_subscription(const std::string&, const rclcpp::QoS&, CallbackT&&, const rclcpp::SubscriptionOptionsWithAllocator<AllocatorT>&, typename MessageMemoryStrategyT::SharedPtr)’
[22.012s]   221 |   create_subscription(
[22.012s]       |   ^~~~~~~~~~~~~~~~~~~
[22.012s] /opt/ros/jazzy/include/rclcpp/rclcpp/node.hpp:221:3: note:   template argument deduction/substitution failed:
[22.013s] /home/neha/ros2_ws/src/semnav_migration/src/navigation.cpp:152:74: note:   candidate expects 5 arguments, 2 provided
[22.013s]   152 |             rclcpp::Subscription sub_semantic = this->create_subscription("sub_semantic_topic_", 1);
[22.013s]       |                                                 ~~~~~~~~~~~~~~~~~~~~~~~~~^~~~~~~~~~~~~~~~~~~~~~~~~~
[22.013s] /home/neha/ros2_ws/src/semnav_migration/src/navigation_semantic.cpp: In member function ‘void SemanticNavigationNode::publish_twist(double, double)’:
[22.013s] /home/neha/ros2_ws/src/semnav_migration/src/navigation_semantic.cpp:172:50: error: no matching function for call to ‘rclcpp::Publisher<example_interfaces::msg::UInt32_<std::allocator<void> > >::publish(geometry_msgs::msg::Twist&)’
[22.013s]   172 |                         this->pub_twist_->publish(commandTwist);
[22.013s]       |                         ~~~~~~~~~~~~~~~~~~~~~~~~~^~~~~~~~~~~~~~
[22.014s] In file included from /opt/ros/jazzy/include/rclcpp/rclcpp/topic_statistics/subscription_topic_statistics.hpp:31,
[22.014s]                  from /opt/ros/jazzy/include/rclcpp/rclcpp/subscription.hpp:50,
[22.014s]                  from /opt/ros/jazzy/include/rclcpp/rclcpp/any_executable.hpp:25,
[22.014s]                  from /opt/ros/jazzy/include/rclcpp/rclcpp/memory_strategy.hpp:25,
[22.014s]                  from /opt/ros/jazzy/include/rclcpp/rclcpp/memory_strategies.hpp:18,
[22.016s]                  from /opt/ros/jazzy/include/rclcpp/rclcpp/executor_options.hpp:22,
[22.017s]                  from /opt/ros/jazzy/include/rclcpp/rclcpp/executor.hpp:38,
[22.017s]                  from /opt/ros/jazzy/include/rclcpp/rclcpp/executors/multi_threaded_executor.hpp:25,
[22.017s]                  from /opt/ros/jazzy/include/rclcpp/rclcpp/executors.hpp:21:
[22.017s] /opt/ros/jazzy/include/rclcpp/rclcpp/publisher.hpp:239:3: note: candidate: ‘template<class T> std::enable_if_t<(rosidl_generator_traits::is_message<T>::value && std::is_same<T, typename rclcpp::TypeAdapter<MessageT>::ros_message_type>::value)> rclcpp::Publisher<MessageT, AllocatorT>::publish(std::unique_ptr<T, typename std::conditional<std::is_same<typename std::allocator_traits<typename std::allocator_traits<_Allocator>::rebind_traits<typename rclcpp::TypeAdapter<MessageT, void, void>::ros_message_type>::allocator_type>::rebind_alloc<typename rclcpp::TypeAdapter<MessageT, void, void>::ros_message_type>, std::allocator<typename rclcpp::TypeAdapter<MessageT>::ros_message_type> >::value, std::default_delete<typename rclcpp::TypeAdapter<MessageT>::ros_message_type>, rclcpp::allocator::AllocatorDeleter<typename std::allocator_traits<_Allocator>::rebind_traits<typename rclcpp::TypeAdapter<MessageT, void, void>::ros_message_type>::allocator_type> >::type>) [with MessageT = example_interfaces::msg::UInt32_<std::allocator<void> >; AllocatorT = std::allocator<void>]’
[22.017s]   239 |   publish(std::unique_ptr<T, ROSMessageTypeDeleter> msg)
[22.017s]       |   ^~~~~~~
[22.017s] /opt/ros/jazzy/include/rclcpp/rclcpp/publisher.hpp:239:3: note:   template argument deduction/substitution failed:
[22.018s] /home/neha/ros2_ws/src/semnav_migration/src/navigation_semantic.cpp:172:50: note:   ‘geometry_msgs::msg::Twist_<std::allocator<void> >’ is not derived from ‘std::unique_ptr<T, std::default_delete<example_interfaces::msg::UInt32_<std::allocator<void> > > >’
[22.018s]   172 |                         this->pub_twist_->publish(commandTwist);
[22.018s]       |                         ~~~~~~~~~~~~~~~~~~~~~~~~~^~~~~~~~~~~~~~
[22.018s] /opt/ros/jazzy/include/rclcpp/rclcpp/publisher.hpp:289:3: note: candidate: ‘template<class T> std::enable_if_t<(rosidl_generator_traits::is_message<T>::value && std::is_same<T, typename rclcpp::TypeAdapter<MessageT>::ros_message_type>::value)> rclcpp::Publisher<MessageT, AllocatorT>::publish(const T&) [with MessageT = example_interfaces::msg::UInt32_<std::allocator<void> >; AllocatorT = std::allocator<void>]’
[22.020s]   289 |   publish(const T & msg)
[22.020s]       |   ^~~~~~~
[22.021s] /opt/ros/jazzy/include/rclcpp/rclcpp/publisher.hpp:289:3: note:   template argument deduction/substitution failed:
[22.021s] In file included from /usr/include/c++/13/bits/stl_iterator_base_types.h:67,
[22.021s]                  from /usr/include/c++/13/iterator:61,
[22.021s]                  from /usr/include/boost/iterator/iterator_traits.hpp:10,
[22.021s]                  from /usr/include/boost/range/mutable_iterator.hpp:23,
[22.021s]                  from /usr/include/boost/range/iterator.hpp:20,
[22.021s]                  from /usr/include/boost/range/value_type.hpp:19,
[22.022s]                  from /usr/include/boost/geometry/core/closure.hpp:21,
[22.022s]                  from /usr/include/boost/geometry/geometry.hpp:31:
[22.022s] /usr/include/c++/13/type_traits: In substitution of ‘template<bool _Cond, class _Tp> using std::enable_if_t = typename std::enable_if::type [with bool _Cond = false; _Tp = void]’:
[22.022s] /opt/ros/jazzy/include/rclcpp/rclcpp/publisher.hpp:289:3:   required by substitution of ‘template<class T> std::enable_if_t<(rosidl_generator_traits::is_message<T>::value && std::is_same<T, example_interfaces::msg::UInt32_<std::allocator<void> > >::value), void> rclcpp::Publisher<example_interfaces::msg::UInt32_<std::allocator<void> > >::publish(const T&) [with T = geometry_msgs::msg::Twist_<std::allocator<void> >]’
[22.023s] /home/neha/ros2_ws/src/semnav_migration/src/navigation_semantic.cpp:172:29:   required from here
[22.024s] /usr/include/c++/13/type_traits:2610:11: error: no type named ‘type’ in ‘struct std::enable_if<false, void>’
[22.024s]  2610 |     using enable_if_t = typename enable_if<_Cond, _Tp>::type;
[22.024s]       |           ^~~~~~~~~~~
[22.024s] /opt/ros/jazzy/include/rclcpp/rclcpp/publisher.hpp:319:3: note: candidate: ‘template<class T> std::enable_if_t<(typename rclcpp::TypeAdapter<MessageT>::is_specialized::value && std::is_same<T, typename rclcpp::TypeAdapter<MessageT>::custom_type>::value)> rclcpp::Publisher<MessageT, AllocatorT>::publish(std::unique_ptr<T, typename std::conditional<std::is_same<typename std::allocator_traits<typename std::allocator_traits<_Allocator>::rebind_traits<typename rclcpp::TypeAdapter<MessageT, void, void>::custom_type>::allocator_type>::rebind_alloc<typename rclcpp::TypeAdapter<MessageT, void, void>::custom_type>, std::allocator<typename rclcpp::TypeAdapter<MessageT>::custom_type> >::value, std::default_delete<typename rclcpp::TypeAdapter<MessageT>::custom_type>, rclcpp::allocator::AllocatorDeleter<typename std::allocator_traits<_Allocator>::rebind_traits<typename rclcpp::TypeAdapter<MessageT, void, void>::custom_type>::allocator_type> >::type>) [with MessageT = example_interfaces::msg::UInt32_<std::allocator<void> >; AllocatorT = std::allocator<void>]’
[22.024s]   319 |   publish(std::unique_ptr<T, PublishedTypeDeleter> msg)
[22.024s]       |   ^~~~~~~
[22.024s] /opt/ros/jazzy/include/rclcpp/rclcpp/publisher.hpp:319:3: note:   template argument deduction/substitution failed:
[22.025s] /home/neha/ros2_ws/src/semnav_migration/src/navigation_semantic.cpp:172:50: note:   ‘geometry_msgs::msg::Twist_<std::allocator<void> >’ is not derived from ‘std::unique_ptr<T, std::default_delete<example_interfaces::msg::UInt32_<std::allocator<void> > > >’
[22.025s]   172 |                         this->pub_twist_->publish(commandTwist);
[22.025s]       |                         ~~~~~~~~~~~~~~~~~~~~~~~~~^~~~~~~~~~~~~~
[22.025s] /opt/ros/jazzy/include/rclcpp/rclcpp/publisher.hpp:366:3: note: candidate: ‘template<class T> std::enable_if_t<(typename rclcpp::TypeAdapter<MessageT>::is_specialized::value && std::is_same<T, typename rclcpp::TypeAdapter<MessageT>::custom_type>::value)> rclcpp::Publisher<MessageT, AllocatorT>::publish(const T&) [with MessageT = example_interfaces::msg::UInt32_<std::allocator<void> >; AllocatorT = std::allocator<void>]’
[22.025s]   366 |   publish(const T & msg)
[22.028s]       |   ^~~~~~~
[22.029s] /opt/ros/jazzy/include/rclcpp/rclcpp/publisher.hpp:366:3: note:   template argument deduction/substitution failed:
[22.029s] /opt/ros/jazzy/include/rclcpp/rclcpp/publisher.hpp:384:3: note: candidate: ‘void rclcpp::Publisher<MessageT, AllocatorT>::publish(const rcl_serialized_message_t&) [with MessageT = example_interfaces::msg::UInt32_<std::allocator<void> >; AllocatorT = std::allocator<void>; rcl_serialized_message_t = rcutils_uint8_array_s]’
[22.029s]   384 |   publish(const rcl_serialized_message_t & serialized_msg)
[22.029s]       |   ^~~~~~~
[22.029s] /opt/ros/jazzy/include/rclcpp/rclcpp/publisher.hpp:384:44: note:   no known conversion for argument 1 from ‘geometry_msgs::msg::Twist’ {aka ‘geometry_msgs::msg::Twist_<std::allocator<void> >’} to ‘const rcl_serialized_message_t&’ {aka ‘const rcutils_uint8_array_s&’}
[22.029s]   384 |   publish(const rcl_serialized_message_t & serialized_msg)
[22.029s]       |           ~~~~~~~~~~~~~~~~~~~~~~~~~~~~~~~~~^~~~~~~~~~~~~~
[22.030s] /opt/ros/jazzy/include/rclcpp/rclcpp/publisher.hpp:390:3: note: candidate: ‘void rclcpp::Publisher<MessageT, AllocatorT>::publish(const rclcpp::SerializedMessage&) [with MessageT = example_interfaces::msg::UInt32_<std::allocator<void> >; AllocatorT = std::allocator<void>]’
[22.030s]   390 |   publish(const SerializedMessage & serialized_msg)
[22.030s]       |   ^~~~~~~
[22.030s] /opt/ros/jazzy/include/rclcpp/rclcpp/publisher.hpp:390:37: note:   no known conversion for argument 1 from ‘geometry_msgs::msg::Twist’ {aka ‘geometry_msgs::msg::Twist_<std::allocator<void> >’} to ‘const rclcpp::SerializedMessage&’
[22.032s]   390 |   publish(const SerializedMessage & serialized_msg)
[22.032s]       |           ~~~~~~~~~~~~~~~~~~~~~~~~~~^~~~~~~~~~~~~~
[22.033s] /opt/ros/jazzy/include/rclcpp/rclcpp/publisher.hpp:404:3: note: candidate: ‘void rclcpp::Publisher<MessageT, AllocatorT>::publish(rclcpp::LoanedMessage<typename rclcpp::TypeAdapter<MessageT>::ros_message_type, AllocatorT>&&) [with MessageT = example_interfaces::msg::UInt32_<std::allocator<void> >; AllocatorT = std::allocator<void>; typename rclcpp::TypeAdapter<MessageT>::ros_message_type = example_interfaces::msg::UInt32_<std::allocator<void> >]’
[22.033s]   404 |   publish(rclcpp::LoanedMessage<ROSMessageType, AllocatorT> && loaned_msg)
[22.033s]       |   ^~~~~~~
[22.033s] /opt/ros/jazzy/include/rclcpp/rclcpp/publisher.hpp:404:64: note:   no known conversion for argument 1 from ‘geometry_msgs::msg::Twist’ {aka ‘geometry_msgs::msg::Twist_<std::allocator<void> >’} to ‘rclcpp::LoanedMessage<example_interfaces::msg::UInt32_<std::allocator<void> >, std::allocator<void> >&&’
[22.033s]   404 |   publish(rclcpp::LoanedMessage<ROSMessageType, AllocatorT> && loaned_msg)
[22.033s]       |           ~~~~~~~~~~~~~~~~~~~~~~~~~~~~~~~~~~~~~~~~~~~~~~~~~~~~~^~~~~~~~~~
[22.095s] /home/neha/ros2_ws/src/semnav_migration/src/navigation.cpp: In member function ‘void NavigationNode::control_callback(const sensor_msgs::msg::LaserScan_<std::allocator<void> >::ConstPtr&, const nav_msgs::msg::Odometry_<std::allocator<void> >::ConstPtr&)’:
[22.095s] /home/neha/ros2_ws/src/semnav_migration/src/navigation.cpp:404:42: error: could not convert ‘lidar_data’ from ‘shared_ptr<LaserScan_<[...]>>’ to ‘shared_ptr<LaserScan_<[...]>>’
[22.095s]   404 |                         constructLIDAR2D(lidar_data, CutoffRange_, AllowableRange_, RobotPitch_, &LIDAR);
[22.095s]       |                                          ^~~~~~~~~~
[22.095s]       |                                          |
[22.095s]       |                                          shared_ptr<LaserScan_<[...]>>
[22.167s] /home/neha/ros2_ws/src/semnav_migration/src/navigation_semantic.cpp: In member function ‘void SemanticNavigationNode::control_callback(const sensor_msgs::msg::LaserScan_<std::allocator<void> >::ConstPtr&, const nav_msgs::msg::Odometry_<std::allocator<void> >::ConstPtr&)’:
[22.167s] /home/neha/ros2_ws/src/semnav_migration/src/navigation_semantic.cpp:415:21: error: ‘tf_buffer_’ was not declared in this scope
[22.167s]   415 |                 t = tf_buffer_->lookupTransform(world_frame_id_, odom_frame_id_, tf2::TimePointZero);
[22.167s]       |                     ^~~~~~~~~~
[22.173s] /home/neha/ros2_ws/src/semnav_migration/src/navigation_semantic.cpp:442:42: error: could not convert ‘lidar_data’ from ‘shared_ptr<LaserScan_<[...]>>’ to ‘shared_ptr<LaserScan_<[...]>>’
[22.174s]   442 |                         constructLIDAR2D(lidar_data, CutoffRange_, AllowableRange_, RobotPitch_, &LIDAR);
[22.174s]       |                                          ^~~~~~~~~~
[22.174s]       |                                          |
[22.174s]       |                                          shared_ptr<LaserScan_<[...]>>
[22.214s] /home/neha/ros2_ws/src/semnav_migration/src/navigation_semantic.cpp: In function ‘int main(int, char**)’:
[22.214s] /home/neha/ros2_ws/src/semnav_migration/src/navigation_semantic.cpp:708:34: error: invalid initialization of reference of type ‘const rclcpp::InitOptions&’ from expression of type ‘const char [20]’
[22.214s]   708 |         rclcpp::init(argc, argv, "navigation_semantic");
[22.214s]       |                                  ^~~~~~~~~~~~~~~~~~~~~
[22.216s] In file included from /opt/ros/jazzy/include/rclcpp/rclcpp/logging.hpp:25,
[22.217s]                  from /opt/ros/jazzy/include/rclcpp/rclcpp/copy_all_parameter_values.hpp:27,
[22.217s]                  from /opt/ros/jazzy/include/rclcpp/rclcpp/rclcpp.hpp:171:
[22.217s] /opt/ros/jazzy/include/rclcpp/rclcpp/utilities.hpp:78:23: note: in passing argument 3 of ‘void rclcpp::init(int, const char* const*, const InitOptions&, SignalHandlerOptions)’
[22.217s]    78 |   const InitOptions & init_options = InitOptions(),
[22.217s]       |   ~~~~~~~~~~~~~~~~~~~~^~~~~~~~~~~~~~~~~~~~~~~~~~~~
[37.636s] gmake[2]: *** [CMakeFiles/navigation_semantic.dir/build.make:76: CMakeFiles/navigation_semantic.dir/src/navigation_semantic.cpp.o] Error 1
[37.637s] gmake[1]: *** [CMakeFiles/Makefile2:207: CMakeFiles/navigation_semantic.dir/all] Error 2
[37.637s] gmake[1]: *** Waiting for unfinished jobs....
[37.768s] gmake[2]: *** [CMakeFiles/navigation.dir/build.make:76: CMakeFiles/navigation.dir/src/navigation.cpp.o] Error 1
[37.768s] gmake[1]: *** [CMakeFiles/Makefile2:181: CMakeFiles/navigation.dir/all] Error 2
[37.769s] gmake: *** [Makefile:146: all] Error 2
[37.772s] Invoked command in '/home/neha/ros2_ws/src/semnav_migration/build/semnav' returned '2': CMAKE_PREFIX_PATH=${CMAKE_PREFIX_PATH}:/opt/ros/jazzy DEBUGINFOD_URLS=https://debuginfod.ubuntu.com /usr/bin/cmake --build /home/neha/ros2_ws/src/semnav_migration/build/semnav -- -j2 -l2
