[0.034s] Invoking command in '/home/neha/ros2_ws/src/current_semnav_migration/build/semnav': CMAKE_PREFIX_PATH=${CMAKE_PREFIX_PATH}:/opt/ros/jazzy DEBUGINFOD_URLS=https://debuginfod.ubuntu.com /usr/bin/cmake --build /home/neha/ros2_ws/src/current_semnav_migration/build/semnav -- -j2 -l2
[0.209s] [ 14%] Built target reactive_planner
[0.323s] [ 23%] Built target navigation
[0.327s] [ 28%] [32mBuilding CXX object CMakeFiles/navigation_semantic.dir/src/navigation_semantic.cpp.o[0m
[0.480s] [ 33%] [32mBuilding CXX object CMakeFiles/navigation_humans.dir/src/navigation_humans.cpp.o[0m
[268.665s] [ 38%] [32m[1mLinking CXX executable navigation_semantic[0m
[269.829s] [ 38%] Built target navigation_semantic
[273.935s] [ 42%] [32m[1mLinking CXX executable navigation_humans[0m
[274.971s] [ 42%] Built target navigation_humans
[275.117s] [ 47%] [32mBuilding CXX object CMakeFiles/human_following.dir/src/human_following.cpp.o[0m
[405.454s] [ 52%] [32m[1mLinking CXX executable human_following[0m
[406.496s] [ 52%] Built target human_following
[406.909s] [ 57%] [32mBuilding CXX object CMakeFiles/human_following_signal.dir/src/human_following_signal.cpp.o[0m
[453.073s] [ 61%] [32mBuilding CXX object CMakeFiles/human_following_fallen.dir/src/human_following_fallen.cpp.o[0m
[560.369s] [ 66%] [32m[1mLinking CXX executable human_following_signal[0m
[561.669s] [ 66%] Built target human_following_signal
[622.083s] [ 71%] [32m[1mLinking CXX executable human_following_fallen[0m
[623.202s] [ 71%] Built target human_following_fallen
[623.849s] [ 76%] [32mBuilding CXX object CMakeFiles/map_debug.dir/src/map_debug.cpp.o[0m
[638.570s] [ 80%] [32m[1mLinking CXX executable map_debug[0m
[639.260s] [ 80%] Built target map_debug
[639.408s] [ 85%] [32mBuilding CXX object CMakeFiles/fake_lidar_publisher.dir/src/fake_lidar_publisher.cpp.o[0m
[653.219s] [ 90%] [32m[1mLinking CXX executable fake_lidar_publisher[0m
[653.807s] [ 90%] Built target fake_lidar_publisher
[654.380s] [ 95%] [32mBuilding CXX object CMakeFiles/fake_odometry_publisher.dir/src/fake_odometry_publisher.cpp.o[0m
[669.412s] [100%] [32m[1mLinking CXX executable fake_odometry_publisher[0m
[670.077s] [100%] Built target fake_odometry_publisher
[670.102s] Invoked command in '/home/neha/ros2_ws/src/current_semnav_migration/build/semnav' returned '0': CMAKE_PREFIX_PATH=${CMAKE_PREFIX_PATH}:/opt/ros/jazzy DEBUGINFOD_URLS=https://debuginfod.ubuntu.com /usr/bin/cmake --build /home/neha/ros2_ws/src/current_semnav_migration/build/semnav -- -j2 -l2
[670.258s] Invoking command in '/home/neha/ros2_ws/src/current_semnav_migration/build/semnav': CMAKE_PREFIX_PATH=${CMAKE_PREFIX_PATH}:/opt/ros/jazzy DEBUGINFOD_URLS=https://debuginfod.ubuntu.com /usr/bin/cmake --install /home/neha/ros2_ws/src/current_semnav_migration/build/semnav
[670.285s] -- Install configuration: "Release"
[670.287s] -- Installing: /home/neha/ros2_ws/src/current_semnav_migration/install/semnav/lib/semnav/libreactive_planner.a
[670.323s] -- Installing: /home/neha/ros2_ws/src/current_semnav_migration/install/semnav/lib/semnav/navigation
[670.377s] -- Set non-toolchain portion of runtime path of "/home/neha/ros2_ws/src/current_semnav_migration/install/semnav/lib/semnav/navigation" to ""
[670.422s] -- Installing: /home/neha/ros2_ws/src/current_semnav_migration/install/semnav/lib/semnav/navigation_semantic
[670.437s] -- Set non-toolchain portion of runtime path of "/home/neha/ros2_ws/src/current_semnav_migration/install/semnav/lib/semnav/navigation_semantic" to ""
[670.468s] -- Installing: /home/neha/ros2_ws/src/current_semnav_migration/install/semnav/lib/semnav/navigation_humans
[670.485s] -- Set non-toolchain portion of runtime path of "/home/neha/ros2_ws/src/current_semnav_migration/install/semnav/lib/semnav/navigation_humans" to ""
[670.527s] -- Installing: /home/neha/ros2_ws/src/current_semnav_migration/install/semnav/lib/semnav/human_following
[670.542s] -- Set non-toolchain portion of runtime path of "/home/neha/ros2_ws/src/current_semnav_migration/install/semnav/lib/semnav/human_following" to ""
[670.568s] -- Installing: /home/neha/ros2_ws/src/current_semnav_migration/install/semnav/lib/semnav/human_following_signal
[670.585s] -- Set non-toolchain portion of runtime path of "/home/neha/ros2_ws/src/current_semnav_migration/install/semnav/lib/semnav/human_following_signal" to ""
[670.635s] -- Installing: /home/neha/ros2_ws/src/current_semnav_migration/install/semnav/lib/semnav/human_following_fallen
[670.651s] -- Set non-toolchain portion of runtime path of "/home/neha/ros2_ws/src/current_semnav_migration/install/semnav/lib/semnav/human_following_fallen" to ""
[670.692s] -- Installing: /home/neha/ros2_ws/src/current_semnav_migration/install/semnav/lib/semnav/map_debug
[670.694s] -- Set non-toolchain portion of runtime path of "/home/neha/ros2_ws/src/current_semnav_migration/install/semnav/lib/semnav/map_debug" to ""
[670.711s] -- Installing: /home/neha/ros2_ws/src/current_semnav_migration/install/semnav/lib/semnav/fake_lidar_publisher
[670.713s] -- Set non-toolchain portion of runtime path of "/home/neha/ros2_ws/src/current_semnav_migration/install/semnav/lib/semnav/fake_lidar_publisher" to ""
[670.741s] -- Installing: /home/neha/ros2_ws/src/current_semnav_migration/install/semnav/lib/semnav/fake_odometry_publisher
[670.743s] -- Set non-toolchain portion of runtime path of "/home/neha/ros2_ws/src/current_semnav_migration/install/semnav/lib/semnav/fake_odometry_publisher" to ""
[670.752s] Invoked command in '/home/neha/ros2_ws/src/current_semnav_migration/build/semnav' returned '0': CMAKE_PREFIX_PATH=${CMAKE_PREFIX_PATH}:/opt/ros/jazzy DEBUGINFOD_URLS=https://debuginfod.ubuntu.com /usr/bin/cmake --install /home/neha/ros2_ws/src/current_semnav_migration/build/semnav
