[01m[K/home/neha/ros2_ws/src/semnav_migration/src/navigation_humans.cpp:[m[K In member function ‘[01m[Kvoid NavigationHumansNode::[01;32m[Khuman_update[m[K(const object_pose_interface_msgs::msg::KeypointDetections3D_<std::allocator<void> >::ConstPtr&)[m[K’:
[01m[K/home/neha/ros2_ws/src/semnav_migration/src/navigation_humans.cpp:298:60:[m[K [01;31m[Kerror: [m[Kno matching function for call to ‘[01m[Ktf2_ros::Buffer::lookupTransform(std::string&, const tf2::TimePoint&, std::string&, const std_msgs::msg::Header_<std::allocator<void> >::_stamp_type&, std::string&, rclcpp::Duration)[m[K’
  298 |                             t = [01;31m[Ktf_buffer_->lookupTransform([m[K
      |                                 [01;31m[K~~~~~~~~~~~~~~~~~~~~~~~~~~~^[m[K
  299 | [01;31m[K                                            world_frame_id_, tf2::TimePointZero,[m[K
      |                                             [01;31m[K~~~~~~~~~~~~~~~~~~~~~~~~~~~~~~~~~~~~[m[K
  300 | [01;31m[K                                            camera_optical_frame_id_, human_data->header.stamp,[m[K
      |                                             [01;31m[K~~~~~~~~~~~~~~~~~~~~~~~~~~~~~~~~~~~~~~~~~~~~~~~~~~~[m[K
  301 | [01;31m[K                                            world_frame_id_, rclcpp::Duration(std::chrono::nanoseconds(1000000000)))[m[K;
      |                                             [01;31m[K~~~~~~~~~~~~~~~~~~~~~~~~~~~~~~~~~~~~~~~~~~~~~~~~~~~~~~~~~~~~~~~~~~~~~~~~[m[K
In file included from [01m[K/opt/ros/jazzy/include/tf2_ros/tf2_ros/async_buffer_interface.h:39[m[K,
                 from [01m[K/opt/ros/jazzy/include/tf2_ros/tf2_ros/buffer.h:42[m[K,
                 from [01m[K/home/neha/ros2_ws/src/semnav_migration/include/reactive_planner_lib.h:40[m[K,
                 from [01m[K/home/neha/ros2_ws/src/semnav_migration/src/navigation_humans.cpp:25[m[K:
[01m[K/opt/ros/jazzy/include/tf2/tf2/buffer_core.h:156:3:[m[K [01;36m[Knote: [m[Kcandidate: ‘[01m[Kvirtual geometry_msgs::msg::TransformStamped tf2::BufferCore::[01;32m[KlookupTransform[m[K(const std::string&, const tf2::TimePoint&, const std::string&, const tf2::TimePoint&, const std::string&) const[m[K’
  156 |   [01;36m[KlookupTransform[m[K(
      |   [01;36m[K^~~~~~~~~~~~~~~[m[K
[01m[K/opt/ros/jazzy/include/tf2/tf2/buffer_core.h:156:3:[m[K [01;36m[Knote: [m[K  candidate expects 5 arguments, 6 provided
[01m[K/opt/ros/jazzy/include/tf2/tf2/buffer_core.h:138:3:[m[K [01;36m[Knote: [m[Kcandidate: ‘[01m[Kvirtual geometry_msgs::msg::TransformStamped tf2::BufferCore::[01;32m[KlookupTransform[m[K(const std::string&, const std::string&, const tf2::TimePoint&) const[m[K’
  138 |   [01;36m[KlookupTransform[m[K(
      |   [01;36m[K^~~~~~~~~~~~~~~[m[K
[01m[K/opt/ros/jazzy/include/tf2/tf2/buffer_core.h:138:3:[m[K [01;36m[Knote: [m[K  candidate expects 3 arguments, 6 provided
[01m[K/opt/ros/jazzy/include/tf2_ros/tf2_ros/buffer.h:127:3:[m[K [01;36m[Knote: [m[Kcandidate: ‘[01m[Kvirtual geometry_msgs::msg::TransformStamped tf2_ros::Buffer::[01;32m[KlookupTransform[m[K(const std::string&, const std::string&, const tf2::TimePoint&, tf2::Duration) const[m[K’
  127 |   [01;36m[KlookupTransform[m[K(
      |   [01;36m[K^~~~~~~~~~~~~~~[m[K
[01m[K/opt/ros/jazzy/include/tf2_ros/tf2_ros/buffer.h:127:3:[m[K [01;36m[Knote: [m[K  candidate expects 4 arguments, 6 provided
[01m[K/opt/ros/jazzy/include/tf2_ros/tf2_ros/buffer.h:137:3:[m[K [01;36m[Knote: [m[Kcandidate: ‘[01m[Kgeometry_msgs::msg::TransformStamped tf2_ros::Buffer::[01;32m[KlookupTransform[m[K(const std::string&, const std::string&, const rclcpp::Time&, rclcpp::Duration) const[m[K’
  137 |   [01;36m[KlookupTransform[m[K(
      |   [01;36m[K^~~~~~~~~~~~~~~[m[K
[01m[K/opt/ros/jazzy/include/tf2_ros/tf2_ros/buffer.h:137:3:[m[K [01;36m[Knote: [m[K  candidate expects 4 arguments, 6 provided
[01m[K/opt/ros/jazzy/include/tf2_ros/tf2_ros/buffer.h:159:3:[m[K [01;36m[Knote: [m[Kcandidate: ‘[01m[Kvirtual geometry_msgs::msg::TransformStamped tf2_ros::Buffer::[01;32m[KlookupTransform[m[K(const std::string&, const tf2::TimePoint&, const std::string&, const tf2::TimePoint&, const std::string&, tf2::Duration) const[m[K’
  159 |   [01;36m[KlookupTransform[m[K(
      |   [01;36m[K^~~~~~~~~~~~~~~[m[K
[01m[K/opt/ros/jazzy/include/tf2_ros/tf2_ros/buffer.h:161:62:[m[K [01;36m[Knote: [m[K  no known conversion for argument 4 from ‘[01m[Kconst std_msgs::msg::Header_<std::allocator<void> >::_stamp_type[m[K’ {aka ‘[01m[Kconst builtin_interfaces::msg::Time_<std::allocator<void> >[m[K’} to ‘[01m[Kconst tf2::TimePoint&[m[K’ {aka ‘[01m[Kconst std::chrono::time_point<std::chrono::_V2::system_clock, std::chrono::duration<long int, std::ratio<1, 1000000000> > >&[m[K’}
  161 |     const std::string & source_frame, [01;36m[Kconst tf2::TimePoint & source_time[m[K,
      |                                       [01;36m[K~~~~~~~~~~~~~~~~~~~~~~~^~~~~~~~~~~[m[K
[01m[K/opt/ros/jazzy/include/tf2_ros/tf2_ros/buffer.h:171:3:[m[K [01;36m[Knote: [m[Kcandidate: ‘[01m[Kgeometry_msgs::msg::TransformStamped tf2_ros::Buffer::[01;32m[KlookupTransform[m[K(const std::string&, const rclcpp::Time&, const std::string&, const rclcpp::Time&, const std::string&, rclcpp::Duration) const[m[K’
  171 |   [01;36m[KlookupTransform[m[K(
      |   [01;36m[K^~~~~~~~~~~~~~~[m[K
[01m[K/opt/ros/jazzy/include/tf2_ros/tf2_ros/buffer.h:172:60:[m[K [01;36m[Knote: [m[K  no known conversion for argument 2 from ‘[01m[Kconst tf2::TimePoint[m[K’ {aka ‘[01m[Kconst std::chrono::time_point<std::chrono::_V2::system_clock, std::chrono::duration<long int, std::ratio<1, 1000000000> > >[m[K’} to ‘[01m[Kconst rclcpp::Time&[m[K’
  172 |     const std::string & target_frame, [01;36m[Kconst rclcpp::Time & target_time[m[K,
      |                                       [01;36m[K~~~~~~~~~~~~~~~~~~~~~^~~~~~~~~~~[m[K
[01m[K/home/neha/ros2_ws/src/semnav_migration/src/navigation_semantic.cpp:[m[K In function ‘[01m[Kint[01;32m[K main[m[K(int, char**)[m[K’:
[01m[K/home/neha/ros2_ws/src/semnav_migration/src/navigation_semantic.cpp:737:18:[m[K [01;31m[Kerror: [m[Kexpected ‘[01m[K}[m[K’ at end of input
  737 |         return 0;
      |                  [01;31m[K^[m[K
[01m[K/home/neha/ros2_ws/src/semnav_migration/src/navigation_semantic.cpp:730:33:[m[K [01;36m[Knote: [m[Kto match this ‘[01m[K{[m[K’
  730 | int main(int argc, char** argv) [01;36m[K{[m[K
      |                                 [01;36m[K^[m[K
gmake[2]: *** [CMakeFiles/navigation_semantic.dir/build.make:76: CMakeFiles/navigation_semantic.dir/src/navigation_semantic.cpp.o] Error 1
gmake[1]: *** [CMakeFiles/Makefile2:207: CMakeFiles/navigation_semantic.dir/all] Error 2
gmake[1]: *** Waiting for unfinished jobs....
gmake[2]: *** [CMakeFiles/navigation_humans.dir/build.make:76: CMakeFiles/navigation_humans.dir/src/navigation_humans.cpp.o] Error 1
gmake[1]: *** [CMakeFiles/Makefile2:233: CMakeFiles/navigation_humans.dir/all] Error 2
gmake: *** [Makefile:146: all] Error 2
