[0.131s] Invoking command in '/home/neha/ros2_ws/src/current_semnav_migration/build/semnav': CMAKE_PREFIX_PATH=${CMAKE_PREFIX_PATH}:/opt/ros/jazzy DEBUGINFOD_URLS=https://debuginfod.ubuntu.com /usr/bin/cmake --build /home/neha/ros2_ws/src/current_semnav_migration/build/semnav -- -j2 -l2
[2.893s] [ 14%] Built target reactive_planner
[3.278s] [ 23%] Built target navigation
[3.293s] [ 33%] Built target navigation_semantic
[3.569s] [ 38%] [32mBuilding CXX object CMakeFiles/human_following.dir/src/human_following.cpp.o[0m
[3.747s] [ 42%] [32mBuilding CXX object CMakeFiles/navigation_humans.dir/src/navigation_humans.cpp.o[0m
[45.000s] [01m[K/home/neha/ros2_ws/src/current_semnav_migration/src/navigation_humans.cpp:[m[K In member function ‘[01m[Kvoid NavigationHumansNode::[01;32m[Khuman_update[m[K(const object_pose_interface_msgs::msg::KeypointDetections3D_<std::allocator<void> >::ConstPtr&)[m[K’:
[45.000s] [01m[K/home/neha/ros2_ws/src/current_semnav_migration/src/navigation_humans.cpp:311:84:[m[K [01;31m[Kerror: [m[Kno matching function for call to ‘[01m[Ktf2_ros::Buffer::transform<geometry_msgs::msg::PointStamped>(geometry_msgs::msg::PointStamped&, geometry_msgs::msg::PointStamped&, const char [16], rclcpp::Time, const char [16], tf2::Duration)[m[K’
[45.000s]   311 |                             [01;31m[Ktf_buffer_->transform<geometry_msgs::msg::PointStamped>([m[K
[45.001s]       |                             [01;31m[K~~~~~~~~~~~~~~~~~~~~~~~~~~~~~~~~~~~~~~~~~~~~~~~~~~~~~~~^[m[K
[45.001s]   312 | [01;31m[K                                            pointCamera, pointMap,[m[K
[45.003s]       |                                             [01;31m[K~~~~~~~~~~~~~~~~~~~~~~[m[K                  
[45.003s]   313 | [01;31m[K                                            "world_frame_id_", rclcpp::Time(0),[m[K
[45.003s]       |                                             [01;31m[K~~~~~~~~~~~~~~~~~~~~~~~~~~~~~~~~~~~[m[K     
[45.004s]   314 | [01;31m[K                                            "world_frame_id_", tf2::Duration(std::chrono::seconds(1)))[m[K;
[45.004s]       |                                             [01;31m[K~~~~~~~~~~~~~~~~~~~~~~~~~~~~~~~~~~~~~~~~~~~~~~~~~~~~~~~~~~[m[K
[45.006s] In file included from [01m[K/opt/ros/jazzy/include/tf2_ros/tf2_ros/buffer.h:43[m[K,
[45.006s]                  from [01m[K/home/neha/ros2_ws/src/current_semnav_migration/include/reactive_planner_lib.h:40[m[K,
[45.006s]                  from [01m[K/home/neha/ros2_ws/src/current_semnav_migration/src/navigation_humans.cpp:25[m[K:
[45.007s] [01m[K/opt/ros/jazzy/include/tf2_ros/tf2_ros/buffer_interface.h:209:7:[m[K [01;36m[Knote: [m[Kcandidate: ‘[01m[Ktemplate<class T> T& tf2_ros::BufferInterface::[01;32m[Ktransform[m[K(const T&, T&, const std::string&, tf2::Duration) const[m[K’
[45.007s]   209 |   T & [01;36m[Ktransform[m[K(
[45.007s]       |       [01;36m[K^~~~~~~~~[m[K
[45.007s] [01m[K/opt/ros/jazzy/include/tf2_ros/tf2_ros/buffer_interface.h:209:7:[m[K [01;36m[Knote: [m[K  candidate expects 4 arguments, 6 provided
[45.007s] [01m[K/opt/ros/jazzy/include/tf2_ros/tf2_ros/buffer_interface.h:231:5:[m[K [01;36m[Knote: [m[Kcandidate: ‘[01m[Ktemplate<class T> T tf2_ros::BufferInterface::[01;32m[Ktransform[m[K(const T&, const std::string&, tf2::Duration) const[m[K’
[45.007s]   231 |   T [01;36m[Ktransform[m[K(
[45.008s]       |     [01;36m[K^~~~~~~~~[m[K
[45.008s] [01m[K/opt/ros/jazzy/include/tf2_ros/tf2_ros/buffer_interface.h:231:5:[m[K [01;36m[Knote: [m[K  candidate expects 3 arguments, 6 provided
[45.008s] [01m[K/opt/ros/jazzy/include/tf2_ros/tf2_ros/buffer_interface.h:257:7:[m[K [01;36m[Knote: [m[Kcandidate: ‘[01m[Ktemplate<class A, class B> B& tf2_ros::BufferInterface::[01;32m[Ktransform[m[K(const A&, B&, const std::string&, tf2::Duration) const[m[K’
[45.010s]   257 |   B & [01;36m[Ktransform[m[K(
[45.010s]       |       [01;36m[K^~~~~~~~~[m[K
[45.010s] [01m[K/opt/ros/jazzy/include/tf2_ros/tf2_ros/buffer_interface.h:257:7:[m[K [01;36m[Knote: [m[K  candidate expects 4 arguments, 6 provided
[45.011s] [01m[K/opt/ros/jazzy/include/tf2_ros/tf2_ros/buffer_interface.h:282:7:[m[K [01;36m[Knote: [m[Kcandidate: ‘[01m[KT& tf2_ros::BufferInterface::[01;32m[Ktransform[m[K(const T&, T&, const std::string&, const tf2::TimePoint&, const std::string&, tf2::Duration) const [35m[K[with T = geometry_msgs::msg::PointStamped_<std::allocator<void> >; std::string = std::__cxx11::basic_string<char>; tf2::TimePoint = std::chrono::time_point<std::chrono::_V2::system_clock, std::chrono::duration<long int, std::ratio<1, 1000000000> > >; tf2::Duration = std::chrono::duration<long int, std::ratio<1, 1000000000> >][m[K[m[K’
[45.011s]   282 |   T & [01;36m[Ktransform[m[K(
[45.011s]       |       [01;36m[K^~~~~~~~~[m[K
[45.011s] [01m[K/opt/ros/jazzy/include/tf2_ros/tf2_ros/buffer_interface.h:284:62:[m[K [01;36m[Knote: [m[K  no known conversion for argument 4 from ‘[01m[Krclcpp::Time[m[K’ to ‘[01m[Kconst tf2::TimePoint&[m[K’ {aka ‘[01m[Kconst std::chrono::time_point<std::chrono::_V2::system_clock, std::chrono::duration<long int, std::ratio<1, 1000000000> > >&[m[K’}
[45.011s]   284 |     const std::string & target_frame, [01;36m[Kconst tf2::TimePoint & target_time[m[K,
[45.012s]       |                                       [01;36m[K~~~~~~~~~~~~~~~~~~~~~~~^~~~~~~~~~~[m[K
[45.012s] [01m[K/opt/ros/jazzy/include/tf2_ros/tf2_ros/buffer_interface.h:312:5:[m[K [01;36m[Knote: [m[Kcandidate: ‘[01m[Ktemplate<class T> T tf2_ros::BufferInterface::[01;32m[Ktransform[m[K(const T&, const std::string&, const tf2::TimePoint&, const std::string&, tf2::Duration) const[m[K’
[45.014s]   312 |   T [01;36m[Ktransform[m[K(
[45.014s]       |     [01;36m[K^~~~~~~~~[m[K
[45.014s] [01m[K/opt/ros/jazzy/include/tf2_ros/tf2_ros/buffer_interface.h:312:5:[m[K [01;36m[Knote: [m[K  candidate expects 5 arguments, 6 provided
[45.014s] [01m[K/opt/ros/jazzy/include/tf2_ros/tf2_ros/buffer_interface.h:343:7:[m[K [01;36m[Knote: [m[Kcandidate: ‘[01m[Ktemplate<class A, class B> B& tf2_ros::BufferInterface::[01;32m[Ktransform[m[K(const A&, B&, const std::string&, const tf2::TimePoint&, const std::string&, tf2::Duration) const[m[K’
[45.015s]   343 |   B & [01;36m[Ktransform[m[K(
[45.015s]       |       [01;36m[K^~~~~~~~~[m[K
[45.015s] [01m[K/opt/ros/jazzy/include/tf2_ros/tf2_ros/buffer_interface.h:343:7:[m[K [01;36m[Knote: [m[K  template argument deduction/substitution failed:
[45.015s] [01m[K/home/neha/ros2_ws/src/current_semnav_migration/src/navigation_humans.cpp:313:72:[m[K [01;36m[Knote: [m[K  cannot convert ‘[01m[Krclcpp::Time(0, RCL_SYSTEM_TIME)[m[K’ (type ‘[01m[Krclcpp::Time[m[K’) to type ‘[01m[Kconst tf2::TimePoint&[m[K’ {aka ‘[01m[Kconst std::chrono::time_point<std::chrono::_V2::system_clock, std::chrono::duration<long int, std::ratio<1, 1000000000> > >&[m[K’}
[45.015s]   313 |                                             "world_frame_id_", rclcpp::[01;36m[KTime(0)[m[K,
[45.015s]       |                                                                        [01;36m[K^~~~~~~[m[K
[66.173s] gmake[2]: *** [CMakeFiles/navigation_humans.dir/build.make:76: CMakeFiles/navigation_humans.dir/src/navigation_humans.cpp.o] Error 1
[66.174s] gmake[1]: *** [CMakeFiles/Makefile2:233: CMakeFiles/navigation_humans.dir/all] Error 2
[66.174s] gmake[1]: *** Waiting for unfinished jobs....
[153.023s] [ 47%] [32m[1mLinking CXX executable human_following[0m
[157.315s] [ 47%] Built target human_following
[157.318s] gmake: *** [Makefile:146: all] Error 2
[157.323s] Invoked command in '/home/neha/ros2_ws/src/current_semnav_migration/build/semnav' returned '2': CMAKE_PREFIX_PATH=${CMAKE_PREFIX_PATH}:/opt/ros/jazzy DEBUGINFOD_URLS=https://debuginfod.ubuntu.com /usr/bin/cmake --build /home/neha/ros2_ws/src/current_semnav_migration/build/semnav -- -j2 -l2
