[0.026s] Invoking command in '/home/neha/ros2_ws/src/semnav_migration/build/semnav': CMAKE_PREFIX_PATH=${CMAKE_PREFIX_PATH}:/opt/ros/jazzy DEBUGINFOD_URLS=https://debuginfod.ubuntu.com /usr/bin/cmake --build /home/neha/ros2_ws/src/semnav_migration/build/semnav -- -j2 -l2
[0.076s] -- Found ament_cmake: 2.5.0 (/opt/ros/jazzy/share/ament_cmake/cmake)
[0.504s] -- Found rclcpp: 28.1.2 (/opt/ros/jazzy/share/rclcpp/cmake)
[0.666s] -- Found rosidl_generator_c: 4.6.2 (/opt/ros/jazzy/share/rosidl_generator_c/cmake)
[0.685s] -- Found rosidl_generator_cpp: 4.6.2 (/opt/ros/jazzy/share/rosidl_generator_cpp/cmake)
[0.710s] -- Using all available rosidl_typesupport_c: rosidl_typesupport_fastrtps_c;rosidl_typesupport_introspection_c
[0.745s] -- Using all available rosidl_typesupport_cpp: rosidl_typesupport_fastrtps_cpp;rosidl_typesupport_introspection_cpp
[0.881s] -- Found rmw_implementation_cmake: 7.3.1 (/opt/ros/jazzy/share/rmw_implementation_cmake/cmake)
[0.883s] -- Found rmw_fastrtps_cpp: 8.4.0 (/opt/ros/jazzy/share/rmw_fastrtps_cpp/cmake)
[1.011s] -- Using RMW implementation 'rmw_fastrtps_cpp' as default
[1.151s] -- Found sensor_msgs: 5.3.5 (/opt/ros/jazzy/share/sensor_msgs/cmake)
[1.276s] -- Found nav_msgs: 5.3.5 (/opt/ros/jazzy/share/nav_msgs/cmake)
[1.384s] -- Found example_interfaces: 0.12.0 (/opt/ros/jazzy/share/example_interfaces/cmake)
[1.522s] -- Found tf2: 0.36.4 (/opt/ros/jazzy/share/tf2/cmake)
[1.530s] -- Found tf2_ros: 0.36.4 (/opt/ros/jazzy/share/tf2_ros/cmake)
[1.707s] -- Found object_pose_interface_msgs: 0.0.0 (/home/neha/ros2_ws/src/install/object_pose_interface_msgs/share/object_pose_interface_msgs/cmake)
[1.767s] -- Found Boost: /usr/lib/x86_64-linux-gnu/cmake/Boost-1.83.0/BoostConfig.cmake (found version "1.83.0") found components: system 
[1.774s] -- Using header-only CGAL
[1.777s] -- Targeting Unix Makefiles
[1.777s] -- Using /usr/bin/c++ compiler.
[1.791s] -- Found Boost: /usr/lib/x86_64-linux-gnu/cmake/Boost-1.83.0/BoostConfig.cmake (found suitable version "1.83.0", minimum required is "1.66")  
[1.792s] -- Boost include dirs: /usr/include
[1.792s] -- Boost libraries:    
[1.796s] -- Using gcc version 4 or later. Adding -frounding-math
[2.707s] CMake Warning at /usr/lib/x86_64-linux-gnu/cmake/CGAL/CGAL_enable_end_of_configuration_hook.cmake:93 (message):
[2.707s]   =======================================================================
[2.707s] 
[2.707s]   CGAL performance notice:
[2.707s] 
[2.707s]   The variable CMAKE_BUILD_TYPE is set to "".  For performance reasons, you
[2.708s]   should set CMAKE_BUILD_TYPE to "Release".
[2.708s] 
[2.708s]   Set CGAL_DO_NOT_WARN_ABOUT_CMAKE_BUILD_TYPE to TRUE if you want to disable
[2.708s]   this warning.
[2.708s] 
[2.708s]   =======================================================================
[2.708s] Call Stack (most recent call first):
[2.709s]   /usr/lib/x86_64-linux-gnu/cmake/CGAL/CGAL_enable_end_of_configuration_hook.cmake:163 (CGAL_hook_check_CMAKE_BUILD_TYPE)
[2.709s]   CMakeLists.txt:DEFERRED
[2.709s] 
[2.709s] 
[2.709s] -- Configuring done (2.6s)
[4.309s] -- Generating done (1.2s)
[4.316s] -- Build files have been written to: /home/neha/ros2_ws/src/semnav_migration/build/semnav
[4.484s] [  4%] Building CXX object CMakeFiles/reactive_planner.dir/src/libraries/reactive_planner_lib.cpp.o
[8.167s] In file included from /home/neha/ros2_ws/src/semnav_migration/src/libraries/reactive_planner_lib.cpp:25:
[8.167s] /home/neha/ros2_ws/src/semnav_migration/include/reactive_planner_lib.h:48:10: fatal error: example_interfaces/msg/UInt32.h: No such file or directory
[8.167s]    48 | #include <example_interfaces/msg/UInt32.h>
[8.167s]       |          ^~~~~~~~~~~~~~~~~~~~~~~~~~~~~~~~~
[8.167s] compilation terminated.
[8.219s] gmake[2]: *** [CMakeFiles/reactive_planner.dir/build.make:90: CMakeFiles/reactive_planner.dir/src/libraries/reactive_planner_lib.cpp.o] Error 1
[8.220s] gmake[1]: *** [CMakeFiles/Makefile2:155: CMakeFiles/reactive_planner.dir/all] Error 2
[8.220s] gmake: *** [Makefile:146: all] Error 2
[8.224s] Invoked command in '/home/neha/ros2_ws/src/semnav_migration/build/semnav' returned '2': CMAKE_PREFIX_PATH=${CMAKE_PREFIX_PATH}:/opt/ros/jazzy DEBUGINFOD_URLS=https://debuginfod.ubuntu.com /usr/bin/cmake --build /home/neha/ros2_ws/src/semnav_migration/build/semnav -- -j2 -l2
