[0.025s] Invoking command in '/home/neha/ros2_ws/src/semnav_migration/build/semnav': CMAKE_PREFIX_PATH=${CMAKE_PREFIX_PATH}:/opt/ros/jazzy DEBUGINFOD_URLS=https://debuginfod.ubuntu.com /usr/bin/cmake --build /home/neha/ros2_ws/src/semnav_migration/build/semnav -- -j2 -l2
[0.039s] CMake Error: Parse error in cache file /home/neha/ros2_ws/src/semnav_migration/build/semnav/CMakeCache.txt on line 413. Offending entry: 
[0.057s] CMake Error: Parse error in cache file /home/neha/ros2_ws/src/semnav_migration/build/semnav/CMakeCache.txt on line 413. Offending entry: 
[0.075s] -- Found ament_cmake: 2.5.0 (/opt/ros/jazzy/share/ament_cmake/cmake)
[0.499s] -- Found rclcpp: 28.1.2 (/opt/ros/jazzy/share/rclcpp/cmake)
[0.557s] -- Found rosidl_generator_c: 4.6.2 (/opt/ros/jazzy/share/rosidl_generator_c/cmake)
[0.580s] -- Found rosidl_generator_cpp: 4.6.2 (/opt/ros/jazzy/share/rosidl_generator_cpp/cmake)
[0.609s] -- Using all available rosidl_typesupport_c: rosidl_typesupport_fastrtps_c;rosidl_typesupport_introspection_c
[0.640s] -- Using all available rosidl_typesupport_cpp: rosidl_typesupport_fastrtps_cpp;rosidl_typesupport_introspection_cpp
[0.776s] -- Found rmw_implementation_cmake: 7.3.1 (/opt/ros/jazzy/share/rmw_implementation_cmake/cmake)
[0.778s] -- Found rmw_fastrtps_cpp: 8.4.0 (/opt/ros/jazzy/share/rmw_fastrtps_cpp/cmake)
[0.905s] -- Using RMW implementation 'rmw_fastrtps_cpp' as default
[1.046s] -- Found sensor_msgs: 5.3.5 (/opt/ros/jazzy/share/sensor_msgs/cmake)
[1.178s] -- Found nav_msgs: 5.3.5 (/opt/ros/jazzy/share/nav_msgs/cmake)
[1.240s] -- Found example_interfaces: 0.12.0 (/opt/ros/jazzy/share/example_interfaces/cmake)
[1.360s] -- Found tf2: 0.36.4 (/opt/ros/jazzy/share/tf2/cmake)
[1.368s] -- Found tf2_ros: 0.36.4 (/opt/ros/jazzy/share/tf2_ros/cmake)
[1.544s] -- Found object_pose_interface_msgs: 0.0.0 (/home/neha/ros2_ws/src/install/object_pose_interface_msgs/share/object_pose_interface_msgs/cmake)
[1.604s] -- Found Boost: /usr/lib/x86_64-linux-gnu/cmake/Boost-1.83.0/BoostConfig.cmake (found version "1.83.0") found components: system 
[1.611s] -- Using header-only CGAL
[1.614s] -- Targeting Unix Makefiles
[1.614s] -- Using /usr/bin/c++ compiler.
[1.628s] -- Found Boost: /usr/lib/x86_64-linux-gnu/cmake/Boost-1.83.0/BoostConfig.cmake (found suitable version "1.83.0", minimum required is "1.66")  
[1.629s] -- Boost include dirs: /usr/include
[1.629s] -- Boost libraries:    
[1.633s] -- Using gcc version 4 or later. Adding -frounding-math
[2.527s] CMake Warning at /usr/lib/x86_64-linux-gnu/cmake/CGAL/CGAL_enable_end_of_configuration_hook.cmake:93 (message):
[2.527s]   =======================================================================
[2.528s] 
[2.528s]   CGAL performance notice:
[2.528s] 
[2.528s]   The variable CMAKE_BUILD_TYPE is set to "".  For performance reasons, you
[2.528s]   should set CMAKE_BUILD_TYPE to "Release".
[2.528s] 
[2.528s]   Set CGAL_DO_NOT_WARN_ABOUT_CMAKE_BUILD_TYPE to TRUE if you want to disable
[2.529s]   this warning.
[2.529s] 
[2.529s]   =======================================================================
[2.529s] Call Stack (most recent call first):
[2.529s]   /usr/lib/x86_64-linux-gnu/cmake/CGAL/CGAL_enable_end_of_configuration_hook.cmake:163 (CGAL_hook_check_CMAKE_BUILD_TYPE)
[2.529s]   CMakeLists.txt:DEFERRED
[2.529s] 
[2.529s] 
[2.530s] -- Configuring incomplete, errors occurred!
[2.545s] gmake: *** [Makefile:663: cmake_check_build_system] Error 1
[2.548s] Invoked command in '/home/neha/ros2_ws/src/semnav_migration/build/semnav' returned '2': CMAKE_PREFIX_PATH=${CMAKE_PREFIX_PATH}:/opt/ros/jazzy DEBUGINFOD_URLS=https://debuginfod.ubuntu.com /usr/bin/cmake --build /home/neha/ros2_ws/src/semnav_migration/build/semnav -- -j2 -l2
