[0.027s] Invoking command in '/home/neha/ros2_ws/src/semnav_migration/build/semnav': CMAKE_PREFIX_PATH=${CMAKE_PREFIX_PATH}:/opt/ros/jazzy DEBUGINFOD_URLS=https://debuginfod.ubuntu.com /usr/bin/cmake --build /home/neha/ros2_ws/src/semnav_migration/build/semnav -- -j2 -l2
[0.196s] [ 14%] Built target reactive_planner
[0.338s] [ 23%] Building CXX object CMakeFiles/navigation.dir/src/navigation.cpp.o
[0.338s] [ 23%] Building CXX object CMakeFiles/navigation_semantic.dir/src/navigation_semantic.cpp.o
[22.318s] /home/neha/ros2_ws/src/semnav_migration/src/navigation_semantic.cpp:46:13: error: extra qualification ‘SemanticNavigationNode::’ on member ‘SemanticNavigationNode’ [-fpermissive]
[22.318s]    46 |             SemanticNavigationNode::SemanticNavigationNode() : Node("semantic_navigation_node") {
[22.318s]       |             ^~~~~~~~~~~~~~~~~~~~~~
[22.363s] /home/neha/ros2_ws/src/semnav_migration/src/navigation_semantic.cpp: In constructor ‘SemanticNavigationNode::SemanticNavigationNode()’:
[22.363s] /home/neha/ros2_ws/src/semnav_migration/src/navigation_semantic.cpp:46:95: error: no matching function for call to ‘rclcpp::Node::Node()’
[22.363s]    46 |             SemanticNavigationNode::SemanticNavigationNode() : Node("semantic_navigation_node") {
[22.363s]       |                                                                                               ^
[22.365s] In file included from /opt/ros/jazzy/include/rclcpp/rclcpp/executors/single_threaded_executor.hpp:28,
[22.365s]                  from /opt/ros/jazzy/include/rclcpp/rclcpp/executors.hpp:22,
[22.366s]                  from /opt/ros/jazzy/include/rclcpp/rclcpp/rclcpp.hpp:172,
[22.366s]                  from /home/neha/ros2_ws/src/semnav_migration/include/reactive_planner_lib.h:32,
[22.366s]                  from /home/neha/ros2_ws/src/semnav_migration/src/navigation_semantic.cpp:25:
[22.366s] /opt/ros/jazzy/include/rclcpp/rclcpp/node.hpp:1629:3: note: candidate: ‘rclcpp::Node::Node(const rclcpp::Node&, const std::string&)’
[22.366s]  1629 |   Node(
[22.366s]       |   ^~~~
[22.366s] /opt/ros/jazzy/include/rclcpp/rclcpp/node.hpp:1629:3: note:   candidate expects 2 arguments, 0 provided
[22.367s] /opt/ros/jazzy/include/rclcpp/rclcpp/node.hpp:103:12: note: candidate: ‘rclcpp::Node::Node(const std::string&, const std::string&, const rclcpp::NodeOptions&)’
[22.368s]   103 |   explicit Node(
[22.368s]       |            ^~~~
[22.368s] /opt/ros/jazzy/include/rclcpp/rclcpp/node.hpp:103:12: note:   candidate expects 3 arguments, 0 provided
[22.368s] /opt/ros/jazzy/include/rclcpp/rclcpp/node.hpp:91:12: note: candidate: ‘rclcpp::Node::Node(const std::string&, const rclcpp::NodeOptions&)’
[22.369s]    91 |   explicit Node(
[22.369s]       |            ^~~~
[22.369s] /opt/ros/jazzy/include/rclcpp/rclcpp/node.hpp:91:12: note:   candidate expects 2 arguments, 0 provided
[22.515s] /home/neha/ros2_ws/src/semnav_migration/src/navigation.cpp:46:13: error: extra qualification ‘NavigationNode::’ on member ‘NavigationNode’ [-fpermissive]
[22.515s]    46 |             NavigationNode::NavigationNode() : rclcpp::Node(std::string("navigation_node")) {
[22.515s]       |             ^~~~~~~~~~~~~~
[22.546s] /home/neha/ros2_ws/src/semnav_migration/src/navigation_semantic.cpp:145:32: error: no matching function for call to ‘message_filters::Subscriber<sensor_msgs::msg::LaserScan_<std::allocator<void> > >::subscribe(SemanticNavigationNode*, const char [17], int)’
[22.547s]   145 |             sub_laser.subscribe(this, "sub_laser_topic_", 1);
[22.547s]       |             ~~~~~~~~~~~~~~~~~~~^~~~~~~~~~~~~~~~~~~~~~~~~~~~~
[22.548s] In file included from /home/neha/ros2_ws/src/semnav_migration/include/reactive_planner_lib.h:44:
[22.548s] /opt/ros/jazzy/include/message_filters/message_filters/subscriber.h:240:8: note: candidate: ‘void message_filters::Subscriber<M, NodeType>::subscribe(NodePtr, const std::string&, rmw_qos_profile_t) [with M = sensor_msgs::msg::LaserScan_<std::allocator<void> >; NodeType = rclcpp::Node; NodePtr = std::shared_ptr<rclcpp::Node>; std::string = std::__cxx11::basic_string<char>; rmw_qos_profile_t = rmw_qos_profile_s]’
[22.550s]   240 |   void subscribe(NodePtr node, const std::string& topic, const rmw_qos_profile_t qos = rmw_qos_profile_default) override
[22.550s]       |        ^~~~~~~~~
[22.550s] /opt/ros/jazzy/include/message_filters/message_filters/subscriber.h:240:26: note:   no known conversion for argument 1 from ‘SemanticNavigationNode*’ to ‘message_filters::Subscriber<sensor_msgs::msg::LaserScan_<std::allocator<void> > >::NodePtr’ {aka ‘std::shared_ptr<rclcpp::Node>’}
[22.550s]   240 |   void subscribe(NodePtr node, const std::string& topic, const rmw_qos_profile_t qos = rmw_qos_profile_default) override
[22.551s]       |                  ~~~~~~~~^~~~
[22.551s] /opt/ros/jazzy/include/message_filters/message_filters/subscriber.h:255:8: note: candidate: ‘void message_filters::Subscriber<M, NodeType>::subscribe(NodeType*, const std::string&, rmw_qos_profile_t) [with M = sensor_msgs::msg::LaserScan_<std::allocator<void> >; NodeType = rclcpp::Node; std::string = std::__cxx11::basic_string<char>; rmw_qos_profile_t = rmw_qos_profile_s]’
[22.551s]   255 |   void subscribe(NodeType * node, const std::string& topic, const rmw_qos_profile_t qos = rmw_qos_profile_default) override
[22.551s]       |        ^~~~~~~~~
[22.551s] /opt/ros/jazzy/include/message_filters/message_filters/subscriber.h:255:85: note:   no known conversion for argument 3 from ‘int’ to ‘rmw_qos_profile_t’ {aka ‘rmw_qos_profile_s’}
[22.551s]   255 |   void subscribe(NodeType * node, const std::string& topic, const rmw_qos_profile_t qos = rmw_qos_profile_default) override
[22.551s]       |                                                             ~~~~~~~~~~~~~~~~~~~~~~~~^~~~~~~~~~~~~~~~~~~~~~~~~~~~~
[22.552s] /opt/ros/jazzy/include/message_filters/message_filters/subscriber.h:270:8: note: candidate: ‘void message_filters::Subscriber<M, NodeType>::subscribe(NodePtr, const std::string&, rmw_qos_profile_t, rclcpp::SubscriptionOptions) [with M = sensor_msgs::msg::LaserScan_<std::allocator<void> >; NodeType = rclcpp::Node; NodePtr = std::shared_ptr<rclcpp::Node>; std::string = std::__cxx11::basic_string<char>; rmw_qos_profile_t = rmw_qos_profile_s; rclcpp::SubscriptionOptions = rclcpp::SubscriptionOptionsWithAllocator<std::allocator<void> >]’
[22.554s]   270 |   void subscribe(
[22.554s]       |        ^~~~~~~~~
[22.555s] /opt/ros/jazzy/include/message_filters/message_filters/subscriber.h:270:8: note:   candidate expects 4 arguments, 3 provided
[22.555s] /opt/ros/jazzy/include/message_filters/message_filters/subscriber.h:292:8: note: candidate: ‘void message_filters::Subscriber<M, NodeType>::subscribe(NodeType*, const std::string&, rmw_qos_profile_t, rclcpp::SubscriptionOptions) [with M = sensor_msgs::msg::LaserScan_<std::allocator<void> >; NodeType = rclcpp::Node; std::string = std::__cxx11::basic_string<char>; rmw_qos_profile_t = rmw_qos_profile_s; rclcpp::SubscriptionOptions = rclcpp::SubscriptionOptionsWithAllocator<std::allocator<void> >]’
[22.555s]   292 |   void subscribe(
[22.555s]       |        ^~~~~~~~~
[22.555s] /opt/ros/jazzy/include/message_filters/message_filters/subscriber.h:292:8: note:   candidate expects 4 arguments, 3 provided
[22.555s] /opt/ros/jazzy/include/message_filters/message_filters/subscriber.h:319:8: note: candidate: ‘void message_filters::Subscriber<M, NodeType>::subscribe() [with M = sensor_msgs::msg::LaserScan_<std::allocator<void> >; NodeType = rclcpp::Node]’
[22.555s]   319 |   void subscribe() override
[22.555s]       |        ^~~~~~~~~
[22.556s] /opt/ros/jazzy/include/message_filters/message_filters/subscriber.h:319:8: note:   candidate expects 0 arguments, 3 provided
[22.559s] /home/neha/ros2_ws/src/semnav_migration/src/navigation_semantic.cpp:146:32: error: no matching function for call to ‘message_filters::Subscriber<nav_msgs::msg::Odometry_<std::allocator<void> > >::subscribe(SemanticNavigationNode*, const char [17], int)’
[22.559s]   146 |             sub_robot.subscribe(this, "sub_robot_topic_", 1);
[22.559s]       |             ~~~~~~~~~~~~~~~~~~~^~~~~~~~~~~~~~~~~~~~~~~~~~~~~
[22.559s] /opt/ros/jazzy/include/message_filters/message_filters/subscriber.h:240:8: note: candidate: ‘void message_filters::Subscriber<M, NodeType>::subscribe(NodePtr, const std::string&, rmw_qos_profile_t) [with M = nav_msgs::msg::Odometry_<std::allocator<void> >; NodeType = rclcpp::Node; NodePtr = std::shared_ptr<rclcpp::Node>; std::string = std::__cxx11::basic_string<char>; rmw_qos_profile_t = rmw_qos_profile_s]’
[22.559s]   240 |   void subscribe(NodePtr node, const std::string& topic, const rmw_qos_profile_t qos = rmw_qos_profile_default) override
[22.560s]       |        ^~~~~~~~~
[22.560s] /opt/ros/jazzy/include/message_filters/message_filters/subscriber.h:240:26: note:   no known conversion for argument 1 from ‘SemanticNavigationNode*’ to ‘message_filters::Subscriber<nav_msgs::msg::Odometry_<std::allocator<void> > >::NodePtr’ {aka ‘std::shared_ptr<rclcpp::Node>’}
[22.560s]   240 |   void subscribe(NodePtr node, const std::string& topic, const rmw_qos_profile_t qos = rmw_qos_profile_default) override
[22.560s]       |                  ~~~~~~~~^~~~
[22.560s] /opt/ros/jazzy/include/message_filters/message_filters/subscriber.h:255:8: note: candidate: ‘void message_filters::Subscriber<M, NodeType>::subscribe(NodeType*, const std::string&, rmw_qos_profile_t) [with M = nav_msgs::msg::Odometry_<std::allocator<void> >; NodeType = rclcpp::Node; std::string = std::__cxx11::basic_string<char>; rmw_qos_profile_t = rmw_qos_profile_s]’
[22.560s]   255 |   void subscribe(NodeType * node, const std::string& topic, const rmw_qos_profile_t qos = rmw_qos_profile_default) override
[22.560s]       |        ^~~~~~~~~
[22.561s] /opt/ros/jazzy/include/message_filters/message_filters/subscriber.h:255:85: note:   no known conversion for argument 3 from ‘int’ to ‘rmw_qos_profile_t’ {aka ‘rmw_qos_profile_s’}
[22.561s]   255 |   void subscribe(NodeType * node, const std::string& topic, const rmw_qos_profile_t qos = rmw_qos_profile_default) override
[22.561s]       |                                                             ~~~~~~~~~~~~~~~~~~~~~~~~^~~~~~~~~~~~~~~~~~~~~~~~~~~~~
[22.561s] /opt/ros/jazzy/include/message_filters/message_filters/subscriber.h:270:8: note: candidate: ‘void message_filters::Subscriber<M, NodeType>::subscribe(NodePtr, const std::string&, rmw_qos_profile_t, rclcpp::SubscriptionOptions) [with M = nav_msgs::msg::Odometry_<std::allocator<void> >; NodeType = rclcpp::Node; NodePtr = std::shared_ptr<rclcpp::Node>; std::string = std::__cxx11::basic_string<char>; rmw_qos_profile_t = rmw_qos_profile_s; rclcpp::SubscriptionOptions = rclcpp::SubscriptionOptionsWithAllocator<std::allocator<void> >]’
[22.562s]   270 |   void subscribe(
[22.562s]       |        ^~~~~~~~~
[22.562s] /opt/ros/jazzy/include/message_filters/message_filters/subscriber.h:270:8: note:   candidate expects 4 arguments, 3 provided
[22.562s] /opt/ros/jazzy/include/message_filters/message_filters/subscriber.h:292:8: note: candidate: ‘void message_filters::Subscriber<M, NodeType>::subscribe(NodeType*, const std::string&, rmw_qos_profile_t, rclcpp::SubscriptionOptions) [with M = nav_msgs::msg::Odometry_<std::allocator<void> >; NodeType = rclcpp::Node; std::string = std::__cxx11::basic_string<char>; rmw_qos_profile_t = rmw_qos_profile_s; rclcpp::SubscriptionOptions = rclcpp::SubscriptionOptionsWithAllocator<std::allocator<void> >]’
[22.562s]   292 |   void subscribe(
[22.562s]       |        ^~~~~~~~~
[22.562s] /opt/ros/jazzy/include/message_filters/message_filters/subscriber.h:292:8: note:   candidate expects 4 arguments, 3 provided
[22.563s] /opt/ros/jazzy/include/message_filters/message_filters/subscriber.h:319:8: note: candidate: ‘void message_filters::Subscriber<M, NodeType>::subscribe() [with M = nav_msgs::msg::Odometry_<std::allocator<void> >; NodeType = rclcpp::Node]’
[22.563s]   319 |   void subscribe() override
[22.565s]       |        ^~~~~~~~~
[22.565s] /opt/ros/jazzy/include/message_filters/message_filters/subscriber.h:319:8: note:   candidate expects 0 arguments, 3 provided
[22.565s] /home/neha/ros2_ws/src/semnav_migration/src/navigation_semantic.cpp:154:86: error: no matching function for call to ‘SemanticNavigationNode::create_subscription(const char [20], int)’
[22.565s]   154 |                         rclcpp::Subscription sub_semantic = this->create_subscription("sub_semantic_topic_", 1);
[22.566s]       |                                                             ~~~~~~~~~~~~~~~~~~~~~~~~~^~~~~~~~~~~~~~~~~~~~~~~~~~
[22.566s] /opt/ros/jazzy/include/rclcpp/rclcpp/node.hpp:221:3: note: candidate: ‘template<class MessageT, class CallbackT, class AllocatorT, class SubscriptionT, class MessageMemoryStrategyT> std::shared_ptr<ROSMessageT> rclcpp::Node::create_subscription(const std::string&, const rclcpp::QoS&, CallbackT&&, const rclcpp::SubscriptionOptionsWithAllocator<AllocatorT>&, typename MessageMemoryStrategyT::SharedPtr)’
[22.566s]   221 |   create_subscription(
[22.566s]       |   ^~~~~~~~~~~~~~~~~~~
[22.566s] /opt/ros/jazzy/include/rclcpp/rclcpp/node.hpp:221:3: note:   template argument deduction/substitution failed:
[22.566s] /home/neha/ros2_ws/src/semnav_migration/src/navigation_semantic.cpp:154:86: note:   candidate expects 5 arguments, 2 provided
[22.566s]   154 |                         rclcpp::Subscription sub_semantic = this->create_subscription("sub_semantic_topic_", 1);
[22.567s]       |                                                             ~~~~~~~~~~~~~~~~~~~~~~~~~^~~~~~~~~~~~~~~~~~~~~~~~~~
[22.577s] /home/neha/ros2_ws/src/semnav_migration/src/navigation.cpp: In constructor ‘NavigationNode::NavigationNode()’:
[22.577s] /home/neha/ros2_ws/src/semnav_migration/src/navigation.cpp:46:91: error: no matching function for call to ‘rclcpp::Node::Node()’
[22.577s]    46 |             NavigationNode::NavigationNode() : rclcpp::Node(std::string("navigation_node")) {
[22.577s]       |                                                                                           ^
[22.578s] In file included from /opt/ros/jazzy/include/rclcpp/rclcpp/executors/single_threaded_executor.hpp:28,
[22.578s]                  from /opt/ros/jazzy/include/rclcpp/rclcpp/executors.hpp:22,
[22.578s]                  from /opt/ros/jazzy/include/rclcpp/rclcpp/rclcpp.hpp:172,
[22.578s]                  from /home/neha/ros2_ws/src/semnav_migration/include/reactive_planner_lib.h:32,
[22.578s]                  from /home/neha/ros2_ws/src/semnav_migration/src/navigation.cpp:25:
[22.578s] /opt/ros/jazzy/include/rclcpp/rclcpp/node.hpp:1629:3: note: candidate: ‘rclcpp::Node::Node(const rclcpp::Node&, const std::string&)’
[22.578s]  1629 |   Node(
[22.579s]       |   ^~~~
[22.579s] /opt/ros/jazzy/include/rclcpp/rclcpp/node.hpp:1629:3: note:   candidate expects 2 arguments, 0 provided
[22.581s] /opt/ros/jazzy/include/rclcpp/rclcpp/node.hpp:103:12: note: candidate: ‘rclcpp::Node::Node(const std::string&, const std::string&, const rclcpp::NodeOptions&)’
[22.581s]   103 |   explicit Node(
[22.581s]       |            ^~~~
[22.581s] /opt/ros/jazzy/include/rclcpp/rclcpp/node.hpp:103:12: note:   candidate expects 3 arguments, 0 provided
[22.582s] /opt/ros/jazzy/include/rclcpp/rclcpp/node.hpp:91:12: note: candidate: ‘rclcpp::Node::Node(const std::string&, const rclcpp::NodeOptions&)’
[22.582s]    91 |   explicit Node(
[22.582s]       |            ^~~~
[22.582s] /opt/ros/jazzy/include/rclcpp/rclcpp/node.hpp:91:12: note:   candidate expects 2 arguments, 0 provided
[22.667s] /home/neha/ros2_ws/src/semnav_migration/src/navigation_semantic.cpp: In member function ‘void SemanticNavigationNode::control_callback(const sensor_msgs::msg::LaserScan_<std::allocator<void> >::ConstPtr&, const nav_msgs::msg::Odometry_<std::allocator<void> >::ConstPtr&)’:
[22.667s] /home/neha/ros2_ws/src/semnav_migration/src/navigation_semantic.cpp:445:42: error: could not convert ‘lidar_data’ from ‘shared_ptr<LaserScan_<[...]>>’ to ‘shared_ptr<LaserScan_<[...]>>’
[22.667s]   445 |                         constructLIDAR2D(lidar_data, CutoffRange_, AllowableRange_, RobotPitch_, &LIDAR);
[22.668s]       |                                          ^~~~~~~~~~
[22.668s]       |                                          |
[22.668s]       |                                          shared_ptr<LaserScan_<[...]>>
[22.685s] /home/neha/ros2_ws/src/semnav_migration/src/navigation.cpp:143:116: error: no matching function for call to ‘message_filters::Subscriber<sensor_msgs::msg::LaserScan_<std::allocator<void> > >::Subscriber(rclcpp::Node&, std::string&, int)’
[22.685s]   143 |                         message_filters::Subscriber<sensor_msgs::msg::LaserScan> sub_laser(nh_, sub_laser_topic_, 1);
[22.685s]       |                                                                                                                    ^
[22.686s] In file included from /home/neha/ros2_ws/src/semnav_migration/include/reactive_planner_lib.h:44:
[22.686s] /opt/ros/jazzy/include/message_filters/message_filters/subscriber.h:224:3: note: candidate: ‘message_filters::Subscriber<M, NodeType>::Subscriber() [with M = sensor_msgs::msg::LaserScan_<std::allocator<void> >; NodeType = rclcpp::Node]’
[22.686s]   224 |   Subscriber() = default;
[22.686s]       |   ^~~~~~~~~~
[22.686s] /opt/ros/jazzy/include/message_filters/message_filters/subscriber.h:224:3: note:   candidate expects 0 arguments, 3 provided
[22.686s] /opt/ros/jazzy/include/message_filters/message_filters/subscriber.h:212:3: note: candidate: ‘message_filters::Subscriber<M, NodeType>::Subscriber(NodeType*, const std::string&, rmw_qos_profile_t, rclcpp::SubscriptionOptions) [with M = sensor_msgs::msg::LaserScan_<std::allocator<void> >; NodeType = rclcpp::Node; std::string = std::__cxx11::basic_string<char>; rmw_qos_profile_t = rmw_qos_profile_s; rclcpp::SubscriptionOptions = rclcpp::SubscriptionOptionsWithAllocator<std::allocator<void> >]’
[22.686s]   212 |   Subscriber(
[22.687s]       |   ^~~~~~~~~~
[22.689s] /opt/ros/jazzy/include/message_filters/message_filters/subscriber.h:212:3: note:   candidate expects 4 arguments, 3 provided
[22.689s] /opt/ros/jazzy/include/message_filters/message_filters/subscriber.h:203:3: note: candidate: ‘message_filters::Subscriber<M, NodeType>::Subscriber(NodePtr, const std::string&, rmw_qos_profile_t, rclcpp::SubscriptionOptions) [with M = sensor_msgs::msg::LaserScan_<std::allocator<void> >; NodeType = rclcpp::Node; NodePtr = std::shared_ptr<rclcpp::Node>; std::string = std::__cxx11::basic_string<char>; rmw_qos_profile_t = rmw_qos_profile_s; rclcpp::SubscriptionOptions = rclcpp::SubscriptionOptionsWithAllocator<std::allocator<void> >]’
[22.689s]   203 |   Subscriber(
[22.689s]       |   ^~~~~~~~~~
[22.690s] /opt/ros/jazzy/include/message_filters/message_filters/subscriber.h:203:3: note:   candidate expects 4 arguments, 3 provided
[22.690s] /opt/ros/jazzy/include/message_filters/message_filters/subscriber.h:188:3: note: candidate: ‘message_filters::Subscriber<M, NodeType>::Subscriber(NodeType*, const std::string&, rmw_qos_profile_t) [with M = sensor_msgs::msg::LaserScan_<std::allocator<void> >; NodeType = rclcpp::Node; std::string = std::__cxx11::basic_string<char>; rmw_qos_profile_t = rmw_qos_profile_s]’
[22.690s]   188 |   Subscriber(NodeType * node, const std::string& topic, const rmw_qos_profile_t qos = rmw_qos_profile_default)
[22.690s]       |   ^~~~~~~~~~
[22.690s] /opt/ros/jazzy/include/message_filters/message_filters/subscriber.h:188:25: note:   no known conversion for argument 1 from ‘rclcpp::Node’ to ‘rclcpp::Node*’
[22.690s]   188 |   Subscriber(NodeType * node, const std::string& topic, const rmw_qos_profile_t qos = rmw_qos_profile_default)
[22.690s]       |              ~~~~~~~~~~~^~~~
[22.691s] /opt/ros/jazzy/include/message_filters/message_filters/subscriber.h:183:3: note: candidate: ‘message_filters::Subscriber<M, NodeType>::Subscriber(NodePtr, const std::string&, rmw_qos_profile_t) [with M = sensor_msgs::msg::LaserScan_<std::allocator<void> >; NodeType = rclcpp::Node; NodePtr = std::shared_ptr<rclcpp::Node>; std::string = std::__cxx11::basic_string<char>; rmw_qos_profile_t = rmw_qos_profile_s]’
[22.693s]   183 |   Subscriber(NodePtr node, const std::string& topic, const rmw_qos_profile_t qos = rmw_qos_profile_default)
[22.693s]       |   ^~~~~~~~~~
[22.693s] /opt/ros/jazzy/include/message_filters/message_filters/subscriber.h:183:22: note:   no known conversion for argument 1 from ‘rclcpp::Node’ to ‘message_filters::Subscriber<sensor_msgs::msg::LaserScan_<std::allocator<void> > >::NodePtr’ {aka ‘std::shared_ptr<rclcpp::Node>’}
[22.693s]   183 |   Subscriber(NodePtr node, const std::string& topic, const rmw_qos_profile_t qos = rmw_qos_profile_default)
[22.694s]       |              ~~~~~~~~^~~~
[22.758s] /home/neha/ros2_ws/src/semnav_migration/src/navigation.cpp:144:112: error: no matching function for call to ‘message_filters::Subscriber<nav_msgs::msg::Odometry_<std::allocator<void> > >::Subscriber(rclcpp::Node&, std::string&, int)’
[22.759s]   144 |                         message_filters::Subscriber<nav_msgs::msg::Odometry> sub_robot(nh_, sub_robot_topic_, 1);
[22.759s]       |                                                                                                                ^
[22.759s] /opt/ros/jazzy/include/message_filters/message_filters/subscriber.h:224:3: note: candidate: ‘message_filters::Subscriber<M, NodeType>::Subscriber() [with M = nav_msgs::msg::Odometry_<std::allocator<void> >; NodeType = rclcpp::Node]’
[22.759s]   224 |   Subscriber() = default;
[22.759s]       |   ^~~~~~~~~~
[22.759s] /opt/ros/jazzy/include/message_filters/message_filters/subscriber.h:224:3: note:   candidate expects 0 arguments, 3 provided
[22.760s] /opt/ros/jazzy/include/message_filters/message_filters/subscriber.h:212:3: note: candidate: ‘message_filters::Subscriber<M, NodeType>::Subscriber(NodeType*, const std::string&, rmw_qos_profile_t, rclcpp::SubscriptionOptions) [with M = nav_msgs::msg::Odometry_<std::allocator<void> >; NodeType = rclcpp::Node; std::string = std::__cxx11::basic_string<char>; rmw_qos_profile_t = rmw_qos_profile_s; rclcpp::SubscriptionOptions = rclcpp::SubscriptionOptionsWithAllocator<std::allocator<void> >]’
[22.760s]   212 |   Subscriber(
[22.762s]       |   ^~~~~~~~~~
[22.762s] /opt/ros/jazzy/include/message_filters/message_filters/subscriber.h:212:3: note:   candidate expects 4 arguments, 3 provided
[22.762s] /opt/ros/jazzy/include/message_filters/message_filters/subscriber.h:203:3: note: candidate: ‘message_filters::Subscriber<M, NodeType>::Subscriber(NodePtr, const std::string&, rmw_qos_profile_t, rclcpp::SubscriptionOptions) [with M = nav_msgs::msg::Odometry_<std::allocator<void> >; NodeType = rclcpp::Node; NodePtr = std::shared_ptr<rclcpp::Node>; std::string = std::__cxx11::basic_string<char>; rmw_qos_profile_t = rmw_qos_profile_s; rclcpp::SubscriptionOptions = rclcpp::SubscriptionOptionsWithAllocator<std::allocator<void> >]’
[22.762s]   203 |   Subscriber(
[22.763s]       |   ^~~~~~~~~~
[22.763s] /opt/ros/jazzy/include/message_filters/message_filters/subscriber.h:203:3: note:   candidate expects 4 arguments, 3 provided
[22.763s] /opt/ros/jazzy/include/message_filters/message_filters/subscriber.h:188:3: note: candidate: ‘message_filters::Subscriber<M, NodeType>::Subscriber(NodeType*, const std::string&, rmw_qos_profile_t) [with M = nav_msgs::msg::Odometry_<std::allocator<void> >; NodeType = rclcpp::Node; std::string = std::__cxx11::basic_string<char>; rmw_qos_profile_t = rmw_qos_profile_s]’
[22.763s]   188 |   Subscriber(NodeType * node, const std::string& topic, const rmw_qos_profile_t qos = rmw_qos_profile_default)
[22.763s]       |   ^~~~~~~~~~
[22.763s] /opt/ros/jazzy/include/message_filters/message_filters/subscriber.h:188:25: note:   no known conversion for argument 1 from ‘rclcpp::Node’ to ‘rclcpp::Node*’
[22.763s]   188 |   Subscriber(NodeType * node, const std::string& topic, const rmw_qos_profile_t qos = rmw_qos_profile_default)
[22.764s]       |              ~~~~~~~~~~~^~~~
[22.764s] /opt/ros/jazzy/include/message_filters/message_filters/subscriber.h:183:3: note: candidate: ‘message_filters::Subscriber<M, NodeType>::Subscriber(NodePtr, const std::string&, rmw_qos_profile_t) [with M = nav_msgs::msg::Odometry_<std::allocator<void> >; NodeType = rclcpp::Node; NodePtr = std::shared_ptr<rclcpp::Node>; std::string = std::__cxx11::basic_string<char>; rmw_qos_profile_t = rmw_qos_profile_s]’
[22.766s]   183 |   Subscriber(NodePtr node, const std::string& topic, const rmw_qos_profile_t qos = rmw_qos_profile_default)
[22.766s]       |   ^~~~~~~~~~
[22.766s] /opt/ros/jazzy/include/message_filters/message_filters/subscriber.h:183:22: note:   no known conversion for argument 1 from ‘rclcpp::Node’ to ‘message_filters::Subscriber<nav_msgs::msg::Odometry_<std::allocator<void> > >::NodePtr’ {aka ‘std::shared_ptr<rclcpp::Node>’}
[22.766s]   183 |   Subscriber(NodePtr node, const std::string& topic, const rmw_qos_profile_t qos = rmw_qos_profile_default)
[22.767s]       |              ~~~~~~~~^~~~
[22.901s] /home/neha/ros2_ws/src/semnav_migration/src/navigation.cpp:149:55: error: ‘bind’ is not a member of ‘boost’; did you mean ‘find’?
[22.901s]   149 |                         sync->registerCallback(boost::bind(&NavigationNode::control_callback, this, _1, _2));
[22.901s]       |                                                       ^~~~
[22.901s]       |                                                       find
[22.908s] /home/neha/ros2_ws/src/semnav_migration/src/navigation.cpp:149:101: error: ‘_1’ was not declared in this scope
[22.908s]   149 |                         sync->registerCallback(boost::bind(&NavigationNode::control_callback, this, _1, _2));
[22.908s]       |                                                                                                     ^~
[22.908s] /home/neha/ros2_ws/src/semnav_migration/src/navigation.cpp:149:101: note: suggested alternatives:
[22.909s] In file included from /usr/include/boost/mpl/aux_/include_preprocessed.hpp:37,
[22.909s]                  from /usr/include/boost/mpl/placeholders.hpp:43,
[22.909s]                  from /usr/include/boost/iterator/iterator_categories.hpp:16,
[22.909s]                  from /usr/include/boost/iterator/iterator_facade.hpp:13,
[22.909s]                  from /usr/include/boost/range/iterator_range_core.hpp:27,
[22.909s]                  from /usr/include/boost/lexical_cast.hpp:48,
[22.909s]                  from /usr/include/boost/multiprecision/detail/number_base.hpp:29,
[22.910s]                  from /usr/include/boost/multiprecision/traits/is_variable_precision.hpp:9,
[22.912s]                  from /usr/include/boost/multiprecision/detail/precision.hpp:9,
[22.912s]                  from /usr/include/boost/multiprecision/number.hpp:11,
[22.912s]                  from /usr/include/boost/multiprecision/cpp_int.hpp:19,
[22.912s]                  from /usr/include/boost/multiprecision/cpp_bin_float.hpp:15,
[22.912s]                  from /usr/include/boost/geometry/core/coordinate_promotion.hpp:16,
[22.913s]                  from /usr/include/boost/geometry/core/radian_access.hpp:30,
[22.913s]                  from /usr/include/boost/geometry/geometry.hpp:50,
[22.913s]                  from /usr/include/boost/geometry.hpp:17,
[22.913s]                  from /home/neha/ros2_ws/src/semnav_migration/include/reactive_planner_lib.h:26:
[22.913s] /usr/include/boost/mpl/aux_/preprocessed/gcc/placeholders.hpp:29:16: note:   ‘mpl_::_1’
[22.913s]    29 | typedef arg<1> _1;
[22.913s]       |                ^~
[22.914s] In file included from /usr/include/boost/numeric/conversion/converter_policies.hpp:13,
[22.914s]                  from /usr/include/boost/numeric/conversion/converter.hpp:14,
[22.916s]                  from /usr/include/boost/numeric/conversion/cast.hpp:33,
[22.917s]                  from /usr/include/boost/geometry/core/radian_access.hpp:26:
[22.917s] /usr/include/c++/13/functional:294:48: note:   ‘std::placeholders::_1’
[22.917s]   294 |     _GLIBCXX_PLACEHOLDER const _Placeholder<1> _1;
[22.917s]       |                                                ^~
[22.917s] /usr/include/boost/mpl/aux_/preprocessed/gcc/placeholders.hpp:29:16: note:   ‘mpl_::_1’
[22.917s]    29 | typedef arg<1> _1;
[22.917s]       |                ^~
[22.918s] In file included from /usr/include/boost/describe/members.hpp:20,
[22.918s]                  from /usr/include/boost/container_hash/is_described_class.hpp:11,
[22.918s]                  from /usr/include/boost/container_hash/hash.hpp:18,
[22.918s]                  from /usr/include/boost/functional/hash.hpp:6,
[22.918s]                  from /usr/include/CGAL/Kernel/hash_functions.h:16,
[22.918s]                  from /usr/include/CGAL/Kernel/global_functions.h:25,
[22.918s]                  from /usr/include/CGAL/Cartesian/Cartesian_base.h:22,
[22.919s]                  from /usr/include/CGAL/Simple_cartesian.h:20,
[22.919s]                  from /usr/include/CGAL/Exact_predicates_inexact_constructions_kernel.h:20,
[22.921s]                  from /home/neha/ros2_ws/src/semnav_migration/include/polygeom_lib.h:32,
[22.921s]                  from /home/neha/ros2_ws/src/semnav_migration/include/reactive_planner_lib.h:52:
[22.921s] /usr/include/boost/mp11/bind.hpp:45:7: note:   ‘boost::mp11::_1’
[22.921s]    45 | using _1 = mp_arg<0>;
[22.922s]       |       ^~
[22.922s] /usr/include/boost/mpl/aux_/preprocessed/gcc/placeholders.hpp:29:16: note:   ‘mpl_::_1’
[22.922s]    29 | typedef arg<1> _1;
[22.922s]       |                ^~
[22.922s] /home/neha/ros2_ws/src/semnav_migration/src/navigation.cpp:149:105: error: ‘_2’ was not declared in this scope
[22.922s]   149 |                         sync->registerCallback(boost::bind(&NavigationNode::control_callback, this, _1, _2));
[22.922s]       |                                                                                                         ^~
[22.923s] /home/neha/ros2_ws/src/semnav_migration/src/navigation.cpp:149:105: note: suggested alternatives:
[22.923s] /usr/include/boost/mpl/aux_/preprocessed/gcc/placeholders.hpp:42:16: note:   ‘mpl_::_2’
[22.925s]    42 | typedef arg<2> _2;
[22.925s]       |                ^~
[22.925s] /usr/include/c++/13/functional:295:48: note:   ‘std::placeholders::_2’
[22.925s]   295 |     _GLIBCXX_PLACEHOLDER const _Placeholder<2> _2;
[22.926s]       |                                                ^~
[22.926s] /usr/include/boost/mpl/aux_/preprocessed/gcc/placeholders.hpp:42:16: note:   ‘mpl_::_2’
[22.926s]    42 | typedef arg<2> _2;
[22.926s]       |                ^~
[22.926s] /usr/include/boost/mp11/bind.hpp:46:7: note:   ‘boost::mp11::_2’
[22.926s]    46 | using _2 = mp_arg<1>;
[22.926s]       |       ^~
[22.927s] /usr/include/boost/mpl/aux_/preprocessed/gcc/placeholders.hpp:42:16: note:   ‘mpl_::_2’
[22.929s]    42 | typedef arg<2> _2;
[22.929s]       |                ^~
[22.929s] /home/neha/ros2_ws/src/semnav_migration/src/navigation.cpp:152:74: error: no matching function for call to ‘NavigationNode::create_subscription(const char [20], int)’
[22.929s]   152 |             rclcpp::Subscription sub_semantic = this->create_subscription("sub_semantic_topic_", 1);
[22.930s]       |                                                 ~~~~~~~~~~~~~~~~~~~~~~~~~^~~~~~~~~~~~~~~~~~~~~~~~~~
[22.930s] /opt/ros/jazzy/include/rclcpp/rclcpp/node.hpp:221:3: note: candidate: ‘template<class MessageT, class CallbackT, class AllocatorT, class SubscriptionT, class MessageMemoryStrategyT> std::shared_ptr<ROSMessageT> rclcpp::Node::create_subscription(const std::string&, const rclcpp::QoS&, CallbackT&&, const rclcpp::SubscriptionOptionsWithAllocator<AllocatorT>&, typename MessageMemoryStrategyT::SharedPtr)’
[22.930s]   221 |   create_subscription(
[22.930s]       |   ^~~~~~~~~~~~~~~~~~~
[22.930s] /opt/ros/jazzy/include/rclcpp/rclcpp/node.hpp:221:3: note:   template argument deduction/substitution failed:
[22.930s] /home/neha/ros2_ws/src/semnav_migration/src/navigation.cpp:152:74: note:   candidate expects 5 arguments, 2 provided
[22.930s]   152 |             rclcpp::Subscription sub_semantic = this->create_subscription("sub_semantic_topic_", 1);
[22.931s]       |                                                 ~~~~~~~~~~~~~~~~~~~~~~~~~^~~~~~~~~~~~~~~~~~~~~~~~~~
[23.028s] /home/neha/ros2_ws/src/semnav_migration/src/navigation.cpp: In member function ‘void NavigationNode::control_callback(const sensor_msgs::msg::LaserScan_<std::allocator<void> >::ConstPtr&, const nav_msgs::msg::Odometry_<std::allocator<void> >::ConstPtr&)’:
[23.028s] /home/neha/ros2_ws/src/semnav_migration/src/navigation.cpp:404:42: error: could not convert ‘lidar_data’ from ‘shared_ptr<LaserScan_<[...]>>’ to ‘shared_ptr<LaserScan_<[...]>>’
[23.028s]   404 |                         constructLIDAR2D(lidar_data, CutoffRange_, AllowableRange_, RobotPitch_, &LIDAR);
[23.028s]       |                                          ^~~~~~~~~~
[23.029s]       |                                          |
[23.029s]       |                                          shared_ptr<LaserScan_<[...]>>
[38.347s] gmake[2]: *** [CMakeFiles/navigation_semantic.dir/build.make:76: CMakeFiles/navigation_semantic.dir/src/navigation_semantic.cpp.o] Error 1
[38.347s] gmake[1]: *** [CMakeFiles/Makefile2:207: CMakeFiles/navigation_semantic.dir/all] Error 2
[38.348s] gmake[1]: *** Waiting for unfinished jobs....
[39.654s] gmake[2]: *** [CMakeFiles/navigation.dir/build.make:76: CMakeFiles/navigation.dir/src/navigation.cpp.o] Error 1
[39.654s] gmake[1]: *** [CMakeFiles/Makefile2:181: CMakeFiles/navigation.dir/all] Error 2
[39.655s] gmake: *** [Makefile:146: all] Error 2
[39.658s] Invoked command in '/home/neha/ros2_ws/src/semnav_migration/build/semnav' returned '2': CMAKE_PREFIX_PATH=${CMAKE_PREFIX_PATH}:/opt/ros/jazzy DEBUGINFOD_URLS=https://debuginfod.ubuntu.com /usr/bin/cmake --build /home/neha/ros2_ws/src/semnav_migration/build/semnav -- -j2 -l2
