[0.137s] Invoking command in '/home/neha/ros2_ws/src/semnav_migration/build/semnav': CMAKE_PREFIX_PATH=${CMAKE_PREFIX_PATH}:/opt/ros/jazzy DEBUGINFOD_URLS=https://debuginfod.ubuntu.com /usr/bin/cmake --build /home/neha/ros2_ws/src/semnav_migration/build/semnav -- -j2 -l2
[2.308s] [ 14%] Built target reactive_planner
[2.781s] [ 23%] [32mBuilding CXX object CMakeFiles/navigation.dir/src/navigation.cpp.o[0m
[2.782s] [ 23%] [32mBuilding CXX object CMakeFiles/navigation_semantic.dir/src/navigation_semantic.cpp.o[0m
[40.567s] [01m[K/home/neha/ros2_ws/src/semnav_migration/src/navigation.cpp:46:13:[m[K [01;31m[Kerror: [m[Kextra qualification ‘[01m[KNavigationNode::[m[K’ on member ‘[01m[KNavigationNode[m[K’ [[01;31m[K]8;;https://gcc.gnu.org/onlinedocs/gcc/Warning-Options.html#index-fpermissive-fpermissive]8;;[m[K]
[40.568s]    46 |             [01;31m[KNavigationNode[m[K::NavigationNode() : rclcpp::Node(std::string("navigation_node")) {
[40.568s]       |             [01;31m[K^~~~~~~~~~~~~~[m[K
[40.613s] [01m[K/home/neha/ros2_ws/src/semnav_migration/src/navigation.cpp:[m[K In constructor ‘[01m[KNavigationNode::[01;32m[KNavigationNode[m[K()[m[K’:
[40.613s] [01m[K/home/neha/ros2_ws/src/semnav_migration/src/navigation.cpp:46:91:[m[K [01;31m[Kerror: [m[Kno matching function for call to ‘[01m[Krclcpp::Node::Node()[m[K’
[40.614s]    46 |             NavigationNode::NavigationNode() : rclcpp::Node(std::string("navigation_node")[01;31m[K)[m[K {
[40.614s]       |                                                                                           [01;31m[K^[m[K
[40.614s] In file included from [01m[K/opt/ros/jazzy/include/rclcpp/rclcpp/executors/single_threaded_executor.hpp:28[m[K,
[40.614s]                  from [01m[K/opt/ros/jazzy/include/rclcpp/rclcpp/executors.hpp:22[m[K,
[40.614s]                  from [01m[K/opt/ros/jazzy/include/rclcpp/rclcpp/rclcpp.hpp:172[m[K,
[40.614s]                  from [01m[K/home/neha/ros2_ws/src/semnav_migration/include/reactive_planner_lib.h:32[m[K,
[40.615s]                  from [01m[K/home/neha/ros2_ws/src/semnav_migration/src/navigation.cpp:25[m[K:
[40.615s] [01m[K/opt/ros/jazzy/include/rclcpp/rclcpp/node.hpp:1629:3:[m[K [01;36m[Knote: [m[Kcandidate: ‘[01m[Krclcpp::Node::[01;32m[KNode[m[K(const rclcpp::Node&, const std::string&)[m[K’
[40.615s]  1629 |   [01;36m[KNode[m[K(
[40.618s]       |   [01;36m[K^~~~[m[K
[40.618s] [01m[K/opt/ros/jazzy/include/rclcpp/rclcpp/node.hpp:1629:3:[m[K [01;36m[Knote: [m[K  candidate expects 2 arguments, 0 provided
[40.619s] [01m[K/opt/ros/jazzy/include/rclcpp/rclcpp/node.hpp:103:12:[m[K [01;36m[Knote: [m[Kcandidate: ‘[01m[Krclcpp::Node::[01;32m[KNode[m[K(const std::string&, const std::string&, const rclcpp::NodeOptions&)[m[K’
[40.619s]   103 |   explicit [01;36m[KNode[m[K(
[40.619s]       |            [01;36m[K^~~~[m[K
[40.619s] [01m[K/opt/ros/jazzy/include/rclcpp/rclcpp/node.hpp:103:12:[m[K [01;36m[Knote: [m[K  candidate expects 3 arguments, 0 provided
[40.619s] [01m[K/opt/ros/jazzy/include/rclcpp/rclcpp/node.hpp:91:12:[m[K [01;36m[Knote: [m[Kcandidate: ‘[01m[Krclcpp::Node::[01;32m[KNode[m[K(const std::string&, const rclcpp::NodeOptions&)[m[K’
[40.619s]    91 |   explicit [01;36m[KNode[m[K(
[40.619s]       |            [01;36m[K^~~~[m[K
[40.620s] [01m[K/opt/ros/jazzy/include/rclcpp/rclcpp/node.hpp:91:12:[m[K [01;36m[Knote: [m[K  candidate expects 2 arguments, 0 provided
[40.659s] [01m[K/home/neha/ros2_ws/src/semnav_migration/src/navigation.cpp:140:103:[m[K [01;31m[Kerror: [m[Kno match for ‘[01m[Koperator=[m[K’ (operand types are ‘[01m[Krclcpp::Publisher<geometry_msgs::msg::Twist_<std::allocator<void> > >::SharedPtr[m[K’ {aka ‘[01m[Kstd::shared_ptr<rclcpp::Publisher<geometry_msgs::msg::Twist_<std::allocator<void> > > >[m[K’} and ‘[01m[Kstd::shared_ptr<rclcpp::Publisher<example_interfaces::msg::UInt32_<std::allocator<void> > > >[m[K’)
[40.660s]   140 |             pub_twist_ = this->create_publisher<example_interfaces::msg::UInt32>("pub_twist_topic_", 1[01;31m[K)[m[K;
[40.660s]       |                                                                                                       [01;31m[K^[m[K
[40.660s] In file included from [01m[K/usr/include/c++/13/memory:80[m[K,
[40.660s]                  from [01m[K/usr/include/boost/math/cstdfloat/cstdfloat_cmath.hpp:25[m[K,
[40.660s]                  from [01m[K/usr/include/boost/cstdfloat.hpp:27[m[K,
[40.660s]                  from [01m[K/usr/include/boost/multiprecision/detail/float128_functions.hpp:15[m[K,
[40.660s]                  from [01m[K/usr/include/boost/multiprecision/detail/fpclassify.hpp:13[m[K,
[40.661s]                  from [01m[K/usr/include/boost/multiprecision/detail/default_ops.hpp:15[m[K,
[40.661s]                  from [01m[K/usr/include/boost/multiprecision/detail/generic_interconvert.hpp:12[m[K,
[40.661s]                  from [01m[K/usr/include/boost/multiprecision/number.hpp:12[m[K,
[40.662s]                  from [01m[K/usr/include/boost/multiprecision/cpp_int.hpp:19[m[K,
[40.663s]                  from [01m[K/usr/include/boost/multiprecision/cpp_bin_float.hpp:15[m[K,
[40.663s]                  from [01m[K/usr/include/boost/geometry/core/coordinate_promotion.hpp:16[m[K,
[40.663s]                  from [01m[K/usr/include/boost/geometry/core/radian_access.hpp:30[m[K,
[40.663s]                  from [01m[K/usr/include/boost/geometry/geometry.hpp:50[m[K,
[40.663s]                  from [01m[K/usr/include/boost/geometry.hpp:17[m[K,
[40.663s]                  from [01m[K/home/neha/ros2_ws/src/semnav_migration/include/reactive_planner_lib.h:26[m[K:
[40.663s] [01m[K/usr/include/c++/13/bits/shared_ptr.h:418:9:[m[K [01;36m[Knote: [m[Kcandidate: ‘[01m[Ktemplate<class _Yp> std::shared_ptr<_Tp>::_Assignable<const std::shared_ptr<_Yp>&> std::shared_ptr<_Tp>::[01;32m[Koperator=[m[K(const std::shared_ptr<_Yp>&) [35m[K[with _Tp = rclcpp::Publisher<geometry_msgs::msg::Twist_<std::allocator<void> > >][m[K[m[K’
[40.664s]   418 |         [01;36m[Koperator[m[K=(const shared_ptr<_Yp>& __r) noexcept
[40.664s]       |         [01;36m[K^~~~~~~~[m[K
[40.664s] [01m[K/usr/include/c++/13/bits/shared_ptr.h:418:9:[m[K [01;36m[Knote: [m[K  template argument deduction/substitution failed:
[40.666s] /usr/include/c++/13/bits/shared_ptr.h: In substitution of ‘[01m[Ktemplate<class _Tp> template<class _Arg> using std::shared_ptr<_Tp>::_Assignable = typename std::enable_if<std::is_assignable<std::__shared_ptr<_Tp>&, _Arg>::value, std::shared_ptr<_Tp>&>::type [35m[K[with _Arg = const std::shared_ptr<rclcpp::Publisher<example_interfaces::msg::UInt32_<std::allocator<void> > > >&; _Tp = rclcpp::Publisher<geometry_msgs::msg::Twist_<std::allocator<void> > >][m[K[m[K’:
[40.666s] [01m[K/usr/include/c++/13/bits/shared_ptr.h:418:2:[m[K   required by substitution of ‘[01m[Ktemplate<class _Yp> std::shared_ptr<rclcpp::Publisher<geometry_msgs::msg::Twist_<std::allocator<void> > > >::_Assignable<const std::shared_ptr<_Tp>&> std::shared_ptr<rclcpp::Publisher<geometry_msgs::msg::Twist_<std::allocator<void> > > >::[01;32m[Koperator=[m[K(const std::shared_ptr<_Tp>&) [35m[K[with _Yp = rclcpp::Publisher<example_interfaces::msg::UInt32_<std::allocator<void> > >][m[K[m[K’
[40.667s] [01m[K/home/neha/ros2_ws/src/semnav_migration/src/navigation.cpp:140:103:[m[K   required from here
[40.667s] [01m[K/usr/include/c++/13/bits/shared_ptr.h:183:15:[m[K [01;31m[Kerror: [m[Kno type named ‘[01m[Ktype[m[K’ in ‘[01m[Kstruct std::enable_if<false, std::shared_ptr<rclcpp::Publisher<geometry_msgs::msg::Twist_<std::allocator<void> > > >&>[m[K’
[40.669s]   183 |         using [01;31m[K_Assignable[m[K = typename enable_if<
[40.669s]       |               [01;31m[K^~~~~~~~~~~[m[K
[40.670s] [01m[K/usr/include/c++/13/bits/shared_ptr.h:429:9:[m[K [01;36m[Knote: [m[Kcandidate: ‘[01m[Ktemplate<class _Yp> std::shared_ptr<_Tp>::_Assignable<std::auto_ptr<_Up> > std::shared_ptr<_Tp>::[01;32m[Koperator=[m[K(std::auto_ptr<_Up>&&) [35m[K[with _Tp = rclcpp::Publisher<geometry_msgs::msg::Twist_<std::allocator<void> > >][m[K[m[K’
[40.670s]   429 |         [01;36m[Koperator[m[K=(auto_ptr<_Yp>&& __r)
[40.670s]       |         [01;36m[K^~~~~~~~[m[K
[40.670s] [01m[K/usr/include/c++/13/bits/shared_ptr.h:429:9:[m[K [01;36m[Knote: [m[K  template argument deduction/substitution failed:
[40.670s] [01m[K/home/neha/ros2_ws/src/semnav_migration/src/navigation.cpp:140:103:[m[K [01;36m[Knote: [m[K  ‘[01m[Kstd::shared_ptr<rclcpp::Publisher<example_interfaces::msg::UInt32_<std::allocator<void> > > >[m[K’ is not derived from ‘[01m[Kstd::auto_ptr<T>[m[K’
[40.670s]   140 |             pub_twist_ = this->create_publisher<example_interfaces::msg::UInt32>("pub_twist_topic_", 1[01;36m[K)[m[K;
[40.670s]       |                                                                                                       [01;36m[K^[m[K
[40.671s] [01m[K/usr/include/c++/13/bits/shared_ptr.h:446:9:[m[K [01;36m[Knote: [m[Kcandidate: ‘[01m[Ktemplate<class _Yp> std::shared_ptr<_Tp>::_Assignable<std::shared_ptr<_Yp> > std::shared_ptr<_Tp>::[01;32m[Koperator=[m[K(std::shared_ptr<_Yp>&&) [35m[K[with _Tp = rclcpp::Publisher<geometry_msgs::msg::Twist_<std::allocator<void> > >][m[K[m[K’
[40.671s]   446 |         [01;36m[Koperator[m[K=(shared_ptr<_Yp>&& __r) noexcept
[40.671s]       |         [01;36m[K^~~~~~~~[m[K
[40.671s] [01m[K/usr/include/c++/13/bits/shared_ptr.h:446:9:[m[K [01;36m[Knote: [m[K  template argument deduction/substitution failed:
[40.671s] /usr/include/c++/13/bits/shared_ptr.h: In substitution of ‘[01m[Ktemplate<class _Tp> template<class _Arg> using std::shared_ptr<_Tp>::_Assignable = typename std::enable_if<std::is_assignable<std::__shared_ptr<_Tp>&, _Arg>::value, std::shared_ptr<_Tp>&>::type [35m[K[with _Arg = std::shared_ptr<rclcpp::Publisher<example_interfaces::msg::UInt32_<std::allocator<void> > > >; _Tp = rclcpp::Publisher<geometry_msgs::msg::Twist_<std::allocator<void> > >][m[K[m[K’:
[40.671s] [01m[K/usr/include/c++/13/bits/shared_ptr.h:446:2:[m[K   required by substitution of ‘[01m[Ktemplate<class _Yp> std::shared_ptr<rclcpp::Publisher<geometry_msgs::msg::Twist_<std::allocator<void> > > >::_Assignable<std::shared_ptr<_Tp> > std::shared_ptr<rclcpp::Publisher<geometry_msgs::msg::Twist_<std::allocator<void> > > >::[01;32m[Koperator=[m[K(std::shared_ptr<_Tp>&&) [35m[K[with _Yp = rclcpp::Publisher<example_interfaces::msg::UInt32_<std::allocator<void> > >][m[K[m[K’
[40.671s] [01m[K/home/neha/ros2_ws/src/semnav_migration/src/navigation.cpp:140:103:[m[K   required from here
[40.672s] [01m[K/usr/include/c++/13/bits/shared_ptr.h:183:15:[m[K [01;31m[Kerror: [m[Kno type named ‘[01m[Ktype[m[K’ in ‘[01m[Kstruct std::enable_if<false, std::shared_ptr<rclcpp::Publisher<geometry_msgs::msg::Twist_<std::allocator<void> > > >&>[m[K’
[40.672s]   183 |         using [01;31m[K_Assignable[m[K = typename enable_if<
[40.672s]       |               [01;31m[K^~~~~~~~~~~[m[K
[40.674s] [01m[K/usr/include/c++/13/bits/shared_ptr.h:454:9:[m[K [01;36m[Knote: [m[Kcandidate: ‘[01m[Ktemplate<class _Yp, class _Del> std::shared_ptr<_Tp>::_Assignable<std::unique_ptr<_Up, _Ep> > std::shared_ptr<_Tp>::[01;32m[Koperator=[m[K(std::unique_ptr<_Up, _Ep>&&) [35m[K[with _Del = _Yp; _Tp = rclcpp::Publisher<geometry_msgs::msg::Twist_<std::allocator<void> > >][m[K[m[K’
[40.674s]   454 |         [01;36m[Koperator[m[K=(unique_ptr<_Yp, _Del>&& __r)
[40.674s]       |         [01;36m[K^~~~~~~~[m[K
[40.675s] [01m[K/usr/include/c++/13/bits/shared_ptr.h:454:9:[m[K [01;36m[Knote: [m[K  template argument deduction/substitution failed:
[40.675s] [01m[K/home/neha/ros2_ws/src/semnav_migration/src/navigation.cpp:140:103:[m[K [01;36m[Knote: [m[K  ‘[01m[Kstd::shared_ptr<rclcpp::Publisher<example_interfaces::msg::UInt32_<std::allocator<void> > > >[m[K’ is not derived from ‘[01m[Kstd::unique_ptr<_Tp, _Dp>[m[K’
[40.675s]   140 |             pub_twist_ = this->create_publisher<example_interfaces::msg::UInt32>("pub_twist_topic_", 1[01;36m[K)[m[K;
[40.675s]       |                                                                                                       [01;36m[K^[m[K
[40.675s] [01m[K/usr/include/c++/13/bits/shared_ptr.h:414:19:[m[K [01;36m[Knote: [m[Kcandidate: ‘[01m[Kstd::shared_ptr<_Tp>& std::shared_ptr<_Tp>::[01;32m[Koperator=[m[K(const std::shared_ptr<_Tp>&) [35m[K[with _Tp = rclcpp::Publisher<geometry_msgs::msg::Twist_<std::allocator<void> > >][m[K[m[K’
[40.676s]   414 |       shared_ptr& [01;36m[Koperator[m[K=(const shared_ptr&) noexcept = default;
[40.676s]       |                   [01;36m[K^~~~~~~~[m[K
[40.676s] [01m[K/usr/include/c++/13/bits/shared_ptr.h:414:29:[m[K [01;36m[Knote: [m[K  no known conversion for argument 1 from ‘[01m[Kstd::shared_ptr<rclcpp::Publisher<example_interfaces::msg::UInt32_<std::allocator<void> > > >[m[K’ to ‘[01m[Kconst std::shared_ptr<rclcpp::Publisher<geometry_msgs::msg::Twist_<std::allocator<void> > > >&[m[K’
[40.679s]   414 |       shared_ptr& operator=([01;36m[Kconst shared_ptr&[m[K) noexcept = default;
[40.679s]       |                             [01;36m[K^~~~~~~~~~~~~~~~~[m[K
[40.680s] [01m[K/usr/include/c++/13/bits/shared_ptr.h:438:7:[m[K [01;36m[Knote: [m[Kcandidate: ‘[01m[Kstd::shared_ptr<_Tp>& std::shared_ptr<_Tp>::[01;32m[Koperator=[m[K(std::shared_ptr<_Tp>&&) [35m[K[with _Tp = rclcpp::Publisher<geometry_msgs::msg::Twist_<std::allocator<void> > >][m[K[m[K’
[40.680s]   438 |       [01;36m[Koperator[m[K=(shared_ptr&& __r) noexcept
[40.680s]       |       [01;36m[K^~~~~~~~[m[K
[40.680s] [01m[K/usr/include/c++/13/bits/shared_ptr.h:438:30:[m[K [01;36m[Knote: [m[K  no known conversion for argument 1 from ‘[01m[Kstd::shared_ptr<rclcpp::Publisher<example_interfaces::msg::UInt32_<std::allocator<void> > > >[m[K’ to ‘[01m[Kstd::shared_ptr<rclcpp::Publisher<geometry_msgs::msg::Twist_<std::allocator<void> > > >&&[m[K’
[40.680s]   438 |       operator=([01;36m[Kshared_ptr&& __r[m[K) noexcept
[40.680s]       |                 [01;36m[K~~~~~~~~~~~~~^~~[m[K
[40.680s] [01m[K/home/neha/ros2_ws/src/semnav_migration/src/navigation_semantic.cpp:46:13:[m[K [01;31m[Kerror: [m[Kextra qualification ‘[01m[KSemanticNavigationNode::[m[K’ on member ‘[01m[KSemanticNavigationNode[m[K’ [[01;31m[K]8;;https://gcc.gnu.org/onlinedocs/gcc/Warning-Options.html#index-fpermissive-fpermissive]8;;[m[K]
[40.681s]    46 |             [01;31m[KSemanticNavigationNode[m[K::SemanticNavigationNode() : Node("semantic_navigation_node") {
[40.681s]       |             [01;31m[K^~~~~~~~~~~~~~~~~~~~~~[m[K
[40.700s] [01m[K/home/neha/ros2_ws/src/semnav_migration/src/navigation_semantic.cpp:[m[K In constructor ‘[01m[KSemanticNavigationNode::[01;32m[KSemanticNavigationNode[m[K()[m[K’:
[40.700s] [01m[K/home/neha/ros2_ws/src/semnav_migration/src/navigation_semantic.cpp:46:95:[m[K [01;31m[Kerror: [m[Kno matching function for call to ‘[01m[Krclcpp::Node::Node()[m[K’
[40.700s]    46 |             SemanticNavigationNode::SemanticNavigationNode() : Node("semantic_navigation_node"[01;31m[K)[m[K {
[40.701s]       |                                                                                               [01;31m[K^[m[K
[40.701s] In file included from [01m[K/opt/ros/jazzy/include/rclcpp/rclcpp/executors/single_threaded_executor.hpp:28[m[K,
[40.702s]                  from [01m[K/opt/ros/jazzy/include/rclcpp/rclcpp/executors.hpp:22[m[K,
[40.702s]                  from [01m[K/opt/ros/jazzy/include/rclcpp/rclcpp/rclcpp.hpp:172[m[K,
[40.702s]                  from [01m[K/home/neha/ros2_ws/src/semnav_migration/include/reactive_planner_lib.h:32[m[K,
[40.703s]                  from [01m[K/home/neha/ros2_ws/src/semnav_migration/src/navigation_semantic.cpp:25[m[K:
[40.703s] [01m[K/opt/ros/jazzy/include/rclcpp/rclcpp/node.hpp:1629:3:[m[K [01;36m[Knote: [m[Kcandidate: ‘[01m[Krclcpp::Node::[01;32m[KNode[m[K(const rclcpp::Node&, const std::string&)[m[K’
[40.703s]  1629 |   [01;36m[KNode[m[K(
[40.703s]       |   [01;36m[K^~~~[m[K
[40.704s] [01m[K/opt/ros/jazzy/include/rclcpp/rclcpp/node.hpp:1629:3:[m[K [01;36m[Knote: [m[K  candidate expects 2 arguments, 0 provided
[40.704s] [01m[K/opt/ros/jazzy/include/rclcpp/rclcpp/node.hpp:103:12:[m[K [01;36m[Knote: [m[Kcandidate: ‘[01m[Krclcpp::Node::[01;32m[KNode[m[K(const std::string&, const std::string&, const rclcpp::NodeOptions&)[m[K’
[40.704s]   103 |   explicit [01;36m[KNode[m[K(
[40.704s]       |            [01;36m[K^~~~[m[K
[40.704s] [01m[K/opt/ros/jazzy/include/rclcpp/rclcpp/node.hpp:103:12:[m[K [01;36m[Knote: [m[K  candidate expects 3 arguments, 0 provided
[40.706s] [01m[K/opt/ros/jazzy/include/rclcpp/rclcpp/node.hpp:91:12:[m[K [01;36m[Knote: [m[Kcandidate: ‘[01m[Krclcpp::Node::[01;32m[KNode[m[K(const std::string&, const rclcpp::NodeOptions&)[m[K’
[40.706s]    91 |   explicit [01;36m[KNode[m[K(
[40.707s]       |            [01;36m[K^~~~[m[K
[40.707s] [01m[K/opt/ros/jazzy/include/rclcpp/rclcpp/node.hpp:91:12:[m[K [01;36m[Knote: [m[K  candidate expects 2 arguments, 0 provided
[40.709s] [01m[K/home/neha/ros2_ws/src/semnav_migration/src/navigation_semantic.cpp:46:95:[m[K [01;31m[Kerror: [m[Kno matching function for call to ‘[01m[Ktf2_ros::TransformListener::TransformListener()[m[K’
[40.709s]    46 |             SemanticNavigationNode::SemanticNavigationNode() : Node("semantic_navigation_node"[01;31m[K)[m[K {
[40.709s]       |                                                                                               [01;31m[K^[m[K
[40.710s] In file included from [01m[K/home/neha/ros2_ws/src/semnav_migration/include/reactive_planner_lib.h:40[m[K:
[40.710s] [01m[K/opt/ros/jazzy/include/tf2_ros/tf2_ros/transform_listener.h:121:3:[m[K [01;36m[Knote: [m[Kcandidate: ‘[01m[Ktemplate<class AllocatorT> tf2_ros::TransformListener::[01;32m[KTransformListener[m[K(tf2::BufferCore&, rclcpp::node_interfaces::NodeBaseInterface::SharedPtr, rclcpp::node_interfaces::NodeLoggingInterface::SharedPtr, rclcpp::node_interfaces::NodeParametersInterface::SharedPtr, rclcpp::node_interfaces::NodeTopicsInterface::SharedPtr, bool, const rclcpp::QoS&, const rclcpp::QoS&, const rclcpp::SubscriptionOptionsWithAllocator<AllocatorT>&, const rclcpp::SubscriptionOptionsWithAllocator<AllocatorT>&)[m[K’
[40.711s]   121 |   [01;36m[KTransformListener[m[K(
[40.711s]       |   [01;36m[K^~~~~~~~~~~~~~~~~[m[K
[40.711s] [01m[K/opt/ros/jazzy/include/tf2_ros/tf2_ros/transform_listener.h:121:3:[m[K [01;36m[Knote: [m[K  template argument deduction/substitution failed:
[40.712s] [01m[K/home/neha/ros2_ws/src/semnav_migration/src/navigation_semantic.cpp:46:95:[m[K [01;36m[Knote: [m[K  candidate expects 10 arguments, 0 provided
[40.712s]    46 |             SemanticNavigationNode::SemanticNavigationNode() : Node("semantic_navigation_node"[01;36m[K)[m[K {
[40.712s]       |                                                                                               [01;36m[K^[m[K
[40.712s] [01m[K/opt/ros/jazzy/include/tf2_ros/tf2_ros/transform_listener.h:96:3:[m[K [01;36m[Knote: [m[Kcandidate: ‘[01m[Ktemplate<class NodeT, class AllocatorT> tf2_ros::TransformListener::[01;32m[KTransformListener[m[K(tf2::BufferCore&, NodeT&&, bool, const rclcpp::QoS&, const rclcpp::QoS&, const rclcpp::SubscriptionOptionsWithAllocator<AllocatorT>&, const rclcpp::SubscriptionOptionsWithAllocator<AllocatorT>&)[m[K’
[40.712s]    96 |   [01;36m[KTransformListener[m[K(
[40.713s]       |   [01;36m[K^~~~~~~~~~~~~~~~~[m[K
[40.713s] [01m[K/opt/ros/jazzy/include/tf2_ros/tf2_ros/transform_listener.h:96:3:[m[K [01;36m[Knote: [m[K  template argument deduction/substitution failed:
[40.713s] [01m[K/home/neha/ros2_ws/src/semnav_migration/src/navigation_semantic.cpp:46:95:[m[K [01;36m[Knote: [m[K  candidate expects 7 arguments, 0 provided
[40.714s]    46 |             SemanticNavigationNode::SemanticNavigationNode() : Node("semantic_navigation_node"[01;36m[K)[m[K {
[40.715s]       |                                                                                               [01;36m[K^[m[K
[40.715s] [01m[K/opt/ros/jazzy/include/tf2_ros/tf2_ros/transform_listener.h:92:12:[m[K [01;36m[Knote: [m[Kcandidate: ‘[01m[Ktf2_ros::TransformListener::[01;32m[KTransformListener[m[K(tf2::BufferCore&, bool)[m[K’
[40.715s]    92 |   explicit [01;36m[KTransformListener[m[K(tf2::BufferCore & buffer, bool spin_thread = true);
[40.715s]       |            [01;36m[K^~~~~~~~~~~~~~~~~[m[K
[40.715s] [01m[K/opt/ros/jazzy/include/tf2_ros/tf2_ros/transform_listener.h:92:12:[m[K [01;36m[Knote: [m[K  candidate expects 2 arguments, 0 provided
[40.729s] [01m[K/home/neha/ros2_ws/src/semnav_migration/src/navigation.cpp:143:116:[m[K [01;31m[Kerror: [m[Kno matching function for call to ‘[01m[Kmessage_filters::Subscriber<sensor_msgs::msg::LaserScan_<std::allocator<void> > >::Subscriber(rclcpp::Node&, std::string&, int)[m[K’
[40.730s]   143 |                         message_filters::Subscriber<sensor_msgs::msg::LaserScan> sub_laser(nh_, sub_laser_topic_, 1[01;31m[K)[m[K;
[40.730s]       |                                                                                                                    [01;31m[K^[m[K
[40.730s] In file included from [01m[K/home/neha/ros2_ws/src/semnav_migration/include/reactive_planner_lib.h:44[m[K:
[40.730s] [01m[K/opt/ros/jazzy/include/message_filters/message_filters/subscriber.h:224:3:[m[K [01;36m[Knote: [m[Kcandidate: ‘[01m[Kmessage_filters::Subscriber<M, NodeType>::[01;32m[KSubscriber[m[K() [35m[K[with M = sensor_msgs::msg::LaserScan_<std::allocator<void> >; NodeType = rclcpp::Node][m[K[m[K’
[40.730s]   224 |   [01;36m[KSubscriber[m[K() = default;
[40.730s]       |   [01;36m[K^~~~~~~~~~[m[K
[40.731s] [01m[K/opt/ros/jazzy/include/message_filters/message_filters/subscriber.h:224:3:[m[K [01;36m[Knote: [m[K  candidate expects 0 arguments, 3 provided
[40.731s] [01m[K/opt/ros/jazzy/include/message_filters/message_filters/subscriber.h:212:3:[m[K [01;36m[Knote: [m[Kcandidate: ‘[01m[Kmessage_filters::Subscriber<M, NodeType>::[01;32m[KSubscriber[m[K(NodeType*, const std::string&, rmw_qos_profile_t, rclcpp::SubscriptionOptions) [35m[K[with M = sensor_msgs::msg::LaserScan_<std::allocator<void> >; NodeType = rclcpp::Node; std::string = std::__cxx11::basic_string<char>; rmw_qos_profile_t = rmw_qos_profile_s; rclcpp::SubscriptionOptions = rclcpp::SubscriptionOptionsWithAllocator<std::allocator<void> >][m[K[m[K’
[40.731s]   212 |   [01;36m[KSubscriber[m[K(
[40.731s]       |   [01;36m[K^~~~~~~~~~[m[K
[40.733s] [01m[K/opt/ros/jazzy/include/message_filters/message_filters/subscriber.h:212:3:[m[K [01;36m[Knote: [m[K  candidate expects 4 arguments, 3 provided
[40.733s] [01m[K/opt/ros/jazzy/include/message_filters/message_filters/subscriber.h:203:3:[m[K [01;36m[Knote: [m[Kcandidate: ‘[01m[Kmessage_filters::Subscriber<M, NodeType>::[01;32m[KSubscriber[m[K(NodePtr, const std::string&, rmw_qos_profile_t, rclcpp::SubscriptionOptions) [35m[K[with M = sensor_msgs::msg::LaserScan_<std::allocator<void> >; NodeType = rclcpp::Node; NodePtr = std::shared_ptr<rclcpp::Node>; std::string = std::__cxx11::basic_string<char>; rmw_qos_profile_t = rmw_qos_profile_s; rclcpp::SubscriptionOptions = rclcpp::SubscriptionOptionsWithAllocator<std::allocator<void> >][m[K[m[K’
[40.734s]   203 |   [01;36m[KSubscriber[m[K(
[40.734s]       |   [01;36m[K^~~~~~~~~~[m[K
[40.734s] [01m[K/opt/ros/jazzy/include/message_filters/message_filters/subscriber.h:203:3:[m[K [01;36m[Knote: [m[K  candidate expects 4 arguments, 3 provided
[40.734s] [01m[K/opt/ros/jazzy/include/message_filters/message_filters/subscriber.h:188:3:[m[K [01;36m[Knote: [m[Kcandidate: ‘[01m[Kmessage_filters::Subscriber<M, NodeType>::[01;32m[KSubscriber[m[K(NodeType*, const std::string&, rmw_qos_profile_t) [35m[K[with M = sensor_msgs::msg::LaserScan_<std::allocator<void> >; NodeType = rclcpp::Node; std::string = std::__cxx11::basic_string<char>; rmw_qos_profile_t = rmw_qos_profile_s][m[K[m[K’
[40.734s]   188 |   [01;36m[KSubscriber[m[K(NodeType * node, const std::string& topic, const rmw_qos_profile_t qos = rmw_qos_profile_default)
[40.734s]       |   [01;36m[K^~~~~~~~~~[m[K
[40.734s] [01m[K/opt/ros/jazzy/include/message_filters/message_filters/subscriber.h:188:25:[m[K [01;36m[Knote: [m[K  no known conversion for argument 1 from ‘[01m[Krclcpp::Node[m[K’ to ‘[01m[Krclcpp::Node*[m[K’
[40.735s]   188 |   Subscriber([01;36m[KNodeType * node[m[K, const std::string& topic, const rmw_qos_profile_t qos = rmw_qos_profile_default)
[40.735s]       |              [01;36m[K~~~~~~~~~~~^~~~[m[K
[40.735s] [01m[K/opt/ros/jazzy/include/message_filters/message_filters/subscriber.h:183:3:[m[K [01;36m[Knote: [m[Kcandidate: ‘[01m[Kmessage_filters::Subscriber<M, NodeType>::[01;32m[KSubscriber[m[K(NodePtr, const std::string&, rmw_qos_profile_t) [35m[K[with M = sensor_msgs::msg::LaserScan_<std::allocator<void> >; NodeType = rclcpp::Node; NodePtr = std::shared_ptr<rclcpp::Node>; std::string = std::__cxx11::basic_string<char>; rmw_qos_profile_t = rmw_qos_profile_s][m[K[m[K’
[40.737s]   183 |   [01;36m[KSubscriber[m[K(NodePtr node, const std::string& topic, const rmw_qos_profile_t qos = rmw_qos_profile_default)
[40.738s]       |   [01;36m[K^~~~~~~~~~[m[K
[40.738s] [01m[K/opt/ros/jazzy/include/message_filters/message_filters/subscriber.h:183:22:[m[K [01;36m[Knote: [m[K  no known conversion for argument 1 from ‘[01m[Krclcpp::Node[m[K’ to ‘[01m[Kmessage_filters::Subscriber<sensor_msgs::msg::LaserScan_<std::allocator<void> > >::NodePtr[m[K’ {aka ‘[01m[Kstd::shared_ptr<rclcpp::Node>[m[K’}
[40.738s]   183 |   Subscriber([01;36m[KNodePtr node[m[K, const std::string& topic, const rmw_qos_profile_t qos = rmw_qos_profile_default)
[40.738s]       |              [01;36m[K~~~~~~~~^~~~[m[K
[40.797s] [01m[K/home/neha/ros2_ws/src/semnav_migration/src/navigation.cpp:144:112:[m[K [01;31m[Kerror: [m[Kno matching function for call to ‘[01m[Kmessage_filters::Subscriber<nav_msgs::msg::Odometry_<std::allocator<void> > >::Subscriber(rclcpp::Node&, std::string&, int)[m[K’
[40.798s]   144 |                         message_filters::Subscriber<nav_msgs::msg::Odometry> sub_robot(nh_, sub_robot_topic_, 1[01;31m[K)[m[K;
[40.798s]       |                                                                                                                [01;31m[K^[m[K
[40.798s] [01m[K/opt/ros/jazzy/include/message_filters/message_filters/subscriber.h:224:3:[m[K [01;36m[Knote: [m[Kcandidate: ‘[01m[Kmessage_filters::Subscriber<M, NodeType>::[01;32m[KSubscriber[m[K() [35m[K[with M = nav_msgs::msg::Odometry_<std::allocator<void> >; NodeType = rclcpp::Node][m[K[m[K’
[40.798s]   224 |   [01;36m[KSubscriber[m[K() = default;
[40.798s]       |   [01;36m[K^~~~~~~~~~[m[K
[40.798s] [01m[K/opt/ros/jazzy/include/message_filters/message_filters/subscriber.h:224:3:[m[K [01;36m[Knote: [m[K  candidate expects 0 arguments, 3 provided
[40.799s] [01m[K/opt/ros/jazzy/include/message_filters/message_filters/subscriber.h:212:3:[m[K [01;36m[Knote: [m[Kcandidate: ‘[01m[Kmessage_filters::Subscriber<M, NodeType>::[01;32m[KSubscriber[m[K(NodeType*, const std::string&, rmw_qos_profile_t, rclcpp::SubscriptionOptions) [35m[K[with M = nav_msgs::msg::Odometry_<std::allocator<void> >; NodeType = rclcpp::Node; std::string = std::__cxx11::basic_string<char>; rmw_qos_profile_t = rmw_qos_profile_s; rclcpp::SubscriptionOptions = rclcpp::SubscriptionOptionsWithAllocator<std::allocator<void> >][m[K[m[K’
[40.799s]   212 |   [01;36m[KSubscriber[m[K(
[40.799s]       |   [01;36m[K^~~~~~~~~~[m[K
[40.799s] [01m[K/opt/ros/jazzy/include/message_filters/message_filters/subscriber.h:212:3:[m[K [01;36m[Knote: [m[K  candidate expects 4 arguments, 3 provided
[40.802s] [01m[K/opt/ros/jazzy/include/message_filters/message_filters/subscriber.h:203:3:[m[K [01;36m[Knote: [m[Kcandidate: ‘[01m[Kmessage_filters::Subscriber<M, NodeType>::[01;32m[KSubscriber[m[K(NodePtr, const std::string&, rmw_qos_profile_t, rclcpp::SubscriptionOptions) [35m[K[with M = nav_msgs::msg::Odometry_<std::allocator<void> >; NodeType = rclcpp::Node; NodePtr = std::shared_ptr<rclcpp::Node>; std::string = std::__cxx11::basic_string<char>; rmw_qos_profile_t = rmw_qos_profile_s; rclcpp::SubscriptionOptions = rclcpp::SubscriptionOptionsWithAllocator<std::allocator<void> >][m[K[m[K’
[40.802s]   203 |   [01;36m[KSubscriber[m[K(
[40.803s]       |   [01;36m[K^~~~~~~~~~[m[K
[40.803s] [01m[K/opt/ros/jazzy/include/message_filters/message_filters/subscriber.h:203:3:[m[K [01;36m[Knote: [m[K  candidate expects 4 arguments, 3 provided
[40.803s] [01m[K/opt/ros/jazzy/include/message_filters/message_filters/subscriber.h:188:3:[m[K [01;36m[Knote: [m[Kcandidate: ‘[01m[Kmessage_filters::Subscriber<M, NodeType>::[01;32m[KSubscriber[m[K(NodeType*, const std::string&, rmw_qos_profile_t) [35m[K[with M = nav_msgs::msg::Odometry_<std::allocator<void> >; NodeType = rclcpp::Node; std::string = std::__cxx11::basic_string<char>; rmw_qos_profile_t = rmw_qos_profile_s][m[K[m[K’
[40.803s]   188 |   [01;36m[KSubscriber[m[K(NodeType * node, const std::string& topic, const rmw_qos_profile_t qos = rmw_qos_profile_default)
[40.803s]       |   [01;36m[K^~~~~~~~~~[m[K
[40.803s] [01m[K/opt/ros/jazzy/include/message_filters/message_filters/subscriber.h:188:25:[m[K [01;36m[Knote: [m[K  no known conversion for argument 1 from ‘[01m[Krclcpp::Node[m[K’ to ‘[01m[Krclcpp::Node*[m[K’
[40.803s]   188 |   Subscriber([01;36m[KNodeType * node[m[K, const std::string& topic, const rmw_qos_profile_t qos = rmw_qos_profile_default)
[40.804s]       |              [01;36m[K~~~~~~~~~~~^~~~[m[K
[40.804s] [01m[K/opt/ros/jazzy/include/message_filters/message_filters/subscriber.h:183:3:[m[K [01;36m[Knote: [m[Kcandidate: ‘[01m[Kmessage_filters::Subscriber<M, NodeType>::[01;32m[KSubscriber[m[K(NodePtr, const std::string&, rmw_qos_profile_t) [35m[K[with M = nav_msgs::msg::Odometry_<std::allocator<void> >; NodeType = rclcpp::Node; NodePtr = std::shared_ptr<rclcpp::Node>; std::string = std::__cxx11::basic_string<char>; rmw_qos_profile_t = rmw_qos_profile_s][m[K[m[K’
[40.804s]   183 |   [01;36m[KSubscriber[m[K(NodePtr node, const std::string& topic, const rmw_qos_profile_t qos = rmw_qos_profile_default)
[40.806s]       |   [01;36m[K^~~~~~~~~~[m[K
[40.806s] [01m[K/opt/ros/jazzy/include/message_filters/message_filters/subscriber.h:183:22:[m[K [01;36m[Knote: [m[K  no known conversion for argument 1 from ‘[01m[Krclcpp::Node[m[K’ to ‘[01m[Kmessage_filters::Subscriber<nav_msgs::msg::Odometry_<std::allocator<void> > >::NodePtr[m[K’ {aka ‘[01m[Kstd::shared_ptr<rclcpp::Node>[m[K’}
[40.807s]   183 |   Subscriber([01;36m[KNodePtr node[m[K, const std::string& topic, const rmw_qos_profile_t qos = rmw_qos_profile_default)
[40.807s]       |              [01;36m[K~~~~~~~~^~~~[m[K
[40.825s] [01m[K/home/neha/ros2_ws/src/semnav_migration/src/navigation_semantic.cpp:143:116:[m[K [01;31m[Kerror: [m[Kno matching function for call to ‘[01m[Kmessage_filters::Subscriber<sensor_msgs::msg::LaserScan_<std::allocator<void> > >::Subscriber(rclcpp::Node&, std::string&, int)[m[K’
[40.826s]   143 |                         message_filters::Subscriber<sensor_msgs::msg::LaserScan> sub_laser(nh_, sub_laser_topic_, 1[01;31m[K)[m[K;
[40.826s]       |                                                                                                                    [01;31m[K^[m[K
[40.826s] In file included from [01m[K/home/neha/ros2_ws/src/semnav_migration/include/reactive_planner_lib.h:44[m[K:
[40.827s] [01m[K/opt/ros/jazzy/include/message_filters/message_filters/subscriber.h:224:3:[m[K [01;36m[Knote: [m[Kcandidate: ‘[01m[Kmessage_filters::Subscriber<M, NodeType>::[01;32m[KSubscriber[m[K() [35m[K[with M = sensor_msgs::msg::LaserScan_<std::allocator<void> >; NodeType = rclcpp::Node][m[K[m[K’
[40.827s]   224 |   [01;36m[KSubscriber[m[K() = default;
[40.827s]       |   [01;36m[K^~~~~~~~~~[m[K
[40.827s] [01m[K/opt/ros/jazzy/include/message_filters/message_filters/subscriber.h:224:3:[m[K [01;36m[Knote: [m[K  candidate expects 0 arguments, 3 provided
[40.829s] [01m[K/opt/ros/jazzy/include/message_filters/message_filters/subscriber.h:212:3:[m[K [01;36m[Knote: [m[Kcandidate: ‘[01m[Kmessage_filters::Subscriber<M, NodeType>::[01;32m[KSubscriber[m[K(NodeType*, const std::string&, rmw_qos_profile_t, rclcpp::SubscriptionOptions) [35m[K[with M = sensor_msgs::msg::LaserScan_<std::allocator<void> >; NodeType = rclcpp::Node; std::string = std::__cxx11::basic_string<char>; rmw_qos_profile_t = rmw_qos_profile_s; rclcpp::SubscriptionOptions = rclcpp::SubscriptionOptionsWithAllocator<std::allocator<void> >][m[K[m[K’
[40.830s]   212 |   [01;36m[KSubscriber[m[K(
[40.830s]       |   [01;36m[K^~~~~~~~~~[m[K
[40.830s] [01m[K/opt/ros/jazzy/include/message_filters/message_filters/subscriber.h:212:3:[m[K [01;36m[Knote: [m[K  candidate expects 4 arguments, 3 provided
[40.830s] [01m[K/opt/ros/jazzy/include/message_filters/message_filters/subscriber.h:203:3:[m[K [01;36m[Knote: [m[Kcandidate: ‘[01m[Kmessage_filters::Subscriber<M, NodeType>::[01;32m[KSubscriber[m[K(NodePtr, const std::string&, rmw_qos_profile_t, rclcpp::SubscriptionOptions) [35m[K[with M = sensor_msgs::msg::LaserScan_<std::allocator<void> >; NodeType = rclcpp::Node; NodePtr = std::shared_ptr<rclcpp::Node>; std::string = std::__cxx11::basic_string<char>; rmw_qos_profile_t = rmw_qos_profile_s; rclcpp::SubscriptionOptions = rclcpp::SubscriptionOptionsWithAllocator<std::allocator<void> >][m[K[m[K’
[40.830s]   203 |   [01;36m[KSubscriber[m[K(
[40.830s]       |   [01;36m[K^~~~~~~~~~[m[K
[40.830s] [01m[K/opt/ros/jazzy/include/message_filters/message_filters/subscriber.h:203:3:[m[K [01;36m[Knote: [m[K  candidate expects 4 arguments, 3 provided
[40.831s] [01m[K/opt/ros/jazzy/include/message_filters/message_filters/subscriber.h:188:3:[m[K [01;36m[Knote: [m[Kcandidate: ‘[01m[Kmessage_filters::Subscriber<M, NodeType>::[01;32m[KSubscriber[m[K(NodeType*, const std::string&, rmw_qos_profile_t) [35m[K[with M = sensor_msgs::msg::LaserScan_<std::allocator<void> >; NodeType = rclcpp::Node; std::string = std::__cxx11::basic_string<char>; rmw_qos_profile_t = rmw_qos_profile_s][m[K[m[K’
[40.831s]   188 |   [01;36m[KSubscriber[m[K(NodeType * node, const std::string& topic, const rmw_qos_profile_t qos = rmw_qos_profile_default)
[40.831s]       |   [01;36m[K^~~~~~~~~~[m[K
[40.833s] [01m[K/opt/ros/jazzy/include/message_filters/message_filters/subscriber.h:188:25:[m[K [01;36m[Knote: [m[K  no known conversion for argument 1 from ‘[01m[Krclcpp::Node[m[K’ to ‘[01m[Krclcpp::Node*[m[K’
[40.833s]   188 |   Subscriber([01;36m[KNodeType * node[m[K, const std::string& topic, const rmw_qos_profile_t qos = rmw_qos_profile_default)
[40.833s]       |              [01;36m[K~~~~~~~~~~~^~~~[m[K
[40.834s] [01m[K/opt/ros/jazzy/include/message_filters/message_filters/subscriber.h:183:3:[m[K [01;36m[Knote: [m[Kcandidate: ‘[01m[Kmessage_filters::Subscriber<M, NodeType>::[01;32m[KSubscriber[m[K(NodePtr, const std::string&, rmw_qos_profile_t) [35m[K[with M = sensor_msgs::msg::LaserScan_<std::allocator<void> >; NodeType = rclcpp::Node; NodePtr = std::shared_ptr<rclcpp::Node>; std::string = std::__cxx11::basic_string<char>; rmw_qos_profile_t = rmw_qos_profile_s][m[K[m[K’
[40.834s]   183 |   [01;36m[KSubscriber[m[K(NodePtr node, const std::string& topic, const rmw_qos_profile_t qos = rmw_qos_profile_default)
[40.834s]       |   [01;36m[K^~~~~~~~~~[m[K
[40.834s] [01m[K/opt/ros/jazzy/include/message_filters/message_filters/subscriber.h:183:22:[m[K [01;36m[Knote: [m[K  no known conversion for argument 1 from ‘[01m[Krclcpp::Node[m[K’ to ‘[01m[Kmessage_filters::Subscriber<sensor_msgs::msg::LaserScan_<std::allocator<void> > >::NodePtr[m[K’ {aka ‘[01m[Kstd::shared_ptr<rclcpp::Node>[m[K’}
[40.834s]   183 |   Subscriber([01;36m[KNodePtr node[m[K, const std::string& topic, const rmw_qos_profile_t qos = rmw_qos_profile_default)
[40.834s]       |              [01;36m[K~~~~~~~~^~~~[m[K
[40.904s] [01m[K/home/neha/ros2_ws/src/semnav_migration/src/navigation_semantic.cpp:144:100:[m[K [01;31m[Kerror: [m[Kno matching function for call to ‘[01m[Kmessage_filters::Subscriber<nav_msgs::msg::Odometry_<std::allocator<void> > >::Subscriber(rclcpp::Node&, std::string&, int)[m[K’
[40.904s]   144 |             message_filters::Subscriber<nav_msgs::msg::Odometry> sub_robot(nh_, sub_robot_topic_, 1[01;31m[K)[m[K;
[40.905s]       |                                                                                                    [01;31m[K^[m[K
[40.905s] [01m[K/opt/ros/jazzy/include/message_filters/message_filters/subscriber.h:224:3:[m[K [01;36m[Knote: [m[Kcandidate: ‘[01m[Kmessage_filters::Subscriber<M, NodeType>::[01;32m[KSubscriber[m[K() [35m[K[with M = nav_msgs::msg::Odometry_<std::allocator<void> >; NodeType = rclcpp::Node][m[K[m[K’
[40.905s]   224 |   [01;36m[KSubscriber[m[K() = default;
[40.906s]       |   [01;36m[K^~~~~~~~~~[m[K
[40.906s] [01m[K/opt/ros/jazzy/include/message_filters/message_filters/subscriber.h:224:3:[m[K [01;36m[Knote: [m[K  candidate expects 0 arguments, 3 provided
[40.906s] [01m[K/opt/ros/jazzy/include/message_filters/message_filters/subscriber.h:212:3:[m[K [01;36m[Knote: [m[Kcandidate: ‘[01m[Kmessage_filters::Subscriber<M, NodeType>::[01;32m[KSubscriber[m[K(NodeType*, const std::string&, rmw_qos_profile_t, rclcpp::SubscriptionOptions) [35m[K[with M = nav_msgs::msg::Odometry_<std::allocator<void> >; NodeType = rclcpp::Node; std::string = std::__cxx11::basic_string<char>; rmw_qos_profile_t = rmw_qos_profile_s; rclcpp::SubscriptionOptions = rclcpp::SubscriptionOptionsWithAllocator<std::allocator<void> >][m[K[m[K’
[40.906s]   212 |   [01;36m[KSubscriber[m[K(
[40.906s]       |   [01;36m[K^~~~~~~~~~[m[K
[40.908s] [01m[K/opt/ros/jazzy/include/message_filters/message_filters/subscriber.h:212:3:[m[K [01;36m[Knote: [m[K  candidate expects 4 arguments, 3 provided
[40.909s] [01m[K/opt/ros/jazzy/include/message_filters/message_filters/subscriber.h:203:3:[m[K [01;36m[Knote: [m[Kcandidate: ‘[01m[Kmessage_filters::Subscriber<M, NodeType>::[01;32m[KSubscriber[m[K(NodePtr, const std::string&, rmw_qos_profile_t, rclcpp::SubscriptionOptions) [35m[K[with M = nav_msgs::msg::Odometry_<std::allocator<void> >; NodeType = rclcpp::Node; NodePtr = std::shared_ptr<rclcpp::Node>; std::string = std::__cxx11::basic_string<char>; rmw_qos_profile_t = rmw_qos_profile_s; rclcpp::SubscriptionOptions = rclcpp::SubscriptionOptionsWithAllocator<std::allocator<void> >][m[K[m[K’
[40.909s]   203 |   [01;36m[KSubscriber[m[K(
[40.909s]       |   [01;36m[K^~~~~~~~~~[m[K
[40.909s] [01m[K/opt/ros/jazzy/include/message_filters/message_filters/subscriber.h:203:3:[m[K [01;36m[Knote: [m[K  candidate expects 4 arguments, 3 provided
[40.909s] [01m[K/opt/ros/jazzy/include/message_filters/message_filters/subscriber.h:188:3:[m[K [01;36m[Knote: [m[Kcandidate: ‘[01m[Kmessage_filters::Subscriber<M, NodeType>::[01;32m[KSubscriber[m[K(NodeType*, const std::string&, rmw_qos_profile_t) [35m[K[with M = nav_msgs::msg::Odometry_<std::allocator<void> >; NodeType = rclcpp::Node; std::string = std::__cxx11::basic_string<char>; rmw_qos_profile_t = rmw_qos_profile_s][m[K[m[K’
[40.909s]   188 |   [01;36m[KSubscriber[m[K(NodeType * node, const std::string& topic, const rmw_qos_profile_t qos = rmw_qos_profile_default)
[40.910s]       |   [01;36m[K^~~~~~~~~~[m[K
[40.910s] [01m[K/opt/ros/jazzy/include/message_filters/message_filters/subscriber.h:188:25:[m[K [01;36m[Knote: [m[K  no known conversion for argument 1 from ‘[01m[Krclcpp::Node[m[K’ to ‘[01m[Krclcpp::Node*[m[K’
[40.910s]   188 |   Subscriber([01;36m[KNodeType * node[m[K, const std::string& topic, const rmw_qos_profile_t qos = rmw_qos_profile_default)
[40.910s]       |              [01;36m[K~~~~~~~~~~~^~~~[m[K
[40.912s] [01m[K/opt/ros/jazzy/include/message_filters/message_filters/subscriber.h:183:3:[m[K [01;36m[Knote: [m[Kcandidate: ‘[01m[Kmessage_filters::Subscriber<M, NodeType>::[01;32m[KSubscriber[m[K(NodePtr, const std::string&, rmw_qos_profile_t) [35m[K[with M = nav_msgs::msg::Odometry_<std::allocator<void> >; NodeType = rclcpp::Node; NodePtr = std::shared_ptr<rclcpp::Node>; std::string = std::__cxx11::basic_string<char>; rmw_qos_profile_t = rmw_qos_profile_s][m[K[m[K’
[40.912s]   183 |   [01;36m[KSubscriber[m[K(NodePtr node, const std::string& topic, const rmw_qos_profile_t qos = rmw_qos_profile_default)
[40.913s]       |   [01;36m[K^~~~~~~~~~[m[K
[40.913s] [01m[K/opt/ros/jazzy/include/message_filters/message_filters/subscriber.h:183:22:[m[K [01;36m[Knote: [m[K  no known conversion for argument 1 from ‘[01m[Krclcpp::Node[m[K’ to ‘[01m[Kmessage_filters::Subscriber<nav_msgs::msg::Odometry_<std::allocator<void> > >::NodePtr[m[K’ {aka ‘[01m[Kstd::shared_ptr<rclcpp::Node>[m[K’}
[40.913s]   183 |   Subscriber([01;36m[KNodePtr node[m[K, const std::string& topic, const rmw_qos_profile_t qos = rmw_qos_profile_default)
[40.913s]       |              [01;36m[K~~~~~~~~^~~~[m[K
[40.952s] [01m[K/home/neha/ros2_ws/src/semnav_migration/src/navigation.cpp:149:55:[m[K [01;31m[Kerror: [m[K‘[01m[Kbind[m[K’ is not a member of ‘[01m[Kboost[m[K’; did you mean ‘[01m[Kfind[m[K’?
[40.952s]   149 |                         sync->registerCallback(boost::[01;31m[Kbind[m[K(&NavigationNode::control_callback, this, _1, _2));
[40.952s]       |                                                       [01;31m[K^~~~[m[K
[40.953s]       |                                                       [32m[Kfind[m[K
[40.956s] [01m[K/home/neha/ros2_ws/src/semnav_migration/src/navigation.cpp:149:101:[m[K [01;31m[Kerror: [m[K‘[01m[K_1[m[K’ was not declared in this scope
[40.957s]   149 |                         sync->registerCallback(boost::bind(&NavigationNode::control_callback, this, [01;31m[K_1[m[K, _2));
[40.957s]       |                                                                                                     [01;31m[K^~[m[K
[40.957s] [01m[K/home/neha/ros2_ws/src/semnav_migration/src/navigation.cpp:149:101:[m[K [01;36m[Knote: [m[Ksuggested alternatives:
[40.957s] In file included from [01m[K/usr/include/boost/mpl/aux_/include_preprocessed.hpp:37[m[K,
[40.957s]                  from [01m[K/usr/include/boost/mpl/placeholders.hpp:43[m[K,
[40.957s]                  from [01m[K/usr/include/boost/iterator/iterator_categories.hpp:16[m[K,
[40.958s]                  from [01m[K/usr/include/boost/iterator/iterator_facade.hpp:13[m[K,
[40.958s]                  from [01m[K/usr/include/boost/range/iterator_range_core.hpp:27[m[K,
[40.958s]                  from [01m[K/usr/include/boost/lexical_cast.hpp:48[m[K,
[40.958s]                  from [01m[K/usr/include/boost/multiprecision/detail/number_base.hpp:29[m[K,
[40.960s]                  from [01m[K/usr/include/boost/multiprecision/traits/is_variable_precision.hpp:9[m[K,
[40.961s]                  from [01m[K/usr/include/boost/multiprecision/detail/precision.hpp:9[m[K,
[40.961s]                  from [01m[K/usr/include/boost/multiprecision/number.hpp:11[m[K:
[40.961s] [01m[K/usr/include/boost/mpl/aux_/preprocessed/gcc/placeholders.hpp:29:16:[m[K [01;36m[Knote: [m[K  ‘[01m[Kmpl_::_1[m[K’
[40.961s]    29 | typedef arg<1> [01;36m[K_1[m[K;
[40.961s]       |                [01;36m[K^~[m[K
[40.962s] In file included from [01m[K/usr/include/boost/numeric/conversion/converter_policies.hpp:13[m[K,
[40.962s]                  from [01m[K/usr/include/boost/numeric/conversion/converter.hpp:14[m[K,
[40.962s]                  from [01m[K/usr/include/boost/numeric/conversion/cast.hpp:33[m[K,
[40.963s]                  from [01m[K/usr/include/boost/geometry/core/radian_access.hpp:26[m[K:
[40.963s] [01m[K/usr/include/c++/13/functional:294:48:[m[K [01;36m[Knote: [m[K  ‘[01m[Kstd::placeholders::_1[m[K’
[40.964s]   294 |     _GLIBCXX_PLACEHOLDER const _Placeholder<1> [01;36m[K_1[m[K;
[40.964s]       |                                                [01;36m[K^~[m[K
[40.964s] [01m[K/usr/include/boost/mpl/aux_/preprocessed/gcc/placeholders.hpp:29:16:[m[K [01;36m[Knote: [m[K  ‘[01m[Kmpl_::_1[m[K’
[40.964s]    29 | typedef arg<1> [01;36m[K_1[m[K;
[40.964s]       |                [01;36m[K^~[m[K
[40.964s] In file included from [01m[K/usr/include/boost/describe/members.hpp:20[m[K,
[40.964s]                  from [01m[K/usr/include/boost/container_hash/is_described_class.hpp:11[m[K,
[40.964s]                  from [01m[K/usr/include/boost/container_hash/hash.hpp:18[m[K,
[40.965s]                  from [01m[K/usr/include/boost/functional/hash.hpp:6[m[K,
[40.965s]                  from [01m[K/usr/include/CGAL/Kernel/hash_functions.h:16[m[K,
[40.965s]                  from [01m[K/usr/include/CGAL/Kernel/global_functions.h:25[m[K,
[40.967s]                  from [01m[K/usr/include/CGAL/Cartesian/Cartesian_base.h:22[m[K,
[40.967s]                  from [01m[K/usr/include/CGAL/Simple_cartesian.h:20[m[K,
[40.968s]                  from [01m[K/usr/include/CGAL/Exact_predicates_inexact_constructions_kernel.h:20[m[K,
[40.968s]                  from [01m[K/home/neha/ros2_ws/src/semnav_migration/include/polygeom_lib.h:32[m[K,
[40.968s]                  from [01m[K/home/neha/ros2_ws/src/semnav_migration/include/reactive_planner_lib.h:52[m[K:
[40.968s] [01m[K/usr/include/boost/mp11/bind.hpp:45:7:[m[K [01;36m[Knote: [m[K  ‘[01m[Kboost::mp11::_1[m[K’
[40.968s]    45 | using [01;36m[K_1[m[K = mp_arg<0>;
[40.968s]       |       [01;36m[K^~[m[K
[40.968s] [01m[K/usr/include/boost/mpl/aux_/preprocessed/gcc/placeholders.hpp:29:16:[m[K [01;36m[Knote: [m[K  ‘[01m[Kmpl_::_1[m[K’
[40.968s]    29 | typedef arg<1> [01;36m[K_1[m[K;
[40.969s]       |                [01;36m[K^~[m[K
[40.969s] [01m[K/home/neha/ros2_ws/src/semnav_migration/src/navigation.cpp:149:105:[m[K [01;31m[Kerror: [m[K‘[01m[K_2[m[K’ was not declared in this scope
[40.969s]   149 |                         sync->registerCallback(boost::bind(&NavigationNode::control_callback, this, _1, [01;31m[K_2[m[K));
[40.971s]       |                                                                                                         [01;31m[K^~[m[K
[40.971s] [01m[K/home/neha/ros2_ws/src/semnav_migration/src/navigation.cpp:149:105:[m[K [01;36m[Knote: [m[Ksuggested alternatives:
[40.972s] [01m[K/usr/include/boost/mpl/aux_/preprocessed/gcc/placeholders.hpp:42:16:[m[K [01;36m[Knote: [m[K  ‘[01m[Kmpl_::_2[m[K’
[40.972s]    42 | typedef arg<2> [01;36m[K_2[m[K;
[40.972s]       |                [01;36m[K^~[m[K
[40.972s] [01m[K/usr/include/c++/13/functional:295:48:[m[K [01;36m[Knote: [m[K  ‘[01m[Kstd::placeholders::_2[m[K’
[40.972s]   295 |     _GLIBCXX_PLACEHOLDER const _Placeholder<2> [01;36m[K_2[m[K;
[40.972s]       |                                                [01;36m[K^~[m[K
[40.972s] [01m[K/usr/include/boost/mpl/aux_/preprocessed/gcc/placeholders.hpp:42:16:[m[K [01;36m[Knote: [m[K  ‘[01m[Kmpl_::_2[m[K’
[40.973s]    42 | typedef arg<2> [01;36m[K_2[m[K;
[40.973s]       |                [01;36m[K^~[m[K
[40.973s] [01m[K/usr/include/boost/mp11/bind.hpp:46:7:[m[K [01;36m[Knote: [m[K  ‘[01m[Kboost::mp11::_2[m[K’
[40.975s]    46 | using [01;36m[K_2[m[K = mp_arg<1>;
[40.975s]       |       [01;36m[K^~[m[K
[40.976s] [01m[K/usr/include/boost/mpl/aux_/preprocessed/gcc/placeholders.hpp:42:16:[m[K [01;36m[Knote: [m[K  ‘[01m[Kmpl_::_2[m[K’
[40.976s]    42 | typedef arg<2> [01;36m[K_2[m[K;
[40.976s]       |                [01;36m[K^~[m[K
[40.976s] [01m[K/home/neha/ros2_ws/src/semnav_migration/src/navigation.cpp:152:74:[m[K [01;31m[Kerror: [m[Kno matching function for call to ‘[01m[KNavigationNode::create_subscription(std::string&, int)[m[K’
[40.976s]   152 |             rclcpp::Subscription sub_semantic = [01;31m[Kthis->create_subscription(sub_semantic_topic_, 1)[m[K;
[40.976s]       |                                                 [01;31m[K~~~~~~~~~~~~~~~~~~~~~~~~~^~~~~~~~~~~~~~~~~~~~~~~~[m[K
[40.976s] [01m[K/opt/ros/jazzy/include/rclcpp/rclcpp/node.hpp:221:3:[m[K [01;36m[Knote: [m[Kcandidate: ‘[01m[Ktemplate<class MessageT, class CallbackT, class AllocatorT, class SubscriptionT, class MessageMemoryStrategyT> std::shared_ptr<ROSMessageT> rclcpp::Node::[01;32m[Kcreate_subscription[m[K(const std::string&, const rclcpp::QoS&, CallbackT&&, const rclcpp::SubscriptionOptionsWithAllocator<AllocatorT>&, typename MessageMemoryStrategyT::SharedPtr)[m[K’
[40.977s]   221 |   [01;36m[Kcreate_subscription[m[K(
[40.977s]       |   [01;36m[K^~~~~~~~~~~~~~~~~~~[m[K
[40.977s] [01m[K/opt/ros/jazzy/include/rclcpp/rclcpp/node.hpp:221:3:[m[K [01;36m[Knote: [m[K  template argument deduction/substitution failed:
[40.977s] [01m[K/home/neha/ros2_ws/src/semnav_migration/src/navigation.cpp:152:74:[m[K [01;36m[Knote: [m[K  candidate expects 5 arguments, 2 provided
[40.979s]   152 |             rclcpp::Subscription sub_semantic = [01;36m[Kthis->create_subscription(sub_semantic_topic_, 1)[m[K;
[40.979s]       |                                                 [01;36m[K~~~~~~~~~~~~~~~~~~~~~~~~~^~~~~~~~~~~~~~~~~~~~~~~~[m[K
[41.065s] [01m[K/home/neha/ros2_ws/src/semnav_migration/src/navigation.cpp:[m[K In member function ‘[01m[Kvoid NavigationNode::[01;32m[Kcontrol_callback[m[K(const sensor_msgs::msg::LaserScan_<std::allocator<void> >::ConstPtr&, const nav_msgs::msg::Odometry_<std::allocator<void> >::ConstPtr&)[m[K’:
[41.065s] [01m[K/home/neha/ros2_ws/src/semnav_migration/src/navigation.cpp:404:42:[m[K [01;31m[Kerror: [m[Kcould not convert ‘[01m[Klidar_data[m[K’ from ‘[01m[Kshared_ptr<LaserScan_<[...]>>[m[K’ to ‘[01m[Kshared_ptr<LaserScan_<[...]>>[m[K’
[41.065s]   404 |                         constructLIDAR2D([01;31m[Klidar_data[m[K, CutoffRange_, AllowableRange_, RobotPitch_, &LIDAR);
[41.066s]       |                                          [01;31m[K^~~~~~~~~~[m[K
[41.066s]       |                                          [01;31m[K|[m[K
[41.066s]       |                                          [01;31m[Kshared_ptr<LaserScan_<[...]>>[m[K
[41.075s] [01m[K/home/neha/ros2_ws/src/semnav_migration/src/navigation_semantic.cpp:149:55:[m[K [01;31m[Kerror: [m[K‘[01m[Kbind[m[K’ is not a member of ‘[01m[Kboost[m[K’; did you mean ‘[01m[Kfind[m[K’?
[41.076s]   149 |                         sync->registerCallback(boost::[01;31m[Kbind[m[K(&SemanticNavigationNode::control_callback, this, _1, _2));
[41.076s]       |                                                       [01;31m[K^~~~[m[K
[41.076s]       |                                                       [32m[Kfind[m[K
[41.079s] [01m[K/home/neha/ros2_ws/src/semnav_migration/src/navigation_semantic.cpp:149:109:[m[K [01;31m[Kerror: [m[K‘[01m[K_1[m[K’ was not declared in this scope
[41.080s]   149 |                         sync->registerCallback(boost::bind(&SemanticNavigationNode::control_callback, this, [01;31m[K_1[m[K, _2));
[41.080s]       |                                                                                                             [01;31m[K^~[m[K
[41.080s] [01m[K/home/neha/ros2_ws/src/semnav_migration/src/navigation_semantic.cpp:149:109:[m[K [01;36m[Knote: [m[Ksuggested alternatives:
[41.081s] In file included from [01m[K/usr/include/boost/mpl/aux_/include_preprocessed.hpp:37[m[K,
[41.081s]                  from [01m[K/usr/include/boost/mpl/placeholders.hpp:43[m[K,
[41.082s]                  from [01m[K/usr/include/boost/iterator/iterator_categories.hpp:16[m[K,
[41.082s]                  from [01m[K/usr/include/boost/iterator/iterator_facade.hpp:13[m[K,
[41.082s]                  from [01m[K/usr/include/boost/range/iterator_range_core.hpp:27[m[K,
[41.082s]                  from [01m[K/usr/include/boost/lexical_cast.hpp:48[m[K,
[41.082s]                  from [01m[K/usr/include/boost/multiprecision/detail/number_base.hpp:29[m[K,
[41.082s]                  from [01m[K/usr/include/boost/multiprecision/traits/is_variable_precision.hpp:9[m[K,
[41.083s]                  from [01m[K/usr/include/boost/multiprecision/detail/precision.hpp:9[m[K,
[41.083s]                  from [01m[K/usr/include/boost/multiprecision/number.hpp:11[m[K,
[41.083s]                  from [01m[K/usr/include/boost/multiprecision/cpp_int.hpp:19[m[K,
[41.083s]                  from [01m[K/usr/include/boost/multiprecision/cpp_bin_float.hpp:15[m[K,
[41.087s]                  from [01m[K/usr/include/boost/geometry/core/coordinate_promotion.hpp:16[m[K,
[41.087s]                  from [01m[K/usr/include/boost/geometry/core/radian_access.hpp:30[m[K,
[41.088s]                  from [01m[K/usr/include/boost/geometry/geometry.hpp:50[m[K,
[41.088s]                  from [01m[K/usr/include/boost/geometry.hpp:17[m[K,
[41.088s]                  from [01m[K/home/neha/ros2_ws/src/semnav_migration/include/reactive_planner_lib.h:26[m[K:
[41.088s] [01m[K/usr/include/boost/mpl/aux_/preprocessed/gcc/placeholders.hpp:29:16:[m[K [01;36m[Knote: [m[K  ‘[01m[Kmpl_::_1[m[K’
[41.088s]    29 | typedef arg<1> [01;36m[K_1[m[K;
[41.088s]       |                [01;36m[K^~[m[K
[41.089s] In file included from [01m[K/usr/include/boost/numeric/conversion/converter_policies.hpp:13[m[K,
[41.089s]                  from [01m[K/usr/include/boost/numeric/conversion/converter.hpp:14[m[K,
[41.089s]                  from [01m[K/usr/include/boost/numeric/conversion/cast.hpp:33[m[K,
[41.089s]                  from [01m[K/usr/include/boost/geometry/core/radian_access.hpp:26[m[K:
[41.089s] [01m[K/usr/include/c++/13/functional:294:48:[m[K [01;36m[Knote: [m[K  ‘[01m[Kstd::placeholders::_1[m[K’
[41.089s]   294 |     _GLIBCXX_PLACEHOLDER const _Placeholder<1> [01;36m[K_1[m[K;
[41.089s]       |                                                [01;36m[K^~[m[K
[41.090s] [01m[K/usr/include/boost/mpl/aux_/preprocessed/gcc/placeholders.hpp:29:16:[m[K [01;36m[Knote: [m[K  ‘[01m[Kmpl_::_1[m[K’
[41.090s]    29 | typedef arg<1> [01;36m[K_1[m[K;
[41.090s]       |                [01;36m[K^~[m[K
[41.091s] In file included from [01m[K/usr/include/boost/describe/members.hpp:20[m[K,
[41.092s]                  from [01m[K/usr/include/boost/container_hash/is_described_class.hpp:11[m[K,
[41.093s]                  from [01m[K/usr/include/boost/container_hash/hash.hpp:18[m[K,
[41.093s]                  from [01m[K/usr/include/boost/functional/hash.hpp:6[m[K,
[41.093s]                  from [01m[K/usr/include/CGAL/Kernel/hash_functions.h:16[m[K,
[41.093s]                  from [01m[K/usr/include/CGAL/Kernel/global_functions.h:25[m[K,
[41.093s]                  from [01m[K/usr/include/CGAL/Cartesian/Cartesian_base.h:22[m[K,
[41.093s]                  from [01m[K/usr/include/CGAL/Simple_cartesian.h:20[m[K,
[41.094s]                  from [01m[K/usr/include/CGAL/Exact_predicates_inexact_constructions_kernel.h:20[m[K,
[41.094s]                  from [01m[K/home/neha/ros2_ws/src/semnav_migration/include/polygeom_lib.h:32[m[K,
[41.094s]                  from [01m[K/home/neha/ros2_ws/src/semnav_migration/include/reactive_planner_lib.h:52[m[K:
[41.094s] [01m[K/usr/include/boost/mp11/bind.hpp:45:7:[m[K [01;36m[Knote: [m[K  ‘[01m[Kboost::mp11::_1[m[K’
[41.096s]    45 | using [01;36m[K_1[m[K = mp_arg<0>;
[41.096s]       |       [01;36m[K^~[m[K
[41.097s] [01m[K/usr/include/boost/mpl/aux_/preprocessed/gcc/placeholders.hpp:29:16:[m[K [01;36m[Knote: [m[K  ‘[01m[Kmpl_::_1[m[K’
[41.097s]    29 | typedef arg<1> [01;36m[K_1[m[K;
[41.097s]       |                [01;36m[K^~[m[K
[41.097s] [01m[K/home/neha/ros2_ws/src/semnav_migration/src/navigation_semantic.cpp:149:113:[m[K [01;31m[Kerror: [m[K‘[01m[K_2[m[K’ was not declared in this scope
[41.097s]   149 |                         sync->registerCallback(boost::bind(&SemanticNavigationNode::control_callback, this, _1, [01;31m[K_2[m[K));
[41.097s]       |                                                                                                                 [01;31m[K^~[m[K
[41.097s] [01m[K/home/neha/ros2_ws/src/semnav_migration/src/navigation_semantic.cpp:149:113:[m[K [01;36m[Knote: [m[Ksuggested alternatives:
[41.098s] [01m[K/usr/include/boost/mpl/aux_/preprocessed/gcc/placeholders.hpp:42:16:[m[K [01;36m[Knote: [m[K  ‘[01m[Kmpl_::_2[m[K’
[41.098s]    42 | typedef arg<2> [01;36m[K_2[m[K;
[41.098s]       |                [01;36m[K^~[m[K
[41.100s] [01m[K/usr/include/c++/13/functional:295:48:[m[K [01;36m[Knote: [m[K  ‘[01m[Kstd::placeholders::_2[m[K’
[41.100s]   295 |     _GLIBCXX_PLACEHOLDER const _Placeholder<2> [01;36m[K_2[m[K;
[41.100s]       |                                                [01;36m[K^~[m[K
[41.101s] [01m[K/usr/include/boost/mpl/aux_/preprocessed/gcc/placeholders.hpp:42:16:[m[K [01;36m[Knote: [m[K  ‘[01m[Kmpl_::_2[m[K’
[41.101s]    42 | typedef arg<2> [01;36m[K_2[m[K;
[41.101s]       |                [01;36m[K^~[m[K
[41.101s] [01m[K/usr/include/boost/mp11/bind.hpp:46:7:[m[K [01;36m[Knote: [m[K  ‘[01m[Kboost::mp11::_2[m[K’
[41.101s]    46 | using [01;36m[K_2[m[K = mp_arg<1>;
[41.101s]       |       [01;36m[K^~[m[K
[41.101s] [01m[K/usr/include/boost/mpl/aux_/preprocessed/gcc/placeholders.hpp:42:16:[m[K [01;36m[Knote: [m[K  ‘[01m[Kmpl_::_2[m[K’
[41.102s]    42 | typedef arg<2> [01;36m[K_2[m[K;
[41.102s]       |                [01;36m[K^~[m[K
[41.102s] [01m[K/home/neha/ros2_ws/src/semnav_migration/src/navigation_semantic.cpp:151:86:[m[K [01;31m[Kerror: [m[Kno matching function for call to ‘[01m[KSemanticNavigationNode::create_subscription(const char [20], int)[m[K’
[41.104s]   151 |                         rclcpp::Subscription sub_semantic = [01;31m[Kthis->create_subscription("sub_semantic_topic_", 1)[m[K;
[41.104s]       |                                                             [01;31m[K~~~~~~~~~~~~~~~~~~~~~~~~~^~~~~~~~~~~~~~~~~~~~~~~~~~[m[K
[41.104s] [01m[K/opt/ros/jazzy/include/rclcpp/rclcpp/node.hpp:221:3:[m[K [01;36m[Knote: [m[Kcandidate: ‘[01m[Ktemplate<class MessageT, class CallbackT, class AllocatorT, class SubscriptionT, class MessageMemoryStrategyT> std::shared_ptr<ROSMessageT> rclcpp::Node::[01;32m[Kcreate_subscription[m[K(const std::string&, const rclcpp::QoS&, CallbackT&&, const rclcpp::SubscriptionOptionsWithAllocator<AllocatorT>&, typename MessageMemoryStrategyT::SharedPtr)[m[K’
[41.105s]   221 |   [01;36m[Kcreate_subscription[m[K(
[41.105s]       |   [01;36m[K^~~~~~~~~~~~~~~~~~~[m[K
[41.105s] [01m[K/opt/ros/jazzy/include/rclcpp/rclcpp/node.hpp:221:3:[m[K [01;36m[Knote: [m[K  template argument deduction/substitution failed:
[41.105s] [01m[K/home/neha/ros2_ws/src/semnav_migration/src/navigation_semantic.cpp:151:86:[m[K [01;36m[Knote: [m[K  candidate expects 5 arguments, 2 provided
[41.105s]   151 |                         rclcpp::Subscription sub_semantic = [01;36m[Kthis->create_subscription("sub_semantic_topic_", 1)[m[K;
[41.105s]       |                                                             [01;36m[K~~~~~~~~~~~~~~~~~~~~~~~~~^~~~~~~~~~~~~~~~~~~~~~~~~~[m[K
[41.107s] [01m[K/home/neha/ros2_ws/src/semnav_migration/src/navigation_semantic.cpp:[m[K In member function ‘[01m[Kvoid SemanticNavigationNode::[01;32m[Kpublish_twist[m[K(double, double)[m[K’:
[41.107s] [01m[K/home/neha/ros2_ws/src/semnav_migration/src/navigation_semantic.cpp:168:50:[m[K [01;31m[Kerror: [m[Kno matching function for call to ‘[01m[Krclcpp::Publisher<example_interfaces::msg::UInt32_<std::allocator<void> > >::publish(geometry_msgs::msg::Twist&)[m[K’
[41.108s]   168 |                         [01;31m[Kthis->pub_twist_->publish(commandTwist)[m[K;
[41.108s]       |                         [01;31m[K~~~~~~~~~~~~~~~~~~~~~~~~~^~~~~~~~~~~~~~[m[K
[41.109s] In file included from [01m[K/opt/ros/jazzy/include/rclcpp/rclcpp/topic_statistics/subscription_topic_statistics.hpp:31[m[K,
[41.109s]                  from [01m[K/opt/ros/jazzy/include/rclcpp/rclcpp/subscription.hpp:50[m[K,
[41.109s]                  from [01m[K/opt/ros/jazzy/include/rclcpp/rclcpp/any_executable.hpp:25[m[K,
[41.112s]                  from [01m[K/opt/ros/jazzy/include/rclcpp/rclcpp/memory_strategy.hpp:25[m[K,
[41.112s]                  from [01m[K/opt/ros/jazzy/include/rclcpp/rclcpp/memory_strategies.hpp:18[m[K,
[41.112s]                  from [01m[K/opt/ros/jazzy/include/rclcpp/rclcpp/executor_options.hpp:22[m[K,
[41.112s]                  from [01m[K/opt/ros/jazzy/include/rclcpp/rclcpp/executor.hpp:38[m[K,
[41.112s]                  from [01m[K/opt/ros/jazzy/include/rclcpp/rclcpp/executors/multi_threaded_executor.hpp:25[m[K,
[41.112s]                  from [01m[K/opt/ros/jazzy/include/rclcpp/rclcpp/executors.hpp:21[m[K:
[41.113s] [01m[K/opt/ros/jazzy/include/rclcpp/rclcpp/publisher.hpp:239:3:[m[K [01;36m[Knote: [m[Kcandidate: ‘[01m[Ktemplate<class T> std::enable_if_t<(rosidl_generator_traits::is_message<T>::value && std::is_same<T, typename rclcpp::TypeAdapter<MessageT>::ros_message_type>::value)> rclcpp::Publisher<MessageT, AllocatorT>::[01;32m[Kpublish[m[K(std::unique_ptr<T, typename std::conditional<std::is_same<typename std::allocator_traits<typename std::allocator_traits<_Allocator>::rebind_traits<typename rclcpp::TypeAdapter<MessageT, void, void>::ros_message_type>::allocator_type>::rebind_alloc<typename rclcpp::TypeAdapter<MessageT, void, void>::ros_message_type>, std::allocator<typename rclcpp::TypeAdapter<MessageT>::ros_message_type> >::value, std::default_delete<typename rclcpp::TypeAdapter<MessageT>::ros_message_type>, rclcpp::allocator::AllocatorDeleter<typename std::allocator_traits<_Allocator>::rebind_traits<typename rclcpp::TypeAdapter<MessageT, void, void>::ros_message_type>::allocator_type> >::type>) [35m[K[with MessageT = example_interfaces::msg::UInt32_<std::allocator<void> >; AllocatorT = std::allocator<void>][m[K[m[K’
[41.113s]   239 |   [01;36m[Kpublish[m[K(std::unique_ptr<T, ROSMessageTypeDeleter> msg)
[41.113s]       |   [01;36m[K^~~~~~~[m[K
[41.113s] [01m[K/opt/ros/jazzy/include/rclcpp/rclcpp/publisher.hpp:239:3:[m[K [01;36m[Knote: [m[K  template argument deduction/substitution failed:
[41.113s] [01m[K/home/neha/ros2_ws/src/semnav_migration/src/navigation_semantic.cpp:168:50:[m[K [01;36m[Knote: [m[K  ‘[01m[Kgeometry_msgs::msg::Twist_<std::allocator<void> >[m[K’ is not derived from ‘[01m[Kstd::unique_ptr<T, std::default_delete<example_interfaces::msg::UInt32_<std::allocator<void> > > >[m[K’
[41.113s]   168 |                         [01;36m[Kthis->pub_twist_->publish(commandTwist)[m[K;
[41.114s]       |                         [01;36m[K~~~~~~~~~~~~~~~~~~~~~~~~~^~~~~~~~~~~~~~[m[K
[41.114s] [01m[K/opt/ros/jazzy/include/rclcpp/rclcpp/publisher.hpp:289:3:[m[K [01;36m[Knote: [m[Kcandidate: ‘[01m[Ktemplate<class T> std::enable_if_t<(rosidl_generator_traits::is_message<T>::value && std::is_same<T, typename rclcpp::TypeAdapter<MessageT>::ros_message_type>::value)> rclcpp::Publisher<MessageT, AllocatorT>::[01;32m[Kpublish[m[K(const T&) [35m[K[with MessageT = example_interfaces::msg::UInt32_<std::allocator<void> >; AllocatorT = std::allocator<void>][m[K[m[K’
[41.114s]   289 |   [01;36m[Kpublish[m[K(const T & msg)
[41.114s]       |   [01;36m[K^~~~~~~[m[K
[41.114s] [01m[K/opt/ros/jazzy/include/rclcpp/rclcpp/publisher.hpp:289:3:[m[K [01;36m[Knote: [m[K  template argument deduction/substitution failed:
[41.114s] In file included from [01m[K/usr/include/c++/13/bits/stl_iterator_base_types.h:67[m[K,
[41.114s]                  from [01m[K/usr/include/c++/13/iterator:61[m[K,
[41.115s]                  from [01m[K/usr/include/boost/iterator/iterator_traits.hpp:10[m[K,
[41.115s]                  from [01m[K/usr/include/boost/range/mutable_iterator.hpp:23[m[K,
[41.115s]                  from [01m[K/usr/include/boost/range/iterator.hpp:20[m[K,
[41.117s]                  from [01m[K/usr/include/boost/range/value_type.hpp:19[m[K,
[41.117s]                  from [01m[K/usr/include/boost/geometry/core/closure.hpp:21[m[K,
[41.118s]                  from [01m[K/usr/include/boost/geometry/geometry.hpp:31[m[K:
[41.118s] /usr/include/c++/13/type_traits: In substitution of ‘[01m[Ktemplate<bool _Cond, class _Tp> using std::enable_if_t = typename std::enable_if::type [35m[K[with bool _Cond = false; _Tp = void][m[K[m[K’:
[41.118s] [01m[K/opt/ros/jazzy/include/rclcpp/rclcpp/publisher.hpp:289:3:[m[K   required by substitution of ‘[01m[Ktemplate<class T> std::enable_if_t<(rosidl_generator_traits::is_message<T>::value && std::is_same<T, example_interfaces::msg::UInt32_<std::allocator<void> > >::value), void> rclcpp::Publisher<example_interfaces::msg::UInt32_<std::allocator<void> > >::[01;32m[Kpublish[m[K(const T&) [35m[K[with T = geometry_msgs::msg::Twist_<std::allocator<void> >][m[K[m[K’
[41.118s] [01m[K/home/neha/ros2_ws/src/semnav_migration/src/navigation_semantic.cpp:168:29:[m[K   required from here
[41.118s] [01m[K/usr/include/c++/13/type_traits:2610:11:[m[K [01;31m[Kerror: [m[Kno type named ‘[01m[Ktype[m[K’ in ‘[01m[Kstruct std::enable_if<false, void>[m[K’
[41.118s]  2610 |     using [01;31m[Kenable_if_t[m[K = typename enable_if<_Cond, _Tp>::type;
[41.119s]       |           [01;31m[K^~~~~~~~~~~[m[K
[41.119s] [01m[K/opt/ros/jazzy/include/rclcpp/rclcpp/publisher.hpp:319:3:[m[K [01;36m[Knote: [m[Kcandidate: ‘[01m[Ktemplate<class T> std::enable_if_t<(typename rclcpp::TypeAdapter<MessageT>::is_specialized::value && std::is_same<T, typename rclcpp::TypeAdapter<MessageT>::custom_type>::value)> rclcpp::Publisher<MessageT, AllocatorT>::[01;32m[Kpublish[m[K(std::unique_ptr<T, typename std::conditional<std::is_same<typename std::allocator_traits<typename std::allocator_traits<_Allocator>::rebind_traits<typename rclcpp::TypeAdapter<MessageT, void, void>::custom_type>::allocator_type>::rebind_alloc<typename rclcpp::TypeAdapter<MessageT, void, void>::custom_type>, std::allocator<typename rclcpp::TypeAdapter<MessageT>::custom_type> >::value, std::default_delete<typename rclcpp::TypeAdapter<MessageT>::custom_type>, rclcpp::allocator::AllocatorDeleter<typename std::allocator_traits<_Allocator>::rebind_traits<typename rclcpp::TypeAdapter<MessageT, void, void>::custom_type>::allocator_type> >::type>) [35m[K[with MessageT = example_interfaces::msg::UInt32_<std::allocator<void> >; AllocatorT = std::allocator<void>][m[K[m[K’
[41.119s]   319 |   [01;36m[Kpublish[m[K(std::unique_ptr<T, PublishedTypeDeleter> msg)
[41.121s]       |   [01;36m[K^~~~~~~[m[K
[41.121s] [01m[K/opt/ros/jazzy/include/rclcpp/rclcpp/publisher.hpp:319:3:[m[K [01;36m[Knote: [m[K  template argument deduction/substitution failed:
[41.121s] [01m[K/home/neha/ros2_ws/src/semnav_migration/src/navigation_semantic.cpp:168:50:[m[K [01;36m[Knote: [m[K  ‘[01m[Kgeometry_msgs::msg::Twist_<std::allocator<void> >[m[K’ is not derived from ‘[01m[Kstd::unique_ptr<T, std::default_delete<example_interfaces::msg::UInt32_<std::allocator<void> > > >[m[K’
[41.122s]   168 |                         [01;36m[Kthis->pub_twist_->publish(commandTwist)[m[K;
[41.122s]       |                         [01;36m[K~~~~~~~~~~~~~~~~~~~~~~~~~^~~~~~~~~~~~~~[m[K
[41.122s] [01m[K/opt/ros/jazzy/include/rclcpp/rclcpp/publisher.hpp:366:3:[m[K [01;36m[Knote: [m[Kcandidate: ‘[01m[Ktemplate<class T> std::enable_if_t<(typename rclcpp::TypeAdapter<MessageT>::is_specialized::value && std::is_same<T, typename rclcpp::TypeAdapter<MessageT>::custom_type>::value)> rclcpp::Publisher<MessageT, AllocatorT>::[01;32m[Kpublish[m[K(const T&) [35m[K[with MessageT = example_interfaces::msg::UInt32_<std::allocator<void> >; AllocatorT = std::allocator<void>][m[K[m[K’
[41.122s]   366 |   [01;36m[Kpublish[m[K(const T & msg)
[41.122s]       |   [01;36m[K^~~~~~~[m[K
[41.122s] [01m[K/opt/ros/jazzy/include/rclcpp/rclcpp/publisher.hpp:366:3:[m[K [01;36m[Knote: [m[K  template argument deduction/substitution failed:
[41.123s] [01m[K/opt/ros/jazzy/include/rclcpp/rclcpp/publisher.hpp:384:3:[m[K [01;36m[Knote: [m[Kcandidate: ‘[01m[Kvoid rclcpp::Publisher<MessageT, AllocatorT>::[01;32m[Kpublish[m[K(const rcl_serialized_message_t&) [35m[K[with MessageT = example_interfaces::msg::UInt32_<std::allocator<void> >; AllocatorT = std::allocator<void>; rcl_serialized_message_t = rcutils_uint8_array_s][m[K[m[K’
[41.123s]   384 |   [01;36m[Kpublish[m[K(const rcl_serialized_message_t & serialized_msg)
[41.123s]       |   [01;36m[K^~~~~~~[m[K
[41.125s] [01m[K/opt/ros/jazzy/include/rclcpp/rclcpp/publisher.hpp:384:44:[m[K [01;36m[Knote: [m[K  no known conversion for argument 1 from ‘[01m[Kgeometry_msgs::msg::Twist[m[K’ {aka ‘[01m[Kgeometry_msgs::msg::Twist_<std::allocator<void> >[m[K’} to ‘[01m[Kconst rcl_serialized_message_t&[m[K’ {aka ‘[01m[Kconst rcutils_uint8_array_s&[m[K’}
[41.125s]   384 |   publish([01;36m[Kconst rcl_serialized_message_t & serialized_msg[m[K)
[41.126s]       |           [01;36m[K~~~~~~~~~~~~~~~~~~~~~~~~~~~~~~~~~^~~~~~~~~~~~~~[m[K
[41.126s] [01m[K/opt/ros/jazzy/include/rclcpp/rclcpp/publisher.hpp:390:3:[m[K [01;36m[Knote: [m[Kcandidate: ‘[01m[Kvoid rclcpp::Publisher<MessageT, AllocatorT>::[01;32m[Kpublish[m[K(const rclcpp::SerializedMessage&) [35m[K[with MessageT = example_interfaces::msg::UInt32_<std::allocator<void> >; AllocatorT = std::allocator<void>][m[K[m[K’
[41.126s]   390 |   [01;36m[Kpublish[m[K(const SerializedMessage & serialized_msg)
[41.126s]       |   [01;36m[K^~~~~~~[m[K
[41.126s] [01m[K/opt/ros/jazzy/include/rclcpp/rclcpp/publisher.hpp:390:37:[m[K [01;36m[Knote: [m[K  no known conversion for argument 1 from ‘[01m[Kgeometry_msgs::msg::Twist[m[K’ {aka ‘[01m[Kgeometry_msgs::msg::Twist_<std::allocator<void> >[m[K’} to ‘[01m[Kconst rclcpp::SerializedMessage&[m[K’
[41.126s]   390 |   publish([01;36m[Kconst SerializedMessage & serialized_msg[m[K)
[41.126s]       |           [01;36m[K~~~~~~~~~~~~~~~~~~~~~~~~~~^~~~~~~~~~~~~~[m[K
[41.127s] [01m[K/opt/ros/jazzy/include/rclcpp/rclcpp/publisher.hpp:404:3:[m[K [01;36m[Knote: [m[Kcandidate: ‘[01m[Kvoid rclcpp::Publisher<MessageT, AllocatorT>::[01;32m[Kpublish[m[K(rclcpp::LoanedMessage<typename rclcpp::TypeAdapter<MessageT>::ros_message_type, AllocatorT>&&) [35m[K[with MessageT = example_interfaces::msg::UInt32_<std::allocator<void> >; AllocatorT = std::allocator<void>; typename rclcpp::TypeAdapter<MessageT>::ros_message_type = example_interfaces::msg::UInt32_<std::allocator<void> >][m[K[m[K’
[41.127s]   404 |   [01;36m[Kpublish[m[K(rclcpp::LoanedMessage<ROSMessageType, AllocatorT> && loaned_msg)
[41.127s]       |   [01;36m[K^~~~~~~[m[K
[41.129s] [01m[K/opt/ros/jazzy/include/rclcpp/rclcpp/publisher.hpp:404:64:[m[K [01;36m[Knote: [m[K  no known conversion for argument 1 from ‘[01m[Kgeometry_msgs::msg::Twist[m[K’ {aka ‘[01m[Kgeometry_msgs::msg::Twist_<std::allocator<void> >[m[K’} to ‘[01m[Krclcpp::LoanedMessage<example_interfaces::msg::UInt32_<std::allocator<void> >, std::allocator<void> >&&[m[K’
[41.129s]   404 |   publish([01;36m[Krclcpp::LoanedMessage<ROSMessageType, AllocatorT> && loaned_msg[m[K)
[41.130s]       |           [01;36m[K~~~~~~~~~~~~~~~~~~~~~~~~~~~~~~~~~~~~~~~~~~~~~~~~~~~~~^~~~~~~~~~[m[K
[41.226s] [01m[K/home/neha/ros2_ws/src/semnav_migration/src/navigation_semantic.cpp:[m[K In member function ‘[01m[Kvoid SemanticNavigationNode::[01;32m[Kcontrol_callback[m[K(const sensor_msgs::msg::LaserScan_<std::allocator<void> >::ConstPtr&, const nav_msgs::msg::Odometry_<std::allocator<void> >::ConstPtr&)[m[K’:
[41.227s] [01m[K/home/neha/ros2_ws/src/semnav_migration/src/navigation_semantic.cpp:406:43:[m[K [01;31m[Kerror: [m[K‘[01m[Kclass tf2_ros::TransformListener[m[K’ has no member named ‘[01m[KwaitForTransform[m[K’
[41.228s]   406 |                                 listener_.[01;31m[KwaitForTransform[m[K(world_frame_id_, odom_frame_id_, rclcpp::Time(0), rclcpp::Duration(std::chrono::nanoseconds(1000000000));
[41.228s]       |                                           [01;31m[K^~~~~~~~~~~~~~~~[m[K
[41.228s] [01m[K/home/neha/ros2_ws/src/semnav_migration/src/navigation_semantic.cpp:406:164:[m[K [01;31m[Kerror: [m[Kexpected ‘[01m[K)[m[K’ before ‘[01m[K;[m[K’ token
[41.229s]   406 |                                 listener_.waitForTransform(world_frame_id_, odom_frame_id_, rclcpp::Time(0), rclcpp::Duration(std::chrono::nanoseconds(1000000000))[01;31m[K;[m[K
[41.229s]       |                                                                                                                                                                    [01;31m[K^[m[K
[41.229s] [01m[K/home/neha/ros2_ws/src/semnav_migration/src/navigation_semantic.cpp:406:59:[m[K [01;36m[Knote: [m[Kto match this ‘[01m[K([m[K’
[41.230s]   406 |                                 listener_.waitForTransform[01;36m[K([m[Kworld_frame_id_, odom_frame_id_, rclcpp::Time(0), rclcpp::Duration(std::chrono::nanoseconds(1000000000));
[41.230s]       |                                                           [01;36m[K^[m[K
[41.230s] [01m[K/home/neha/ros2_ws/src/semnav_migration/src/navigation_semantic.cpp:407:43:[m[K [01;31m[Kerror: [m[K‘[01m[Kclass tf2_ros::TransformListener[m[K’ has no member named ‘[01m[KtransformPose[m[K’
[41.231s]   407 |                                 listener_.[01;31m[KtransformPose[m[K(world_frame_id_, odomPose, mapPose);
[41.231s]       |                                           [01;31m[K^~~~~~~~~~~~~[m[K
[41.232s] In file included from [01m[K/opt/ros/jazzy/include/rclcpp/rclcpp/copy_all_parameter_values.hpp:27[m[K,
[41.232s]                  from [01m[K/opt/ros/jazzy/include/rclcpp/rclcpp/rclcpp.hpp:171[m[K:
[41.232s] [01m[K/home/neha/ros2_ws/src/semnav_migration/src/navigation_semantic.cpp:409:33:[m[K [01;31m[Kerror: [m[Kstatic assertion failed: First argument to logging macros must be an rclcpp::Logger
[41.233s]   409 |                                 [01;31m[KRCLCPP_ERROR[m[K("%s",ex.what());
[41.233s]       |                                 [01;31m[K^~~~~~~~~~~~[m[K
[41.233s] In file included from [01m[K/opt/ros/jazzy/include/rclcpp/rclcpp/logging.hpp:24[m[K:
[41.234s] [01m[K/home/neha/ros2_ws/src/semnav_migration/src/navigation_semantic.cpp:409:33:[m[K [01;31m[Kerror: [m[Krequest for member ‘[01m[Kget_name[m[K’ in ‘[01m[K("%s")[m[K’, which is of non-class type ‘[01m[Kconst char [3][m[K’
[41.234s]   409 |                                 [01;31m[KRCLCPP_ERROR[m[K("%s",ex.what());
[41.234s]       |                                 [01;31m[K^~~~~~~~~~~~[m[K
[41.236s] [01m[K/home/neha/ros2_ws/src/semnav_migration/src/navigation_semantic.cpp:409:33:[m[K [01;31m[Kerror: [m[Krequest for member ‘[01m[Kget_name[m[K’ in ‘[01m[K("%s")[m[K’, which is of non-class type ‘[01m[Kconst char [3][m[K’
[41.236s]   409 |                                 [01;31m[KRCLCPP_ERROR[m[K("%s",ex.what());
[41.237s]       |                                 [01;31m[K^~~~~~~~~~~~[m[K
[41.238s] [01m[K/home/neha/ros2_ws/src/semnav_migration/src/navigation_semantic.cpp:434:42:[m[K [01;31m[Kerror: [m[Kcould not convert ‘[01m[Klidar_data[m[K’ from ‘[01m[Kshared_ptr<LaserScan_<[...]>>[m[K’ to ‘[01m[Kshared_ptr<LaserScan_<[...]>>[m[K’
[41.238s]   434 |                         constructLIDAR2D([01;31m[Klidar_data[m[K, CutoffRange_, AllowableRange_, RobotPitch_, &LIDAR);
[41.238s]       |                                          [01;31m[K^~~~~~~~~~[m[K
[41.238s]       |                                          [01;31m[K|[m[K
[41.240s]       |                                          [01;31m[Kshared_ptr<LaserScan_<[...]>>[m[K
[41.290s] [01m[K/home/neha/ros2_ws/src/semnav_migration/src/navigation_semantic.cpp:[m[K In function ‘[01m[Kint[01;32m[K main[m[K(int, char**)[m[K’:
[41.290s] [01m[K/home/neha/ros2_ws/src/semnav_migration/src/navigation_semantic.cpp:700:34:[m[K [01;31m[Kerror: [m[Kinvalid initialization of reference of type ‘[01m[Kconst rclcpp::InitOptions&[m[K’ from expression of type ‘[01m[Kconst char [20][m[K’
[41.291s]   700 |         rclcpp::init(argc, argv, [01;31m[K"navigation_semantic"[m[K);
[41.291s]       |                                  [01;31m[K^~~~~~~~~~~~~~~~~~~~~[m[K
[41.293s] In file included from [01m[K/opt/ros/jazzy/include/rclcpp/rclcpp/logging.hpp:25[m[K:
[41.294s] [01m[K/opt/ros/jazzy/include/rclcpp/rclcpp/utilities.hpp:78:23:[m[K [01;36m[Knote: [m[Kin passing argument 3 of ‘[01m[Kvoid rclcpp::[01;32m[Kinit[m[K(int, const char* const*, const InitOptions&, SignalHandlerOptions)[m[K’
[41.294s]    78 |   [01;36m[Kconst InitOptions & init_options = InitOptions()[m[K,
[41.294s]       |   [01;36m[K~~~~~~~~~~~~~~~~~~~~^~~~~~~~~~~~~~~~~~~~~~~~~~~~[m[K
[57.331s] gmake[2]: *** [CMakeFiles/navigation_semantic.dir/build.make:76: CMakeFiles/navigation_semantic.dir/src/navigation_semantic.cpp.o] Error 1
[57.332s] gmake[1]: *** [CMakeFiles/Makefile2:207: CMakeFiles/navigation_semantic.dir/all] Error 2
[57.332s] gmake[1]: *** Waiting for unfinished jobs....
[57.433s] gmake[2]: *** [CMakeFiles/navigation.dir/build.make:76: CMakeFiles/navigation.dir/src/navigation.cpp.o] Error 1
[57.433s] gmake[1]: *** [CMakeFiles/Makefile2:181: CMakeFiles/navigation.dir/all] Error 2
[57.434s] gmake: *** [Makefile:146: all] Error 2
[57.437s] Invoked command in '/home/neha/ros2_ws/src/semnav_migration/build/semnav' returned '2': CMAKE_PREFIX_PATH=${CMAKE_PREFIX_PATH}:/opt/ros/jazzy DEBUGINFOD_URLS=https://debuginfod.ubuntu.com /usr/bin/cmake --build /home/neha/ros2_ws/src/semnav_migration/build/semnav -- -j2 -l2
