[0.035s] Invoking command in '/home/neha/ros2_ws/src/semnav_migration/build/semnav': CMAKE_PREFIX_PATH=${CMAKE_PREFIX_PATH}:/opt/ros/jazzy DEBUGINFOD_URLS=https://debuginfod.ubuntu.com /usr/bin/cmake --build /home/neha/ros2_ws/src/semnav_migration/build/semnav -- -j2 -l2
[0.207s] [ 14%] Built target reactive_planner
[0.351s] [ 19%] [32mBuilding CXX object CMakeFiles/navigation.dir/src/navigation.cpp.o[0m
[0.358s] [ 23%] [32mBuilding CXX object CMakeFiles/navigation_semantic.dir/src/navigation_semantic.cpp.o[0m
[24.412s] [01m[K/home/neha/ros2_ws/src/semnav_migration/src/navigation.cpp:621:56:[m[K [01;31m[Kerror: [m[Ktemplate argument 1 is invalid
[24.412s]   621 |         rclcpp::Publisher<example_interfaces/msg/UInt32[01;31m[K>[m[K::SharedPtr pub_behaviorID_;
[24.413s]       |                                                        [01;31m[K^[m[K
[24.413s] [01m[K/home/neha/ros2_ws/src/semnav_migration/src/navigation.cpp:621:59:[m[K [01;31m[Kerror: [m[Kexpected ‘[01m[K;[m[K’ at end of member declaration
[24.413s]   621 |         rclcpp::Publisher<example_interfaces/msg/UInt32>::[01;31m[KSharedPtr[m[K pub_behaviorID_;
[24.413s]       |                                                           [01;31m[K^~~~~~~~~[m[K
[24.413s]       |                                                                    [32m[K;[m[K
[24.452s] [01m[K/home/neha/ros2_ws/src/semnav_migration/src/navigation.cpp:621:69:[m[K [01;31m[Kerror: [m[K‘[01m[Kpub_behaviorID_[m[K’ does not name a type
[24.452s]   621 |         rclcpp::Publisher<example_interfaces/msg/UInt32>::SharedPtr [01;31m[Kpub_behaviorID_[m[K;
[24.452s]       |                                                                     [01;31m[K^~~~~~~~~~~~~~~[m[K
[24.452s] [01m[K/home/neha/ros2_ws/src/semnav_migration/src/navigation.cpp:622:56:[m[K [01;31m[Kerror: [m[Ktemplate argument 1 is invalid
[24.453s]   622 |         rclcpp::Publisher<example_interfaces/msg/UInt32[01;31m[K>[m[K::SharedPtr pub_behaviorMode_;
[24.453s]       |                                                        [01;31m[K^[m[K
[24.453s] [01m[K/home/neha/ros2_ws/src/semnav_migration/src/navigation.cpp:622:59:[m[K [01;31m[Kerror: [m[Kexpected ‘[01m[K;[m[K’ at end of member declaration
[24.453s]   622 |         rclcpp::Publisher<example_interfaces/msg/UInt32>::[01;31m[KSharedPtr[m[K pub_behaviorMode_;
[24.453s]       |                                                           [01;31m[K^~~~~~~~~[m[K
[24.453s]       |                                                                    [32m[K;[m[K
[24.453s] [01m[K/home/neha/ros2_ws/src/semnav_migration/src/navigation.cpp:622:59:[m[K [01;31m[Kerror: [m[Kredeclaration of ‘[01m[Kint NavigationNode::SharedPtr[m[K’
[24.453s] [01m[K/home/neha/ros2_ws/src/semnav_migration/src/navigation.cpp:621:59:[m[K [01;36m[Knote: [m[Kprevious declaration ‘[01m[Kint NavigationNode::SharedPtr[m[K’
[24.454s]   621 |         rclcpp::Publisher<example_interfaces/msg/UInt32>::[01;36m[KSharedPtr[m[K pub_behaviorID_;
[24.454s]       |                                                           [01;36m[K^~~~~~~~~[m[K
[24.503s] [01m[K/home/neha/ros2_ws/src/semnav_migration/src/navigation.cpp:622:69:[m[K [01;31m[Kerror: [m[K‘[01m[Kpub_behaviorMode_[m[K’ does not name a type
[24.503s]   622 |         rclcpp::Publisher<example_interfaces/msg/UInt32>::SharedPtr [01;31m[Kpub_behaviorMode_[m[K;
[24.503s]       |                                                                     [01;31m[K^~~~~~~~~~~~~~~~~[m[K
[24.504s] [01m[K/home/neha/ros2_ws/src/semnav_migration/src/navigation.cpp:623:56:[m[K [01;31m[Kerror: [m[Ktemplate argument 1 is invalid
[24.504s]   623 |         rclcpp::Publisher<example_interfaces/msg/UInt32[01;31m[K>[m[K::SharedPtr pub_twist_;
[24.504s]       |                                                        [01;31m[K^[m[K
[24.504s] [01m[K/home/neha/ros2_ws/src/semnav_migration/src/navigation.cpp:623:59:[m[K [01;31m[Kerror: [m[Kexpected ‘[01m[K;[m[K’ at end of member declaration
[24.504s]   623 |         rclcpp::Publisher<example_interfaces/msg/UInt32>::[01;31m[KSharedPtr[m[K pub_twist_;
[24.504s]       |                                                           [01;31m[K^~~~~~~~~[m[K
[24.504s]       |                                                                    [32m[K;[m[K
[24.505s] [01m[K/home/neha/ros2_ws/src/semnav_migration/src/navigation.cpp:623:59:[m[K [01;31m[Kerror: [m[Kredeclaration of ‘[01m[Kint NavigationNode::SharedPtr[m[K’
[24.505s] [01m[K/home/neha/ros2_ws/src/semnav_migration/src/navigation.cpp:621:59:[m[K [01;36m[Knote: [m[Kprevious declaration ‘[01m[Kint NavigationNode::SharedPtr[m[K’
[24.507s]   621 |         rclcpp::Publisher<example_interfaces/msg/UInt32>::[01;36m[KSharedPtr[m[K pub_behaviorID_;
[24.507s]       |                                                           [01;36m[K^~~~~~~~~[m[K
[24.522s] [01m[K/home/neha/ros2_ws/src/semnav_migration/src/navigation.cpp:623:69:[m[K [01;31m[Kerror: [m[K‘[01m[Kpub_twist_[m[K’ does not name a type
[24.522s]   623 |         rclcpp::Publisher<example_interfaces/msg/UInt32>::SharedPtr [01;31m[Kpub_twist_[m[K;
[24.522s]       |                                                                     [01;31m[K^~~~~~~~~~[m[K
[24.534s] [01m[K/home/neha/ros2_ws/src/semnav_migration/src/navigation.cpp:[m[K In constructor ‘[01m[KNavigationNode::[01;32m[KNavigationNode[m[K()[m[K’:
[24.534s] [01m[K/home/neha/ros2_ws/src/semnav_migration/src/navigation.cpp:46:71:[m[K [01;31m[Kerror: [m[Kno matching function for call to ‘[01m[Krclcpp::Node::Node()[m[K’
[24.534s]    46 |         NavigationNode() : rclcpp::Node(std::string("navigation_node")[01;31m[K)[m[K {
[24.534s]       |                                                                       [01;31m[K^[m[K
[24.535s] In file included from [01m[K/opt/ros/jazzy/include/rclcpp/rclcpp/executors/single_threaded_executor.hpp:28[m[K,
[24.535s]                  from [01m[K/opt/ros/jazzy/include/rclcpp/rclcpp/executors.hpp:22[m[K,
[24.535s]                  from [01m[K/opt/ros/jazzy/include/rclcpp/rclcpp/rclcpp.hpp:172[m[K,
[24.536s]                  from [01m[K/home/neha/ros2_ws/src/semnav_migration/include/reactive_planner_lib.h:32[m[K,
[24.536s]                  from [01m[K/home/neha/ros2_ws/src/semnav_migration/src/navigation.cpp:25[m[K:
[24.537s] [01m[K/opt/ros/jazzy/include/rclcpp/rclcpp/node.hpp:1629:3:[m[K [01;36m[Knote: [m[Kcandidate: ‘[01m[Krclcpp::Node::[01;32m[KNode[m[K(const rclcpp::Node&, const std::string&)[m[K’
[24.538s]  1629 |   [01;36m[KNode[m[K(
[24.538s]       |   [01;36m[K^~~~[m[K
[24.538s] [01m[K/opt/ros/jazzy/include/rclcpp/rclcpp/node.hpp:1629:3:[m[K [01;36m[Knote: [m[K  candidate expects 2 arguments, 0 provided
[24.538s] [01m[K/opt/ros/jazzy/include/rclcpp/rclcpp/node.hpp:103:12:[m[K [01;36m[Knote: [m[Kcandidate: ‘[01m[Krclcpp::Node::[01;32m[KNode[m[K(const std::string&, const std::string&, const rclcpp::NodeOptions&)[m[K’
[24.538s]   103 |   explicit [01;36m[KNode[m[K(
[24.538s]       |            [01;36m[K^~~~[m[K
[24.538s] [01m[K/opt/ros/jazzy/include/rclcpp/rclcpp/node.hpp:103:12:[m[K [01;36m[Knote: [m[K  candidate expects 3 arguments, 0 provided
[24.539s] [01m[K/opt/ros/jazzy/include/rclcpp/rclcpp/node.hpp:91:12:[m[K [01;36m[Knote: [m[Kcandidate: ‘[01m[Krclcpp::Node::[01;32m[KNode[m[K(const std::string&, const rclcpp::NodeOptions&)[m[K’
[24.539s]    91 |   explicit [01;36m[KNode[m[K(
[24.541s]       |            [01;36m[K^~~~[m[K
[24.541s] [01m[K/opt/ros/jazzy/include/rclcpp/rclcpp/node.hpp:91:12:[m[K [01;36m[Knote: [m[K  candidate expects 2 arguments, 0 provided
[24.541s] [01m[K/home/neha/ros2_ws/src/semnav_migration/src/navigation.cpp:46:71:[m[K [01;31m[Kerror: [m[Kno matching function for call to ‘[01m[Ktf2_ros::TransformListener::TransformListener()[m[K’
[24.542s]    46 |         NavigationNode() : rclcpp::Node(std::string("navigation_node")[01;31m[K)[m[K {
[24.542s]       |                                                                       [01;31m[K^[m[K
[24.542s] In file included from [01m[K/home/neha/ros2_ws/src/semnav_migration/include/reactive_planner_lib.h:40[m[K:
[24.542s] [01m[K/opt/ros/jazzy/include/tf2_ros/tf2_ros/transform_listener.h:121:3:[m[K [01;36m[Knote: [m[Kcandidate: ‘[01m[Ktemplate<class AllocatorT> tf2_ros::TransformListener::[01;32m[KTransformListener[m[K(tf2::BufferCore&, rclcpp::node_interfaces::NodeBaseInterface::SharedPtr, rclcpp::node_interfaces::NodeLoggingInterface::SharedPtr, rclcpp::node_interfaces::NodeParametersInterface::SharedPtr, rclcpp::node_interfaces::NodeTopicsInterface::SharedPtr, bool, const rclcpp::QoS&, const rclcpp::QoS&, const rclcpp::SubscriptionOptionsWithAllocator<AllocatorT>&, const rclcpp::SubscriptionOptionsWithAllocator<AllocatorT>&)[m[K’
[24.542s]   121 |   [01;36m[KTransformListener[m[K(
[24.542s]       |   [01;36m[K^~~~~~~~~~~~~~~~~[m[K
[24.542s] [01m[K/opt/ros/jazzy/include/tf2_ros/tf2_ros/transform_listener.h:121:3:[m[K [01;36m[Knote: [m[K  template argument deduction/substitution failed:
[24.543s] [01m[K/home/neha/ros2_ws/src/semnav_migration/src/navigation.cpp:46:71:[m[K [01;36m[Knote: [m[K  candidate expects 10 arguments, 0 provided
[24.543s]    46 |         NavigationNode() : rclcpp::Node(std::string("navigation_node")[01;36m[K)[m[K {
[24.545s]       |                                                                       [01;36m[K^[m[K
[24.547s] [01m[K/opt/ros/jazzy/include/tf2_ros/tf2_ros/transform_listener.h:96:3:[m[K [01;36m[Knote: [m[Kcandidate: ‘[01m[Ktemplate<class NodeT, class AllocatorT> tf2_ros::TransformListener::[01;32m[KTransformListener[m[K(tf2::BufferCore&, NodeT&&, bool, const rclcpp::QoS&, const rclcpp::QoS&, const rclcpp::SubscriptionOptionsWithAllocator<AllocatorT>&, const rclcpp::SubscriptionOptionsWithAllocator<AllocatorT>&)[m[K’
[24.547s]    96 |   [01;36m[KTransformListener[m[K(
[24.547s]       |   [01;36m[K^~~~~~~~~~~~~~~~~[m[K
[24.548s] [01m[K/opt/ros/jazzy/include/tf2_ros/tf2_ros/transform_listener.h:96:3:[m[K [01;36m[Knote: [m[K  template argument deduction/substitution failed:
[24.548s] [01m[K/home/neha/ros2_ws/src/semnav_migration/src/navigation.cpp:46:71:[m[K [01;36m[Knote: [m[K  candidate expects 7 arguments, 0 provided
[24.548s]    46 |         NavigationNode() : rclcpp::Node(std::string("navigation_node")[01;36m[K)[m[K {
[24.548s]       |                                                                       [01;36m[K^[m[K
[24.548s] [01m[K/opt/ros/jazzy/include/tf2_ros/tf2_ros/transform_listener.h:92:12:[m[K [01;36m[Knote: [m[Kcandidate: ‘[01m[Ktf2_ros::TransformListener::[01;32m[KTransformListener[m[K(tf2::BufferCore&, bool)[m[K’
[24.548s]    92 |   explicit [01;36m[KTransformListener[m[K(tf2::BufferCore & buffer, bool spin_thread = true);
[24.548s]       |            [01;36m[K^~~~~~~~~~~~~~~~~[m[K
[24.549s] [01m[K/opt/ros/jazzy/include/tf2_ros/tf2_ros/transform_listener.h:92:12:[m[K [01;36m[Knote: [m[K  candidate expects 2 arguments, 0 provided
[24.664s] [01m[K/home/neha/ros2_ws/src/semnav_migration/src/navigation.cpp:138:13:[m[K [01;31m[Kerror: [m[K‘[01m[Kpub_behaviorID_[m[K’ was not declared in this scope; did you mean ‘[01m[Kpub_behaviorID_topic_[m[K’?
[24.664s]   138 |             [01;31m[Kpub_behaviorID_[m[K = this->create_publisher<example_interfaces::msg::UInt32>("pub_behaviorID_topic_", 1);
[24.664s]       |             [01;31m[K^~~~~~~~~~~~~~~[m[K
[24.664s]       |             [32m[Kpub_behaviorID_topic_[m[K
[24.782s] [01m[K/home/neha/ros2_ws/src/semnav_migration/src/navigation.cpp:139:13:[m[K [01;31m[Kerror: [m[K‘[01m[Kpub_behaviorMode_[m[K’ was not declared in this scope; did you mean ‘[01m[Kpub_behaviorMode_topic_[m[K’?
[24.782s]   139 |             [01;31m[Kpub_behaviorMode_[m[K = this->create_publisher<example_interfaces::msg::UInt32>("pub_behaviorMode_topic_", 1);
[24.782s]       |             [01;31m[K^~~~~~~~~~~~~~~~~[m[K
[24.782s]       |             [32m[Kpub_behaviorMode_topic_[m[K
[24.838s] [01m[K/home/neha/ros2_ws/src/semnav_migration/src/navigation.cpp:140:13:[m[K [01;31m[Kerror: [m[K‘[01m[Kpub_twist_[m[K’ was not declared in this scope; did you mean ‘[01m[Kpublish_twist[m[K’?
[24.838s]   140 |             [01;31m[Kpub_twist_[m[K = this->create_publisher<example_interfaces::msg::UInt32>("pub_twist_topic_", 1);
[24.839s]       |             [01;31m[K^~~~~~~~~~[m[K
[24.839s]       |             [32m[Kpublish_twist[m[K
[24.907s] [01m[K/home/neha/ros2_ws/src/semnav_migration/src/navigation.cpp:143:116:[m[K [01;31m[Kerror: [m[Kno matching function for call to ‘[01m[Kmessage_filters::Subscriber<sensor_msgs::msg::LaserScan_<std::allocator<void> > >::Subscriber(rclcpp::Node&, std::string&, int)[m[K’
[24.907s]   143 |                         message_filters::Subscriber<sensor_msgs::msg::LaserScan> sub_laser(nh_, sub_laser_topic_, 1[01;31m[K)[m[K;
[24.907s]       |                                                                                                                    [01;31m[K^[m[K
[24.908s] In file included from [01m[K/home/neha/ros2_ws/src/semnav_migration/include/reactive_planner_lib.h:44[m[K:
[24.909s] [01m[K/opt/ros/jazzy/include/message_filters/message_filters/subscriber.h:224:3:[m[K [01;36m[Knote: [m[Kcandidate: ‘[01m[Kmessage_filters::Subscriber<M, NodeType>::[01;32m[KSubscriber[m[K() [35m[K[with M = sensor_msgs::msg::LaserScan_<std::allocator<void> >; NodeType = rclcpp::Node][m[K[m[K’
[24.909s]   224 |   [01;36m[KSubscriber[m[K() = default;
[24.909s]       |   [01;36m[K^~~~~~~~~~[m[K
[24.909s] [01m[K/opt/ros/jazzy/include/message_filters/message_filters/subscriber.h:224:3:[m[K [01;36m[Knote: [m[K  candidate expects 0 arguments, 3 provided
[24.909s] [01m[K/opt/ros/jazzy/include/message_filters/message_filters/subscriber.h:212:3:[m[K [01;36m[Knote: [m[Kcandidate: ‘[01m[Kmessage_filters::Subscriber<M, NodeType>::[01;32m[KSubscriber[m[K(NodeType*, const std::string&, rmw_qos_profile_t, rclcpp::SubscriptionOptions) [35m[K[with M = sensor_msgs::msg::LaserScan_<std::allocator<void> >; NodeType = rclcpp::Node; std::string = std::__cxx11::basic_string<char>; rmw_qos_profile_t = rmw_qos_profile_s; rclcpp::SubscriptionOptions = rclcpp::SubscriptionOptionsWithAllocator<std::allocator<void> >][m[K[m[K’
[24.909s]   212 |   [01;36m[KSubscriber[m[K(
[24.909s]       |   [01;36m[K^~~~~~~~~~[m[K
[24.910s] [01m[K/opt/ros/jazzy/include/message_filters/message_filters/subscriber.h:212:3:[m[K [01;36m[Knote: [m[K  candidate expects 4 arguments, 3 provided
[24.910s] [01m[K/opt/ros/jazzy/include/message_filters/message_filters/subscriber.h:203:3:[m[K [01;36m[Knote: [m[Kcandidate: ‘[01m[Kmessage_filters::Subscriber<M, NodeType>::[01;32m[KSubscriber[m[K(NodePtr, const std::string&, rmw_qos_profile_t, rclcpp::SubscriptionOptions) [35m[K[with M = sensor_msgs::msg::LaserScan_<std::allocator<void> >; NodeType = rclcpp::Node; NodePtr = std::shared_ptr<rclcpp::Node>; std::string = std::__cxx11::basic_string<char>; rmw_qos_profile_t = rmw_qos_profile_s; rclcpp::SubscriptionOptions = rclcpp::SubscriptionOptionsWithAllocator<std::allocator<void> >][m[K[m[K’
[24.912s]   203 |   [01;36m[KSubscriber[m[K(
[24.912s]       |   [01;36m[K^~~~~~~~~~[m[K
[24.912s] [01m[K/opt/ros/jazzy/include/message_filters/message_filters/subscriber.h:203:3:[m[K [01;36m[Knote: [m[K  candidate expects 4 arguments, 3 provided
[24.912s] [01m[K/opt/ros/jazzy/include/message_filters/message_filters/subscriber.h:188:3:[m[K [01;36m[Knote: [m[Kcandidate: ‘[01m[Kmessage_filters::Subscriber<M, NodeType>::[01;32m[KSubscriber[m[K(NodeType*, const std::string&, rmw_qos_profile_t) [35m[K[with M = sensor_msgs::msg::LaserScan_<std::allocator<void> >; NodeType = rclcpp::Node; std::string = std::__cxx11::basic_string<char>; rmw_qos_profile_t = rmw_qos_profile_s][m[K[m[K’
[24.913s]   188 |   [01;36m[KSubscriber[m[K(NodeType * node, const std::string& topic, const rmw_qos_profile_t qos = rmw_qos_profile_default)
[24.913s]       |   [01;36m[K^~~~~~~~~~[m[K
[24.913s] [01m[K/opt/ros/jazzy/include/message_filters/message_filters/subscriber.h:188:25:[m[K [01;36m[Knote: [m[K  no known conversion for argument 1 from ‘[01m[Krclcpp::Node[m[K’ to ‘[01m[Krclcpp::Node*[m[K’
[24.913s]   188 |   Subscriber([01;36m[KNodeType * node[m[K, const std::string& topic, const rmw_qos_profile_t qos = rmw_qos_profile_default)
[24.913s]       |              [01;36m[K~~~~~~~~~~~^~~~[m[K
[24.913s] [01m[K/opt/ros/jazzy/include/message_filters/message_filters/subscriber.h:183:3:[m[K [01;36m[Knote: [m[Kcandidate: ‘[01m[Kmessage_filters::Subscriber<M, NodeType>::[01;32m[KSubscriber[m[K(NodePtr, const std::string&, rmw_qos_profile_t) [35m[K[with M = sensor_msgs::msg::LaserScan_<std::allocator<void> >; NodeType = rclcpp::Node; NodePtr = std::shared_ptr<rclcpp::Node>; std::string = std::__cxx11::basic_string<char>; rmw_qos_profile_t = rmw_qos_profile_s][m[K[m[K’
[24.914s]   183 |   [01;36m[KSubscriber[m[K(NodePtr node, const std::string& topic, const rmw_qos_profile_t qos = rmw_qos_profile_default)
[24.914s]       |   [01;36m[K^~~~~~~~~~[m[K
[24.916s] [01m[K/opt/ros/jazzy/include/message_filters/message_filters/subscriber.h:183:22:[m[K [01;36m[Knote: [m[K  no known conversion for argument 1 from ‘[01m[Krclcpp::Node[m[K’ to ‘[01m[Kmessage_filters::Subscriber<sensor_msgs::msg::LaserScan_<std::allocator<void> > >::NodePtr[m[K’ {aka ‘[01m[Kstd::shared_ptr<rclcpp::Node>[m[K’}
[24.916s]   183 |   Subscriber([01;36m[KNodePtr node[m[K, const std::string& topic, const rmw_qos_profile_t qos = rmw_qos_profile_default)
[24.916s]       |              [01;36m[K~~~~~~~~^~~~[m[K
[24.979s] [01m[K/home/neha/ros2_ws/src/semnav_migration/src/navigation.cpp:144:112:[m[K [01;31m[Kerror: [m[Kno matching function for call to ‘[01m[Kmessage_filters::Subscriber<nav_msgs::msg::Odometry_<std::allocator<void> > >::Subscriber(rclcpp::Node&, std::string&, int)[m[K’
[24.979s]   144 |                         message_filters::Subscriber<nav_msgs::msg::Odometry> sub_robot(nh_, sub_robot_topic_, 1[01;31m[K)[m[K;
[24.979s]       |                                                                                                                [01;31m[K^[m[K
[24.979s] [01m[K/opt/ros/jazzy/include/message_filters/message_filters/subscriber.h:224:3:[m[K [01;36m[Knote: [m[Kcandidate: ‘[01m[Kmessage_filters::Subscriber<M, NodeType>::[01;32m[KSubscriber[m[K() [35m[K[with M = nav_msgs::msg::Odometry_<std::allocator<void> >; NodeType = rclcpp::Node][m[K[m[K’
[24.979s]   224 |   [01;36m[KSubscriber[m[K() = default;
[24.980s]       |   [01;36m[K^~~~~~~~~~[m[K
[24.981s] [01m[K/opt/ros/jazzy/include/message_filters/message_filters/subscriber.h:224:3:[m[K [01;36m[Knote: [m[K  candidate expects 0 arguments, 3 provided
[24.982s] [01m[K/opt/ros/jazzy/include/message_filters/message_filters/subscriber.h:212:3:[m[K [01;36m[Knote: [m[Kcandidate: ‘[01m[Kmessage_filters::Subscriber<M, NodeType>::[01;32m[KSubscriber[m[K(NodeType*, const std::string&, rmw_qos_profile_t, rclcpp::SubscriptionOptions) [35m[K[with M = nav_msgs::msg::Odometry_<std::allocator<void> >; NodeType = rclcpp::Node; std::string = std::__cxx11::basic_string<char>; rmw_qos_profile_t = rmw_qos_profile_s; rclcpp::SubscriptionOptions = rclcpp::SubscriptionOptionsWithAllocator<std::allocator<void> >][m[K[m[K’
[24.982s]   212 |   [01;36m[KSubscriber[m[K(
[24.982s]       |   [01;36m[K^~~~~~~~~~[m[K
[24.983s] [01m[K/opt/ros/jazzy/include/message_filters/message_filters/subscriber.h:212:3:[m[K [01;36m[Knote: [m[K  candidate expects 4 arguments, 3 provided
[24.983s] [01m[K/opt/ros/jazzy/include/message_filters/message_filters/subscriber.h:203:3:[m[K [01;36m[Knote: [m[Kcandidate: ‘[01m[Kmessage_filters::Subscriber<M, NodeType>::[01;32m[KSubscriber[m[K(NodePtr, const std::string&, rmw_qos_profile_t, rclcpp::SubscriptionOptions) [35m[K[with M = nav_msgs::msg::Odometry_<std::allocator<void> >; NodeType = rclcpp::Node; NodePtr = std::shared_ptr<rclcpp::Node>; std::string = std::__cxx11::basic_string<char>; rmw_qos_profile_t = rmw_qos_profile_s; rclcpp::SubscriptionOptions = rclcpp::SubscriptionOptionsWithAllocator<std::allocator<void> >][m[K[m[K’
[24.983s]   203 |   [01;36m[KSubscriber[m[K(
[24.983s]       |   [01;36m[K^~~~~~~~~~[m[K
[24.983s] [01m[K/opt/ros/jazzy/include/message_filters/message_filters/subscriber.h:203:3:[m[K [01;36m[Knote: [m[K  candidate expects 4 arguments, 3 provided
[24.983s] [01m[K/opt/ros/jazzy/include/message_filters/message_filters/subscriber.h:188:3:[m[K [01;36m[Knote: [m[Kcandidate: ‘[01m[Kmessage_filters::Subscriber<M, NodeType>::[01;32m[KSubscriber[m[K(NodeType*, const std::string&, rmw_qos_profile_t) [35m[K[with M = nav_msgs::msg::Odometry_<std::allocator<void> >; NodeType = rclcpp::Node; std::string = std::__cxx11::basic_string<char>; rmw_qos_profile_t = rmw_qos_profile_s][m[K[m[K’
[24.983s]   188 |   [01;36m[KSubscriber[m[K(NodeType * node, const std::string& topic, const rmw_qos_profile_t qos = rmw_qos_profile_default)
[24.984s]       |   [01;36m[K^~~~~~~~~~[m[K
[24.984s] [01m[K/opt/ros/jazzy/include/message_filters/message_filters/subscriber.h:188:25:[m[K [01;36m[Knote: [m[K  no known conversion for argument 1 from ‘[01m[Krclcpp::Node[m[K’ to ‘[01m[Krclcpp::Node*[m[K’
[24.987s]   188 |   Subscriber([01;36m[KNodeType * node[m[K, const std::string& topic, const rmw_qos_profile_t qos = rmw_qos_profile_default)
[24.987s]       |              [01;36m[K~~~~~~~~~~~^~~~[m[K
[24.987s] [01m[K/opt/ros/jazzy/include/message_filters/message_filters/subscriber.h:183:3:[m[K [01;36m[Knote: [m[Kcandidate: ‘[01m[Kmessage_filters::Subscriber<M, NodeType>::[01;32m[KSubscriber[m[K(NodePtr, const std::string&, rmw_qos_profile_t) [35m[K[with M = nav_msgs::msg::Odometry_<std::allocator<void> >; NodeType = rclcpp::Node; NodePtr = std::shared_ptr<rclcpp::Node>; std::string = std::__cxx11::basic_string<char>; rmw_qos_profile_t = rmw_qos_profile_s][m[K[m[K’
[24.987s]   183 |   [01;36m[KSubscriber[m[K(NodePtr node, const std::string& topic, const rmw_qos_profile_t qos = rmw_qos_profile_default)
[24.988s]       |   [01;36m[K^~~~~~~~~~[m[K
[24.988s] [01m[K/opt/ros/jazzy/include/message_filters/message_filters/subscriber.h:183:22:[m[K [01;36m[Knote: [m[K  no known conversion for argument 1 from ‘[01m[Krclcpp::Node[m[K’ to ‘[01m[Kmessage_filters::Subscriber<nav_msgs::msg::Odometry_<std::allocator<void> > >::NodePtr[m[K’ {aka ‘[01m[Kstd::shared_ptr<rclcpp::Node>[m[K’}
[24.988s]   183 |   Subscriber([01;36m[KNodePtr node[m[K, const std::string& topic, const rmw_qos_profile_t qos = rmw_qos_profile_default)
[24.988s]       |              [01;36m[K~~~~~~~~^~~~[m[K
[25.115s] [01m[K/home/neha/ros2_ws/src/semnav_migration/src/navigation.cpp:149:55:[m[K [01;31m[Kerror: [m[K‘[01m[Kbind[m[K’ is not a member of ‘[01m[Kboost[m[K’; did you mean ‘[01m[Kfind[m[K’?
[25.115s]   149 |                         sync->registerCallback(boost::[01;31m[Kbind[m[K(&NavigationNode::control_callback, this, _1, _2));
[25.115s]       |                                                       [01;31m[K^~~~[m[K
[25.116s]       |                                                       [32m[Kfind[m[K
[25.121s] [01m[K/home/neha/ros2_ws/src/semnav_migration/src/navigation.cpp:149:101:[m[K [01;31m[Kerror: [m[K‘[01m[K_1[m[K’ was not declared in this scope
[25.121s]   149 |                         sync->registerCallback(boost::bind(&NavigationNode::control_callback, this, [01;31m[K_1[m[K, _2));
[25.122s]       |                                                                                                     [01;31m[K^~[m[K
[25.122s] [01m[K/home/neha/ros2_ws/src/semnav_migration/src/navigation.cpp:149:101:[m[K [01;36m[Knote: [m[Ksuggested alternatives:
[25.122s] In file included from [01m[K/usr/include/boost/mpl/aux_/include_preprocessed.hpp:37[m[K,
[25.122s]                  from [01m[K/usr/include/boost/mpl/placeholders.hpp:43[m[K,
[25.122s]                  from [01m[K/usr/include/boost/iterator/iterator_categories.hpp:16[m[K,
[25.122s]                  from [01m[K/usr/include/boost/iterator/iterator_facade.hpp:13[m[K,
[25.122s]                  from [01m[K/usr/include/boost/range/iterator_range_core.hpp:27[m[K,
[25.123s]                  from [01m[K/usr/include/boost/lexical_cast.hpp:48[m[K,
[25.123s]                  from [01m[K/usr/include/boost/multiprecision/detail/number_base.hpp:29[m[K,
[25.123s]                  from [01m[K/usr/include/boost/multiprecision/traits/is_variable_precision.hpp:9[m[K,
[25.123s]                  from [01m[K/usr/include/boost/multiprecision/detail/precision.hpp:9[m[K,
[25.123s]                  from [01m[K/usr/include/boost/multiprecision/number.hpp:11[m[K,
[25.123s]                  from [01m[K/usr/include/boost/multiprecision/cpp_int.hpp:19[m[K,
[25.123s]                  from [01m[K/usr/include/boost/multiprecision/cpp_bin_float.hpp:15[m[K,
[25.124s]                  from [01m[K/usr/include/boost/geometry/core/coordinate_promotion.hpp:16[m[K,
[25.124s]                  from [01m[K/usr/include/boost/geometry/core/radian_access.hpp:30[m[K,
[25.124s]                  from [01m[K/usr/include/boost/geometry/geometry.hpp:50[m[K,
[25.126s]                  from [01m[K/usr/include/boost/geometry.hpp:17[m[K,
[25.127s]                  from [01m[K/home/neha/ros2_ws/src/semnav_migration/include/reactive_planner_lib.h:26[m[K:
[25.127s] [01m[K/usr/include/boost/mpl/aux_/preprocessed/gcc/placeholders.hpp:29:16:[m[K [01;36m[Knote: [m[K  ‘[01m[Kmpl_::_1[m[K’
[25.127s]    29 | typedef arg<1> [01;36m[K_1[m[K;
[25.127s]       |                [01;36m[K^~[m[K
[25.127s] In file included from [01m[K/usr/include/boost/numeric/conversion/converter_policies.hpp:13[m[K,
[25.127s]                  from [01m[K/usr/include/boost/numeric/conversion/converter.hpp:14[m[K,
[25.128s]                  from [01m[K/usr/include/boost/numeric/conversion/cast.hpp:33[m[K,
[25.128s]                  from [01m[K/usr/include/boost/geometry/core/radian_access.hpp:26[m[K:
[25.128s] [01m[K/usr/include/c++/13/functional:294:48:[m[K [01;36m[Knote: [m[K  ‘[01m[Kstd::placeholders::_1[m[K’
[25.130s]   294 |     _GLIBCXX_PLACEHOLDER const _Placeholder<1> [01;36m[K_1[m[K;
[25.130s]       |                                                [01;36m[K^~[m[K
[25.130s] [01m[K/usr/include/boost/mpl/aux_/preprocessed/gcc/placeholders.hpp:29:16:[m[K [01;36m[Knote: [m[K  ‘[01m[Kmpl_::_1[m[K’
[25.131s]    29 | typedef arg<1> [01;36m[K_1[m[K;
[25.131s]       |                [01;36m[K^~[m[K
[25.131s] In file included from [01m[K/usr/include/boost/describe/members.hpp:20[m[K,
[25.131s]                  from [01m[K/usr/include/boost/container_hash/is_described_class.hpp:11[m[K,
[25.131s]                  from [01m[K/usr/include/boost/container_hash/hash.hpp:18[m[K,
[25.131s]                  from [01m[K/usr/include/boost/functional/hash.hpp:6[m[K,
[25.131s]                  from [01m[K/usr/include/CGAL/Kernel/hash_functions.h:16[m[K,
[25.131s]                  from [01m[K/usr/include/CGAL/Kernel/global_functions.h:25[m[K,
[25.132s]                  from [01m[K/usr/include/CGAL/Cartesian/Cartesian_base.h:22[m[K,
[25.132s]                  from [01m[K/usr/include/CGAL/Simple_cartesian.h:20[m[K,
[25.135s]                  from [01m[K/usr/include/CGAL/Exact_predicates_inexact_constructions_kernel.h:20[m[K,
[25.135s]                  from [01m[K/home/neha/ros2_ws/src/semnav_migration/include/polygeom_lib.h:32[m[K,
[25.135s]                  from [01m[K/home/neha/ros2_ws/src/semnav_migration/include/reactive_planner_lib.h:52[m[K:
[25.135s] [01m[K/usr/include/boost/mp11/bind.hpp:45:7:[m[K [01;36m[Knote: [m[K  ‘[01m[Kboost::mp11::_1[m[K’
[25.135s]    45 | using [01;36m[K_1[m[K = mp_arg<0>;
[25.135s]       |       [01;36m[K^~[m[K
[25.135s] [01m[K/usr/include/boost/mpl/aux_/preprocessed/gcc/placeholders.hpp:29:16:[m[K [01;36m[Knote: [m[K  ‘[01m[Kmpl_::_1[m[K’
[25.136s]    29 | typedef arg<1> [01;36m[K_1[m[K;
[25.136s]       |                [01;36m[K^~[m[K
[25.138s] [01m[K/home/neha/ros2_ws/src/semnav_migration/src/navigation.cpp:149:105:[m[K [01;31m[Kerror: [m[K‘[01m[K_2[m[K’ was not declared in this scope
[25.138s]   149 |                         sync->registerCallback(boost::bind(&NavigationNode::control_callback, this, _1, [01;31m[K_2[m[K));
[25.138s]       |                                                                                                         [01;31m[K^~[m[K
[25.139s] [01m[K/home/neha/ros2_ws/src/semnav_migration/src/navigation.cpp:149:105:[m[K [01;36m[Knote: [m[Ksuggested alternatives:
[25.139s] [01m[K/usr/include/boost/mpl/aux_/preprocessed/gcc/placeholders.hpp:42:16:[m[K [01;36m[Knote: [m[K  ‘[01m[Kmpl_::_2[m[K’
[25.139s]    42 | typedef arg<2> [01;36m[K_2[m[K;
[25.139s]       |                [01;36m[K^~[m[K
[25.139s] [01m[K/usr/include/c++/13/functional:295:48:[m[K [01;36m[Knote: [m[K  ‘[01m[Kstd::placeholders::_2[m[K’
[25.139s]   295 |     _GLIBCXX_PLACEHOLDER const _Placeholder<2> [01;36m[K_2[m[K;
[25.139s]       |                                                [01;36m[K^~[m[K
[25.140s] [01m[K/usr/include/boost/mpl/aux_/preprocessed/gcc/placeholders.hpp:42:16:[m[K [01;36m[Knote: [m[K  ‘[01m[Kmpl_::_2[m[K’
[25.140s]    42 | typedef arg<2> [01;36m[K_2[m[K;
[25.140s]       |                [01;36m[K^~[m[K
[25.142s] [01m[K/usr/include/boost/mp11/bind.hpp:46:7:[m[K [01;36m[Knote: [m[K  ‘[01m[Kboost::mp11::_2[m[K’
[25.142s]    46 | using [01;36m[K_2[m[K = mp_arg<1>;
[25.142s]       |       [01;36m[K^~[m[K
[25.143s] [01m[K/usr/include/boost/mpl/aux_/preprocessed/gcc/placeholders.hpp:42:16:[m[K [01;36m[Knote: [m[K  ‘[01m[Kmpl_::_2[m[K’
[25.143s]    42 | typedef arg<2> [01;36m[K_2[m[K;
[25.143s]       |                [01;36m[K^~[m[K
[25.143s] [01m[K/home/neha/ros2_ws/src/semnav_migration/src/navigation.cpp:152:74:[m[K [01;31m[Kerror: [m[Kno matching function for call to ‘[01m[KNavigationNode::create_subscription(std::string&, int)[m[K’
[25.143s]   152 |             rclcpp::Subscription sub_semantic = [01;31m[Kthis->create_subscription(sub_semantic_topic_, 1)[m[K;
[25.143s]       |                                                 [01;31m[K~~~~~~~~~~~~~~~~~~~~~~~~~^~~~~~~~~~~~~~~~~~~~~~~~[m[K
[25.143s] [01m[K/opt/ros/jazzy/include/rclcpp/rclcpp/node.hpp:221:3:[m[K [01;36m[Knote: [m[Kcandidate: ‘[01m[Ktemplate<class MessageT, class CallbackT, class AllocatorT, class SubscriptionT, class MessageMemoryStrategyT> std::shared_ptr<ROSMessageT> rclcpp::Node::[01;32m[Kcreate_subscription[m[K(const std::string&, const rclcpp::QoS&, CallbackT&&, const rclcpp::SubscriptionOptionsWithAllocator<AllocatorT>&, typename MessageMemoryStrategyT::SharedPtr)[m[K’
[25.144s]   221 |   [01;36m[Kcreate_subscription[m[K(
[25.144s]       |   [01;36m[K^~~~~~~~~~~~~~~~~~~[m[K
[25.146s] [01m[K/opt/ros/jazzy/include/rclcpp/rclcpp/node.hpp:221:3:[m[K [01;36m[Knote: [m[K  template argument deduction/substitution failed:
[25.146s] [01m[K/home/neha/ros2_ws/src/semnav_migration/src/navigation.cpp:152:74:[m[K [01;36m[Knote: [m[K  candidate expects 5 arguments, 2 provided
[25.146s]   152 |             rclcpp::Subscription sub_semantic = [01;36m[Kthis->create_subscription(sub_semantic_topic_, 1)[m[K;
[25.147s]       |                                                 [01;36m[K~~~~~~~~~~~~~~~~~~~~~~~~~^~~~~~~~~~~~~~~~~~~~~~~~[m[K
[25.192s] [01m[K/home/neha/ros2_ws/src/semnav_migration/src/navigation.cpp:[m[K In member function ‘[01m[Kvoid NavigationNode::[01;32m[Kpublish_twist[m[K(double, double)[m[K’:
[25.192s] [01m[K/home/neha/ros2_ws/src/semnav_migration/src/navigation.cpp:169:25:[m[K [01;31m[Kerror: [m[K‘[01m[Kpub_twist_[m[K’ was not declared in this scope; did you mean ‘[01m[Kpublish_twist[m[K’?
[25.192s]   169 |                         [01;31m[Kpub_twist_[m[K.publish(commandTwist);
[25.192s]       |                         [01;31m[K^~~~~~~~~~[m[K
[25.192s]       |                         [32m[Kpublish_twist[m[K
[25.284s] [01m[K/home/neha/ros2_ws/src/semnav_migration/src/navigation.cpp:[m[K In member function ‘[01m[Kvoid NavigationNode::[01;32m[Kpublish_behavior_id[m[K(uint16_t)[m[K’:
[25.284s] [01m[K/home/neha/ros2_ws/src/semnav_migration/src/navigation.cpp:176:25:[m[K [01;31m[Kerror: [m[K‘[01m[Kpub_behaviorID_[m[K’ was not declared in this scope; did you mean ‘[01m[Kpub_behaviorID_topic_[m[K’?
[25.285s]   176 |                         [01;31m[Kpub_behaviorID_[m[K.publish(commandId);
[25.285s]       |                         [01;31m[K^~~~~~~~~~~~~~~[m[K
[25.285s]       |                         [32m[Kpub_behaviorID_topic_[m[K
[25.392s] [01m[K/home/neha/ros2_ws/src/semnav_migration/src/navigation.cpp:[m[K In member function ‘[01m[Kvoid NavigationNode::[01;32m[Kpublish_behavior_mode[m[K(uint16_t)[m[K’:
[25.392s] [01m[K/home/neha/ros2_ws/src/semnav_migration/src/navigation.cpp:183:25:[m[K [01;31m[Kerror: [m[K‘[01m[Kpub_behaviorMode_[m[K’ was not declared in this scope; did you mean ‘[01m[Kpub_behaviorMode_topic_[m[K’?
[25.393s]   183 |                         [01;31m[Kpub_behaviorMode_[m[K.publish(commandMode);
[25.393s]       |                         [01;31m[K^~~~~~~~~~~~~~~~~[m[K
[25.393s]       |                         [32m[Kpub_behaviorMode_topic_[m[K
[25.492s] [01m[K/home/neha/ros2_ws/src/semnav_migration/src/navigation.cpp:[m[K In member function ‘[01m[Kvoid NavigationNode::[01;32m[Kcontrol_callback[m[K(const sensor_msgs::msg::LaserScan_<std::allocator<void> >::ConstPtr&, const nav_msgs::msg::Odometry_<std::allocator<void> >::ConstPtr&)[m[K’:
[25.493s] [01m[K/home/neha/ros2_ws/src/semnav_migration/src/navigation.cpp:366:43:[m[K [01;31m[Kerror: [m[K‘[01m[Kclass tf2_ros::TransformListener[m[K’ has no member named ‘[01m[KwaitForTransform[m[K’
[25.493s]   366 |                                 listener_.[01;31m[KwaitForTransform[m[K(world_frame_id_, odom_frame_id_, rclcpp::Time(0), rclcpp::Duration(std::chrono::nanoseconds(1000000000));
[25.493s]       |                                           [01;31m[K^~~~~~~~~~~~~~~~[m[K
[25.494s] [01m[K/home/neha/ros2_ws/src/semnav_migration/src/navigation.cpp:366:164:[m[K [01;31m[Kerror: [m[Kexpected ‘[01m[K)[m[K’ before ‘[01m[K;[m[K’ token
[25.494s]   366 | tForTransform(world_frame_id_, odom_frame_id_, rclcpp::Time(0), rclcpp::Duration(std::chrono::nanoseconds(1000000000))[01;31m[K;[m[K
[25.494s]       |                                                                                                                       [01;31m[K^[m[K
[25.495s] 
[25.495s] [01m[K/home/neha/ros2_ws/src/semnav_migration/src/navigation.cpp:366:59:[m[K [01;36m[Knote: [m[Kto match this ‘[01m[K([m[K’
[25.495s]   366 |                                 listener_.waitForTransform[01;36m[K([m[Kworld_frame_id_, odom_frame_id_, rclcpp::Time(0), rclcpp::Duration(std::chrono::nanoseconds(1000000000));
[25.495s]       |                                                           [01;36m[K^[m[K
[25.495s] [01m[K/home/neha/ros2_ws/src/semnav_migration/src/navigation.cpp:367:43:[m[K [01;31m[Kerror: [m[K‘[01m[Kclass tf2_ros::TransformListener[m[K’ has no member named ‘[01m[KtransformPose[m[K’
[25.495s]   367 |                                 listener_.[01;31m[KtransformPose[m[K(world_frame_id_, odomPose, mapPose);
[25.496s]       |                                           [01;31m[K^~~~~~~~~~~~~[m[K
[25.498s] [01m[K/home/neha/ros2_ws/src/semnav_migration/src/navigation.cpp:396:42:[m[K [01;31m[Kerror: [m[Kcould not convert ‘[01m[Klidar_data[m[K’ from ‘[01m[Kshared_ptr<LaserScan_<[...]>>[m[K’ to ‘[01m[Kshared_ptr<LaserScan_<[...]>>[m[K’
[25.498s]   396 |                         constructLIDAR2D([01;31m[Klidar_data[m[K, CutoffRange_, AllowableRange_, RobotPitch_, &LIDAR);
[25.498s]       |                                          [01;31m[K^~~~~~~~~~[m[K
[25.499s]       |                                          [01;31m[K|[m[K
[25.499s]       |                                          [01;31m[Kshared_ptr<LaserScan_<[...]>>[m[K
[26.216s] [01m[K/home/neha/ros2_ws/src/semnav_migration/src/navigation_semantic.cpp:46:13:[m[K [01;31m[Kerror: [m[Kextra qualification ‘[01m[KSemanticNavigationNode::[m[K’ on member ‘[01m[KSemanticNavigationNode[m[K’ [[01;31m[K]8;;https://gcc.gnu.org/onlinedocs/gcc/Warning-Options.html#index-fpermissive-fpermissive]8;;[m[K]
[26.216s]    46 |             [01;31m[KSemanticNavigationNode[m[K::SemanticNavigationNode() : Node("semantic_navigation_node") {
[26.217s]       |             [01;31m[K^~~~~~~~~~~~~~~~~~~~~~[m[K
[26.237s] [01m[K/home/neha/ros2_ws/src/semnav_migration/src/navigation_semantic.cpp:[m[K In constructor ‘[01m[KSemanticNavigationNode::[01;32m[KSemanticNavigationNode[m[K()[m[K’:
[26.238s] [01m[K/home/neha/ros2_ws/src/semnav_migration/src/navigation_semantic.cpp:46:95:[m[K [01;31m[Kerror: [m[Kno matching function for call to ‘[01m[Krclcpp::Node::Node()[m[K’
[26.238s]    46 |             SemanticNavigationNode::SemanticNavigationNode() : Node("semantic_navigation_node"[01;31m[K)[m[K {
[26.238s]       |                                                                                               [01;31m[K^[m[K
[26.239s] In file included from [01m[K/opt/ros/jazzy/include/rclcpp/rclcpp/executors/single_threaded_executor.hpp:28[m[K,
[26.240s]                  from [01m[K/opt/ros/jazzy/include/rclcpp/rclcpp/executors.hpp:22[m[K,
[26.240s]                  from [01m[K/opt/ros/jazzy/include/rclcpp/rclcpp/rclcpp.hpp:172[m[K,
[26.240s]                  from [01m[K/home/neha/ros2_ws/src/semnav_migration/include/reactive_planner_lib.h:32[m[K,
[26.241s]                  from [01m[K/home/neha/ros2_ws/src/semnav_migration/src/navigation_semantic.cpp:25[m[K:
[26.241s] [01m[K/opt/ros/jazzy/include/rclcpp/rclcpp/node.hpp:1629:3:[m[K [01;36m[Knote: [m[Kcandidate: ‘[01m[Krclcpp::Node::[01;32m[KNode[m[K(const rclcpp::Node&, const std::string&)[m[K’
[26.241s]  1629 |   [01;36m[KNode[m[K(
[26.241s]       |   [01;36m[K^~~~[m[K
[26.241s] [01m[K/opt/ros/jazzy/include/rclcpp/rclcpp/node.hpp:1629:3:[m[K [01;36m[Knote: [m[K  candidate expects 2 arguments, 0 provided
[26.243s] [01m[K/opt/ros/jazzy/include/rclcpp/rclcpp/node.hpp:103:12:[m[K [01;36m[Knote: [m[Kcandidate: ‘[01m[Krclcpp::Node::[01;32m[KNode[m[K(const std::string&, const std::string&, const rclcpp::NodeOptions&)[m[K’
[26.243s]   103 |   explicit [01;36m[KNode[m[K(
[26.244s]       |            [01;36m[K^~~~[m[K
[26.244s] [01m[K/opt/ros/jazzy/include/rclcpp/rclcpp/node.hpp:103:12:[m[K [01;36m[Knote: [m[K  candidate expects 3 arguments, 0 provided
[26.244s] [01m[K/opt/ros/jazzy/include/rclcpp/rclcpp/node.hpp:91:12:[m[K [01;36m[Knote: [m[Kcandidate: ‘[01m[Krclcpp::Node::[01;32m[KNode[m[K(const std::string&, const rclcpp::NodeOptions&)[m[K’
[26.244s]    91 |   explicit [01;36m[KNode[m[K(
[26.244s]       |            [01;36m[K^~~~[m[K
[26.244s] [01m[K/opt/ros/jazzy/include/rclcpp/rclcpp/node.hpp:91:12:[m[K [01;36m[Knote: [m[K  candidate expects 2 arguments, 0 provided
[26.246s] [01m[K/home/neha/ros2_ws/src/semnav_migration/src/navigation_semantic.cpp:46:95:[m[K [01;31m[Kerror: [m[Kno matching function for call to ‘[01m[Ktf2_ros::TransformListener::TransformListener()[m[K’
[26.247s]    46 |             SemanticNavigationNode::SemanticNavigationNode() : Node("semantic_navigation_node"[01;31m[K)[m[K {
[26.247s]       |                                                                                               [01;31m[K^[m[K
[26.248s] In file included from [01m[K/home/neha/ros2_ws/src/semnav_migration/include/reactive_planner_lib.h:40[m[K:
[26.248s] [01m[K/opt/ros/jazzy/include/tf2_ros/tf2_ros/transform_listener.h:121:3:[m[K [01;36m[Knote: [m[Kcandidate: ‘[01m[Ktemplate<class AllocatorT> tf2_ros::TransformListener::[01;32m[KTransformListener[m[K(tf2::BufferCore&, rclcpp::node_interfaces::NodeBaseInterface::SharedPtr, rclcpp::node_interfaces::NodeLoggingInterface::SharedPtr, rclcpp::node_interfaces::NodeParametersInterface::SharedPtr, rclcpp::node_interfaces::NodeTopicsInterface::SharedPtr, bool, const rclcpp::QoS&, const rclcpp::QoS&, const rclcpp::SubscriptionOptionsWithAllocator<AllocatorT>&, const rclcpp::SubscriptionOptionsWithAllocator<AllocatorT>&)[m[K’
[26.248s]   121 |   [01;36m[KTransformListener[m[K(
[26.249s]       |   [01;36m[K^~~~~~~~~~~~~~~~~[m[K
[26.249s] [01m[K/opt/ros/jazzy/include/tf2_ros/tf2_ros/transform_listener.h:121:3:[m[K [01;36m[Knote: [m[K  template argument deduction/substitution failed:
[26.249s] [01m[K/home/neha/ros2_ws/src/semnav_migration/src/navigation_semantic.cpp:46:95:[m[K [01;36m[Knote: [m[K  candidate expects 10 arguments, 0 provided
[26.250s]    46 |             SemanticNavigationNode::SemanticNavigationNode() : Node("semantic_navigation_node"[01;36m[K)[m[K {
[26.250s]       |                                                                                               [01;36m[K^[m[K
[26.252s] [01m[K/opt/ros/jazzy/include/tf2_ros/tf2_ros/transform_listener.h:96:3:[m[K [01;36m[Knote: [m[Kcandidate: ‘[01m[Ktemplate<class NodeT, class AllocatorT> tf2_ros::TransformListener::[01;32m[KTransformListener[m[K(tf2::BufferCore&, NodeT&&, bool, const rclcpp::QoS&, const rclcpp::QoS&, const rclcpp::SubscriptionOptionsWithAllocator<AllocatorT>&, const rclcpp::SubscriptionOptionsWithAllocator<AllocatorT>&)[m[K’
[26.252s]    96 |   [01;36m[KTransformListener[m[K(
[26.253s]       |   [01;36m[K^~~~~~~~~~~~~~~~~[m[K
[26.253s] [01m[K/opt/ros/jazzy/include/tf2_ros/tf2_ros/transform_listener.h:96:3:[m[K [01;36m[Knote: [m[K  template argument deduction/substitution failed:
[26.253s] [01m[K/home/neha/ros2_ws/src/semnav_migration/src/navigation_semantic.cpp:46:95:[m[K [01;36m[Knote: [m[K  candidate expects 7 arguments, 0 provided
[26.253s]    46 |             SemanticNavigationNode::SemanticNavigationNode() : Node("semantic_navigation_node"[01;36m[K)[m[K {
[26.253s]       |                                                                                               [01;36m[K^[m[K
[26.253s] [01m[K/opt/ros/jazzy/include/tf2_ros/tf2_ros/transform_listener.h:92:12:[m[K [01;36m[Knote: [m[Kcandidate: ‘[01m[Ktf2_ros::TransformListener::[01;32m[KTransformListener[m[K(tf2::BufferCore&, bool)[m[K’
[26.253s]    92 |   explicit [01;36m[KTransformListener[m[K(tf2::BufferCore & buffer, bool spin_thread = true);
[26.254s]       |            [01;36m[K^~~~~~~~~~~~~~~~~[m[K
[26.254s] [01m[K/opt/ros/jazzy/include/tf2_ros/tf2_ros/transform_listener.h:92:12:[m[K [01;36m[Knote: [m[K  candidate expects 2 arguments, 0 provided
[26.355s] [01m[K/home/neha/ros2_ws/src/semnav_migration/src/navigation_semantic.cpp:143:116:[m[K [01;31m[Kerror: [m[Kno matching function for call to ‘[01m[Kmessage_filters::Subscriber<sensor_msgs::msg::LaserScan_<std::allocator<void> > >::Subscriber(rclcpp::Node&, std::string&, int)[m[K’
[26.356s]   143 |                         message_filters::Subscriber<sensor_msgs::msg::LaserScan> sub_laser(nh_, sub_laser_topic_, 1[01;31m[K)[m[K;
[26.356s]       |                                                                                                                    [01;31m[K^[m[K
[26.357s] In file included from [01m[K/home/neha/ros2_ws/src/semnav_migration/include/reactive_planner_lib.h:44[m[K:
[26.357s] [01m[K/opt/ros/jazzy/include/message_filters/message_filters/subscriber.h:224:3:[m[K [01;36m[Knote: [m[Kcandidate: ‘[01m[Kmessage_filters::Subscriber<M, NodeType>::[01;32m[KSubscriber[m[K() [35m[K[with M = sensor_msgs::msg::LaserScan_<std::allocator<void> >; NodeType = rclcpp::Node][m[K[m[K’
[26.357s]   224 |   [01;36m[KSubscriber[m[K() = default;
[26.358s]       |   [01;36m[K^~~~~~~~~~[m[K
[26.360s] [01m[K/opt/ros/jazzy/include/message_filters/message_filters/subscriber.h:224:3:[m[K [01;36m[Knote: [m[K  candidate expects 0 arguments, 3 provided
[26.361s] [01m[K/opt/ros/jazzy/include/message_filters/message_filters/subscriber.h:212:3:[m[K [01;36m[Knote: [m[Kcandidate: ‘[01m[Kmessage_filters::Subscriber<M, NodeType>::[01;32m[KSubscriber[m[K(NodeType*, const std::string&, rmw_qos_profile_t, rclcpp::SubscriptionOptions) [35m[K[with M = sensor_msgs::msg::LaserScan_<std::allocator<void> >; NodeType = rclcpp::Node; std::string = std::__cxx11::basic_string<char>; rmw_qos_profile_t = rmw_qos_profile_s; rclcpp::SubscriptionOptions = rclcpp::SubscriptionOptionsWithAllocator<std::allocator<void> >][m[K[m[K’
[26.361s]   212 |   [01;36m[KSubscriber[m[K(
[26.361s]       |   [01;36m[K^~~~~~~~~~[m[K
[26.361s] [01m[K/opt/ros/jazzy/include/message_filters/message_filters/subscriber.h:212:3:[m[K [01;36m[Knote: [m[K  candidate expects 4 arguments, 3 provided
[26.361s] [01m[K/opt/ros/jazzy/include/message_filters/message_filters/subscriber.h:203:3:[m[K [01;36m[Knote: [m[Kcandidate: ‘[01m[Kmessage_filters::Subscriber<M, NodeType>::[01;32m[KSubscriber[m[K(NodePtr, const std::string&, rmw_qos_profile_t, rclcpp::SubscriptionOptions) [35m[K[with M = sensor_msgs::msg::LaserScan_<std::allocator<void> >; NodeType = rclcpp::Node; NodePtr = std::shared_ptr<rclcpp::Node>; std::string = std::__cxx11::basic_string<char>; rmw_qos_profile_t = rmw_qos_profile_s; rclcpp::SubscriptionOptions = rclcpp::SubscriptionOptionsWithAllocator<std::allocator<void> >][m[K[m[K’
[26.361s]   203 |   [01;36m[KSubscriber[m[K(
[26.361s]       |   [01;36m[K^~~~~~~~~~[m[K
[26.362s] [01m[K/opt/ros/jazzy/include/message_filters/message_filters/subscriber.h:203:3:[m[K [01;36m[Knote: [m[K  candidate expects 4 arguments, 3 provided
[26.362s] [01m[K/opt/ros/jazzy/include/message_filters/message_filters/subscriber.h:188:3:[m[K [01;36m[Knote: [m[Kcandidate: ‘[01m[Kmessage_filters::Subscriber<M, NodeType>::[01;32m[KSubscriber[m[K(NodeType*, const std::string&, rmw_qos_profile_t) [35m[K[with M = sensor_msgs::msg::LaserScan_<std::allocator<void> >; NodeType = rclcpp::Node; std::string = std::__cxx11::basic_string<char>; rmw_qos_profile_t = rmw_qos_profile_s][m[K[m[K’
[26.364s]   188 |   [01;36m[KSubscriber[m[K(NodeType * node, const std::string& topic, const rmw_qos_profile_t qos = rmw_qos_profile_default)
[26.364s]       |   [01;36m[K^~~~~~~~~~[m[K
[26.364s] [01m[K/opt/ros/jazzy/include/message_filters/message_filters/subscriber.h:188:25:[m[K [01;36m[Knote: [m[K  no known conversion for argument 1 from ‘[01m[Krclcpp::Node[m[K’ to ‘[01m[Krclcpp::Node*[m[K’
[26.365s]   188 |   Subscriber([01;36m[KNodeType * node[m[K, const std::string& topic, const rmw_qos_profile_t qos = rmw_qos_profile_default)
[26.365s]       |              [01;36m[K~~~~~~~~~~~^~~~[m[K
[26.365s] [01m[K/opt/ros/jazzy/include/message_filters/message_filters/subscriber.h:183:3:[m[K [01;36m[Knote: [m[Kcandidate: ‘[01m[Kmessage_filters::Subscriber<M, NodeType>::[01;32m[KSubscriber[m[K(NodePtr, const std::string&, rmw_qos_profile_t) [35m[K[with M = sensor_msgs::msg::LaserScan_<std::allocator<void> >; NodeType = rclcpp::Node; NodePtr = std::shared_ptr<rclcpp::Node>; std::string = std::__cxx11::basic_string<char>; rmw_qos_profile_t = rmw_qos_profile_s][m[K[m[K’
[26.365s]   183 |   [01;36m[KSubscriber[m[K(NodePtr node, const std::string& topic, const rmw_qos_profile_t qos = rmw_qos_profile_default)
[26.365s]       |   [01;36m[K^~~~~~~~~~[m[K
[26.365s] [01m[K/opt/ros/jazzy/include/message_filters/message_filters/subscriber.h:183:22:[m[K [01;36m[Knote: [m[K  no known conversion for argument 1 from ‘[01m[Krclcpp::Node[m[K’ to ‘[01m[Kmessage_filters::Subscriber<sensor_msgs::msg::LaserScan_<std::allocator<void> > >::NodePtr[m[K’ {aka ‘[01m[Kstd::shared_ptr<rclcpp::Node>[m[K’}
[26.366s]   183 |   Subscriber([01;36m[KNodePtr node[m[K, const std::string& topic, const rmw_qos_profile_t qos = rmw_qos_profile_default)
[26.366s]       |              [01;36m[K~~~~~~~~^~~~[m[K
[26.435s] [01m[K/home/neha/ros2_ws/src/semnav_migration/src/navigation_semantic.cpp:144:100:[m[K [01;31m[Kerror: [m[Kno matching function for call to ‘[01m[Kmessage_filters::Subscriber<nav_msgs::msg::Odometry_<std::allocator<void> > >::Subscriber(rclcpp::Node&, std::string&, int)[m[K’
[26.435s]   144 |             message_filters::Subscriber<nav_msgs::msg::Odometry> sub_robot(nh_, sub_robot_topic_, 1[01;31m[K)[m[K;
[26.435s]       |                                                                                                    [01;31m[K^[m[K
[26.435s] [01m[K/opt/ros/jazzy/include/message_filters/message_filters/subscriber.h:224:3:[m[K [01;36m[Knote: [m[Kcandidate: ‘[01m[Kmessage_filters::Subscriber<M, NodeType>::[01;32m[KSubscriber[m[K() [35m[K[with M = nav_msgs::msg::Odometry_<std::allocator<void> >; NodeType = rclcpp::Node][m[K[m[K’
[26.436s]   224 |   [01;36m[KSubscriber[m[K() = default;
[26.436s]       |   [01;36m[K^~~~~~~~~~[m[K
[26.436s] [01m[K/opt/ros/jazzy/include/message_filters/message_filters/subscriber.h:224:3:[m[K [01;36m[Knote: [m[K  candidate expects 0 arguments, 3 provided
[26.436s] [01m[K/opt/ros/jazzy/include/message_filters/message_filters/subscriber.h:212:3:[m[K [01;36m[Knote: [m[Kcandidate: ‘[01m[Kmessage_filters::Subscriber<M, NodeType>::[01;32m[KSubscriber[m[K(NodeType*, const std::string&, rmw_qos_profile_t, rclcpp::SubscriptionOptions) [35m[K[with M = nav_msgs::msg::Odometry_<std::allocator<void> >; NodeType = rclcpp::Node; std::string = std::__cxx11::basic_string<char>; rmw_qos_profile_t = rmw_qos_profile_s; rclcpp::SubscriptionOptions = rclcpp::SubscriptionOptionsWithAllocator<std::allocator<void> >][m[K[m[K’
[26.436s]   212 |   [01;36m[KSubscriber[m[K(
[26.436s]       |   [01;36m[K^~~~~~~~~~[m[K
[26.436s] [01m[K/opt/ros/jazzy/include/message_filters/message_filters/subscriber.h:212:3:[m[K [01;36m[Knote: [m[K  candidate expects 4 arguments, 3 provided
[26.437s] [01m[K/opt/ros/jazzy/include/message_filters/message_filters/subscriber.h:203:3:[m[K [01;36m[Knote: [m[Kcandidate: ‘[01m[Kmessage_filters::Subscriber<M, NodeType>::[01;32m[KSubscriber[m[K(NodePtr, const std::string&, rmw_qos_profile_t, rclcpp::SubscriptionOptions) [35m[K[with M = nav_msgs::msg::Odometry_<std::allocator<void> >; NodeType = rclcpp::Node; NodePtr = std::shared_ptr<rclcpp::Node>; std::string = std::__cxx11::basic_string<char>; rmw_qos_profile_t = rmw_qos_profile_s; rclcpp::SubscriptionOptions = rclcpp::SubscriptionOptionsWithAllocator<std::allocator<void> >][m[K[m[K’
[26.437s]   203 |   [01;36m[KSubscriber[m[K(
[26.441s]       |   [01;36m[K^~~~~~~~~~[m[K
[26.441s] [01m[K/opt/ros/jazzy/include/message_filters/message_filters/subscriber.h:203:3:[m[K [01;36m[Knote: [m[K  candidate expects 4 arguments, 3 provided
[26.442s] [01m[K/opt/ros/jazzy/include/message_filters/message_filters/subscriber.h:188:3:[m[K [01;36m[Knote: [m[Kcandidate: ‘[01m[Kmessage_filters::Subscriber<M, NodeType>::[01;32m[KSubscriber[m[K(NodeType*, const std::string&, rmw_qos_profile_t) [35m[K[with M = nav_msgs::msg::Odometry_<std::allocator<void> >; NodeType = rclcpp::Node; std::string = std::__cxx11::basic_string<char>; rmw_qos_profile_t = rmw_qos_profile_s][m[K[m[K’
[26.442s]   188 |   [01;36m[KSubscriber[m[K(NodeType * node, const std::string& topic, const rmw_qos_profile_t qos = rmw_qos_profile_default)
[26.442s]       |   [01;36m[K^~~~~~~~~~[m[K
[26.442s] [01m[K/opt/ros/jazzy/include/message_filters/message_filters/subscriber.h:188:25:[m[K [01;36m[Knote: [m[K  no known conversion for argument 1 from ‘[01m[Krclcpp::Node[m[K’ to ‘[01m[Krclcpp::Node*[m[K’
[26.442s]   188 |   Subscriber([01;36m[KNodeType * node[m[K, const std::string& topic, const rmw_qos_profile_t qos = rmw_qos_profile_default)
[26.442s]       |              [01;36m[K~~~~~~~~~~~^~~~[m[K
[26.443s] [01m[K/opt/ros/jazzy/include/message_filters/message_filters/subscriber.h:183:3:[m[K [01;36m[Knote: [m[Kcandidate: ‘[01m[Kmessage_filters::Subscriber<M, NodeType>::[01;32m[KSubscriber[m[K(NodePtr, const std::string&, rmw_qos_profile_t) [35m[K[with M = nav_msgs::msg::Odometry_<std::allocator<void> >; NodeType = rclcpp::Node; NodePtr = std::shared_ptr<rclcpp::Node>; std::string = std::__cxx11::basic_string<char>; rmw_qos_profile_t = rmw_qos_profile_s][m[K[m[K’
[26.443s]   183 |   [01;36m[KSubscriber[m[K(NodePtr node, const std::string& topic, const rmw_qos_profile_t qos = rmw_qos_profile_default)
[26.445s]       |   [01;36m[K^~~~~~~~~~[m[K
[26.445s] [01m[K/opt/ros/jazzy/include/message_filters/message_filters/subscriber.h:183:22:[m[K [01;36m[Knote: [m[K  no known conversion for argument 1 from ‘[01m[Krclcpp::Node[m[K’ to ‘[01m[Kmessage_filters::Subscriber<nav_msgs::msg::Odometry_<std::allocator<void> > >::NodePtr[m[K’ {aka ‘[01m[Kstd::shared_ptr<rclcpp::Node>[m[K’}
[26.445s]   183 |   Subscriber([01;36m[KNodePtr node[m[K, const std::string& topic, const rmw_qos_profile_t qos = rmw_qos_profile_default)
[26.446s]       |              [01;36m[K~~~~~~~~^~~~[m[K
[26.607s] [01m[K/home/neha/ros2_ws/src/semnav_migration/src/navigation_semantic.cpp:149:55:[m[K [01;31m[Kerror: [m[K‘[01m[Kbind[m[K’ is not a member of ‘[01m[Kboost[m[K’; did you mean ‘[01m[Kfind[m[K’?
[26.608s]   149 |                         sync->registerCallback(boost::[01;31m[Kbind[m[K(&SemanticNavigationNode::control_callback, this, _1, _2));
[26.608s]       |                                                       [01;31m[K^~~~[m[K
[26.608s]       |                                                       [32m[Kfind[m[K
[26.613s] [01m[K/home/neha/ros2_ws/src/semnav_migration/src/navigation_semantic.cpp:149:109:[m[K [01;31m[Kerror: [m[K‘[01m[K_1[m[K’ was not declared in this scope
[26.614s]   149 |                         sync->registerCallback(boost::bind(&SemanticNavigationNode::control_callback, this, [01;31m[K_1[m[K, _2));
[26.614s]       |                                                                                                             [01;31m[K^~[m[K
[26.615s] [01m[K/home/neha/ros2_ws/src/semnav_migration/src/navigation_semantic.cpp:149:109:[m[K [01;36m[Knote: [m[Ksuggested alternatives:
[26.616s] In file included from [01m[K/usr/include/boost/mpl/aux_/include_preprocessed.hpp:37[m[K,
[26.616s]                  from [01m[K/usr/include/boost/mpl/placeholders.hpp:43[m[K,
[26.617s]                  from [01m[K/usr/include/boost/iterator/iterator_categories.hpp:16[m[K,
[26.617s]                  from [01m[K/usr/include/boost/iterator/iterator_facade.hpp:13[m[K,
[26.617s]                  from [01m[K/usr/include/boost/range/iterator_range_core.hpp:27[m[K,
[26.617s]                  from [01m[K/usr/include/boost/lexical_cast.hpp:48[m[K,
[26.617s]                  from [01m[K/usr/include/boost/multiprecision/detail/number_base.hpp:29[m[K,
[26.617s]                  from [01m[K/usr/include/boost/multiprecision/traits/is_variable_precision.hpp:9[m[K,
[26.617s]                  from [01m[K/usr/include/boost/multiprecision/detail/precision.hpp:9[m[K,
[26.618s]                  from [01m[K/usr/include/boost/multiprecision/number.hpp:11[m[K,
[26.620s]                  from [01m[K/usr/include/boost/multiprecision/cpp_int.hpp:19[m[K,
[26.620s]                  from [01m[K/usr/include/boost/multiprecision/cpp_bin_float.hpp:15[m[K,
[26.621s]                  from [01m[K/usr/include/boost/geometry/core/coordinate_promotion.hpp:16[m[K,
[26.621s]                  from [01m[K/usr/include/boost/geometry/core/radian_access.hpp:30[m[K,
[26.621s]                  from [01m[K/usr/include/boost/geometry/geometry.hpp:50[m[K,
[26.621s]                  from [01m[K/usr/include/boost/geometry.hpp:17[m[K,
[26.621s]                  from [01m[K/home/neha/ros2_ws/src/semnav_migration/include/reactive_planner_lib.h:26[m[K:
[26.621s] [01m[K/usr/include/boost/mpl/aux_/preprocessed/gcc/placeholders.hpp:29:16:[m[K [01;36m[Knote: [m[K  ‘[01m[Kmpl_::_1[m[K’
[26.621s]    29 | typedef arg<1> [01;36m[K_1[m[K;
[26.622s]       |                [01;36m[K^~[m[K
[26.622s] In file included from [01m[K/usr/include/boost/numeric/conversion/converter_policies.hpp:13[m[K,
[26.624s]                  from [01m[K/usr/include/boost/numeric/conversion/converter.hpp:14[m[K,
[26.624s]                  from [01m[K/usr/include/boost/numeric/conversion/cast.hpp:33[m[K,
[26.624s]                  from [01m[K/usr/include/boost/geometry/core/radian_access.hpp:26[m[K:
[26.624s] [01m[K/usr/include/c++/13/functional:294:48:[m[K [01;36m[Knote: [m[K  ‘[01m[Kstd::placeholders::_1[m[K’
[26.625s]   294 |     _GLIBCXX_PLACEHOLDER const _Placeholder<1> [01;36m[K_1[m[K;
[26.625s]       |                                                [01;36m[K^~[m[K
[26.625s] [01m[K/usr/include/boost/mpl/aux_/preprocessed/gcc/placeholders.hpp:29:16:[m[K [01;36m[Knote: [m[K  ‘[01m[Kmpl_::_1[m[K’
[26.625s]    29 | typedef arg<1> [01;36m[K_1[m[K;
[26.625s]       |                [01;36m[K^~[m[K
[26.625s] In file included from [01m[K/usr/include/boost/describe/members.hpp:20[m[K,
[26.626s]                  from [01m[K/usr/include/boost/container_hash/is_described_class.hpp:11[m[K,
[26.626s]                  from [01m[K/usr/include/boost/container_hash/hash.hpp:18[m[K,
[26.628s]                  from [01m[K/usr/include/boost/functional/hash.hpp:6[m[K,
[26.628s]                  from [01m[K/usr/include/CGAL/Kernel/hash_functions.h:16[m[K,
[26.629s]                  from [01m[K/usr/include/CGAL/Kernel/global_functions.h:25[m[K,
[26.629s]                  from [01m[K/usr/include/CGAL/Cartesian/Cartesian_base.h:22[m[K,
[26.629s]                  from [01m[K/usr/include/CGAL/Simple_cartesian.h:20[m[K,
[26.629s]                  from [01m[K/usr/include/CGAL/Exact_predicates_inexact_constructions_kernel.h:20[m[K,
[26.629s]                  from [01m[K/home/neha/ros2_ws/src/semnav_migration/include/polygeom_lib.h:32[m[K,
[26.629s]                  from [01m[K/home/neha/ros2_ws/src/semnav_migration/include/reactive_planner_lib.h:52[m[K:
[26.630s] [01m[K/usr/include/boost/mp11/bind.hpp:45:7:[m[K [01;36m[Knote: [m[K  ‘[01m[Kboost::mp11::_1[m[K’
[26.630s]    45 | using [01;36m[K_1[m[K = mp_arg<0>;
[26.632s]       |       [01;36m[K^~[m[K
[26.632s] [01m[K/usr/include/boost/mpl/aux_/preprocessed/gcc/placeholders.hpp:29:16:[m[K [01;36m[Knote: [m[K  ‘[01m[Kmpl_::_1[m[K’
[26.632s]    29 | typedef arg<1> [01;36m[K_1[m[K;
[26.633s]       |                [01;36m[K^~[m[K
[26.633s] [01m[K/home/neha/ros2_ws/src/semnav_migration/src/navigation_semantic.cpp:149:113:[m[K [01;31m[Kerror: [m[K‘[01m[K_2[m[K’ was not declared in this scope
[26.633s]   149 |                         sync->registerCallback(boost::bind(&SemanticNavigationNode::control_callback, this, _1, [01;31m[K_2[m[K));
[26.633s]       |                                                                                                                 [01;31m[K^~[m[K
[26.633s] [01m[K/home/neha/ros2_ws/src/semnav_migration/src/navigation_semantic.cpp:149:113:[m[K [01;36m[Knote: [m[Ksuggested alternatives:
[26.633s] [01m[K/usr/include/boost/mpl/aux_/preprocessed/gcc/placeholders.hpp:42:16:[m[K [01;36m[Knote: [m[K  ‘[01m[Kmpl_::_2[m[K’
[26.633s]    42 | typedef arg<2> [01;36m[K_2[m[K;
[26.634s]       |                [01;36m[K^~[m[K
[26.634s] [01m[K/usr/include/c++/13/functional:295:48:[m[K [01;36m[Knote: [m[K  ‘[01m[Kstd::placeholders::_2[m[K’
[26.639s]   295 |     _GLIBCXX_PLACEHOLDER const _Placeholder<2> [01;36m[K_2[m[K;
[26.639s]       |                                                [01;36m[K^~[m[K
[26.639s] [01m[K/usr/include/boost/mpl/aux_/preprocessed/gcc/placeholders.hpp:42:16:[m[K [01;36m[Knote: [m[K  ‘[01m[Kmpl_::_2[m[K’
[26.640s]    42 | typedef arg<2> [01;36m[K_2[m[K;
[26.640s]       |                [01;36m[K^~[m[K
[26.640s] [01m[K/usr/include/boost/mp11/bind.hpp:46:7:[m[K [01;36m[Knote: [m[K  ‘[01m[Kboost::mp11::_2[m[K’
[26.640s]    46 | using [01;36m[K_2[m[K = mp_arg<1>;
[26.640s]       |       [01;36m[K^~[m[K
[26.640s] [01m[K/usr/include/boost/mpl/aux_/preprocessed/gcc/placeholders.hpp:42:16:[m[K [01;36m[Knote: [m[K  ‘[01m[Kmpl_::_2[m[K’
[26.640s]    42 | typedef arg<2> [01;36m[K_2[m[K;
[26.641s]       |                [01;36m[K^~[m[K
[26.641s] [01m[K/home/neha/ros2_ws/src/semnav_migration/src/navigation_semantic.cpp:151:86:[m[K [01;31m[Kerror: [m[Kno matching function for call to ‘[01m[KSemanticNavigationNode::create_subscription(const char [20], int)[m[K’
[26.641s]   151 |                         rclcpp::Subscription sub_semantic = [01;31m[Kthis->create_subscription("sub_semantic_topic_", 1)[m[K;
[26.641s]       |                                                             [01;31m[K~~~~~~~~~~~~~~~~~~~~~~~~~^~~~~~~~~~~~~~~~~~~~~~~~~~[m[K
[26.641s] [01m[K/opt/ros/jazzy/include/rclcpp/rclcpp/node.hpp:221:3:[m[K [01;36m[Knote: [m[Kcandidate: ‘[01m[Ktemplate<class MessageT, class CallbackT, class AllocatorT, class SubscriptionT, class MessageMemoryStrategyT> std::shared_ptr<ROSMessageT> rclcpp::Node::[01;32m[Kcreate_subscription[m[K(const std::string&, const rclcpp::QoS&, CallbackT&&, const rclcpp::SubscriptionOptionsWithAllocator<AllocatorT>&, typename MessageMemoryStrategyT::SharedPtr)[m[K’
[26.641s]   221 |   [01;36m[Kcreate_subscription[m[K(
[26.641s]       |   [01;36m[K^~~~~~~~~~~~~~~~~~~[m[K
[26.642s] [01m[K/opt/ros/jazzy/include/rclcpp/rclcpp/node.hpp:221:3:[m[K [01;36m[Knote: [m[K  template argument deduction/substitution failed:
[26.642s] [01m[K/home/neha/ros2_ws/src/semnav_migration/src/navigation_semantic.cpp:151:86:[m[K [01;36m[Knote: [m[K  candidate expects 5 arguments, 2 provided
[26.642s]   151 |                         rclcpp::Subscription sub_semantic = [01;36m[Kthis->create_subscription("sub_semantic_topic_", 1)[m[K;
[26.642s]       |                                                             [01;36m[K~~~~~~~~~~~~~~~~~~~~~~~~~^~~~~~~~~~~~~~~~~~~~~~~~~~[m[K
[26.644s] [01m[K/home/neha/ros2_ws/src/semnav_migration/src/navigation_semantic.cpp:[m[K In member function ‘[01m[Kvoid SemanticNavigationNode::[01;32m[Kpublish_twist[m[K(double, double)[m[K’:
[26.644s] [01m[K/home/neha/ros2_ws/src/semnav_migration/src/navigation_semantic.cpp:168:36:[m[K [01;31m[Kerror: [m[K‘[01m[Kusing rclcpp::Publisher<example_interfaces::msg::UInt32_<std::allocator<void> > >::SharedPtr = class std::shared_ptr<rclcpp::Publisher<example_interfaces::msg::UInt32_<std::allocator<void> > > >[m[K’ {aka ‘[01m[Kclass std::shared_ptr<rclcpp::Publisher<example_interfaces::msg::UInt32_<std::allocator<void> > > >[m[K’} has no member named ‘[01m[Kpublish[m[K’
[26.644s]   168 |                         pub_twist_.[01;31m[Kpublish[m[K(commandTwist);
[26.645s]       |                                    [01;31m[K^~~~~~~[m[K
[26.645s] [01m[K/home/neha/ros2_ws/src/semnav_migration/src/navigation_semantic.cpp:[m[K In member function ‘[01m[Kvoid SemanticNavigationNode::[01;32m[Kpublish_behavior_id[m[K(uint16_t)[m[K’:
[26.645s] [01m[K/home/neha/ros2_ws/src/semnav_migration/src/navigation_semantic.cpp:175:41:[m[K [01;31m[Kerror: [m[K‘[01m[Kusing rclcpp::Publisher<example_interfaces::msg::UInt32_<std::allocator<void> > >::SharedPtr = class std::shared_ptr<rclcpp::Publisher<example_interfaces::msg::UInt32_<std::allocator<void> > > >[m[K’ {aka ‘[01m[Kclass std::shared_ptr<rclcpp::Publisher<example_interfaces::msg::UInt32_<std::allocator<void> > > >[m[K’} has no member named ‘[01m[Kpublish[m[K’
[26.645s]   175 |                         pub_behaviorID_.[01;31m[Kpublish[m[K(commandId);
[26.645s]       |                                         [01;31m[K^~~~~~~[m[K
[26.648s] [01m[K/home/neha/ros2_ws/src/semnav_migration/src/navigation_semantic.cpp:[m[K In member function ‘[01m[Kvoid SemanticNavigationNode::[01;32m[Kpublish_behavior_mode[m[K(uint16_t)[m[K’:
[26.648s] [01m[K/home/neha/ros2_ws/src/semnav_migration/src/navigation_semantic.cpp:182:43:[m[K [01;31m[Kerror: [m[K‘[01m[Kusing rclcpp::Publisher<example_interfaces::msg::UInt32_<std::allocator<void> > >::SharedPtr = class std::shared_ptr<rclcpp::Publisher<example_interfaces::msg::UInt32_<std::allocator<void> > > >[m[K’ {aka ‘[01m[Kclass std::shared_ptr<rclcpp::Publisher<example_interfaces::msg::UInt32_<std::allocator<void> > > >[m[K’} has no member named ‘[01m[Kpublish[m[K’
[26.648s]   182 |                         pub_behaviorMode_.[01;31m[Kpublish[m[K(commandMode);
[26.649s]       |                                           [01;31m[K^~~~~~~[m[K
[26.751s] [01m[K/home/neha/ros2_ws/src/semnav_migration/src/navigation_semantic.cpp:[m[K In member function ‘[01m[Kvoid SemanticNavigationNode::[01;32m[Kcontrol_callback[m[K(const sensor_msgs::msg::LaserScan_<std::allocator<void> >::ConstPtr&, const nav_msgs::msg::Odometry_<std::allocator<void> >::ConstPtr&)[m[K’:
[26.751s] [01m[K/home/neha/ros2_ws/src/semnav_migration/src/navigation_semantic.cpp:406:43:[m[K [01;31m[Kerror: [m[K‘[01m[Kclass tf2_ros::TransformListener[m[K’ has no member named ‘[01m[KwaitForTransform[m[K’
[26.751s]   406 |                                 listener_.[01;31m[KwaitForTransform[m[K(world_frame_id_, odom_frame_id_, rclcpp::Time(0), rclcpp::Duration(std::chrono::nanoseconds(1000000000));
[26.752s]       |                                           [01;31m[K^~~~~~~~~~~~~~~~[m[K
[26.752s] [01m[K/home/neha/ros2_ws/src/semnav_migration/src/navigation_semantic.cpp:406:164:[m[K [01;31m[Kerror: [m[Kexpected ‘[01m[K)[m[K’ before ‘[01m[K;[m[K’ token
[26.753s]   406 |                                 listener_.waitForTransform(world_frame_id_, odom_frame_id_, rclcpp::Time(0), rclcpp::Duration(std::chrono::nanoseconds(1000000000))[01;31m[K;[m[K
[26.753s]       |                                                                                                                                                                    [01;31m[K^[m[K
[26.754s] [01m[K/home/neha/ros2_ws/src/semnav_migration/src/navigation_semantic.cpp:406:59:[m[K [01;36m[Knote: [m[Kto match this ‘[01m[K([m[K’
[26.754s]   406 |                                 listener_.waitForTransform[01;36m[K([m[Kworld_frame_id_, odom_frame_id_, rclcpp::Time(0), rclcpp::Duration(std::chrono::nanoseconds(1000000000));
[26.754s]       |                                                           [01;36m[K^[m[K
[26.755s] [01m[K/home/neha/ros2_ws/src/semnav_migration/src/navigation_semantic.cpp:407:43:[m[K [01;31m[Kerror: [m[K‘[01m[Kclass tf2_ros::TransformListener[m[K’ has no member named ‘[01m[KtransformPose[m[K’
[26.755s]   407 |                                 listener_.[01;31m[KtransformPose[m[K(world_frame_id_, odomPose, mapPose);
[26.755s]       |                                           [01;31m[K^~~~~~~~~~~~~[m[K
[26.756s] In file included from [01m[K/opt/ros/jazzy/include/rclcpp/rclcpp/copy_all_parameter_values.hpp:27[m[K,
[26.757s]                  from [01m[K/opt/ros/jazzy/include/rclcpp/rclcpp/rclcpp.hpp:171[m[K:
[26.757s] [01m[K/home/neha/ros2_ws/src/semnav_migration/src/navigation_semantic.cpp:409:33:[m[K [01;31m[Kerror: [m[Kstatic assertion failed: First argument to logging macros must be an rclcpp::Logger
[26.757s]   409 |                                 [01;31m[KRCLCPP_ERROR[m[K("%s",ex.what());
[26.757s]       |                                 [01;31m[K^~~~~~~~~~~~[m[K
[26.758s] In file included from [01m[K/opt/ros/jazzy/include/rclcpp/rclcpp/logging.hpp:24[m[K:
[26.758s] [01m[K/home/neha/ros2_ws/src/semnav_migration/src/navigation_semantic.cpp:409:33:[m[K [01;31m[Kerror: [m[Krequest for member ‘[01m[Kget_name[m[K’ in ‘[01m[K("%s")[m[K’, which is of non-class type ‘[01m[Kconst char [3][m[K’
[26.758s]   409 |                                 [01;31m[KRCLCPP_ERROR[m[K("%s",ex.what());
[26.758s]       |                                 [01;31m[K^~~~~~~~~~~~[m[K
[26.759s] [01m[K/home/neha/ros2_ws/src/semnav_migration/src/navigation_semantic.cpp:409:33:[m[K [01;31m[Kerror: [m[Krequest for member ‘[01m[Kget_name[m[K’ in ‘[01m[K("%s")[m[K’, which is of non-class type ‘[01m[Kconst char [3][m[K’
[26.759s]   409 |                                 [01;31m[KRCLCPP_ERROR[m[K("%s",ex.what());
[26.760s]       |                                 [01;31m[K^~~~~~~~~~~~[m[K
[26.764s] [01m[K/home/neha/ros2_ws/src/semnav_migration/src/navigation_semantic.cpp:434:42:[m[K [01;31m[Kerror: [m[Kcould not convert ‘[01m[Klidar_data[m[K’ from ‘[01m[Kshared_ptr<LaserScan_<[...]>>[m[K’ to ‘[01m[Kshared_ptr<LaserScan_<[...]>>[m[K’
[26.764s]   434 |                         constructLIDAR2D([01;31m[Klidar_data[m[K, CutoffRange_, AllowableRange_, RobotPitch_, &LIDAR);
[26.764s]       |                                          [01;31m[K^~~~~~~~~~[m[K
[26.765s]       |                                          [01;31m[K|[m[K
[26.765s]       |                                          [01;31m[Kshared_ptr<LaserScan_<[...]>>[m[K
[26.822s] [01m[K/home/neha/ros2_ws/src/semnav_migration/src/navigation_semantic.cpp:[m[K In function ‘[01m[Kint[01;32m[K main[m[K(int, char**)[m[K’:
[26.822s] [01m[K/home/neha/ros2_ws/src/semnav_migration/src/navigation_semantic.cpp:700:34:[m[K [01;31m[Kerror: [m[Kinvalid initialization of reference of type ‘[01m[Kconst rclcpp::InitOptions&[m[K’ from expression of type ‘[01m[Kconst char [20][m[K’
[26.822s]   700 |         rclcpp::init(argc, argv, [01;31m[K"navigation_semantic"[m[K);
[26.823s]       |                                  [01;31m[K^~~~~~~~~~~~~~~~~~~~~[m[K
[26.823s] In file included from [01m[K/opt/ros/jazzy/include/rclcpp/rclcpp/logging.hpp:25[m[K:
[26.823s] [01m[K/opt/ros/jazzy/include/rclcpp/rclcpp/utilities.hpp:78:23:[m[K [01;36m[Knote: [m[Kin passing argument 3 of ‘[01m[Kvoid rclcpp::[01;32m[Kinit[m[K(int, const char* const*, const InitOptions&, SignalHandlerOptions)[m[K’
[26.823s]    78 |   [01;36m[Kconst InitOptions & init_options = InitOptions()[m[K,
[26.823s]       |   [01;36m[K~~~~~~~~~~~~~~~~~~~~^~~~~~~~~~~~~~~~~~~~~~~~~~~~[m[K
[43.293s] gmake[2]: *** [CMakeFiles/navigation.dir/build.make:76: CMakeFiles/navigation.dir/src/navigation.cpp.o] Error 1
[43.294s] gmake[1]: *** [CMakeFiles/Makefile2:181: CMakeFiles/navigation.dir/all] Error 2
[43.294s] gmake[1]: *** Waiting for unfinished jobs....
[45.288s] gmake[2]: *** [CMakeFiles/navigation_semantic.dir/build.make:76: CMakeFiles/navigation_semantic.dir/src/navigation_semantic.cpp.o] Error 1
[45.288s] gmake[1]: *** [CMakeFiles/Makefile2:207: CMakeFiles/navigation_semantic.dir/all] Error 2
[45.288s] gmake: *** [Makefile:146: all] Error 2
[45.292s] Invoked command in '/home/neha/ros2_ws/src/semnav_migration/build/semnav' returned '2': CMAKE_PREFIX_PATH=${CMAKE_PREFIX_PATH}:/opt/ros/jazzy DEBUGINFOD_URLS=https://debuginfod.ubuntu.com /usr/bin/cmake --build /home/neha/ros2_ws/src/semnav_migration/build/semnav -- -j2 -l2
