[01m[K/home/neha/ros2_ws/src/semnav_migration/src/human_following.cpp:721:17:[m[K [01;31m[Kerror: [m[K‘[01m[Ktf[m[K’ does not name a type; did you mean ‘[01m[Ktm[m[K’?
  721 |                 [01;31m[Ktf[m[K::TransformListener listener_;
      |                 [01;31m[K^~[m[K
      |                 [32m[Ktm[m[K
[01m[K/home/neha/ros2_ws/src/semnav_migration/src/navigation_humans.cpp:[m[K In member function ‘[01m[Kvoid NavigationHumansNode::[01;32m[Khuman_update[m[K(const object_pose_interface_msgs::msg::KeypointDetections3D_<std::allocator<void> >::ConstPtr&)[m[K’:
[01m[K/home/neha/ros2_ws/src/semnav_migration/src/navigation_humans.cpp:301:83:[m[K [01;31m[Kerror: [m[Kno matching function for call to ‘[01m[KfromMsg(const std_msgs::msg::Header_<std::allocator<void> >::_stamp_type&)[m[K’
  301 |                                             camera_optical_frame_id_, [01;31m[Ktf2::fromMsg(human_data->header.stamp)[m[K,
      |                                                                       [01;31m[K~~~~~~~~~~~~^~~~~~~~~~~~~~~~~~~~~~~~~~[m[K
In file included from [01m[K/home/neha/ros2_ws/src/semnav_migration/include/reactive_planner_lib.h:39[m[K,
                 from [01m[K/home/neha/ros2_ws/src/semnav_migration/src/navigation_humans.cpp:25[m[K:
[01m[K/opt/ros/jazzy/include/tf2/tf2/convert.h:138:6:[m[K [01;36m[Knote: [m[Kcandidate: ‘[01m[Ktemplate<class A, class B> void tf2::[01;32m[KfromMsg[m[K(const A&, B&)[m[K’
  138 | void [01;36m[KfromMsg[m[K(const A & a, B & b);
      |      [01;36m[K^~~~~~~[m[K
[01m[K/opt/ros/jazzy/include/tf2/tf2/convert.h:138:6:[m[K [01;36m[Knote: [m[K  template argument deduction/substitution failed:
[01m[K/home/neha/ros2_ws/src/semnav_migration/src/navigation_humans.cpp:301:83:[m[K [01;36m[Knote: [m[K  candidate expects 2 arguments, 1 provided
  301 |                                             camera_optical_frame_id_, [01;36m[Ktf2::fromMsg(human_data->header.stamp)[m[K,
      |                                                                       [01;36m[K~~~~~~~~~~~~^~~~~~~~~~~~~~~~~~~~~~~~~~[m[K
[01m[K/home/neha/ros2_ws/src/semnav_migration/src/human_following.cpp:[m[K In constructor ‘[01m[KHumanFollowingNode::[01;32m[KHumanFollowingNode[m[K()[m[K’:
[01m[K/home/neha/ros2_ws/src/semnav_migration/src/human_following.cpp:171:25:[m[K [01;31m[Kerror: [m[K‘[01m[Kros[m[K’ has not been declared
  171 |                         [01;31m[Kros[m[K::MultiThreadedSpinner spinner(4);
      |                         [01;31m[K^~~[m[K
[01m[K/home/neha/ros2_ws/src/semnav_migration/src/human_following.cpp:172:25:[m[K [01;31m[Kerror: [m[K‘[01m[Kspinner[m[K’ was not declared in this scope
  172 |                         [01;31m[Kspinner[m[K.spin();
      |                         [01;31m[K^~~~~~~[m[K
[01m[K/home/neha/ros2_ws/src/semnav_migration/src/human_following.cpp:[m[K In member function ‘[01m[Kvoid HumanFollowingNode::[01;32m[Kdiffeo_tree_update[m[K(const object_pose_interface_msgs::msg::SemanticMapObjectArray_<std::allocator<void> >::ConstPtr&)[m[K’:
[01m[K/home/neha/ros2_ws/src/semnav_migration/src/human_following.cpp:309:29:[m[K [01;31m[Kerror: [m[K‘[01m[Kros[m[K’ has not been declared
  309 |                         if ([01;31m[Kros[m[K::Time::now().toSec() - DiffeoTreeUpdateTime_ < (1.0/DiffeoTreeUpdateRate_)) {
      |                             [01;31m[K^~~[m[K
[01m[K/home/neha/ros2_ws/src/semnav_migration/src/human_following.cpp:313:53:[m[K [01;31m[Kerror: [m[K‘[01m[Kros[m[K’ has not been declared
  313 |                                 double start_time = [01;31m[Kros[m[K::Time::now().toSec();
      |                                                     [01;31m[K^~~[m[K
[01m[K/home/neha/ros2_ws/src/semnav_migration/src/human_following.cpp:377:85:[m[K [01;31m[Kerror: [m[K‘[01m[Kros[m[K’ has not been declared
  377 |                                 ROS_WARN_STREAM("[Navigation] Updated trees in " << [01;31m[Kros[m[K::Time::now().toSec()-start_time << " seconds.");
      |                                                                                     [01;31m[K^~~[m[K
[01m[K/home/neha/ros2_ws/src/semnav_migration/src/human_following.cpp:377:33:[m[K [01;31m[Kerror: [m[K‘[01m[KROS_WARN_STREAM[m[K’ was not declared in this scope; did you mean ‘[01m[KRCLCPP_WARN_STREAM[m[K’?
  377 |                                 [01;31m[KROS_WARN_STREAM[m[K("[Navigation] Updated trees in " << ros::Time::now().toSec()-start_time << " seconds.");
      |                                 [01;31m[K^~~~~~~~~~~~~~~[m[K
      |                                 [32m[KRCLCPP_WARN_STREAM[m[K
[01m[K/home/neha/ros2_ws/src/semnav_migration/src/human_following.cpp:380:57:[m[K [01;31m[Kerror: [m[K‘[01m[Kros[m[K’ has not been declared
  380 |                                 DiffeoTreeUpdateTime_ = [01;31m[Kros[m[K::Time::now().toSec();
      |                                                         [01;31m[K^~~[m[K
[01m[K/home/neha/ros2_ws/src/semnav_migration/src/human_following.cpp:[m[K In member function ‘[01m[Kvoid HumanFollowingNode::[01;32m[Kcontrol_callback[m[K(const sensor_msgs::msg::LaserScan_<std::allocator<void> >::ConstPtr&, const nav_msgs::msg::Odometry_<std::allocator<void> >::ConstPtr&)[m[K’:
[01m[K/home/neha/ros2_ws/src/semnav_migration/src/human_following.cpp:398:25:[m[K [01;31m[Kerror: [m[K‘[01m[Kros[m[K’ has not been declared
  398 |                         [01;31m[Kros[m[K::Time localGoalCameraStamp;
      |                         [01;31m[K^~~[m[K
[01m[K/home/neha/ros2_ws/src/semnav_migration/src/human_following.cpp:407:33:[m[K [01;31m[Kerror: [m[K‘[01m[KlocalGoalCameraStamp[m[K’ was not declared in this scope; did you mean ‘[01m[KlocalGoalCameraZ[m[K’?
  407 |                                 [01;31m[KlocalGoalCameraStamp[m[K = Goal_camera_stamp_;
      |                                 [01;31m[K^~~~~~~~~~~~~~~~~~~~[m[K
      |                                 [32m[KlocalGoalCameraZ[m[K
[01m[K/home/neha/ros2_ws/src/semnav_migration/src/human_following.cpp:412:46:[m[K [01;31m[Kerror: [m[K‘[01m[Kros[m[K’ has not been declared
  412 |                         double before_time = [01;31m[Kros[m[K::Time::now().toSec();
      |                                              [01;31m[K^~~[m[K
[01m[K/home/neha/ros2_ws/src/semnav_migration/src/human_following.cpp:415:40:[m[K [01;31m[Kerror: [m[K‘[01m[KPoseStamped[m[K’ is not a member of ‘[01m[Kgeometry_msgs[m[K’; did you mean ‘[01m[Kgeometry_msgs::msg::PoseStamped[m[K’?
  415 |                         geometry_msgs::[01;31m[KPoseStamped[m[K odomPose, mapPose;
      |                                        [01;31m[K^~~~~~~~~~~[m[K
In file included from [01m[K/home/neha/ros2_ws/src/install/object_pose_interface_msgs/include/object_pose_interface_msgs/object_pose_interface_msgs/msg/detail/semantic_map_object__struct.hpp:28[m[K,
                 from [01m[K/home/neha/ros2_ws/src/install/object_pose_interface_msgs/include/object_pose_interface_msgs/object_pose_interface_msgs/msg/detail/semantic_map_object_array__struct.hpp:25[m[K,
                 from [01m[K/home/neha/ros2_ws/src/install/object_pose_interface_msgs/include/object_pose_interface_msgs/object_pose_interface_msgs/msg/semantic_map_object_array.hpp:7[m[K,
                 from [01m[K/home/neha/ros2_ws/src/semnav_migration/include/reactive_planner_lib.h:54[m[K,
                 from [01m[K/home/neha/ros2_ws/src/semnav_migration/src/human_following.cpp:25[m[K:
[01m[K/opt/ros/jazzy/include/geometry_msgs/geometry_msgs/msg/detail/pose_stamped__struct.hpp:138:7:[m[K [01;36m[Knote: [m[K‘[01m[Kgeometry_msgs::msg::PoseStamped[m[K’ declared here
  138 | using [01;36m[KPoseStamped[m[K =
      |       [01;36m[K^~~~~~~~~~~[m[K
[01m[K/home/neha/ros2_ws/src/semnav_migration/src/human_following.cpp:416:25:[m[K [01;31m[Kerror: [m[K‘[01m[KodomPose[m[K’ was not declared in this scope
  416 |                         [01;31m[KodomPose[m[K.header.stamp = ros::Time(0);
      |                         [01;31m[K^~~~~~~~[m[K
[01m[K/home/neha/ros2_ws/src/semnav_migration/src/human_following.cpp:416:49:[m[K [01;31m[Kerror: [m[K‘[01m[Kros[m[K’ has not been declared
  416 |                         odomPose.header.stamp = [01;31m[Kros[m[K::Time(0);
      |                                                 [01;31m[K^~~[m[K
[01m[K/home/neha/ros2_ws/src/semnav_migration/src/human_following.cpp:420:33:[m[K [01;31m[Kerror: [m[K‘[01m[Klistener_[m[K’ was not declared in this scope
  420 |                                 [01;31m[Klistener_[m[K.waitForTransform(world_frame_id_, odom_frame_id_, ros::Time(0), ros::Duration(1.0));
      |                                 [01;31m[K^~~~~~~~~[m[K
[01m[K/home/neha/ros2_ws/src/semnav_migration/src/human_following.cpp:420:93:[m[K [01;31m[Kerror: [m[K‘[01m[Kros[m[K’ has not been declared
  420 |                                 listener_.waitForTransform(world_frame_id_, odom_frame_id_, [01;31m[Kros[m[K::Time(0), ros::Duration(1.0));
      |                                                                                             [01;31m[K^~~[m[K
[01m[K/home/neha/ros2_ws/src/semnav_migration/src/human_following.cpp:420:107:[m[K [01;31m[Kerror: [m[K‘[01m[Kros[m[K’ has not been declared
  420 |                                 listener_.waitForTransform(world_frame_id_, odom_frame_id_, ros::Time(0), [01;31m[Kros[m[K::Duration(1.0));
      |                                                                                                           [01;31m[K^~~[m[K
[01m[K/home/neha/ros2_ws/src/semnav_migration/src/human_following.cpp:421:84:[m[K [01;31m[Kerror: [m[K‘[01m[KmapPose[m[K’ was not declared in this scope
  421 |                                 listener_.transformPose(world_frame_id_, odomPose, [01;31m[KmapPose[m[K);
      |                                                                                    [01;31m[K^~~~~~~[m[K
[01m[K/home/neha/ros2_ws/src/semnav_migration/src/human_following.cpp:422:34:[m[K [01;31m[Kerror: [m[K‘[01m[Ktf[m[K’ does not name a type; did you mean ‘[01m[Ktm[m[K’?
  422 |                         } catch ([01;31m[Ktf[m[K::TransformException &ex) {
      |                                  [01;31m[K^~[m[K
      |                                  [32m[Ktm[m[K
[01m[K/home/neha/ros2_ws/src/semnav_migration/src/human_following.cpp:422:57:[m[K [01;31m[Kerror: [m[Kexpected unqualified-id before ‘[01m[K&[m[K’ token
  422 |                         } catch (tf::TransformException [01;31m[K&[m[Kex) {
      |                                                         [01;31m[K^[m[K
[01m[K/home/neha/ros2_ws/src/semnav_migration/src/human_following.cpp:422:57:[m[K [01;31m[Kerror: [m[Kexpected ‘[01m[K)[m[K’ before ‘[01m[K&[m[K’ token
[01m[K/home/neha/ros2_ws/src/semnav_migration/src/human_following.cpp:422:33:[m[K [01;36m[Knote: [m[Kto match this ‘[01m[K([m[K’
  422 |                         } catch [01;36m[K([m[Ktf::TransformException &ex) {
      |                                 [01;36m[K^[m[K
[01m[K/home/neha/ros2_ws/src/semnav_migration/src/human_following.cpp:422:57:[m[K [01;31m[Kerror: [m[Kexpected ‘[01m[K{[m[K’ before ‘[01m[K&[m[K’ token
  422 |                         } catch (tf::TransformException [01;31m[K&[m[Kex) {
      |                                                         [01;31m[K^[m[K
[01m[K/home/neha/ros2_ws/src/semnav_migration/src/human_following.cpp:422:58:[m[K [01;31m[Kerror: [m[K‘[01m[Kex[m[K’ was not declared in this scope; did you mean ‘[01m[Kexp[m[K’?
  422 |                         } catch (tf::TransformException &[01;31m[Kex[m[K) {
      |                                                          [01;31m[K^~[m[K
      |                                                          [32m[Kexp[m[K
[01m[K/home/neha/ros2_ws/src/semnav_migration/src/human_following.cpp:428:25:[m[K [01;31m[Kerror: [m[K‘[01m[Ktf[m[K’ has not been declared
  428 |                         [01;31m[Ktf[m[K::Quaternion rotation = tf::Quaternion(mapPose.pose.orientation.x,
      |                         [01;31m[K^~[m[K
[01m[K/home/neha/ros2_ws/src/semnav_migration/src/human_following.cpp:432:25:[m[K [01;31m[Kerror: [m[K‘[01m[Ktf[m[K’ has not been declared
  432 |                         [01;31m[Ktf[m[K::Matrix3x3 m(rotation);
      |                         [01;31m[K^~[m[K
[01m[K/home/neha/ros2_ws/src/semnav_migration/src/human_following.cpp:434:25:[m[K [01;31m[Kerror: [m[K‘[01m[Km[m[K’ was not declared in this scope; did you mean ‘[01m[Ktm[m[K’?
  434 |                         [01;31m[Km[m[K.getRPY(roll, pitch, yaw);
      |                         [01;31m[K^[m[K
      |                         [32m[Ktm[m[K
[01m[K/home/neha/ros2_ws/src/semnav_migration/src/human_following.cpp:435:51:[m[K [01;31m[Kerror: [m[K‘[01m[KmapPose[m[K’ was not declared in this scope
  435 |                         double x_robot_position = [01;31m[KmapPose[m[K.pose.position.x;
      |                                                   [01;31m[K^~~~~~~[m[K
[01m[K/home/neha/ros2_ws/src/semnav_migration/src/human_following.cpp:447:40:[m[K [01;31m[Kerror: [m[K‘[01m[KPointStamped[m[K’ is not a member of ‘[01m[Kgeometry_msgs[m[K’; did you mean ‘[01m[Kgeometry_msgs::msg::PointStamped[m[K’?
  447 |                         geometry_msgs::[01;31m[KPointStamped[m[K localGoalCamera, localGoalMap;
      |                                        [01;31m[K^~~~~~~~~~~~[m[K
In file included from [01m[K/opt/ros/jazzy/include/geometry_msgs/geometry_msgs/msg/point_stamped.hpp:7[m[K,
                 from [01m[K/home/neha/ros2_ws/src/semnav_migration/include/reactive_planner_lib.h:55[m[K:
[01m[K/opt/ros/jazzy/include/geometry_msgs/geometry_msgs/msg/detail/point_stamped__struct.hpp:138:7:[m[K [01;36m[Knote: [m[K‘[01m[Kgeometry_msgs::msg::PointStamped[m[K’ declared here
  138 | using [01;36m[KPointStamped[m[K =
      |       [01;36m[K^~~~~~~~~~~~[m[K
[01m[K/home/neha/ros2_ws/src/semnav_migration/src/human_following.cpp:448:25:[m[K [01;31m[Kerror: [m[K‘[01m[KlocalGoalCamera[m[K’ was not declared in this scope; did you mean ‘[01m[KlocalGoalCameraZ[m[K’?
  448 |                         [01;31m[KlocalGoalCamera[m[K.header.stamp = localGoalCameraStamp;
      |                         [01;31m[K^~~~~~~~~~~~~~~[m[K
      |                         [32m[KlocalGoalCameraZ[m[K
[01m[K/home/neha/ros2_ws/src/semnav_migration/src/human_following.cpp:448:56:[m[K [01;31m[Kerror: [m[K‘[01m[KlocalGoalCameraStamp[m[K’ was not declared in this scope; did you mean ‘[01m[KlocalGoalCameraZ[m[K’?
  448 |                         localGoalCamera.header.stamp = [01;31m[KlocalGoalCameraStamp[m[K;
      |                                                        [01;31m[K^~~~~~~~~~~~~~~~~~~~[m[K
      |                                                        [32m[KlocalGoalCameraZ[m[K
[01m[K/home/neha/ros2_ws/src/semnav_migration/src/human_following.cpp:454:33:[m[K [01;31m[Kerror: [m[K‘[01m[Klistener_[m[K’ was not declared in this scope
  454 |                                 [01;31m[Klistener_[m[K.waitForTransform(world_frame_id_, ros::Time(0), camera_optical_frame_id_, localGoalCameraStamp, world_frame_id_, ros::Duration(1.0));
      |                                 [01;31m[K^~~~~~~~~[m[K
[01m[K/home/neha/ros2_ws/src/semnav_migration/src/human_following.cpp:454:77:[m[K [01;31m[Kerror: [m[K‘[01m[Kros[m[K’ has not been declared
  454 |                                 listener_.waitForTransform(world_frame_id_, [01;31m[Kros[m[K::Time(0), camera_optical_frame_id_, localGoalCameraStamp, world_frame_id_, ros::Duration(1.0));
      |                                                                             [01;31m[K^~~[m[K
[01m[K/home/neha/ros2_ws/src/semnav_migration/src/human_following.cpp:454:156:[m[K [01;31m[Kerror: [m[K‘[01m[Kros[m[K’ has not been declared
  454 |                                 listener_.waitForTransform(world_frame_id_, ros::Time(0), camera_optical_frame_id_, localGoalCameraStamp, world_frame_id_, [01;31m[Kros[m[K::Duration(1.0));
      |                                                                                                                                                            [01;31m[K^~~[m[K
[01m[K/home/neha/ros2_ws/src/semnav_migration/src/human_following.cpp:455:75:[m[K [01;31m[Kerror: [m[K‘[01m[Kros[m[K’ has not been declared
  455 |                                 listener_.transformPoint(world_frame_id_, [01;31m[Kros[m[K::Time(0), localGoalCamera, world_frame_id_, localGoalMap);
      |                                                                           [01;31m[K^~~[m[K
[01m[K/home/neha/ros2_ws/src/semnav_migration/src/human_following.cpp:455:123:[m[K [01;31m[Kerror: [m[K‘[01m[KlocalGoalMap[m[K’ was not declared in this scope; did you mean ‘[01m[KlocalGoalCameraZ[m[K’?
  455 |                                 listener_.transformPoint(world_frame_id_, ros::Time(0), localGoalCamera, world_frame_id_, [01;31m[KlocalGoalMap[m[K);
      |                                                                                                                           [01;31m[K^~~~~~~~~~~~[m[K
      |                                                                                                                           [32m[KlocalGoalCameraZ[m[K
[01m[K/home/neha/ros2_ws/src/semnav_migration/src/human_following.cpp:458:34:[m[K [01;31m[Kerror: [m[K‘[01m[Ktf[m[K’ does not name a type; did you mean ‘[01m[Ktm[m[K’?
  458 |                         } catch ([01;31m[Ktf[m[K::TransformException &ex) {
      |                                  [01;31m[K^~[m[K
      |                                  [32m[Ktm[m[K
[01m[K/home/neha/ros2_ws/src/semnav_migration/src/human_following.cpp:458:57:[m[K [01;31m[Kerror: [m[Kexpected unqualified-id before ‘[01m[K&[m[K’ token
  458 |                         } catch (tf::TransformException [01;31m[K&[m[Kex) {
      |                                                         [01;31m[K^[m[K
[01m[K/home/neha/ros2_ws/src/semnav_migration/src/human_following.cpp:458:57:[m[K [01;31m[Kerror: [m[Kexpected ‘[01m[K)[m[K’ before ‘[01m[K&[m[K’ token
[01m[K/home/neha/ros2_ws/src/semnav_migration/src/human_following.cpp:458:33:[m[K [01;36m[Knote: [m[Kto match this ‘[01m[K([m[K’
  458 |                         } catch [01;36m[K([m[Ktf::TransformException &ex) {
      |                                 [01;36m[K^[m[K
[01m[K/home/neha/ros2_ws/src/semnav_migration/src/human_following.cpp:458:57:[m[K [01;31m[Kerror: [m[Kexpected ‘[01m[K{[m[K’ before ‘[01m[K&[m[K’ token
  458 |                         } catch (tf::TransformException [01;31m[K&[m[Kex) {
      |                                                         [01;31m[K^[m[K
[01m[K/home/neha/ros2_ws/src/semnav_migration/src/human_following.cpp:598:96:[m[K [01;31m[Kerror: [m[Kinvalid operands of types ‘[01m[Kconst char [53][m[K’ and ‘[01m[Kdouble[m[K’ to binary ‘[01m[Koperator<<[m[K’
  598 |                         ROS_WARN_STREAM([32m[K"[Navigation] Diffeomorphism jacobian determinant is "[m[K [01;31m[K<<[m[K [34m[KMatrixDeterminant(RobotPositionTransformedD)[m[K << ", robot position is " << bg::dsv(RobotPosition_) << " and robot positon in model space is " << bg::dsv(RobotPositionTransformedPoint));
      |                                         [32m[K~~~~~~~~~~~~~~~~~~~~~~~~~~~~~~~~~~~~~~~~~~~~~~~~~~~~~~[m[K [01;31m[K^~[m[K [34m[K~~~~~~~~~~~~~~~~~~~~~~~~~~~~~~~~~~~~~~~~~~~~[m[K
      |                                         [32m[K|[m[K                                                                          [34m[K|[m[K
      |                                         [32m[Kconst char [53][m[K                                                            [34m[Kdouble[m[K
[01m[K/home/neha/ros2_ws/src/semnav_migration/src/human_following.cpp:598:25:[m[K [01;31m[Kerror: [m[K‘[01m[KROS_WARN_STREAM[m[K’ was not declared in this scope; did you mean ‘[01m[KRCLCPP_WARN_STREAM[m[K’?
  598 |                         [01;31m[KROS_WARN_STREAM[m[K("[Navigation] Diffeomorphism jacobian determinant is " << MatrixDeterminant(RobotPositionTransformedD) << ", robot position is " << bg::dsv(RobotPosition_) << " and robot positon in model space is " << bg::dsv(RobotPositionTransformedPoint));
      |                         [01;31m[K^~~~~~~~~~~~~~~[m[K
      |                         [32m[KRCLCPP_WARN_STREAM[m[K
[01m[K/home/neha/ros2_ws/src/semnav_migration/src/human_following.cpp:645:75:[m[K [01;31m[Kerror: [m[Kinvalid operands of types ‘[01m[Kconst char [32][m[K’ and ‘[01m[Kdouble[m[K’ to binary ‘[01m[Koperator<<[m[K’
  645 |                         ROS_WARN_STREAM([32m[K"[Navigation] Linear command is "[m[K [01;31m[K<<[m[K [34m[KLinearCmd[m[K << " and angular command is " << AngularCmd);
      |                                         [32m[K~~~~~~~~~~~~~~~~~~~~~~~~~~~~~~~~~[m[K [01;31m[K^~[m[K [34m[K~~~~~~~~~[m[K
      |                                         [32m[K|[m[K                                    [34m[K|[m[K
      |                                         [32m[Kconst char [32][m[K                      [34m[Kdouble[m[K
[01m[K/home/neha/ros2_ws/src/semnav_migration/src/human_following.cpp:646:76:[m[K [01;31m[Kerror: [m[Kinvalid operands of types ‘[01m[Kconst char [33][m[K’ and ‘[01m[Kint[m[K’ to binary ‘[01m[Koperator<<[m[K’
  646 |                         ROS_WARN_STREAM([32m[K"[Navigation] Command update for "[m[K [01;31m[K<<[m[K [34m[Kint(localDiffeoTreeArray.size())[m[K << " polygons in " << ros::Time::now().toSec()-before_time << " seconds.");
      |                                         [32m[K~~~~~~~~~~~~~~~~~~~~~~~~~~~~~~~~~~[m[K [01;31m[K^~[m[K [34m[K~~~~~~~~~~~~~~~~~~~~~~~~~~~~~~~~[m[K
      |                                         [32m[K|[m[K                                     [34m[K|[m[K
      |                                         [32m[Kconst char [33][m[K                       [34m[Kint[m[K
[01m[K/home/neha/ros2_ws/src/semnav_migration/src/human_following.cpp:646:134:[m[K [01;31m[Kerror: [m[K‘[01m[Kros[m[K’ has not been declared
  646 |                         ROS_WARN_STREAM("[Navigation] Command update for " << int(localDiffeoTreeArray.size()) << " polygons in " << [01;31m[Kros[m[K::Time::now().toSec()-before_time << " seconds.");
      |                                                                                                                                      [01;31m[K^~~[m[K
gmake[2]: *** [CMakeFiles/navigation_humans.dir/build.make:76: CMakeFiles/navigation_humans.dir/src/navigation_humans.cpp.o] Error 1
gmake[1]: *** [CMakeFiles/Makefile2:233: CMakeFiles/navigation_humans.dir/all] Error 2
gmake[1]: *** Waiting for unfinished jobs....
gmake[2]: *** [CMakeFiles/human_following.dir/build.make:76: CMakeFiles/human_following.dir/src/human_following.cpp.o] Error 1
gmake[1]: *** [CMakeFiles/Makefile2:259: CMakeFiles/human_following.dir/all] Error 2
gmake: *** [Makefile:146: all] Error 2
