[0.028s] Invoking command in '/home/neha/ros2_ws/src/semnav_migration/build/semnav': CMAKE_PREFIX_PATH=${CMAKE_PREFIX_PATH}:/opt/ros/jazzy DEBUGINFOD_URLS=https://debuginfod.ubuntu.com /usr/bin/cmake --build /home/neha/ros2_ws/src/semnav_migration/build/semnav -- -j2 -l2
[0.198s] [ 14%] Built target reactive_planner
[0.303s] [ 23%] Built target navigation
[0.334s] [ 33%] Built target navigation_semantic
[0.458s] [ 38%] Building CXX object CMakeFiles/navigation_humans.dir/src/navigation_humans.cpp.o
[0.491s] [ 42%] Building CXX object CMakeFiles/human_following.dir/src/human_following.cpp.o
[25.021s] /home/neha/ros2_ws/src/semnav_migration/src/navigation_humans.cpp: In constructor ‘NavigationHumansNode::NavigationHumansNode()’:
[25.022s] /home/neha/ros2_ws/src/semnav_migration/src/navigation_humans.cpp:135:102: error: no match for ‘operator=’ (operand types are ‘rclcpp::Publisher<geometry_msgs::msg::Twist_<std::allocator<void> > >::SharedPtr’ {aka ‘std::shared_ptr<rclcpp::Publisher<geometry_msgs::msg::Twist_<std::allocator<void> > > >’} and ‘std::shared_ptr<rclcpp::Publisher<example_interfaces::msg::UInt32_<std::allocator<void> > > >’)
[25.022s]   135 |             pub_twist_ = this->create_publisher<example_interfaces::msg::UInt32>("pub_twist_topic", 1);
[25.022s]       |                                                                                                      ^
[25.022s] In file included from /usr/include/c++/13/memory:80,
[25.022s]                  from /usr/include/boost/math/cstdfloat/cstdfloat_cmath.hpp:25,
[25.022s]                  from /usr/include/boost/cstdfloat.hpp:27,
[25.022s]                  from /usr/include/boost/multiprecision/detail/float128_functions.hpp:15,
[25.023s]                  from /usr/include/boost/multiprecision/detail/fpclassify.hpp:13,
[25.023s]                  from /usr/include/boost/multiprecision/detail/default_ops.hpp:15,
[25.023s]                  from /usr/include/boost/multiprecision/detail/generic_interconvert.hpp:12,
[25.023s]                  from /usr/include/boost/multiprecision/number.hpp:12,
[25.023s]                  from /usr/include/boost/multiprecision/cpp_int.hpp:19,
[25.023s]                  from /usr/include/boost/multiprecision/cpp_bin_float.hpp:15,
[25.023s]                  from /usr/include/boost/geometry/core/coordinate_promotion.hpp:16,
[25.026s]                  from /usr/include/boost/geometry/core/radian_access.hpp:30,
[25.026s]                  from /usr/include/boost/geometry/geometry.hpp:50,
[25.026s]                  from /usr/include/boost/geometry.hpp:17,
[25.026s]                  from /home/neha/ros2_ws/src/semnav_migration/include/reactive_planner_lib.h:26,
[25.026s]                  from /home/neha/ros2_ws/src/semnav_migration/src/navigation_humans.cpp:25:
[25.026s] /usr/include/c++/13/bits/shared_ptr.h:418:9: note: candidate: ‘template<class _Yp> std::shared_ptr<_Tp>::_Assignable<const std::shared_ptr<_Yp>&> std::shared_ptr<_Tp>::operator=(const std::shared_ptr<_Yp>&) [with _Tp = rclcpp::Publisher<geometry_msgs::msg::Twist_<std::allocator<void> > >]’
[25.027s]   418 |         operator=(const shared_ptr<_Yp>& __r) noexcept
[25.027s]       |         ^~~~~~~~
[25.027s] /usr/include/c++/13/bits/shared_ptr.h:418:9: note:   template argument deduction/substitution failed:
[25.027s] /usr/include/c++/13/bits/shared_ptr.h: In substitution of ‘template<class _Tp> template<class _Arg> using std::shared_ptr<_Tp>::_Assignable = typename std::enable_if<std::is_assignable<std::__shared_ptr<_Tp>&, _Arg>::value, std::shared_ptr<_Tp>&>::type [with _Arg = const std::shared_ptr<rclcpp::Publisher<example_interfaces::msg::UInt32_<std::allocator<void> > > >&; _Tp = rclcpp::Publisher<geometry_msgs::msg::Twist_<std::allocator<void> > >]’:
[25.027s] /usr/include/c++/13/bits/shared_ptr.h:418:2:   required by substitution of ‘template<class _Yp> std::shared_ptr<rclcpp::Publisher<geometry_msgs::msg::Twist_<std::allocator<void> > > >::_Assignable<const std::shared_ptr<_Tp>&> std::shared_ptr<rclcpp::Publisher<geometry_msgs::msg::Twist_<std::allocator<void> > > >::operator=(const std::shared_ptr<_Tp>&) [with _Yp = rclcpp::Publisher<example_interfaces::msg::UInt32_<std::allocator<void> > >]’
[25.027s] /home/neha/ros2_ws/src/semnav_migration/src/navigation_humans.cpp:135:102:   required from here
[25.027s] /usr/include/c++/13/bits/shared_ptr.h:183:15: error: no type named ‘type’ in ‘struct std::enable_if<false, std::shared_ptr<rclcpp::Publisher<geometry_msgs::msg::Twist_<std::allocator<void> > > >&>’
[25.030s]   183 |         using _Assignable = typename enable_if<
[25.030s]       |               ^~~~~~~~~~~
[25.030s] /usr/include/c++/13/bits/shared_ptr.h:429:9: note: candidate: ‘template<class _Yp> std::shared_ptr<_Tp>::_Assignable<std::auto_ptr<_Up> > std::shared_ptr<_Tp>::operator=(std::auto_ptr<_Up>&&) [with _Tp = rclcpp::Publisher<geometry_msgs::msg::Twist_<std::allocator<void> > >]’
[25.030s]   429 |         operator=(auto_ptr<_Yp>&& __r)
[25.030s]       |         ^~~~~~~~
[25.031s] /usr/include/c++/13/bits/shared_ptr.h:429:9: note:   template argument deduction/substitution failed:
[25.031s] /home/neha/ros2_ws/src/semnav_migration/src/navigation_humans.cpp:135:102: note:   ‘std::shared_ptr<rclcpp::Publisher<example_interfaces::msg::UInt32_<std::allocator<void> > > >’ is not derived from ‘std::auto_ptr<T>’
[25.031s]   135 |             pub_twist_ = this->create_publisher<example_interfaces::msg::UInt32>("pub_twist_topic", 1);
[25.031s]       |                                                                                                      ^
[25.031s] /usr/include/c++/13/bits/shared_ptr.h:446:9: note: candidate: ‘template<class _Yp> std::shared_ptr<_Tp>::_Assignable<std::shared_ptr<_Yp> > std::shared_ptr<_Tp>::operator=(std::shared_ptr<_Yp>&&) [with _Tp = rclcpp::Publisher<geometry_msgs::msg::Twist_<std::allocator<void> > >]’
[25.031s]   446 |         operator=(shared_ptr<_Yp>&& __r) noexcept
[25.031s]       |         ^~~~~~~~
[25.032s] /usr/include/c++/13/bits/shared_ptr.h:446:9: note:   template argument deduction/substitution failed:
[25.034s] /usr/include/c++/13/bits/shared_ptr.h: In substitution of ‘template<class _Tp> template<class _Arg> using std::shared_ptr<_Tp>::_Assignable = typename std::enable_if<std::is_assignable<std::__shared_ptr<_Tp>&, _Arg>::value, std::shared_ptr<_Tp>&>::type [with _Arg = std::shared_ptr<rclcpp::Publisher<example_interfaces::msg::UInt32_<std::allocator<void> > > >; _Tp = rclcpp::Publisher<geometry_msgs::msg::Twist_<std::allocator<void> > >]’:
[25.034s] /usr/include/c++/13/bits/shared_ptr.h:446:2:   required by substitution of ‘template<class _Yp> std::shared_ptr<rclcpp::Publisher<geometry_msgs::msg::Twist_<std::allocator<void> > > >::_Assignable<std::shared_ptr<_Tp> > std::shared_ptr<rclcpp::Publisher<geometry_msgs::msg::Twist_<std::allocator<void> > > >::operator=(std::shared_ptr<_Tp>&&) [with _Yp = rclcpp::Publisher<example_interfaces::msg::UInt32_<std::allocator<void> > >]’
[25.034s] /home/neha/ros2_ws/src/semnav_migration/src/navigation_humans.cpp:135:102:   required from here
[25.034s] /usr/include/c++/13/bits/shared_ptr.h:183:15: error: no type named ‘type’ in ‘struct std::enable_if<false, std::shared_ptr<rclcpp::Publisher<geometry_msgs::msg::Twist_<std::allocator<void> > > >&>’
[25.034s]   183 |         using _Assignable = typename enable_if<
[25.035s]       |               ^~~~~~~~~~~
[25.035s] /usr/include/c++/13/bits/shared_ptr.h:454:9: note: candidate: ‘template<class _Yp, class _Del> std::shared_ptr<_Tp>::_Assignable<std::unique_ptr<_Up, _Ep> > std::shared_ptr<_Tp>::operator=(std::unique_ptr<_Up, _Ep>&&) [with _Del = _Yp; _Tp = rclcpp::Publisher<geometry_msgs::msg::Twist_<std::allocator<void> > >]’
[25.035s]   454 |         operator=(unique_ptr<_Yp, _Del>&& __r)
[25.035s]       |         ^~~~~~~~
[25.035s] /usr/include/c++/13/bits/shared_ptr.h:454:9: note:   template argument deduction/substitution failed:
[25.035s] /home/neha/ros2_ws/src/semnav_migration/src/navigation_humans.cpp:135:102: note:   ‘std::shared_ptr<rclcpp::Publisher<example_interfaces::msg::UInt32_<std::allocator<void> > > >’ is not derived from ‘std::unique_ptr<_Tp, _Dp>’
[25.035s]   135 |             pub_twist_ = this->create_publisher<example_interfaces::msg::UInt32>("pub_twist_topic", 1);
[25.038s]       |                                                                                                      ^
[25.038s] /usr/include/c++/13/bits/shared_ptr.h:414:19: note: candidate: ‘std::shared_ptr<_Tp>& std::shared_ptr<_Tp>::operator=(const std::shared_ptr<_Tp>&) [with _Tp = rclcpp::Publisher<geometry_msgs::msg::Twist_<std::allocator<void> > >]’
[25.038s]   414 |       shared_ptr& operator=(const shared_ptr&) noexcept = default;
[25.038s]       |                   ^~~~~~~~
[25.038s] /usr/include/c++/13/bits/shared_ptr.h:414:29: note:   no known conversion for argument 1 from ‘std::shared_ptr<rclcpp::Publisher<example_interfaces::msg::UInt32_<std::allocator<void> > > >’ to ‘const std::shared_ptr<rclcpp::Publisher<geometry_msgs::msg::Twist_<std::allocator<void> > > >&’
[25.038s]   414 |       shared_ptr& operator=(const shared_ptr&) noexcept = default;
[25.039s]       |                             ^~~~~~~~~~~~~~~~~
[25.039s] /usr/include/c++/13/bits/shared_ptr.h:438:7: note: candidate: ‘std::shared_ptr<_Tp>& std::shared_ptr<_Tp>::operator=(std::shared_ptr<_Tp>&&) [with _Tp = rclcpp::Publisher<geometry_msgs::msg::Twist_<std::allocator<void> > >]’
[25.039s]   438 |       operator=(shared_ptr&& __r) noexcept
[25.039s]       |       ^~~~~~~~
[25.039s] /usr/include/c++/13/bits/shared_ptr.h:438:30: note:   no known conversion for argument 1 from ‘std::shared_ptr<rclcpp::Publisher<example_interfaces::msg::UInt32_<std::allocator<void> > > >’ to ‘std::shared_ptr<rclcpp::Publisher<geometry_msgs::msg::Twist_<std::allocator<void> > > >&&’
[25.039s]   438 |       operator=(shared_ptr&& __r) noexcept
[25.039s]       |                 ~~~~~~~~~~~~~^~~
[25.423s] /home/neha/ros2_ws/src/semnav_migration/src/navigation_humans.cpp:167:102: error: redeclaration of ‘rclcpp::Subscription<object_pose_interface_msgs::msg::SemanticMapObjectArray_<std::allocator<void> > >::SharedPtr sub_semantic’
[25.423s]   167 |             rclcpp::Subscription<object_pose_interface_msgs::msg::SemanticMapObjectArray>::SharedPtr sub_semantic
[25.423s]       |                                                                                                      ^~~~~~~~~~~~
[25.423s] /home/neha/ros2_ws/src/semnav_migration/src/navigation_humans.cpp:163:102: note: ‘rclcpp::Subscription<object_pose_interface_msgs::msg::SemanticMapObjectArray_<std::allocator<void> > >::SharedPtr sub_semantic’ previously declared here
[25.423s]   163 |             rclcpp::Subscription<object_pose_interface_msgs::msg::SemanticMapObjectArray>::SharedPtr sub_semantic
[25.423s]       |                                                                                                      ^~~~~~~~~~~~
[25.427s] /home/neha/ros2_ws/src/semnav_migration/src/navigation_humans.cpp:179:75: error: no matching function for call to ‘rclcpp::executors::MultiThreadedExecutor::MultiThreadedExecutor(int)’
[25.427s]   179 |                         rclcpp::executors::MultiThreadedExecutor spinner(4);
[25.427s]       |                                                                           ^
[25.427s] In file included from /opt/ros/jazzy/include/rclcpp/rclcpp/executors.hpp:21,
[25.427s]                  from /opt/ros/jazzy/include/rclcpp/rclcpp/rclcpp.hpp:172,
[25.428s]                  from /home/neha/ros2_ws/src/semnav_migration/include/reactive_planner_lib.h:32:
[25.428s] /opt/ros/jazzy/include/rclcpp/rclcpp/executors/multi_threaded_executor.hpp:55:12: note: candidate: ‘rclcpp::executors::MultiThreadedExecutor::MultiThreadedExecutor(const rclcpp::ExecutorOptions&, size_t, bool, std::chrono::nanoseconds)’
[25.428s]    55 |   explicit MultiThreadedExecutor(
[25.428s]       |            ^~~~~~~~~~~~~~~~~~~~~
[25.428s] /opt/ros/jazzy/include/rclcpp/rclcpp/executors/multi_threaded_executor.hpp:56:37: note:   no known conversion for argument 1 from ‘int’ to ‘const rclcpp::ExecutorOptions&’
[25.428s]    56 |     const rclcpp::ExecutorOptions & options = rclcpp::ExecutorOptions(),
[25.428s]       |     ~~~~~~~~~~~~~~~~~~~~~~~~~~~~~~~~^~~~~~~~~~~~~~~~~~~~~~~~~~~~~~~~~~~
[25.494s] /home/neha/ros2_ws/src/semnav_migration/src/human_following.cpp:44:36: error: ‘ros’ has not been declared
[25.494s]    44 |                 HumanFollowingNode(ros::NodeHandle* nodehandle) : nh_(*nodehandle) {
[25.494s]       |                                    ^~~
[25.494s] /home/neha/ros2_ws/src/semnav_migration/src/human_following.cpp:44:51: error: expected ‘)’ before ‘*’ token
[25.495s]    44 |                 HumanFollowingNode(ros::NodeHandle* nodehandle) : nh_(*nodehandle) {
[25.495s]       |                                   ~               ^
[25.495s]       |                                                   )
[25.495s] /home/neha/ros2_ws/src/semnav_migration/src/human_following.cpp:242:69: error: ‘KeypointDetections3D’ in namespace ‘object_pose_interface_msgs’ does not name a type
[25.495s]   242 |                 void human_update(const object_pose_interface_msgs::KeypointDetections3D::ConstPtr& human_data) {
[25.495s]       |                                                                     ^~~~~~~~~~~~~~~~~~~~
[25.497s] /home/neha/ros2_ws/src/semnav_migration/src/human_following.cpp:242:99: error: expected unqualified-id before ‘&’ token
[25.497s]   242 |                 void human_update(const object_pose_interface_msgs::KeypointDetections3D::ConstPtr& human_data) {
[25.497s]       |                                                                                                   ^
[25.497s] /home/neha/ros2_ws/src/semnav_migration/src/human_following.cpp:242:99: error: expected ‘)’ before ‘&’ token
[25.498s]   242 |                 void human_update(const object_pose_interface_msgs::KeypointDetections3D::ConstPtr& human_data) {
[25.498s]       |                                  ~                                                                ^
[25.498s]       |                                                                                                   )
[25.498s] /home/neha/ros2_ws/src/semnav_migration/src/human_following.cpp:242:99: error: expected ‘;’ at end of member declaration
[25.498s]   242 |                 void human_update(const object_pose_interface_msgs::KeypointDetections3D::ConstPtr& human_data) {
[25.498s]       |                                                                                                   ^
[25.498s]       |                                                                                                    ;
[25.498s] /home/neha/ros2_ws/src/semnav_migration/src/navigation_humans.cpp: In member function ‘void NavigationHumansNode::human_update(const object_pose_interface_msgs::msg::KeypointDetections3D_<std::allocator<void> >::ConstPtr&)’:
[25.501s] /home/neha/ros2_ws/src/semnav_migration/src/navigation_humans.cpp:282:64: error: ‘PointStamped’ is not a member of ‘geometry_msgs’
[25.501s]   282 |                                                 geometry_msgs::PointStamped pointCamera, pointMap;
[25.501s]       |                                                                ^~~~~~~~~~~~
[25.518s] /home/neha/ros2_ws/src/semnav_migration/src/human_following.cpp:242:101: error: ‘human_data’ does not name a type
[25.518s]   242 |                 void human_update(const object_pose_interface_msgs::KeypointDetections3D::ConstPtr& human_data) {
[25.518s]       |                                                                                                     ^~~~~~~~~~
[25.518s] /home/neha/ros2_ws/src/semnav_migration/src/human_following.cpp:288:75: error: ‘SemanticMapObjectArray’ in namespace ‘object_pose_interface_msgs’ does not name a type
[25.518s]   288 |                 void diffeo_tree_update(const object_pose_interface_msgs::SemanticMapObjectArray::ConstPtr& semantic_map_data) {
[25.519s]       |                                                                           ^~~~~~~~~~~~~~~~~~~~~~
[25.519s] /home/neha/ros2_ws/src/semnav_migration/src/human_following.cpp:288:107: error: expected unqualified-id before ‘&’ token
[25.519s]   288 |                 void diffeo_tree_update(const object_pose_interface_msgs::SemanticMapObjectArray::ConstPtr& semantic_map_data) {
[25.519s]       |                                                                                                           ^
[25.520s] /home/neha/ros2_ws/src/semnav_migration/src/human_following.cpp:288:107: error: expected ‘)’ before ‘&’ token
[25.520s]   288 |                 void diffeo_tree_update(const object_pose_interface_msgs::SemanticMapObjectArray::ConstPtr& semantic_map_data) {
[25.520s]       |                                        ~                                                                  ^
[25.520s]       |                                                                                                           )
[25.520s] /home/neha/ros2_ws/src/semnav_migration/src/human_following.cpp:288:107: error: expected ‘;’ at end of member declaration
[25.521s]   288 |                 void diffeo_tree_update(const object_pose_interface_msgs::SemanticMapObjectArray::ConstPtr& semantic_map_data) {
[25.521s]       |                                                                                                           ^
[25.521s]       |                                                                                                            ;
[25.558s] /home/neha/ros2_ws/src/semnav_migration/src/navigation_humans.cpp:283:49: error: ‘pointCamera’ was not declared in this scope
[25.558s]   283 |                                                 pointCamera.header.stamp = human_data->header.stamp;
[25.558s]       |                                                 ^~~~~~~~~~~
[25.558s] /home/neha/ros2_ws/src/semnav_migration/src/navigation_humans.cpp:283:95: error: ‘const object_pose_interface_msgs::msg::KeypointDetections3D_<std::allocator<void> >::_header_type’ {aka ‘const struct builtin_interfaces::msg::Time_<std::allocator<void> >’} has no member named ‘stamp’
[25.558s]   283 |                                                 pointCamera.header.stamp = human_data->header.stamp;
[25.559s]       |                                                                                               ^~~~~
[25.559s] /home/neha/ros2_ws/src/semnav_migration/src/navigation_humans.cpp:296:90: error: ‘const object_pose_interface_msgs::msg::KeypointDetections3D_<std::allocator<void> >::_header_type’ {aka ‘const struct builtin_interfaces::msg::Time_<std::allocator<void> >’} has no member named ‘stamp’
[25.559s]   296 |                                             camera_optical_frame_id_, human_data->header.stamp,
[25.559s]       |                                                                                          ^~~~~
[25.569s] /home/neha/ros2_ws/src/semnav_migration/src/human_following.cpp:288:109: error: ‘semantic_map_data’ does not name a type
[25.569s]   288 |                 void diffeo_tree_update(const object_pose_interface_msgs::SemanticMapObjectArray::ConstPtr& semantic_map_data) {
[25.569s]       |                                                                                                             ^~~~~~~~~~~~~~~~~
[25.569s] /home/neha/ros2_ws/src/semnav_migration/src/human_following.cpp:375:58: error: ‘LaserScan’ in namespace ‘sensor_msgs’ does not name a type
[25.570s]   375 |                 void control_callback(const sensor_msgs::LaserScan::ConstPtr& lidar_data, const nav_msgs::Odometry::ConstPtr& robot_data) {
[25.570s]       |                                                          ^~~~~~~~~
[25.570s] /home/neha/ros2_ws/src/semnav_migration/src/human_following.cpp:375:77: error: expected unqualified-id before ‘&’ token
[25.570s]   375 |                 void control_callback(const sensor_msgs::LaserScan::ConstPtr& lidar_data, const nav_msgs::Odometry::ConstPtr& robot_data) {
[25.570s]       |                                                                             ^
[25.570s] /home/neha/ros2_ws/src/semnav_migration/src/human_following.cpp:375:77: error: expected ‘)’ before ‘&’ token
[25.570s]   375 |                 void control_callback(const sensor_msgs::LaserScan::ConstPtr& lidar_data, const nav_msgs::Odometry::ConstPtr& robot_data) {
[25.570s]       |                                      ~                                      ^
[25.573s]       |                                                                             )
[25.573s] /home/neha/ros2_ws/src/semnav_migration/src/human_following.cpp:375:77: error: expected ‘;’ at end of member declaration
[25.573s]   375 |                 void control_callback(const sensor_msgs::LaserScan::ConstPtr& lidar_data, const nav_msgs::Odometry::ConstPtr& robot_data) {
[25.573s]       |                                                                             ^
[25.573s]       |                                                                              ;
[25.584s] /home/neha/ros2_ws/src/semnav_migration/src/human_following.cpp:375:79: error: ‘lidar_data’ does not name a type
[25.584s]   375 |                 void control_callback(const sensor_msgs::LaserScan::ConstPtr& lidar_data, const nav_msgs::Odometry::ConstPtr& robot_data) {
[25.585s]       |                                                                               ^~~~~~~~~~
[25.593s] /home/neha/ros2_ws/src/semnav_migration/src/human_following.cpp:643:17: error: ‘ros’ does not name a type
[25.593s]   643 |                 ros::NodeHandle nh_;
[25.593s]       |                 ^~~
[25.598s] /home/neha/ros2_ws/src/semnav_migration/src/navigation_humans.cpp:302:67: error: ‘pointMap’ was not declared in this scope; did you mean ‘point’?
[25.598s]   302 |                                                 human_x.push_back(pointMap.point.x);
[25.598s]       |                                                                   ^~~~~~~~
[25.598s]       |                                                                   point
[25.599s] /home/neha/ros2_ws/src/semnav_migration/src/human_following.cpp:662:17: error: ‘ros’ does not name a type
[25.600s]   662 |                 ros::Publisher pub_behaviorID_;
[25.600s]       |                 ^~~
[25.602s] /home/neha/ros2_ws/src/semnav_migration/src/navigation_humans.cpp: In member function ‘void NavigationHumansNode::diffeo_tree_update(const object_pose_interface_msgs::msg::SemanticMapObjectArray_<std::allocator<void> >::ConstPtr&)’:
[25.602s] /home/neha/ros2_ws/src/semnav_migration/src/navigation_humans.cpp:345:45: error: expected unqualified-id before ‘-’ token
[25.602s]   345 |                         if (time.seconds(). - DiffeoTreeUpdateTime_ < (1.0/DiffeoTreeUpdateRate_)) {
[25.602s]       |                                             ^
[25.608s] /home/neha/ros2_ws/src/semnav_migration/src/human_following.cpp:663:17: error: ‘ros’ does not name a type
[25.608s]   663 |                 ros::Publisher pub_behaviorMode_;
[25.608s]       |                 ^~~
[25.616s] /home/neha/ros2_ws/src/semnav_migration/src/human_following.cpp:664:17: error: ‘ros’ does not name a type
[25.616s]   664 |                 ros::Publisher pub_twist_;
[25.616s]       |                 ^~~
[25.623s] /home/neha/ros2_ws/src/semnav_migration/src/human_following.cpp:666:17: error: ‘ros’ does not name a type
[25.623s]   666 |                 ros::Publisher pub_semantic_map_;
[25.623s]       |                 ^~~
[25.633s] /home/neha/ros2_ws/src/semnav_migration/src/human_following.cpp:695:17: error: ‘ros’ does not name a type
[25.633s]   695 |                 ros::Time Goal_camera_stamp_;
[25.633s]       |                 ^~~
[25.648s] /home/neha/ros2_ws/src/semnav_migration/src/navigation_humans.cpp: In member function ‘void NavigationHumansNode::control_callback(const sensor_msgs::msg::LaserScan_<std::allocator<void> >::ConstPtr&, const nav_msgs::msg::Odometry_<std::allocator<void> >::ConstPtr&)’:
[25.648s] /home/neha/ros2_ws/src/semnav_migration/src/navigation_humans.cpp:469:43: error: ‘class std::shared_ptr<tf2_ros::TransformListener>’ has no member named ‘waitForTransform’
[25.649s]   469 |                                 listener_.waitForTransform(world_frame_id_, odom_frame_id_, rclcpp::Time(0), rclcpp::Duration(1.0));
[25.649s]       |                                           ^~~~~~~~~~~~~~~~
[25.649s] /home/neha/ros2_ws/src/semnav_migration/src/navigation_humans.cpp:469:130: error: no matching function for call to ‘rclcpp::Duration::Duration(double)’
[25.649s]   469 |                                 listener_.waitForTransform(world_frame_id_, odom_frame_id_, rclcpp::Time(0), rclcpp::Duration(1.0));
[25.649s]       |                                                                                                                                  ^
[25.649s] In file included from /opt/ros/jazzy/include/rclcpp/rclcpp/time.hpp:24,
[25.650s]                  from /opt/ros/jazzy/include/rclcpp/rclcpp/clock.hpp:24,
[25.652s]                  from /opt/ros/jazzy/include/rclcpp/rclcpp/client.hpp:38,
[25.652s]                  from /opt/ros/jazzy/include/rclcpp/rclcpp/callback_group.hpp:24,
[25.652s]                  from /opt/ros/jazzy/include/rclcpp/rclcpp/any_executable.hpp:20,
[25.652s]                  from /opt/ros/jazzy/include/rclcpp/rclcpp/memory_strategy.hpp:25,
[25.652s]                  from /opt/ros/jazzy/include/rclcpp/rclcpp/memory_strategies.hpp:18,
[25.653s]                  from /opt/ros/jazzy/include/rclcpp/rclcpp/executor_options.hpp:22,
[25.653s]                  from /opt/ros/jazzy/include/rclcpp/rclcpp/executor.hpp:38,
[25.653s]                  from /opt/ros/jazzy/include/rclcpp/rclcpp/executors/multi_threaded_executor.hpp:25:
[25.653s] /opt/ros/jazzy/include/rclcpp/rclcpp/duration.hpp:49:3: note: candidate: ‘template<class Rep, class Period> rclcpp::Duration::Duration(const std::chrono::duration<_Rep1, _Period1>&)’
[25.653s]    49 |   Duration(const std::chrono::duration<Rep, Period> & duration)  // NOLINT(runtime/explicit)
[25.653s]       |   ^~~~~~~~
[25.653s] /opt/ros/jazzy/include/rclcpp/rclcpp/duration.hpp:49:3: note:   template argument deduction/substitution failed:
[25.656s] /home/neha/ros2_ws/src/semnav_migration/src/navigation_humans.cpp:469:130: note:   mismatched types ‘const std::chrono::duration<_Rep1, _Period1>’ and ‘double’
[25.656s]   469 |                                 listener_.waitForTransform(world_frame_id_, odom_frame_id_, rclcpp::Time(0), rclcpp::Duration(1.0));
[25.656s]       |                                                                                                                                  ^
[25.656s] /opt/ros/jazzy/include/rclcpp/rclcpp/duration.hpp:159:3: note: candidate: ‘rclcpp::Duration::Duration()’
[25.656s]   159 |   Duration() = default;
[25.657s]       |   ^~~~~~~~
[25.657s] /opt/ros/jazzy/include/rclcpp/rclcpp/duration.hpp:159:3: note:   candidate expects 0 arguments, 1 provided
[25.657s] /opt/ros/jazzy/include/rclcpp/rclcpp/duration.hpp:62:3: note: candidate: ‘rclcpp::Duration::Duration(const rclcpp::Duration&)’
[25.657s]    62 |   Duration(const Duration & rhs);
[25.657s]       |   ^~~~~~~~
[25.657s] /opt/ros/jazzy/include/rclcpp/rclcpp/duration.hpp:62:29: note:   no known conversion for argument 1 from ‘double’ to ‘const rclcpp::Duration&’
[25.657s]    62 |   Duration(const Duration & rhs);
[25.660s]       |            ~~~~~~~~~~~~~~~~~^~~
[25.660s] /opt/ros/jazzy/include/rclcpp/rclcpp/duration.hpp:60:12: note: candidate: ‘rclcpp::Duration::Duration(const rcl_duration_t&)’
[25.660s]    60 |   explicit Duration(const rcl_duration_t & duration);
[25.660s]       |            ^~~~~~~~
[25.661s] /opt/ros/jazzy/include/rclcpp/rclcpp/duration.hpp:60:44: note:   no known conversion for argument 1 from ‘double’ to ‘const rcl_duration_t&’ {aka ‘const rcl_duration_s&’}
[25.661s]    60 |   explicit Duration(const rcl_duration_t & duration);
[25.661s]       |                     ~~~~~~~~~~~~~~~~~~~~~~~^~~~~~~~
[25.661s] /opt/ros/jazzy/include/rclcpp/rclcpp/duration.hpp:54:3: note: candidate: ‘rclcpp::Duration::Duration(const builtin_interfaces::msg::Duration&)’
[25.661s]    54 |   Duration(const builtin_interfaces::msg::Duration & duration_msg);  // NOLINT(runtime/explicit)
[25.661s]       |   ^~~~~~~~
[25.661s] /opt/ros/jazzy/include/rclcpp/rclcpp/duration.hpp:54:54: note:   no known conversion for argument 1 from ‘double’ to ‘const builtin_interfaces::msg::Duration&’ {aka ‘const builtin_interfaces::msg::Duration_<std::allocator<void> >&’}
[25.664s]    54 |   Duration(const builtin_interfaces::msg::Duration & duration_msg);  // NOLINT(runtime/explicit)
[25.664s]       |            ~~~~~~~~~~~~~~~~~~~~~~~~~~~~~~~~~~~~~~~~~~^~~~~~~~~~~~
[25.664s] /opt/ros/jazzy/include/rclcpp/rclcpp/duration.hpp:43:12: note: candidate: ‘rclcpp::Duration::Duration(std::chrono::nanoseconds)’
[25.664s]    43 |   explicit Duration(std::chrono::nanoseconds nanoseconds);
[25.664s]       |            ^~~~~~~~
[25.664s] /opt/ros/jazzy/include/rclcpp/rclcpp/duration.hpp:43:46: note:   no known conversion for argument 1 from ‘double’ to ‘std::chrono::nanoseconds’ {aka ‘std::chrono::duration<long int, std::ratio<1, 1000000000> >’}
[25.665s]    43 |   explicit Duration(std::chrono::nanoseconds nanoseconds);
[25.665s]       |                     ~~~~~~~~~~~~~~~~~~~~~~~~~^~~~~~~~~~~
[25.665s] /opt/ros/jazzy/include/rclcpp/rclcpp/duration.hpp:40:3: note: candidate: ‘rclcpp::Duration::Duration(int32_t, uint32_t)’
[25.665s]    40 |   Duration(int32_t seconds, uint32_t nanoseconds);
[25.665s]       |   ^~~~~~~~
[25.665s] /opt/ros/jazzy/include/rclcpp/rclcpp/duration.hpp:40:3: note:   candidate expects 2 arguments, 1 provided
[25.665s] /home/neha/ros2_ws/src/semnav_migration/src/navigation_humans.cpp:470:43: error: ‘class std::shared_ptr<tf2_ros::TransformListener>’ has no member named ‘transformPose’
[25.666s]   470 |                                 listener_.transformPose(world_frame_id_, odomPose, mapPose);
[25.668s]       |                                           ^~~~~~~~~~~~~
[25.668s] /home/neha/ros2_ws/src/semnav_migration/src/human_following.cpp:715:17: error: ‘tf’ does not name a type; did you mean ‘tm’?
[25.668s]   715 |                 tf::TransformListener listener_;
[25.668s]       |                 ^~
[25.668s]       |                 tm
[25.668s] /home/neha/ros2_ws/src/semnav_migration/src/human_following.cpp: In member function ‘void HumanFollowingNode::publish_twist(double, double)’:
[25.669s] /home/neha/ros2_ws/src/semnav_migration/src/human_following.cpp:166:40: error: ‘Twist’ is not a member of ‘geometry_msgs’; did you mean ‘geometry_msgs::msg::Twist’?
[25.669s]   166 |                         geometry_msgs::Twist commandTwist;
[25.669s]       |                                        ^~~~~
[25.669s] In file included from /opt/ros/jazzy/include/geometry_msgs/geometry_msgs/msg/detail/velocity_stamped__struct.hpp:25,
[25.669s]                  from /opt/ros/jazzy/include/geometry_msgs/geometry_msgs/msg/velocity_stamped.hpp:7,
[25.669s]                  from /opt/ros/jazzy/include/tf2/tf2/buffer_core.h:49,
[25.670s]                  from /opt/ros/jazzy/include/tf2_ros/tf2_ros/async_buffer_interface.h:39,
[25.672s]                  from /opt/ros/jazzy/include/tf2_ros/tf2_ros/buffer.h:42,
[25.672s]                  from /home/neha/ros2_ws/src/semnav_migration/include/reactive_planner_lib.h:40,
[25.672s]                  from /home/neha/ros2_ws/src/semnav_migration/src/human_following.cpp:25:
[25.672s] /opt/ros/jazzy/include/geometry_msgs/geometry_msgs/msg/detail/twist__struct.hpp:137:7: note: ‘geometry_msgs::msg::Twist’ declared here
[25.672s]   137 | using Twist =
[25.672s]       |       ^~~~~
[25.685s] In file included from /opt/ros/jazzy/include/rclcpp/rclcpp/copy_all_parameter_values.hpp:27,
[25.686s]                  from /opt/ros/jazzy/include/rclcpp/rclcpp/rclcpp.hpp:171:
[25.686s] /home/neha/ros2_ws/src/semnav_migration/src/navigation_humans.cpp:676:124: error: ‘now’ is not a member of ‘rclcpp::Time’
[25.686s]   676 |                 "[Navigation] Command update for " << int(localDiffeoTreeArray.size()) << " polygons in " << rclcpp::Time::now().toSec()-before_time << " seconds.");
[25.686s]       |                                                                                                                            ^~~
[25.747s] /home/neha/ros2_ws/src/semnav_migration/src/human_following.cpp:167:25: error: ‘commandTwist’ was not declared in this scope
[25.748s]   167 |                         commandTwist.linear.x = LinearCmd;
[25.748s]       |                         ^~~~~~~~~~~~
[25.803s] /home/neha/ros2_ws/src/semnav_migration/src/human_following.cpp:169:25: error: ‘pub_twist_’ was not declared in this scope; did you mean ‘publish_twist’?
[25.803s]   169 |                         pub_twist_.publish(commandTwist);
[25.803s]       |                         ^~~~~~~~~~
[25.804s]       |                         publish_twist
[25.808s] /home/neha/ros2_ws/src/semnav_migration/src/human_following.cpp: In member function ‘void HumanFollowingNode::publish_behavior_id(uint16_t)’:
[25.808s] /home/neha/ros2_ws/src/semnav_migration/src/human_following.cpp:174:35: error: ‘UInt32’ is not a member of ‘std_msgs’; did you mean ‘example_interfaces::msg::UInt32’?
[25.808s]   174 |                         std_msgs::UInt32 commandId;
[25.809s]       |                                   ^~~~~~
[25.809s] In file included from /opt/ros/jazzy/include/example_interfaces/example_interfaces/msg/u_int32.hpp:7,
[25.809s]                  from /home/neha/ros2_ws/src/semnav_migration/include/reactive_planner_lib.h:51:
[25.810s] /opt/ros/jazzy/include/example_interfaces/example_interfaces/msg/detail/u_int32__struct.hpp:125:7: note: ‘example_interfaces::msg::UInt32’ declared here
[25.810s]   125 | using UInt32 =
[25.810s]       |       ^~~~~~
[25.861s] /home/neha/ros2_ws/src/semnav_migration/src/human_following.cpp:175:25: error: ‘commandId’ was not declared in this scope
[25.861s]   175 |                         commandId.data = BehaviorIdCmd;
[25.862s]       |                         ^~~~~~~~~
[25.954s] /home/neha/ros2_ws/src/semnav_migration/src/human_following.cpp:176:25: error: ‘pub_behaviorID_’ was not declared in this scope; did you mean ‘pub_behaviorID_topic_’?
[25.954s]   176 |                         pub_behaviorID_.publish(commandId);
[25.955s]       |                         ^~~~~~~~~~~~~~~
[25.955s]       |                         pub_behaviorID_topic_
[25.960s] /home/neha/ros2_ws/src/semnav_migration/src/human_following.cpp: In member function ‘void HumanFollowingNode::publish_behavior_mode(uint16_t)’:
[25.960s] /home/neha/ros2_ws/src/semnav_migration/src/human_following.cpp:181:35: error: ‘UInt32’ is not a member of ‘std_msgs’; did you mean ‘example_interfaces::msg::UInt32’?
[25.960s]   181 |                         std_msgs::UInt32 commandMode;
[25.960s]       |                                   ^~~~~~
[25.961s] /opt/ros/jazzy/include/example_interfaces/example_interfaces/msg/detail/u_int32__struct.hpp:125:7: note: ‘example_interfaces::msg::UInt32’ declared here
[25.961s]   125 | using UInt32 =
[25.961s]       |       ^~~~~~
[26.029s] /home/neha/ros2_ws/src/semnav_migration/src/human_following.cpp:182:25: error: ‘commandMode’ was not declared in this scope
[26.029s]   182 |                         commandMode.data = BehaviorModeCmd;
[26.029s]       |                         ^~~~~~~~~~~
[26.131s] /home/neha/ros2_ws/src/semnav_migration/src/human_following.cpp:183:25: error: ‘pub_behaviorMode_’ was not declared in this scope; did you mean ‘pub_behaviorMode_topic_’?
[26.131s]   183 |                         pub_behaviorMode_.publish(commandMode);
[26.131s]       |                         ^~~~~~~~~~~~~~~~~
[26.132s]       |                         pub_behaviorMode_topic_
[26.187s] /home/neha/ros2_ws/src/semnav_migration/src/human_following.cpp: In function ‘int main(int, char**)’:
[26.187s] /home/neha/ros2_ws/src/semnav_migration/src/human_following.cpp:722:9: error: ‘ros’ has not been declared
[26.187s]   722 |         ros::init(argc, argv, "human_following");
[26.187s]       |         ^~~
[26.190s] /home/neha/ros2_ws/src/semnav_migration/src/human_following.cpp:725:9: error: ‘ros’ has not been declared
[26.190s]   725 |         ros::NodeHandle nh("~");
[26.190s]       |         ^~~
[26.215s] /home/neha/ros2_ws/src/semnav_migration/src/human_following.cpp:728:48: error: ‘nh’ was not declared in this scope
[26.215s]   728 |         HumanFollowingNode humanFollowingNode(&nh);
[26.215s]       |                                                ^~
[28.883s] In file included from /opt/ros/jazzy/include/rclcpp/rclcpp/subscription_base.hpp:32,
[28.884s]                  from /opt/ros/jazzy/include/rclcpp/rclcpp/callback_group.hpp:29:
[28.884s] /opt/ros/jazzy/include/rclcpp/rclcpp/any_subscription_callback.hpp: In instantiation of ‘rclcpp::AnySubscriptionCallback<MessageT, AllocatorT> rclcpp::AnySubscriptionCallback<MessageT, AllocatorT>::set(CallbackT) [with CallbackT = std::_Bind<void (NavigationHumansNode::*(NavigationHumansNode*, std::_Placeholder<1>))(const std::shared_ptr<const object_pose_interface_msgs::msg::KeypointDetections3D_<std::allocator<void> > >&)>; MessageT = object_pose_interface_msgs::msg::SemanticMapObjectArray_<std::allocator<void> >; AllocatorT = std::allocator<void>]’:
[28.884s] /opt/ros/jazzy/include/rclcpp/rclcpp/subscription_factory.hpp:93:32:   required from ‘rclcpp::SubscriptionFactory rclcpp::create_subscription_factory(CallbackT&&, const SubscriptionOptionsWithAllocator<AllocatorT>&, typename MessageMemoryStrategyT::SharedPtr, std::shared_ptr<topic_statistics::SubscriptionTopicStatistics>) [with MessageT = object_pose_interface_msgs::msg::SemanticMapObjectArray_<std::allocator<void> >; CallbackT = std::_Bind<void (NavigationHumansNode::*(NavigationHumansNode*, std::_Placeholder<1>))(const std::shared_ptr<const object_pose_interface_msgs::msg::KeypointDetections3D_<std::allocator<void> > >&)>; AllocatorT = std::allocator<void>; SubscriptionT = Subscription<object_pose_interface_msgs::msg::SemanticMapObjectArray_<std::allocator<void> > >; MessageMemoryStrategyT = message_memory_strategy::MessageMemoryStrategy<object_pose_interface_msgs::msg::SemanticMapObjectArray_<std::allocator<void> >, std::allocator<void> >; typename MessageMemoryStrategyT::SharedPtr = std::shared_ptr<message_memory_strategy::MessageMemoryStrategy<object_pose_interface_msgs::msg::SemanticMapObjectArray_<std::allocator<void> >, std::allocator<void> > >]’
[28.884s] /opt/ros/jazzy/include/rclcpp/rclcpp/create_subscription.hpp:121:63:   required from ‘std::shared_ptr<ROSMessageT> rclcpp::detail::create_subscription(NodeParametersT&, NodeTopicsT&, const std::string&, const rclcpp::QoS&, CallbackT&&, const rclcpp::SubscriptionOptionsWithAllocator<AllocatorT>&, typename MessageMemoryStrategyT::SharedPtr) [with MessageT = object_pose_interface_msgs::msg::SemanticMapObjectArray_<std::allocator<void> >; CallbackT = std::_Bind<void (NavigationHumansNode::*(NavigationHumansNode*, std::_Placeholder<1>))(const std::shared_ptr<const object_pose_interface_msgs::msg::KeypointDetections3D_<std::allocator<void> > >&)>; AllocatorT = std::allocator<void>; SubscriptionT = rclcpp::Subscription<object_pose_interface_msgs::msg::SemanticMapObjectArray_<std::allocator<void> > >; MessageMemoryStrategyT = rclcpp::message_memory_strategy::MessageMemoryStrategy<object_pose_interface_msgs::msg::SemanticMapObjectArray_<std::allocator<void> >, std::allocator<void> >; NodeParametersT = rclcpp::Node; NodeTopicsT = rclcpp::Node; std::string = std::__cxx11::basic_string<char>; typename MessageMemoryStrategyT::SharedPtr = std::shared_ptr<rclcpp::message_memory_strategy::MessageMemoryStrategy<object_pose_interface_msgs::msg::SemanticMapObjectArray_<std::allocator<void> >, std::allocator<void> > >]’
[28.884s] /opt/ros/jazzy/include/rclcpp/rclcpp/create_subscription.hpp:190:76:   required from ‘std::shared_ptr<ROSMessageT> rclcpp::create_subscription(NodeT&, const std::string&, const QoS&, CallbackT&&, const SubscriptionOptionsWithAllocator<AllocatorT>&, typename MessageMemoryStrategyT::SharedPtr) [with MessageT = object_pose_interface_msgs::msg::SemanticMapObjectArray_<std::allocator<void> >; CallbackT = std::_Bind<void (NavigationHumansNode::*(NavigationHumansNode*, std::_Placeholder<1>))(const std::shared_ptr<const object_pose_interface_msgs::msg::KeypointDetections3D_<std::allocator<void> > >&)>; AllocatorT = std::allocator<void>; SubscriptionT = Subscription<object_pose_interface_msgs::msg::SemanticMapObjectArray_<std::allocator<void> > >; MessageMemoryStrategyT = message_memory_strategy::MessageMemoryStrategy<object_pose_interface_msgs::msg::SemanticMapObjectArray_<std::allocator<void> >, std::allocator<void> >; NodeT = Node; std::string = std::__cxx11::basic_string<char>; typename MessageMemoryStrategyT::SharedPtr = std::shared_ptr<message_memory_strategy::MessageMemoryStrategy<object_pose_interface_msgs::msg::SemanticMapObjectArray_<std::allocator<void> >, std::allocator<void> > >]’
[28.885s] /opt/ros/jazzy/include/rclcpp/rclcpp/node_impl.hpp:99:47:   required from ‘std::shared_ptr<ROSMessageT> rclcpp::Node::create_subscription(const std::string&, const rclcpp::QoS&, CallbackT&&, const rclcpp::SubscriptionOptionsWithAllocator<AllocatorT>&, typename MessageMemoryStrategyT::SharedPtr) [with MessageT = object_pose_interface_msgs::msg::SemanticMapObjectArray_<std::allocator<void> >; CallbackT = std::_Bind<void (NavigationHumansNode::*(NavigationHumansNode*, std::_Placeholder<1>))(const std::shared_ptr<const object_pose_interface_msgs::msg::KeypointDetections3D_<std::allocator<void> > >&)>; AllocatorT = std::allocator<void>; SubscriptionT = rclcpp::Subscription<object_pose_interface_msgs::msg::SemanticMapObjectArray_<std::allocator<void> > >; MessageMemoryStrategyT = rclcpp::message_memory_strategy::MessageMemoryStrategy<object_pose_interface_msgs::msg::SemanticMapObjectArray_<std::allocator<void> >, std::allocator<void> >; std::string = std::__cxx11::basic_string<char>; typename MessageMemoryStrategyT::SharedPtr = std::shared_ptr<rclcpp::message_memory_strategy::MessageMemoryStrategy<object_pose_interface_msgs::msg::SemanticMapObjectArray_<std::allocator<void> >, std::allocator<void> > >]’
[28.885s] /home/neha/ros2_ws/src/semnav_migration/src/navigation_humans.cpp:168:106:   required from here
[28.885s] /opt/ros/jazzy/include/rclcpp/rclcpp/any_subscription_callback.hpp:396:23: error: no match for ‘operator=’ (operand types are ‘rclcpp::detail::AnySubscriptionCallbackHelper<object_pose_interface_msgs::msg::SemanticMapObjectArray_<std::allocator<void> >, std::allocator<void>, false, false>::variant_type’ {aka ‘std::variant<std::function<void(const object_pose_interface_msgs::msg::SemanticMapObjectArray_<std::allocator<void> >&)>, std::function<void(const object_pose_interface_msgs::msg::SemanticMapObjectArray_<std::allocator<void> >&, const rclcpp::MessageInfo&)>, std::function<void(const rclcpp::SerializedMessage&)>, std::function<void(const rclcpp::SerializedMessage&, const rclcpp::MessageInfo&)>, std::function<void(std::unique_ptr<object_pose_interface_msgs::msg::SemanticMapObjectArray_<std::allocator<void> >, std::default_delete<object_pose_interface_msgs::msg::SemanticMapObjectArray_<std::allocator<void> > > >)>, std::function<void(std::unique_ptr<object_pose_interface_msgs::msg::SemanticMapObjectArray_<std::allocator<void> >, std::default_delete<object_pose_interface_msgs::msg::SemanticMapObjectArray_<std::allocator<void> > > >, const rclcpp::MessageInfo&)>, std::function<void(std::unique_ptr<rclcpp::SerializedMessage, std::default_delete<rclcpp::SerializedMessage> >)>, std::function<void(std::unique_ptr<rclcpp::SerializedMessage, std::default_delete<rclcpp::SerializedMessage> >, const rclcpp::MessageInfo&)>, std::function<void(std::shared_ptr<const object_pose_interface_msgs::msg::SemanticMapObjectArray_<std::allocator<void> > >)>, std::function<void(std::shared_ptr<const object_pose_interface_msgs::msg::SemanticMapObjectArray_<std::allocator<void> > >, const rclcpp::MessageInfo&)>, std::function<void(std::shared_ptr<const rclcpp::SerializedMessage>)>, std::function<void(std::shared_ptr<const rclcpp::SerializedMessage>, const rclcpp::MessageInfo&)>, std::function<void(const std::shared_ptr<const object_pose_interface_msgs::msg::SemanticMapObjectArray_<std::allocator<void> > >&)>, std::function<void(const std::shared_ptr<const object_pose_interface_msgs::msg::SemanticMapObjectArray_<std::allocator<void> > >&, const rclcpp::MessageInfo&)>, std::function<void(const std::shared_ptr<const rclcpp::SerializedMessage>&)>, std::function<void(const std::shared_ptr<const rclcpp::SerializedMessage>&, const rclcpp::MessageInfo&)>, std::function<void(std::shared_ptr<object_pose_interface_msgs::msg::SemanticMapObjectArray_<std::allocator<void> > >)>, std::function<void(std::shared_ptr<object_pose_interface_msgs::msg::SemanticMapObjectArray_<std::allocator<void> > >, const rclcpp::MessageInfo&)>, std::function<void(std::shared_ptr<rclcpp::SerializedMessage>)>, std::function<void(std::shared_ptr<rclcpp::SerializedMessage>, const rclcpp::MessageInfo&)> >’} and ‘rclcpp::detail::SubscriptionCallbackTypeHelper<object_pose_interface_msgs::msg::SemanticMapObjectArray_<std::allocator<void> >, std::_Bind<void (NavigationHumansNode::*(NavigationHumansNode*, std::_Placeholder<1>))(const std::shared_ptr<const object_pose_interface_msgs::msg::KeypointDetections3D_<std::allocator<void> > >&)>, void>::callback_type’ {aka ‘std::function<void(const std::shared_ptr<const object_pose_interface_msgs::msg::KeypointDetections3D_<std::allocator<void> > >&)>’})
[28.885s]   396 |     callback_variant_ = static_cast<typename scbth::callback_type>(callback);
[28.885s]       |     ~~~~~~~~~~~~~~~~~~^~~~~~~~~~~~~~~~~~~~~~~~~~~~~~~~~~~~~~~~~~~~~~~~~~~~~~
[28.888s] In file included from /opt/ros/jazzy/include/rclcpp/rclcpp/client.hpp:29:
[28.888s] /usr/include/c++/13/variant:1494:9: note: candidate: ‘template<class _Tp> std::enable_if_t<((__exactly_once<std::variant<_Types>::__accepted_type<_Tp&&, typename std::enable_if<__not_self<_Tp&&>, void>::type> > && is_constructible_v<std::variant<_Types>::__accepted_type<_Tp&&, typename std::enable_if<__not_self<_Tp&&>, void>::type>, _Tp>) && is_assignable_v<std::variant<_Types>::__accepted_type<_Tp&&, typename std::enable_if<__not_self<_Tp&&>, void>::type>&, _Tp>), std::variant<_Types>&> std::variant<_Types>::operator=(_Tp&&) [with _Types = {std::function<void(const object_pose_interface_msgs::msg::SemanticMapObjectArray_<std::allocator<void> >&)>, std::function<void(const object_pose_interface_msgs::msg::SemanticMapObjectArray_<std::allocator<void> >&, const rclcpp::MessageInfo&)>, std::function<void(const rclcpp::SerializedMessage&)>, std::function<void(const rclcpp::SerializedMessage&, const rclcpp::MessageInfo&)>, std::function<void(std::unique_ptr<object_pose_interface_msgs::msg::SemanticMapObjectArray_<std::allocator<void> >, std::default_delete<object_pose_interface_msgs::msg::SemanticMapObjectArray_<std::allocator<void> > > >)>, std::function<void(std::unique_ptr<object_pose_interface_msgs::msg::SemanticMapObjectArray_<std::allocator<void> >, std::default_delete<object_pose_interface_msgs::msg::SemanticMapObjectArray_<std::allocator<void> > > >, const rclcpp::MessageInfo&)>, std::function<void(std::unique_ptr<rclcpp::SerializedMessage, std::default_delete<rclcpp::SerializedMessage> >)>, std::function<void(std::unique_ptr<rclcpp::SerializedMessage, std::default_delete<rclcpp::SerializedMessage> >, const rclcpp::MessageInfo&)>, std::function<void(std::shared_ptr<const object_pose_interface_msgs::msg::SemanticMapObjectArray_<std::allocator<void> > >)>, std::function<void(std::shared_ptr<const object_pose_interface_msgs::msg::SemanticMapObjectArray_<std::allocator<void> > >, const rclcpp::MessageInfo&)>, std::function<void(std::shared_ptr<const rclcpp::SerializedMessage>)>, std::function<void(std::shared_ptr<const rclcpp::SerializedMessage>, const rclcpp::MessageInfo&)>, std::function<void(const std::shared_ptr<const object_pose_interface_msgs::msg::SemanticMapObjectArray_<std::allocator<void> > >&)>, std::function<void(const std::shared_ptr<const object_pose_interface_msgs::msg::SemanticMapObjectArray_<std::allocator<void> > >&, const rclcpp::MessageInfo&)>, std::function<void(const std::shared_ptr<const rclcpp::SerializedMessage>&)>, std::function<void(const std::shared_ptr<const rclcpp::SerializedMessage>&, const rclcpp::MessageInfo&)>, std::function<void(std::shared_ptr<object_pose_interface_msgs::msg::SemanticMapObjectArray_<std::allocator<void> > >)>, std::function<void(std::shared_ptr<object_pose_interface_msgs::msg::SemanticMapObjectArray_<std::allocator<void> > >, const rclcpp::MessageInfo&)>, std::function<void(std::shared_ptr<rclcpp::SerializedMessage>)>, std::function<void(std::shared_ptr<rclcpp::SerializedMessage>, const rclcpp::MessageInfo&)>}]’
[28.889s]  1494 |         operator=(_Tp&& __rhs)
[28.889s]       |         ^~~~~~~~
[28.889s] /usr/include/c++/13/variant:1494:9: note:   template argument deduction/substitution failed:
[28.889s] /usr/include/c++/13/variant: In substitution of ‘template<class ... _Types> template<class _Tp, class> using std::variant<_Types>::__accepted_type = std::variant<_Types>::__to_type<__accepted_index<_Tp> > [with _Tp = std::function<void(const std::shared_ptr<const object_pose_interface_msgs::msg::KeypointDetections3D_<std::allocator<void> > >&)>&&; <template-parameter-2-2> = void; _Types = {std::function<void(const object_pose_interface_msgs::msg::SemanticMapObjectArray_<std::allocator<void> >&)>, std::function<void(const object_pose_interface_msgs::msg::SemanticMapObjectArray_<std::allocator<void> >&, const rclcpp::MessageInfo&)>, std::function<void(const rclcpp::SerializedMessage&)>, std::function<void(const rclcpp::SerializedMessage&, const rclcpp::MessageInfo&)>, std::function<void(std::unique_ptr<object_pose_interface_msgs::msg::SemanticMapObjectArray_<std::allocator<void> >, std::default_delete<object_pose_interface_msgs::msg::SemanticMapObjectArray_<std::allocator<void> > > >)>, std::function<void(std::unique_ptr<object_pose_interface_msgs::msg::SemanticMapObjectArray_<std::allocator<void> >, std::default_delete<object_pose_interface_msgs::msg::SemanticMapObjectArray_<std::allocator<void> > > >, const rclcpp::MessageInfo&)>, std::function<void(std::unique_ptr<rclcpp::SerializedMessage, std::default_delete<rclcpp::SerializedMessage> >)>, std::function<void(std::unique_ptr<rclcpp::SerializedMessage, std::default_delete<rclcpp::SerializedMessage> >, const rclcpp::MessageInfo&)>, std::function<void(std::shared_ptr<const object_pose_interface_msgs::msg::SemanticMapObjectArray_<std::allocator<void> > >)>, std::function<void(std::shared_ptr<const object_pose_interface_msgs::msg::SemanticMapObjectArray_<std::allocator<void> > >, const rclcpp::MessageInfo&)>, std::function<void(std::shared_ptr<const rclcpp::SerializedMessage>)>, std::function<void(std::shared_ptr<const rclcpp::SerializedMessage>, const rclcpp::MessageInfo&)>, std::function<void(const std::shared_ptr<const object_pose_interface_msgs::msg::SemanticMapObjectArray_<std::allocator<void> > >&)>, std::function<void(const std::shared_ptr<const object_pose_interface_msgs::msg::SemanticMapObjectArray_<std::allocator<void> > >&, const rclcpp::MessageInfo&)>, std::function<void(const std::shared_ptr<const rclcpp::SerializedMessage>&)>, std::function<void(const std::shared_ptr<const rclcpp::SerializedMessage>&, const rclcpp::MessageInfo&)>, std::function<void(std::shared_ptr<object_pose_interface_msgs::msg::SemanticMapObjectArray_<std::allocator<void> > >)>, std::function<void(std::shared_ptr<object_pose_interface_msgs::msg::SemanticMapObjectArray_<std::allocator<void> > >, const rclcpp::MessageInfo&)>, std::function<void(std::shared_ptr<rclcpp::SerializedMessage>)>, std::function<void(std::shared_ptr<rclcpp::SerializedMessage>, const rclcpp::MessageInfo&)>}]’:
[28.889s] /usr/include/c++/13/variant:1490:14:   required by substitution of ‘template<class _Tp> std::enable_if_t<((__exactly_once<std::variant<std::function<void(const object_pose_interface_msgs::msg::SemanticMapObjectArray_<std::allocator<void> >&)>, std::function<void(const object_pose_interface_msgs::msg::SemanticMapObjectArray_<std::allocator<void> >&, const rclcpp::MessageInfo&)>, std::function<void(const rclcpp::SerializedMessage&)>, std::function<void(const rclcpp::SerializedMessage&, const rclcpp::MessageInfo&)>, std::function<void(std::unique_ptr<object_pose_interface_msgs::msg::SemanticMapObjectArray_<std::allocator<void> >, std::default_delete<object_pose_interface_msgs::msg::SemanticMapObjectArray_<std::allocator<void> > > >)>, std::function<void(std::unique_ptr<object_pose_interface_msgs::msg::SemanticMapObjectArray_<std::allocator<void> >, std::default_delete<object_pose_interface_msgs::msg::SemanticMapObjectArray_<std::allocator<void> > > >, const rclcpp::MessageInfo&)>, std::function<void(std::unique_ptr<rclcpp::SerializedMessage, std::default_delete<rclcpp::SerializedMessage> >)>, std::function<void(std::unique_ptr<rclcpp::SerializedMessage, std::default_delete<rclcpp::SerializedMessage> >, const rclcpp::MessageInfo&)>, std::function<void(std::shared_ptr<const object_pose_interface_msgs::msg::SemanticMapObjectArray_<std::allocator<void> > >)>, std::function<void(std::shared_ptr<const object_pose_interface_msgs::msg::SemanticMapObjectArray_<std::allocator<void> > >, const rclcpp::MessageInfo&)>, std::function<void(std::shared_ptr<const rclcpp::SerializedMessage>)>, std::function<void(std::shared_ptr<const rclcpp::SerializedMessage>, const rclcpp::MessageInfo&)>, std::function<void(const std::shared_ptr<const object_pose_interface_msgs::msg::SemanticMapObjectArray_<std::allocator<void> > >&)>, std::function<void(const std::shared_ptr<const object_pose_interface_msgs::msg::SemanticMapObjectArray_<std::allocator<void> > >&, const rclcpp::MessageInfo&)>, std::function<void(const std::shared_ptr<const rclcpp::SerializedMessage>&)>, std::function<void(const std::shared_ptr<const rclcpp::SerializedMessage>&, const rclcpp::MessageInfo&)>, std::function<void(std::shared_ptr<object_pose_interface_msgs::msg::SemanticMapObjectArray_<std::allocator<void> > >)>, std::function<void(std::shared_ptr<object_pose_interface_msgs::msg::SemanticMapObjectArray_<std::allocator<void> > >, const rclcpp::MessageInfo&)>, std::function<void(std::shared_ptr<rclcpp::SerializedMessage>)>, std::function<void(std::shared_ptr<rclcpp::SerializedMessage>, const rclcpp::MessageInfo&)> >::__accepted_type<_Tp&&, typename std::enable_if<__not_self<_Tp&&>, void>::type> > && is_constructible_v<std::variant<std::function<void(const object_pose_interface_msgs::msg::SemanticMapObjectArray_<std::allocator<void> >&)>, std::function<void(const object_pose_interface_msgs::msg::SemanticMapObjectArray_<std::allocator<void> >&, const rclcpp::MessageInfo&)>, std::function<void(const rclcpp::SerializedMessage&)>, std::function<void(const rclcpp::SerializedMessage&, const rclcpp::MessageInfo&)>, std::function<void(std::unique_ptr<object_pose_interface_msgs::msg::SemanticMapObjectArray_<std::allocator<void> >, std::default_delete<object_pose_interface_msgs::msg::SemanticMapObjectArray_<std::allocator<void> > > >)>, std::function<void(std::unique_ptr<object_pose_interface_msgs::msg::SemanticMapObjectArray_<std::allocator<void> >, std::default_delete<object_pose_interface_msgs::msg::SemanticMapObjectArray_<std::allocator<void> > > >, const rclcpp::MessageInfo&)>, std::function<void(std::unique_ptr<rclcpp::SerializedMessage, std::default_delete<rclcpp::SerializedMessage> >)>, std::function<void(std::unique_ptr<rclcpp::SerializedMessage, std::default_delete<rclcpp::SerializedMessage> >, const rclcpp::MessageInfo&)>, std::function<void(std::shared_ptr<const object_pose_interface_msgs::msg::SemanticMapObjectArray_<std::allocator<void> > >)>, std::function<void(std::shared_ptr<const object_pose_interface_msgs::msg::SemanticMapObjectArray_<std::allocator<void> > >, const rclcpp::MessageInfo&)>, std::function<void(std::shared_ptr<const rclcpp::SerializedMessage>)>, std::function<void(std::shared_ptr<const rclcpp::SerializedMessage>, const rclcpp::MessageInfo&)>, std::function<void(const std::shared_ptr<const object_pose_interface_msgs::msg::SemanticMapObjectArray_<std::allocator<void> > >&)>, std::function<void(const std::shared_ptr<const object_pose_interface_msgs::msg::SemanticMapObjectArray_<std::allocator<void> > >&, const rclcpp::MessageInfo&)>, std::function<void(const std::shared_ptr<const rclcpp::SerializedMessage>&)>, std::function<void(const std::shared_ptr<const rclcpp::SerializedMessage>&, const rclcpp::MessageInfo&)>, std::function<void(std::shared_ptr<object_pose_interface_msgs::msg::SemanticMapObjectArray_<std::allocator<void> > >)>, std::function<void(std::shared_ptr<object_pose_interface_msgs::msg::SemanticMapObjectArray_<std::allocator<void> > >, const rclcpp::MessageInfo&)>, std::function<void(std::shared_ptr<rclcpp::SerializedMessage>)>, std::function<void(std::shared_ptr<rclcpp::SerializedMessage>, const rclcpp::MessageInfo&)> >::__accepted_type<_Tp&&, typename std::enable_if<__not_self<_Tp&&>, void>::type>, _Tp>) && is_assignable_v<std::variant<std::function<void(const object_pose_interface_msgs::msg::SemanticMapObjectArray_<std::allocator<void> >&)>, std::function<void(const object_pose_interface_msgs::msg::SemanticMapObjectArray_<std::allocator<void> >&, const rclcpp::MessageInfo&)>, std::function<void(const rclcpp::SerializedMessage&)>, std::function<void(const rclcpp::SerializedMessage&, const rclcpp::MessageInfo&)>, std::function<void(std::unique_ptr<object_pose_interface_msgs::msg::SemanticMapObjectArray_<std::allocator<void> >, std::default_delete<object_pose_interface_msgs::msg::SemanticMapObjectArray_<std::allocator<void> > > >)>, std::function<void(std::unique_ptr<object_pose_interface_msgs::msg::SemanticMapObjectArray_<std::allocator<void> >, std::default_delete<object_pose_interface_msgs::msg::SemanticMapObjectArray_<std::allocator<void> > > >, const rclcpp::MessageInfo&)>, std::function<void(std::unique_ptr<rclcpp::SerializedMessage, std::default_delete<rclcpp::SerializedMessage> >)>, std::function<void(std::unique_ptr<rclcpp::SerializedMessage, std::default_delete<rclcpp::SerializedMessage> >, const rclcpp::MessageInfo&)>, std::function<void(std::shared_ptr<const object_pose_interface_msgs::msg::SemanticMapObjectArray_<std::allocator<void> > >)>, std::function<void(std::shared_ptr<const object_pose_interface_msgs::msg::SemanticMapObjectArray_<std::allocator<void> > >, const rclcpp::MessageInfo&)>, std::function<void(std::shared_ptr<const rclcpp::SerializedMessage>)>, std::function<void(std::shared_ptr<const rclcpp::SerializedMessage>, const rclcpp::MessageInfo&)>, std::function<void(const std::shared_ptr<const object_pose_interface_msgs::msg::SemanticMapObjectArray_<std::allocator<void> > >&)>, std::function<void(const std::shared_ptr<const object_pose_interface_msgs::msg::SemanticMapObjectArray_<std::allocator<void> > >&, const rclcpp::MessageInfo&)>, std::function<void(const std::shared_ptr<const rclcpp::SerializedMessage>&)>, std::function<void(const std::shared_ptr<const rclcpp::SerializedMessage>&, const rclcpp::MessageInfo&)>, std::function<void(std::shared_ptr<object_pose_interface_msgs::msg::SemanticMapObjectArray_<std::allocator<void> > >)>, std::function<void(std::shared_ptr<object_pose_interface_msgs::msg::SemanticMapObjectArray_<std::allocator<void> > >, const rclcpp::MessageInfo&)>, std::function<void(std::shared_ptr<rclcpp::SerializedMessage>)>, std::function<void(std::shared_ptr<rclcpp::SerializedMessage>, const rclcpp::MessageInfo&)> >::__accepted_type<_Tp&&, typename std::enable_if<__not_self<_Tp&&>, void>::type>&, _Tp>), std::variant<std::function<void(const object_pose_interface_msgs::msg::SemanticMapObjectArray_<std::allocator<void> >&)>, std::function<void(const object_pose_interface_msgs::msg::SemanticMapObjectArray_<std::allocator<void> >&, const rclcpp::MessageInfo&)>, std::function<void(const rclcpp::SerializedMessage&)>, std::function<void(const rclcpp::SerializedMessage&, const rclcpp::MessageInfo&)>, std::function<void(std::unique_ptr<object_pose_interface_msgs::msg::SemanticMapObjectArray_<std::allocator<void> >, std::default_delete<object_pose_interface_msgs::msg::SemanticMapObjectArray_<std::allocator<void> > > >)>, std::function<void(std::unique_ptr<object_pose_interface_msgs::msg::SemanticMapObjectArray_<std::allocator<void> >, std::default_delete<object_pose_interface_msgs::msg::SemanticMapObjectArray_<std::allocator<void> > > >, const rclcpp::MessageInfo&)>, std::function<void(std::unique_ptr<rclcpp::SerializedMessage, std::default_delete<rclcpp::SerializedMessage> >)>, std::function<void(std::unique_ptr<rclcpp::SerializedMessage, std::default_delete<rclcpp::SerializedMessage> >, const rclcpp::MessageInfo&)>, std::function<void(std::shared_ptr<const object_pose_interface_msgs::msg::SemanticMapObjectArray_<std::allocator<void> > >)>, std::function<void(std::shared_ptr<const object_pose_interface_msgs::msg::SemanticMapObjectArray_<std::allocator<void> > >, const rclcpp::MessageInfo&)>, std::function<void(std::shared_ptr<const rclcpp::SerializedMessage>)>, std::function<void(std::shared_ptr<const rclcpp::SerializedMessage>, const rclcpp::MessageInfo&)>, std::function<void(const std::shared_ptr<const object_pose_interface_msgs::msg::SemanticMapObjectArray_<std::allocator<void> > >&)>, std::function<void(const std::shared_ptr<const object_pose_interface_msgs::msg::SemanticMapObjectArray_<std::allocator<void> > >&, const rclcpp::MessageInfo&)>, std::function<void(const std::shared_ptr<const rclcpp::SerializedMessage>&)>, std::function<void(const std::shared_ptr<const rclcpp::SerializedMessage>&, const rclcpp::MessageInfo&)>, std::function<void(std::shared_ptr<object_pose_interface_msgs::msg::SemanticMapObjectArray_<std::allocator<void> > >)>, std::function<void(std::shared_ptr<object_pose_interface_msgs::msg::SemanticMapObjectArray_<std::allocator<void> > >, const rclcpp::MessageInfo&)>, std::function<void(std::shared_ptr<rclcpp::SerializedMessage>)>, std::function<void(std::shared_ptr<rclcpp::SerializedMessage>, const rclcpp::MessageInfo&)> >&> std::variant<std::function<void(const object_pose_interface_msgs::msg::SemanticMapObjectArray_<std::allocator<void> >&)>, std::function<void(const object_pose_interface_msgs::msg::SemanticMapObjectArray_<std::allocator<void> >&, const rclcpp::MessageInfo&)>, std::function<void(const rclcpp::SerializedMessage&)>, std::function<void(const rclcpp::SerializedMessage&, const rclcpp::MessageInfo&)>, std::function<void(std::unique_ptr<object_pose_interface_msgs::msg::SemanticMapObjectArray_<std::allocator<void> >, std::default_delete<object_pose_interface_msgs::msg::SemanticMapObjectArray_<std::allocator<void> > > >)>, std::function<void(std::unique_ptr<object_pose_interface_msgs::msg::SemanticMapObjectArray_<std::allocator<void> >, std::default_delete<object_pose_interface_msgs::msg::SemanticMapObjectArray_<std::allocator<void> > > >, const rclcpp::MessageInfo&)>, std::function<void(std::unique_ptr<rclcpp::SerializedMessage, std::default_delete<rclcpp::SerializedMessage> >)>, std::function<void(std::unique_ptr<rclcpp::SerializedMessage, std::default_delete<rclcpp::SerializedMessage> >, const rclcpp::MessageInfo&)>, std::function<void(std::shared_ptr<const object_pose_interface_msgs::msg::SemanticMapObjectArray_<std::allocator<void> > >)>, std::function<void(std::shared_ptr<const object_pose_interface_msgs::msg::SemanticMapObjectArray_<std::allocator<void> > >, const rclcpp::MessageInfo&)>, std::function<void(std::shared_ptr<const rclcpp::SerializedMessage>)>, std::function<void(std::shared_ptr<const rclcpp::SerializedMessage>, const rclcpp::MessageInfo&)>, std::function<void(const std::shared_ptr<const object_pose_interface_msgs::msg::SemanticMapObjectArray_<std::allocator<void> > >&)>, std::function<void(const std::shared_ptr<const object_pose_interface_msgs::msg::SemanticMapObjectArray_<std::allocator<void> > >&, const rclcpp::MessageInfo&)>, std::function<void(const std::shared_ptr<const rclcpp::SerializedMessage>&)>, std::function<void(const std::shared_ptr<const rclcpp::SerializedMessage>&, const rclcpp::MessageInfo&)>, std::function<void(std::shared_ptr<object_pose_interface_msgs::msg::SemanticMapObjectArray_<std::allocator<void> > >)>, std::function<void(std::shared_ptr<object_pose_interface_msgs::msg::SemanticMapObjectArray_<std::allocator<void> > >, const rclcpp::MessageInfo&)>, std::function<void(std::shared_ptr<rclcpp::SerializedMessage>)>, std::function<void(std::shared_ptr<rclcpp::SerializedMessage>, const rclcpp::MessageInfo&)> >::operator=(_Tp&&) [with _Tp = std::function<void(const std::shared_ptr<const object_pose_interface_msgs::msg::KeypointDetections3D_<std::allocator<void> > >&)>]’
[28.892s] /opt/ros/jazzy/include/rclcpp/rclcpp/any_subscription_callback.hpp:396:23:   required from ‘rclcpp::AnySubscriptionCallback<MessageT, AllocatorT> rclcpp::AnySubscriptionCallback<MessageT, AllocatorT>::set(CallbackT) [with CallbackT = std::_Bind<void (NavigationHumansNode::*(NavigationHumansNode*, std::_Placeholder<1>))(const std::shared_ptr<const object_pose_interface_msgs::msg::KeypointDetections3D_<std::allocator<void> > >&)>; MessageT = object_pose_interface_msgs::msg::SemanticMapObjectArray_<std::allocator<void> >; AllocatorT = std::allocator<void>]’
[28.892s] /opt/ros/jazzy/include/rclcpp/rclcpp/subscription_factory.hpp:93:32:   required from ‘rclcpp::SubscriptionFactory rclcpp::create_subscription_factory(CallbackT&&, const SubscriptionOptionsWithAllocator<AllocatorT>&, typename MessageMemoryStrategyT::SharedPtr, std::shared_ptr<topic_statistics::SubscriptionTopicStatistics>) [with MessageT = object_pose_interface_msgs::msg::SemanticMapObjectArray_<std::allocator<void> >; CallbackT = std::_Bind<void (NavigationHumansNode::*(NavigationHumansNode*, std::_Placeholder<1>))(const std::shared_ptr<const object_pose_interface_msgs::msg::KeypointDetections3D_<std::allocator<void> > >&)>; AllocatorT = std::allocator<void>; SubscriptionT = Subscription<object_pose_interface_msgs::msg::SemanticMapObjectArray_<std::allocator<void> > >; MessageMemoryStrategyT = message_memory_strategy::MessageMemoryStrategy<object_pose_interface_msgs::msg::SemanticMapObjectArray_<std::allocator<void> >, std::allocator<void> >; typename MessageMemoryStrategyT::SharedPtr = std::shared_ptr<message_memory_strategy::MessageMemoryStrategy<object_pose_interface_msgs::msg::SemanticMapObjectArray_<std::allocator<void> >, std::allocator<void> > >]’
[28.892s] /opt/ros/jazzy/include/rclcpp/rclcpp/create_subscription.hpp:121:63:   required from ‘std::shared_ptr<ROSMessageT> rclcpp::detail::create_subscription(NodeParametersT&, NodeTopicsT&, const std::string&, const rclcpp::QoS&, CallbackT&&, const rclcpp::SubscriptionOptionsWithAllocator<AllocatorT>&, typename MessageMemoryStrategyT::SharedPtr) [with MessageT = object_pose_interface_msgs::msg::SemanticMapObjectArray_<std::allocator<void> >; CallbackT = std::_Bind<void (NavigationHumansNode::*(NavigationHumansNode*, std::_Placeholder<1>))(const std::shared_ptr<const object_pose_interface_msgs::msg::KeypointDetections3D_<std::allocator<void> > >&)>; AllocatorT = std::allocator<void>; SubscriptionT = rclcpp::Subscription<object_pose_interface_msgs::msg::SemanticMapObjectArray_<std::allocator<void> > >; MessageMemoryStrategyT = rclcpp::message_memory_strategy::MessageMemoryStrategy<object_pose_interface_msgs::msg::SemanticMapObjectArray_<std::allocator<void> >, std::allocator<void> >; NodeParametersT = rclcpp::Node; NodeTopicsT = rclcpp::Node; std::string = std::__cxx11::basic_string<char>; typename MessageMemoryStrategyT::SharedPtr = std::shared_ptr<rclcpp::message_memory_strategy::MessageMemoryStrategy<object_pose_interface_msgs::msg::SemanticMapObjectArray_<std::allocator<void> >, std::allocator<void> > >]’
[28.892s] /opt/ros/jazzy/include/rclcpp/rclcpp/create_subscription.hpp:190:76:   required from ‘std::shared_ptr<ROSMessageT> rclcpp::create_subscription(NodeT&, const std::string&, const QoS&, CallbackT&&, const SubscriptionOptionsWithAllocator<AllocatorT>&, typename MessageMemoryStrategyT::SharedPtr) [with MessageT = object_pose_interface_msgs::msg::SemanticMapObjectArray_<std::allocator<void> >; CallbackT = std::_Bind<void (NavigationHumansNode::*(NavigationHumansNode*, std::_Placeholder<1>))(const std::shared_ptr<const object_pose_interface_msgs::msg::KeypointDetections3D_<std::allocator<void> > >&)>; AllocatorT = std::allocator<void>; SubscriptionT = Subscription<object_pose_interface_msgs::msg::SemanticMapObjectArray_<std::allocator<void> > >; MessageMemoryStrategyT = message_memory_strategy::MessageMemoryStrategy<object_pose_interface_msgs::msg::SemanticMapObjectArray_<std::allocator<void> >, std::allocator<void> >; NodeT = Node; std::string = std::__cxx11::basic_string<char>; typename MessageMemoryStrategyT::SharedPtr = std::shared_ptr<message_memory_strategy::MessageMemoryStrategy<object_pose_interface_msgs::msg::SemanticMapObjectArray_<std::allocator<void> >, std::allocator<void> > >]’
[28.893s] /opt/ros/jazzy/include/rclcpp/rclcpp/node_impl.hpp:99:47:   required from ‘std::shared_ptr<ROSMessageT> rclcpp::Node::create_subscription(const std::string&, const rclcpp::QoS&, CallbackT&&, const rclcpp::SubscriptionOptionsWithAllocator<AllocatorT>&, typename MessageMemoryStrategyT::SharedPtr) [with MessageT = object_pose_interface_msgs::msg::SemanticMapObjectArray_<std::allocator<void> >; CallbackT = std::_Bind<void (NavigationHumansNode::*(NavigationHumansNode*, std::_Placeholder<1>))(const std::shared_ptr<const object_pose_interface_msgs::msg::KeypointDetections3D_<std::allocator<void> > >&)>; AllocatorT = std::allocator<void>; SubscriptionT = rclcpp::Subscription<object_pose_interface_msgs::msg::SemanticMapObjectArray_<std::allocator<void> > >; MessageMemoryStrategyT = rclcpp::message_memory_strategy::MessageMemoryStrategy<object_pose_interface_msgs::msg::SemanticMapObjectArray_<std::allocator<void> >, std::allocator<void> >; std::string = std::__cxx11::basic_string<char>; typename MessageMemoryStrategyT::SharedPtr = std::shared_ptr<rclcpp::message_memory_strategy::MessageMemoryStrategy<object_pose_interface_msgs::msg::SemanticMapObjectArray_<std::allocator<void> >, std::allocator<void> > >]’
[28.893s] /home/neha/ros2_ws/src/semnav_migration/src/navigation_humans.cpp:168:106:   required from here
[28.893s] /usr/include/c++/13/variant:1407:15: error: no type named ‘type’ in ‘struct std::enable_if<false, void>’
[28.893s]  1407 |         using __accepted_type = __to_type<__accepted_index<_Tp>>;
[28.893s]       |               ^~~~~~~~~~~~~~~
[28.893s] /opt/ros/jazzy/include/rclcpp/rclcpp/any_subscription_callback.hpp: In instantiation of ‘rclcpp::AnySubscriptionCallback<MessageT, AllocatorT> rclcpp::AnySubscriptionCallback<MessageT, AllocatorT>::set(CallbackT) [with CallbackT = std::_Bind<void (NavigationHumansNode::*(NavigationHumansNode*, std::_Placeholder<1>))(const std::shared_ptr<const object_pose_interface_msgs::msg::KeypointDetections3D_<std::allocator<void> > >&)>; MessageT = object_pose_interface_msgs::msg::SemanticMapObjectArray_<std::allocator<void> >; AllocatorT = std::allocator<void>]’:
[28.893s] /opt/ros/jazzy/include/rclcpp/rclcpp/subscription_factory.hpp:93:32:   required from ‘rclcpp::SubscriptionFactory rclcpp::create_subscription_factory(CallbackT&&, const SubscriptionOptionsWithAllocator<AllocatorT>&, typename MessageMemoryStrategyT::SharedPtr, std::shared_ptr<topic_statistics::SubscriptionTopicStatistics>) [with MessageT = object_pose_interface_msgs::msg::SemanticMapObjectArray_<std::allocator<void> >; CallbackT = std::_Bind<void (NavigationHumansNode::*(NavigationHumansNode*, std::_Placeholder<1>))(const std::shared_ptr<const object_pose_interface_msgs::msg::KeypointDetections3D_<std::allocator<void> > >&)>; AllocatorT = std::allocator<void>; SubscriptionT = Subscription<object_pose_interface_msgs::msg::SemanticMapObjectArray_<std::allocator<void> > >; MessageMemoryStrategyT = message_memory_strategy::MessageMemoryStrategy<object_pose_interface_msgs::msg::SemanticMapObjectArray_<std::allocator<void> >, std::allocator<void> >; typename MessageMemoryStrategyT::SharedPtr = std::shared_ptr<message_memory_strategy::MessageMemoryStrategy<object_pose_interface_msgs::msg::SemanticMapObjectArray_<std::allocator<void> >, std::allocator<void> > >]’
[28.896s] /opt/ros/jazzy/include/rclcpp/rclcpp/create_subscription.hpp:121:63:   required from ‘std::shared_ptr<ROSMessageT> rclcpp::detail::create_subscription(NodeParametersT&, NodeTopicsT&, const std::string&, const rclcpp::QoS&, CallbackT&&, const rclcpp::SubscriptionOptionsWithAllocator<AllocatorT>&, typename MessageMemoryStrategyT::SharedPtr) [with MessageT = object_pose_interface_msgs::msg::SemanticMapObjectArray_<std::allocator<void> >; CallbackT = std::_Bind<void (NavigationHumansNode::*(NavigationHumansNode*, std::_Placeholder<1>))(const std::shared_ptr<const object_pose_interface_msgs::msg::KeypointDetections3D_<std::allocator<void> > >&)>; AllocatorT = std::allocator<void>; SubscriptionT = rclcpp::Subscription<object_pose_interface_msgs::msg::SemanticMapObjectArray_<std::allocator<void> > >; MessageMemoryStrategyT = rclcpp::message_memory_strategy::MessageMemoryStrategy<object_pose_interface_msgs::msg::SemanticMapObjectArray_<std::allocator<void> >, std::allocator<void> >; NodeParametersT = rclcpp::Node; NodeTopicsT = rclcpp::Node; std::string = std::__cxx11::basic_string<char>; typename MessageMemoryStrategyT::SharedPtr = std::shared_ptr<rclcpp::message_memory_strategy::MessageMemoryStrategy<object_pose_interface_msgs::msg::SemanticMapObjectArray_<std::allocator<void> >, std::allocator<void> > >]’
[28.896s] /opt/ros/jazzy/include/rclcpp/rclcpp/create_subscription.hpp:190:76:   required from ‘std::shared_ptr<ROSMessageT> rclcpp::create_subscription(NodeT&, const std::string&, const QoS&, CallbackT&&, const SubscriptionOptionsWithAllocator<AllocatorT>&, typename MessageMemoryStrategyT::SharedPtr) [with MessageT = object_pose_interface_msgs::msg::SemanticMapObjectArray_<std::allocator<void> >; CallbackT = std::_Bind<void (NavigationHumansNode::*(NavigationHumansNode*, std::_Placeholder<1>))(const std::shared_ptr<const object_pose_interface_msgs::msg::KeypointDetections3D_<std::allocator<void> > >&)>; AllocatorT = std::allocator<void>; SubscriptionT = Subscription<object_pose_interface_msgs::msg::SemanticMapObjectArray_<std::allocator<void> > >; MessageMemoryStrategyT = message_memory_strategy::MessageMemoryStrategy<object_pose_interface_msgs::msg::SemanticMapObjectArray_<std::allocator<void> >, std::allocator<void> >; NodeT = Node; std::string = std::__cxx11::basic_string<char>; typename MessageMemoryStrategyT::SharedPtr = std::shared_ptr<message_memory_strategy::MessageMemoryStrategy<object_pose_interface_msgs::msg::SemanticMapObjectArray_<std::allocator<void> >, std::allocator<void> > >]’
[28.896s] /opt/ros/jazzy/include/rclcpp/rclcpp/node_impl.hpp:99:47:   required from ‘std::shared_ptr<ROSMessageT> rclcpp::Node::create_subscription(const std::string&, const rclcpp::QoS&, CallbackT&&, const rclcpp::SubscriptionOptionsWithAllocator<AllocatorT>&, typename MessageMemoryStrategyT::SharedPtr) [with MessageT = object_pose_interface_msgs::msg::SemanticMapObjectArray_<std::allocator<void> >; CallbackT = std::_Bind<void (NavigationHumansNode::*(NavigationHumansNode*, std::_Placeholder<1>))(const std::shared_ptr<const object_pose_interface_msgs::msg::KeypointDetections3D_<std::allocator<void> > >&)>; AllocatorT = std::allocator<void>; SubscriptionT = rclcpp::Subscription<object_pose_interface_msgs::msg::SemanticMapObjectArray_<std::allocator<void> > >; MessageMemoryStrategyT = rclcpp::message_memory_strategy::MessageMemoryStrategy<object_pose_interface_msgs::msg::SemanticMapObjectArray_<std::allocator<void> >, std::allocator<void> >; std::string = std::__cxx11::basic_string<char>; typename MessageMemoryStrategyT::SharedPtr = std::shared_ptr<rclcpp::message_memory_strategy::MessageMemoryStrategy<object_pose_interface_msgs::msg::SemanticMapObjectArray_<std::allocator<void> >, std::allocator<void> > >]’
[28.896s] /home/neha/ros2_ws/src/semnav_migration/src/navigation_humans.cpp:168:106:   required from here
[28.896s] /usr/include/c++/13/variant:1430:16: note: candidate: ‘std::variant<_Types>& std::variant<_Types>::operator=(const std::variant<_Types>&) [with _Types = {std::function<void(const object_pose_interface_msgs::msg::SemanticMapObjectArray_<std::allocator<void> >&)>, std::function<void(const object_pose_interface_msgs::msg::SemanticMapObjectArray_<std::allocator<void> >&, const rclcpp::MessageInfo&)>, std::function<void(const rclcpp::SerializedMessage&)>, std::function<void(const rclcpp::SerializedMessage&, const rclcpp::MessageInfo&)>, std::function<void(std::unique_ptr<object_pose_interface_msgs::msg::SemanticMapObjectArray_<std::allocator<void> >, std::default_delete<object_pose_interface_msgs::msg::SemanticMapObjectArray_<std::allocator<void> > > >)>, std::function<void(std::unique_ptr<object_pose_interface_msgs::msg::SemanticMapObjectArray_<std::allocator<void> >, std::default_delete<object_pose_interface_msgs::msg::SemanticMapObjectArray_<std::allocator<void> > > >, const rclcpp::MessageInfo&)>, std::function<void(std::unique_ptr<rclcpp::SerializedMessage, std::default_delete<rclcpp::SerializedMessage> >)>, std::function<void(std::unique_ptr<rclcpp::SerializedMessage, std::default_delete<rclcpp::SerializedMessage> >, const rclcpp::MessageInfo&)>, std::function<void(std::shared_ptr<const object_pose_interface_msgs::msg::SemanticMapObjectArray_<std::allocator<void> > >)>, std::function<void(std::shared_ptr<const object_pose_interface_msgs::msg::SemanticMapObjectArray_<std::allocator<void> > >, const rclcpp::MessageInfo&)>, std::function<void(std::shared_ptr<const rclcpp::SerializedMessage>)>, std::function<void(std::shared_ptr<const rclcpp::SerializedMessage>, const rclcpp::MessageInfo&)>, std::function<void(const std::shared_ptr<const object_pose_interface_msgs::msg::SemanticMapObjectArray_<std::allocator<void> > >&)>, std::function<void(const std::shared_ptr<const object_pose_interface_msgs::msg::SemanticMapObjectArray_<std::allocator<void> > >&, const rclcpp::MessageInfo&)>, std::function<void(const std::shared_ptr<const rclcpp::SerializedMessage>&)>, std::function<void(const std::shared_ptr<const rclcpp::SerializedMessage>&, const rclcpp::MessageInfo&)>, std::function<void(std::shared_ptr<object_pose_interface_msgs::msg::SemanticMapObjectArray_<std::allocator<void> > >)>, std::function<void(std::shared_ptr<object_pose_interface_msgs::msg::SemanticMapObjectArray_<std::allocator<void> > >, const rclcpp::MessageInfo&)>, std::function<void(std::shared_ptr<rclcpp::SerializedMessage>)>, std::function<void(std::shared_ptr<rclcpp::SerializedMessage>, const rclcpp::MessageInfo&)>}]’
[28.897s]  1430 |       variant& operator=(const variant&) = default;
[28.897s]       |                ^~~~~~~~
[28.897s] /usr/include/c++/13/variant:1430:26: note:   no known conversion for argument 1 from ‘rclcpp::detail::SubscriptionCallbackTypeHelper<object_pose_interface_msgs::msg::SemanticMapObjectArray_<std::allocator<void> >, std::_Bind<void (NavigationHumansNode::*(NavigationHumansNode*, std::_Placeholder<1>))(const std::shared_ptr<const object_pose_interface_msgs::msg::KeypointDetections3D_<std::allocator<void> > >&)>, void>::callback_type’ {aka ‘std::function<void(const std::shared_ptr<const object_pose_interface_msgs::msg::KeypointDetections3D_<std::allocator<void> > >&)>’} to ‘const std::variant<std::function<void(const object_pose_interface_msgs::msg::SemanticMapObjectArray_<std::allocator<void> >&)>, std::function<void(const object_pose_interface_msgs::msg::SemanticMapObjectArray_<std::allocator<void> >&, const rclcpp::MessageInfo&)>, std::function<void(const rclcpp::SerializedMessage&)>, std::function<void(const rclcpp::SerializedMessage&, const rclcpp::MessageInfo&)>, std::function<void(std::unique_ptr<object_pose_interface_msgs::msg::SemanticMapObjectArray_<std::allocator<void> >, std::default_delete<object_pose_interface_msgs::msg::SemanticMapObjectArray_<std::allocator<void> > > >)>, std::function<void(std::unique_ptr<object_pose_interface_msgs::msg::SemanticMapObjectArray_<std::allocator<void> >, std::default_delete<object_pose_interface_msgs::msg::SemanticMapObjectArray_<std::allocator<void> > > >, const rclcpp::MessageInfo&)>, std::function<void(std::unique_ptr<rclcpp::SerializedMessage, std::default_delete<rclcpp::SerializedMessage> >)>, std::function<void(std::unique_ptr<rclcpp::SerializedMessage, std::default_delete<rclcpp::SerializedMessage> >, const rclcpp::MessageInfo&)>, std::function<void(std::shared_ptr<const object_pose_interface_msgs::msg::SemanticMapObjectArray_<std::allocator<void> > >)>, std::function<void(std::shared_ptr<const object_pose_interface_msgs::msg::SemanticMapObjectArray_<std::allocator<void> > >, const rclcpp::MessageInfo&)>, std::function<void(std::shared_ptr<const rclcpp::SerializedMessage>)>, std::function<void(std::shared_ptr<const rclcpp::SerializedMessage>, const rclcpp::MessageInfo&)>, std::function<void(const std::shared_ptr<const object_pose_interface_msgs::msg::SemanticMapObjectArray_<std::allocator<void> > >&)>, std::function<void(const std::shared_ptr<const object_pose_interface_msgs::msg::SemanticMapObjectArray_<std::allocator<void> > >&, const rclcpp::MessageInfo&)>, std::function<void(const std::shared_ptr<const rclcpp::SerializedMessage>&)>, std::function<void(const std::shared_ptr<const rclcpp::SerializedMessage>&, const rclcpp::MessageInfo&)>, std::function<void(std::shared_ptr<object_pose_interface_msgs::msg::SemanticMapObjectArray_<std::allocator<void> > >)>, std::function<void(std::shared_ptr<object_pose_interface_msgs::msg::SemanticMapObjectArray_<std::allocator<void> > >, const rclcpp::MessageInfo&)>, std::function<void(std::shared_ptr<rclcpp::SerializedMessage>)>, std::function<void(std::shared_ptr<rclcpp::SerializedMessage>, const rclcpp::MessageInfo&)> >&’
[28.897s]  1430 |       variant& operator=(const variant&) = default;
[28.897s]       |                          ^~~~~~~~~~~~~~
[28.897s] /usr/include/c++/13/variant:1431:16: note: candidate: ‘std::variant<_Types>& std::variant<_Types>::operator=(std::variant<_Types>&&) [with _Types = {std::function<void(const object_pose_interface_msgs::msg::SemanticMapObjectArray_<std::allocator<void> >&)>, std::function<void(const object_pose_interface_msgs::msg::SemanticMapObjectArray_<std::allocator<void> >&, const rclcpp::MessageInfo&)>, std::function<void(const rclcpp::SerializedMessage&)>, std::function<void(const rclcpp::SerializedMessage&, const rclcpp::MessageInfo&)>, std::function<void(std::unique_ptr<object_pose_interface_msgs::msg::SemanticMapObjectArray_<std::allocator<void> >, std::default_delete<object_pose_interface_msgs::msg::SemanticMapObjectArray_<std::allocator<void> > > >)>, std::function<void(std::unique_ptr<object_pose_interface_msgs::msg::SemanticMapObjectArray_<std::allocator<void> >, std::default_delete<object_pose_interface_msgs::msg::SemanticMapObjectArray_<std::allocator<void> > > >, const rclcpp::MessageInfo&)>, std::function<void(std::unique_ptr<rclcpp::SerializedMessage, std::default_delete<rclcpp::SerializedMessage> >)>, std::function<void(std::unique_ptr<rclcpp::SerializedMessage, std::default_delete<rclcpp::SerializedMessage> >, const rclcpp::MessageInfo&)>, std::function<void(std::shared_ptr<const object_pose_interface_msgs::msg::SemanticMapObjectArray_<std::allocator<void> > >)>, std::function<void(std::shared_ptr<const object_pose_interface_msgs::msg::SemanticMapObjectArray_<std::allocator<void> > >, const rclcpp::MessageInfo&)>, std::function<void(std::shared_ptr<const rclcpp::SerializedMessage>)>, std::function<void(std::shared_ptr<const rclcpp::SerializedMessage>, const rclcpp::MessageInfo&)>, std::function<void(const std::shared_ptr<const object_pose_interface_msgs::msg::SemanticMapObjectArray_<std::allocator<void> > >&)>, std::function<void(const std::shared_ptr<const object_pose_interface_msgs::msg::SemanticMapObjectArray_<std::allocator<void> > >&, const rclcpp::MessageInfo&)>, std::function<void(const std::shared_ptr<const rclcpp::SerializedMessage>&)>, std::function<void(const std::shared_ptr<const rclcpp::SerializedMessage>&, const rclcpp::MessageInfo&)>, std::function<void(std::shared_ptr<object_pose_interface_msgs::msg::SemanticMapObjectArray_<std::allocator<void> > >)>, std::function<void(std::shared_ptr<object_pose_interface_msgs::msg::SemanticMapObjectArray_<std::allocator<void> > >, const rclcpp::MessageInfo&)>, std::function<void(std::shared_ptr<rclcpp::SerializedMessage>)>, std::function<void(std::shared_ptr<rclcpp::SerializedMessage>, const rclcpp::MessageInfo&)>}]’
[28.900s]  1431 |       variant& operator=(variant&&) = default;
[28.900s]       |                ^~~~~~~~
[28.900s] /usr/include/c++/13/variant:1431:26: note:   no known conversion for argument 1 from ‘rclcpp::detail::SubscriptionCallbackTypeHelper<object_pose_interface_msgs::msg::SemanticMapObjectArray_<std::allocator<void> >, std::_Bind<void (NavigationHumansNode::*(NavigationHumansNode*, std::_Placeholder<1>))(const std::shared_ptr<const object_pose_interface_msgs::msg::KeypointDetections3D_<std::allocator<void> > >&)>, void>::callback_type’ {aka ‘std::function<void(const std::shared_ptr<const object_pose_interface_msgs::msg::KeypointDetections3D_<std::allocator<void> > >&)>’} to ‘std::variant<std::function<void(const object_pose_interface_msgs::msg::SemanticMapObjectArray_<std::allocator<void> >&)>, std::function<void(const object_pose_interface_msgs::msg::SemanticMapObjectArray_<std::allocator<void> >&, const rclcpp::MessageInfo&)>, std::function<void(const rclcpp::SerializedMessage&)>, std::function<void(const rclcpp::SerializedMessage&, const rclcpp::MessageInfo&)>, std::function<void(std::unique_ptr<object_pose_interface_msgs::msg::SemanticMapObjectArray_<std::allocator<void> >, std::default_delete<object_pose_interface_msgs::msg::SemanticMapObjectArray_<std::allocator<void> > > >)>, std::function<void(std::unique_ptr<object_pose_interface_msgs::msg::SemanticMapObjectArray_<std::allocator<void> >, std::default_delete<object_pose_interface_msgs::msg::SemanticMapObjectArray_<std::allocator<void> > > >, const rclcpp::MessageInfo&)>, std::function<void(std::unique_ptr<rclcpp::SerializedMessage, std::default_delete<rclcpp::SerializedMessage> >)>, std::function<void(std::unique_ptr<rclcpp::SerializedMessage, std::default_delete<rclcpp::SerializedMessage> >, const rclcpp::MessageInfo&)>, std::function<void(std::shared_ptr<const object_pose_interface_msgs::msg::SemanticMapObjectArray_<std::allocator<void> > >)>, std::function<void(std::shared_ptr<const object_pose_interface_msgs::msg::SemanticMapObjectArray_<std::allocator<void> > >, const rclcpp::MessageInfo&)>, std::function<void(std::shared_ptr<const rclcpp::SerializedMessage>)>, std::function<void(std::shared_ptr<const rclcpp::SerializedMessage>, const rclcpp::MessageInfo&)>, std::function<void(const std::shared_ptr<const object_pose_interface_msgs::msg::SemanticMapObjectArray_<std::allocator<void> > >&)>, std::function<void(const std::shared_ptr<const object_pose_interface_msgs::msg::SemanticMapObjectArray_<std::allocator<void> > >&, const rclcpp::MessageInfo&)>, std::function<void(const std::shared_ptr<const rclcpp::SerializedMessage>&)>, std::function<void(const std::shared_ptr<const rclcpp::SerializedMessage>&, const rclcpp::MessageInfo&)>, std::function<void(std::shared_ptr<object_pose_interface_msgs::msg::SemanticMapObjectArray_<std::allocator<void> > >)>, std::function<void(std::shared_ptr<object_pose_interface_msgs::msg::SemanticMapObjectArray_<std::allocator<void> > >, const rclcpp::MessageInfo&)>, std::function<void(std::shared_ptr<rclcpp::SerializedMessage>)>, std::function<void(std::shared_ptr<rclcpp::SerializedMessage>, const rclcpp::MessageInfo&)> >&&’
[28.900s]  1431 |       variant& operator=(variant&&) = default;
[28.900s]       |                          ^~~~~~~~~
[30.757s] gmake[2]: *** [CMakeFiles/human_following.dir/build.make:76: CMakeFiles/human_following.dir/src/human_following.cpp.o] Error 1
[30.758s] gmake[1]: *** [CMakeFiles/Makefile2:259: CMakeFiles/human_following.dir/all] Error 2
[30.758s] gmake[1]: *** Waiting for unfinished jobs....
[41.310s] gmake[2]: *** [CMakeFiles/navigation_humans.dir/build.make:76: CMakeFiles/navigation_humans.dir/src/navigation_humans.cpp.o] Interrupt
[41.312s] gmake[1]: *** wait: No child processes.  Stop.
[41.312s] gmake: *** [Makefile:146: all] Error 2
[41.459s] Invoked command in '/home/neha/ros2_ws/src/semnav_migration/build/semnav' returned '-2': CMAKE_PREFIX_PATH=${CMAKE_PREFIX_PATH}:/opt/ros/jazzy DEBUGINFOD_URLS=https://debuginfod.ubuntu.com /usr/bin/cmake --build /home/neha/ros2_ws/src/semnav_migration/build/semnav -- -j2 -l2
