[ 14%] Built target reactive_planner
[ 19%] [32mBuilding CXX object CMakeFiles/navigation_semantic.dir/src/navigation_semantic.cpp.o[0m
[ 23%] [32m[1mLinking CXX executable navigation[0m
/usr/bin/ld: CMakeFiles/navigation.dir/src/navigation.cpp.o: in function `NavigationNode::control_callback(std::shared_ptr<sensor_msgs::msg::LaserScan_<std::allocator<void> > const> const&, std::shared_ptr<nav_msgs::msg::Odometry_<std::allocator<void> > const> const&)':
navigation.cpp:(.text._ZN14NavigationNode16control_callbackERKSt10shared_ptrIKN11sensor_msgs3msg10LaserScan_ISaIvEEEERKS0_IKN8nav_msgs3msg9Odometry_IS4_EEE[_ZN14NavigationNode16control_callbackERKSt10shared_ptrIKN11sensor_msgs3msg10LaserScan_ISaIvEEEERKS0_IKN8nav_msgs3msg9Odometry_IS4_EEE]+0x4f8): undefined reference to `constructLIDAR2D(std::shared_ptr<sensor_msgs::msg::LaserScan_<std::allocator<void> > const> const&, double, double, double, LIDARClass*)'
collect2: error: ld returned 1 exit status
gmake[2]: *** [CMakeFiles/navigation.dir/build.make:451: navigation] Error 1
gmake[1]: *** [CMakeFiles/Makefile2:181: CMakeFiles/navigation.dir/all] Error 2
gmake[1]: *** Waiting for unfinished jobs....
[01m[K/home/neha/ros2_ws/src/semnav_migration/src/navigation_semantic.cpp:[m[K In member function ‘[01m[Kvoid SemanticNavigationNode::[01;32m[Kcontrol_callback[m[K(const sensor_msgs::msg::LaserScan_<std::allocator<void> >::ConstPtr&, const nav_msgs::msg::Odometry_<std::allocator<void> >::ConstPtr&)[m[K’:
[01m[K/home/neha/ros2_ws/src/semnav_migration/src/navigation_semantic.cpp:457:42:[m[K [01;31m[Kerror: [m[Kinvalid initialization of reference of type ‘[01m[Kconst sensor_msgs::msg::LaserScan_<std::allocator<void> >::ConstPtr&[m[K’ {aka ‘[01m[Kconst std::shared_ptr<const sensor_msgs::msg::LaserScan_<std::allocator<void> > >&[m[K’} from expression of type ‘[01m[Kconst sensor_msgs::msg::LaserScan_<std::allocator<void> >::ConstPtr*[m[K’ {aka ‘[01m[Kconst std::shared_ptr<const sensor_msgs::msg::LaserScan_<std::allocator<void> > >*[m[K’}
  457 |                         constructLIDAR2D([01;31m[K&lidar_data[m[K, CutoffRange_, AllowableRange_, RobotPitch_, &LIDAR);
      |                                          [01;31m[K^~~~~~~~~~~[m[K
In file included from [01m[K/home/neha/ros2_ws/src/semnav_migration/src/navigation_semantic.cpp:25[m[K:
[01m[K/home/neha/ros2_ws/src/semnav_migration/include/reactive_planner_lib.h:223:68:[m[K [01;36m[Knote: [m[Kin passing argument 1 of ‘[01m[Kvoid[01;32m[K constructLIDAR2D[m[K(const sensor_msgs::msg::LaserScan_<std::allocator<void> >::ConstPtr&, double, double, double, LIDARClass*)[m[K’
  223 | void constructLIDAR2D([01;36m[Kconst sensor_msgs::msg::LaserScan::ConstPtr& DataLIDAR[m[K, double CutoffRange, double AllowableRange, double Pitch, LIDARClass* LIDAR);
      |                       [01;36m[K~~~~~~~~~~~~~~~~~~~~~~~~~~~~~~~~~~~~~~~~~~~~~^~~~~~~~~[m[K
gmake[2]: *** [CMakeFiles/navigation_semantic.dir/build.make:76: CMakeFiles/navigation_semantic.dir/src/navigation_semantic.cpp.o] Error 1
gmake[1]: *** [CMakeFiles/Makefile2:207: CMakeFiles/navigation_semantic.dir/all] Error 2
gmake: *** [Makefile:146: all] Error 2
