[0.028s] Invoking command in '/home/neha/ros2_ws/src/semnav_migration/build/semnav': CMAKE_PREFIX_PATH=${CMAKE_PREFIX_PATH}:/opt/ros/jazzy DEBUGINFOD_URLS=https://debuginfod.ubuntu.com /usr/bin/cmake --build /home/neha/ros2_ws/src/semnav_migration/build/semnav -- -j2 -l2
[0.198s] [ 14%] Built target reactive_planner
[0.302s] [ 33%] Built target navigation
[0.303s] [ 33%] Built target navigation_semantic
[0.444s] [ 38%] Building CXX object CMakeFiles/human_following.dir/src/human_following.cpp.o
[0.445s] [ 42%] Building CXX object CMakeFiles/navigation_humans.dir/src/navigation_humans.cpp.o
[46.134s] /home/neha/ros2_ws/src/semnav_migration/src/human_following.cpp:44:36: error: ‘ros’ has not been declared
[46.134s]    44 |                 HumanFollowingNode(ros::NodeHandle* nodehandle) : nh_(*nodehandle) {
[46.134s]       |                                    ^~~
[46.134s] /home/neha/ros2_ws/src/semnav_migration/src/human_following.cpp:44:51: error: expected ‘)’ before ‘*’ token
[46.135s]    44 |                 HumanFollowingNode(ros::NodeHandle* nodehandle) : nh_(*nodehandle) {
[46.135s]       |                                   ~               ^
[46.135s]       |                                                   )
[46.135s] /home/neha/ros2_ws/src/semnav_migration/src/human_following.cpp:242:69: error: ‘KeypointDetections3D’ in namespace ‘object_pose_interface_msgs’ does not name a type
[46.135s]   242 |                 void human_update(const object_pose_interface_msgs::KeypointDetections3D::ConstPtr& human_data) {
[46.135s]       |                                                                     ^~~~~~~~~~~~~~~~~~~~
[46.149s] /home/neha/ros2_ws/src/semnav_migration/src/human_following.cpp:242:99: error: expected unqualified-id before ‘&’ token
[46.149s]   242 |                 void human_update(const object_pose_interface_msgs::KeypointDetections3D::ConstPtr& human_data) {
[46.149s]       |                                                                                                   ^
[46.152s] /home/neha/ros2_ws/src/semnav_migration/src/human_following.cpp:242:99: error: expected ‘)’ before ‘&’ token
[46.152s]   242 |                 void human_update(const object_pose_interface_msgs::KeypointDetections3D::ConstPtr& human_data) {
[46.152s]       |                                  ~                                                                ^
[46.152s]       |                                                                                                   )
[46.152s] /home/neha/ros2_ws/src/semnav_migration/src/human_following.cpp:242:99: error: expected ‘;’ at end of member declaration
[46.152s]   242 |                 void human_update(const object_pose_interface_msgs::KeypointDetections3D::ConstPtr& human_data) {
[46.160s]       |                                                                                                   ^
[46.161s]       |                                                                                                    ;
[46.194s] /home/neha/ros2_ws/src/semnav_migration/src/human_following.cpp:242:101: error: ‘human_data’ does not name a type
[46.195s]   242 |                 void human_update(const object_pose_interface_msgs::KeypointDetections3D::ConstPtr& human_data) {
[46.195s]       |                                                                                                     ^~~~~~~~~~
[46.195s] /home/neha/ros2_ws/src/semnav_migration/src/human_following.cpp:288:75: error: ‘SemanticMapObjectArray’ in namespace ‘object_pose_interface_msgs’ does not name a type
[46.195s]   288 |                 void diffeo_tree_update(const object_pose_interface_msgs::SemanticMapObjectArray::ConstPtr& semantic_map_data) {
[46.195s]       |                                                                           ^~~~~~~~~~~~~~~~~~~~~~
[46.195s] /home/neha/ros2_ws/src/semnav_migration/src/human_following.cpp:288:107: error: expected unqualified-id before ‘&’ token
[46.195s]   288 |                 void diffeo_tree_update(const object_pose_interface_msgs::SemanticMapObjectArray::ConstPtr& semantic_map_data) {
[46.196s]       |                                                                                                           ^
[46.196s] /home/neha/ros2_ws/src/semnav_migration/src/human_following.cpp:288:107: error: expected ‘)’ before ‘&’ token
[46.196s]   288 |                 void diffeo_tree_update(const object_pose_interface_msgs::SemanticMapObjectArray::ConstPtr& semantic_map_data) {
[46.196s]       |                                        ~                                                                  ^
[46.196s]       |                                                                                                           )
[46.196s] /home/neha/ros2_ws/src/semnav_migration/src/human_following.cpp:288:107: error: expected ‘;’ at end of member declaration
[46.206s]   288 |                 void diffeo_tree_update(const object_pose_interface_msgs::SemanticMapObjectArray::ConstPtr& semantic_map_data) {
[46.206s]       |                                                                                                           ^
[46.206s]       |                                                                                                            ;
[46.253s] /home/neha/ros2_ws/src/semnav_migration/src/human_following.cpp:288:109: error: ‘semantic_map_data’ does not name a type
[46.253s]   288 |                 void diffeo_tree_update(const object_pose_interface_msgs::SemanticMapObjectArray::ConstPtr& semantic_map_data) {
[46.253s]       |                                                                                                             ^~~~~~~~~~~~~~~~~
[46.254s] /home/neha/ros2_ws/src/semnav_migration/src/human_following.cpp:375:58: error: ‘LaserScan’ in namespace ‘sensor_msgs’ does not name a type
[46.254s]   375 |                 void control_callback(const sensor_msgs::LaserScan::ConstPtr& lidar_data, const nav_msgs::Odometry::ConstPtr& robot_data) {
[46.254s]       |                                                          ^~~~~~~~~
[46.254s] /home/neha/ros2_ws/src/semnav_migration/src/human_following.cpp:375:77: error: expected unqualified-id before ‘&’ token
[46.254s]   375 |                 void control_callback(const sensor_msgs::LaserScan::ConstPtr& lidar_data, const nav_msgs::Odometry::ConstPtr& robot_data) {
[46.254s]       |                                                                             ^
[46.260s] /home/neha/ros2_ws/src/semnav_migration/src/human_following.cpp:375:77: error: expected ‘)’ before ‘&’ token
[46.260s]   375 |                 void control_callback(const sensor_msgs::LaserScan::ConstPtr& lidar_data, const nav_msgs::Odometry::ConstPtr& robot_data) {
[46.260s]       |                                      ~                                      ^
[46.260s]       |                                                                             )
[46.260s] /home/neha/ros2_ws/src/semnav_migration/src/human_following.cpp:375:77: error: expected ‘;’ at end of member declaration
[46.266s]   375 |                 void control_callback(const sensor_msgs::LaserScan::ConstPtr& lidar_data, const nav_msgs::Odometry::ConstPtr& robot_data) {
[46.267s]       |                                                                             ^
[46.267s]       |                                                                              ;
[46.268s] /home/neha/ros2_ws/src/semnav_migration/src/human_following.cpp:375:79: error: ‘lidar_data’ does not name a type
[46.268s]   375 |                 void control_callback(const sensor_msgs::LaserScan::ConstPtr& lidar_data, const nav_msgs::Odometry::ConstPtr& robot_data) {
[46.269s]       |                                                                               ^~~~~~~~~~
[46.275s] /home/neha/ros2_ws/src/semnav_migration/src/human_following.cpp:643:17: error: ‘ros’ does not name a type
[46.275s]   643 |                 ros::NodeHandle nh_;
[46.275s]       |                 ^~~
[46.283s] /home/neha/ros2_ws/src/semnav_migration/src/human_following.cpp:662:17: error: ‘ros’ does not name a type
[46.283s]   662 |                 ros::Publisher pub_behaviorID_;
[46.283s]       |                 ^~~
[46.287s] /home/neha/ros2_ws/src/semnav_migration/src/human_following.cpp:663:17: error: ‘ros’ does not name a type
[46.288s]   663 |                 ros::Publisher pub_behaviorMode_;
[46.288s]       |                 ^~~
[46.299s] /home/neha/ros2_ws/src/semnav_migration/src/human_following.cpp:664:17: error: ‘ros’ does not name a type
[46.299s]   664 |                 ros::Publisher pub_twist_;
[46.299s]       |                 ^~~
[46.301s] /home/neha/ros2_ws/src/semnav_migration/src/human_following.cpp:666:17: error: ‘ros’ does not name a type
[46.301s]   666 |                 ros::Publisher pub_semantic_map_;
[46.301s]       |                 ^~~
[46.312s] /home/neha/ros2_ws/src/semnav_migration/src/human_following.cpp:695:17: error: ‘ros’ does not name a type
[46.312s]   695 |                 ros::Time Goal_camera_stamp_;
[46.312s]       |                 ^~~
[46.329s] /home/neha/ros2_ws/src/semnav_migration/src/human_following.cpp:715:17: error: ‘tf’ does not name a type; did you mean ‘tm’?
[46.329s]   715 |                 tf::TransformListener listener_;
[46.332s]       |                 ^~
[46.332s]       |                 tm
[46.338s] /home/neha/ros2_ws/src/semnav_migration/src/human_following.cpp: In member function ‘void HumanFollowingNode::publish_twist(double, double)’:
[46.338s] /home/neha/ros2_ws/src/semnav_migration/src/human_following.cpp:166:40: error: ‘Twist’ is not a member of ‘geometry_msgs’; did you mean ‘geometry_msgs::msg::Twist’?
[46.338s]   166 |                         geometry_msgs::Twist commandTwist;
[46.338s]       |                                        ^~~~~
[46.340s] In file included from /opt/ros/jazzy/include/geometry_msgs/geometry_msgs/msg/detail/velocity_stamped__struct.hpp:25,
[46.341s]                  from /opt/ros/jazzy/include/geometry_msgs/geometry_msgs/msg/velocity_stamped.hpp:7,
[46.341s]                  from /opt/ros/jazzy/include/tf2/tf2/buffer_core.h:49,
[46.341s]                  from /opt/ros/jazzy/include/tf2_ros/tf2_ros/async_buffer_interface.h:39,
[46.342s]                  from /opt/ros/jazzy/include/tf2_ros/tf2_ros/buffer.h:42,
[46.342s]                  from /home/neha/ros2_ws/src/semnav_migration/include/reactive_planner_lib.h:40,
[46.342s]                  from /home/neha/ros2_ws/src/semnav_migration/src/human_following.cpp:25:
[46.342s] /opt/ros/jazzy/include/geometry_msgs/geometry_msgs/msg/detail/twist__struct.hpp:137:7: note: ‘geometry_msgs::msg::Twist’ declared here
[46.342s]   137 | using Twist =
[46.342s]       |       ^~~~~
[46.468s] /home/neha/ros2_ws/src/semnav_migration/src/human_following.cpp:167:25: error: ‘commandTwist’ was not declared in this scope
[46.468s]   167 |                         commandTwist.linear.x = LinearCmd;
[46.468s]       |                         ^~~~~~~~~~~~
[46.533s] /home/neha/ros2_ws/src/semnav_migration/src/human_following.cpp:169:25: error: ‘pub_twist_’ was not declared in this scope; did you mean ‘publish_twist’?
[46.533s]   169 |                         pub_twist_.publish(commandTwist);
[46.533s]       |                         ^~~~~~~~~~
[46.534s]       |                         publish_twist
[46.544s] /home/neha/ros2_ws/src/semnav_migration/src/human_following.cpp: In member function ‘void HumanFollowingNode::publish_behavior_id(uint16_t)’:
[46.548s] /home/neha/ros2_ws/src/semnav_migration/src/human_following.cpp:174:35: error: ‘UInt32’ is not a member of ‘std_msgs’; did you mean ‘example_interfaces::msg::UInt32’?
[46.548s]   174 |                         std_msgs::UInt32 commandId;
[46.548s]       |                                   ^~~~~~
[46.548s] In file included from /opt/ros/jazzy/include/example_interfaces/example_interfaces/msg/u_int32.hpp:7,
[46.548s]                  from /home/neha/ros2_ws/src/semnav_migration/include/reactive_planner_lib.h:51:
[46.552s] /opt/ros/jazzy/include/example_interfaces/example_interfaces/msg/detail/u_int32__struct.hpp:125:7: note: ‘example_interfaces::msg::UInt32’ declared here
[46.553s]   125 | using UInt32 =
[46.553s]       |       ^~~~~~
[46.653s] /home/neha/ros2_ws/src/semnav_migration/src/human_following.cpp:175:25: error: ‘commandId’ was not declared in this scope
[46.653s]   175 |                         commandId.data = BehaviorIdCmd;
[46.653s]       |                         ^~~~~~~~~
[46.937s] /home/neha/ros2_ws/src/semnav_migration/src/human_following.cpp:176:25: error: ‘pub_behaviorID_’ was not declared in this scope; did you mean ‘pub_behaviorID_topic_’?
[46.937s]   176 |                         pub_behaviorID_.publish(commandId);
[46.937s]       |                         ^~~~~~~~~~~~~~~
[46.937s]       |                         pub_behaviorID_topic_
[46.948s] /home/neha/ros2_ws/src/semnav_migration/src/human_following.cpp: In member function ‘void HumanFollowingNode::publish_behavior_mode(uint16_t)’:
[46.948s] /home/neha/ros2_ws/src/semnav_migration/src/human_following.cpp:181:35: error: ‘UInt32’ is not a member of ‘std_msgs’; did you mean ‘example_interfaces::msg::UInt32’?
[46.948s]   181 |                         std_msgs::UInt32 commandMode;
[46.949s]       |                                   ^~~~~~
[46.949s] /opt/ros/jazzy/include/example_interfaces/example_interfaces/msg/detail/u_int32__struct.hpp:125:7: note: ‘example_interfaces::msg::UInt32’ declared here
[46.949s]   125 | using UInt32 =
[46.949s]       |       ^~~~~~
[47.154s] /home/neha/ros2_ws/src/semnav_migration/src/human_following.cpp:182:25: error: ‘commandMode’ was not declared in this scope
[47.154s]   182 |                         commandMode.data = BehaviorModeCmd;
[47.154s]       |                         ^~~~~~~~~~~
[47.436s] /home/neha/ros2_ws/src/semnav_migration/src/human_following.cpp:183:25: error: ‘pub_behaviorMode_’ was not declared in this scope; did you mean ‘pub_behaviorMode_topic_’?
[47.436s]   183 |                         pub_behaviorMode_.publish(commandMode);
[47.437s]       |                         ^~~~~~~~~~~~~~~~~
[47.437s]       |                         pub_behaviorMode_topic_
[47.529s] /home/neha/ros2_ws/src/semnav_migration/src/human_following.cpp: In function ‘int main(int, char**)’:
[47.529s] /home/neha/ros2_ws/src/semnav_migration/src/human_following.cpp:722:9: error: ‘ros’ has not been declared
[47.529s]   722 |         ros::init(argc, argv, "human_following");
[47.529s]       |         ^~~
[47.534s] /home/neha/ros2_ws/src/semnav_migration/src/human_following.cpp:725:9: error: ‘ros’ has not been declared
[47.534s]   725 |         ros::NodeHandle nh("~");
[47.534s]       |         ^~~
[47.566s] /home/neha/ros2_ws/src/semnav_migration/src/human_following.cpp:728:48: error: ‘nh’ was not declared in this scope
[47.567s]   728 |         HumanFollowingNode humanFollowingNode(&nh);
[47.567s]       |                                                ^~
[47.760s] /home/neha/ros2_ws/src/semnav_migration/src/navigation_humans.cpp: In member function ‘void NavigationHumansNode::human_update(const object_pose_interface_msgs::msg::KeypointDetections3D_<std::allocator<void> >::ConstPtr&)’:
[47.760s] /home/neha/ros2_ws/src/semnav_migration/src/navigation_humans.cpp:287:68: error: ‘using geometry_msgs::msg::PointStamped_<std::allocator<void> >::_header_type = struct std_msgs::msg::Header_<std::allocator<void> >’ {aka ‘struct std_msgs::msg::Header_<std::allocator<void> >’} has no member named ‘builtin_interfaces’
[47.760s]   287 |                                                 pointCamera.header.builtin_interfaces.stamp = human_data->header.stamp;
[47.760s]       |                                                                    ^~~~~~~~~~~~~~~~~~
[47.764s] /home/neha/ros2_ws/src/semnav_migration/src/navigation_humans.cpp:287:114: error: ‘const object_pose_interface_msgs::msg::KeypointDetections3D_<std::allocator<void> >::_header_type’ {aka ‘const struct builtin_interfaces::msg::Time_<std::allocator<void> >’} has no member named ‘stamp’
[47.764s]   287 |                                                 pointCamera.header.builtin_interfaces.stamp = human_data->header.stamp;
[47.764s]       |                                                                                                                  ^~~~~
[47.764s] /home/neha/ros2_ws/src/semnav_migration/src/navigation_humans.cpp:300:90: error: ‘const object_pose_interface_msgs::msg::KeypointDetections3D_<std::allocator<void> >::_header_type’ {aka ‘const struct builtin_interfaces::msg::Time_<std::allocator<void> >’} has no member named ‘stamp’
[47.764s]   300 |                                             camera_optical_frame_id_, human_data->header.stamp,
[47.765s]       |                                                                                          ^~~~~
[47.944s] In file included from /opt/ros/jazzy/include/rclcpp/rclcpp/copy_all_parameter_values.hpp:27,
[47.944s]                  from /opt/ros/jazzy/include/rclcpp/rclcpp/rclcpp.hpp:171,
[47.944s]                  from /home/neha/ros2_ws/src/semnav_migration/include/reactive_planner_lib.h:32,
[47.944s]                  from /home/neha/ros2_ws/src/semnav_migration/src/navigation_humans.cpp:25:
[47.945s] /home/neha/ros2_ws/src/semnav_migration/src/navigation_humans.cpp: In member function ‘void NavigationHumansNode::control_callback(const sensor_msgs::msg::LaserScan_<std::allocator<void> >::ConstPtr&, const nav_msgs::msg::Odometry_<std::allocator<void> >::ConstPtr&)’:
[47.945s] /home/neha/ros2_ws/src/semnav_migration/src/navigation_humans.cpp:684:124: error: ‘now’ is not a member of ‘rclcpp::Time’
[47.945s]   684 |                 "[Navigation] Command update for " << int(localDiffeoTreeArray.size()) << " polygons in " << rclcpp::Time::now().toSec()-before_time << " seconds.");
[47.945s]       |                                                                                                                            ^~~
[54.586s] In file included from /opt/ros/jazzy/include/rclcpp/rclcpp/subscription_base.hpp:32,
[54.586s]                  from /opt/ros/jazzy/include/rclcpp/rclcpp/callback_group.hpp:29,
[54.586s]                  from /opt/ros/jazzy/include/rclcpp/rclcpp/any_executable.hpp:20,
[54.588s]                  from /opt/ros/jazzy/include/rclcpp/rclcpp/memory_strategy.hpp:25,
[54.590s]                  from /opt/ros/jazzy/include/rclcpp/rclcpp/memory_strategies.hpp:18,
[54.590s]                  from /opt/ros/jazzy/include/rclcpp/rclcpp/executor_options.hpp:22,
[54.590s]                  from /opt/ros/jazzy/include/rclcpp/rclcpp/executor.hpp:38,
[54.590s]                  from /opt/ros/jazzy/include/rclcpp/rclcpp/executors/multi_threaded_executor.hpp:25,
[54.590s]                  from /opt/ros/jazzy/include/rclcpp/rclcpp/executors.hpp:21,
[54.593s]                  from /opt/ros/jazzy/include/rclcpp/rclcpp/rclcpp.hpp:172:
[54.594s] /opt/ros/jazzy/include/rclcpp/rclcpp/any_subscription_callback.hpp: In instantiation of ‘rclcpp::AnySubscriptionCallback<MessageT, AllocatorT> rclcpp::AnySubscriptionCallback<MessageT, AllocatorT>::set(CallbackT) [with CallbackT = std::_Bind<void (NavigationHumansNode::*(NavigationHumansNode*, std::_Placeholder<1>))(const std::shared_ptr<const object_pose_interface_msgs::msg::KeypointDetections3D_<std::allocator<void> > >&)>; MessageT = object_pose_interface_msgs::msg::SemanticMapObjectArray_<std::allocator<void> >; AllocatorT = std::allocator<void>]’:
[54.595s] /opt/ros/jazzy/include/rclcpp/rclcpp/subscription_factory.hpp:93:32:   required from ‘rclcpp::SubscriptionFactory rclcpp::create_subscription_factory(CallbackT&&, const SubscriptionOptionsWithAllocator<AllocatorT>&, typename MessageMemoryStrategyT::SharedPtr, std::shared_ptr<topic_statistics::SubscriptionTopicStatistics>) [with MessageT = object_pose_interface_msgs::msg::SemanticMapObjectArray_<std::allocator<void> >; CallbackT = std::_Bind<void (NavigationHumansNode::*(NavigationHumansNode*, std::_Placeholder<1>))(const std::shared_ptr<const object_pose_interface_msgs::msg::KeypointDetections3D_<std::allocator<void> > >&)>; AllocatorT = std::allocator<void>; SubscriptionT = Subscription<object_pose_interface_msgs::msg::SemanticMapObjectArray_<std::allocator<void> > >; MessageMemoryStrategyT = message_memory_strategy::MessageMemoryStrategy<object_pose_interface_msgs::msg::SemanticMapObjectArray_<std::allocator<void> >, std::allocator<void> >; typename MessageMemoryStrategyT::SharedPtr = std::shared_ptr<message_memory_strategy::MessageMemoryStrategy<object_pose_interface_msgs::msg::SemanticMapObjectArray_<std::allocator<void> >, std::allocator<void> > >]’
[54.596s] /opt/ros/jazzy/include/rclcpp/rclcpp/create_subscription.hpp:121:63:   required from ‘std::shared_ptr<ROSMessageT> rclcpp::detail::create_subscription(NodeParametersT&, NodeTopicsT&, const std::string&, const rclcpp::QoS&, CallbackT&&, const rclcpp::SubscriptionOptionsWithAllocator<AllocatorT>&, typename MessageMemoryStrategyT::SharedPtr) [with MessageT = object_pose_interface_msgs::msg::SemanticMapObjectArray_<std::allocator<void> >; CallbackT = std::_Bind<void (NavigationHumansNode::*(NavigationHumansNode*, std::_Placeholder<1>))(const std::shared_ptr<const object_pose_interface_msgs::msg::KeypointDetections3D_<std::allocator<void> > >&)>; AllocatorT = std::allocator<void>; SubscriptionT = rclcpp::Subscription<object_pose_interface_msgs::msg::SemanticMapObjectArray_<std::allocator<void> > >; MessageMemoryStrategyT = rclcpp::message_memory_strategy::MessageMemoryStrategy<object_pose_interface_msgs::msg::SemanticMapObjectArray_<std::allocator<void> >, std::allocator<void> >; NodeParametersT = rclcpp::Node; NodeTopicsT = rclcpp::Node; std::string = std::__cxx11::basic_string<char>; typename MessageMemoryStrategyT::SharedPtr = std::shared_ptr<rclcpp::message_memory_strategy::MessageMemoryStrategy<object_pose_interface_msgs::msg::SemanticMapObjectArray_<std::allocator<void> >, std::allocator<void> > >]’
[54.596s] /opt/ros/jazzy/include/rclcpp/rclcpp/create_subscription.hpp:190:76:   required from ‘std::shared_ptr<ROSMessageT> rclcpp::create_subscription(NodeT&, const std::string&, const QoS&, CallbackT&&, const SubscriptionOptionsWithAllocator<AllocatorT>&, typename MessageMemoryStrategyT::SharedPtr) [with MessageT = object_pose_interface_msgs::msg::SemanticMapObjectArray_<std::allocator<void> >; CallbackT = std::_Bind<void (NavigationHumansNode::*(NavigationHumansNode*, std::_Placeholder<1>))(const std::shared_ptr<const object_pose_interface_msgs::msg::KeypointDetections3D_<std::allocator<void> > >&)>; AllocatorT = std::allocator<void>; SubscriptionT = Subscription<object_pose_interface_msgs::msg::SemanticMapObjectArray_<std::allocator<void> > >; MessageMemoryStrategyT = message_memory_strategy::MessageMemoryStrategy<object_pose_interface_msgs::msg::SemanticMapObjectArray_<std::allocator<void> >, std::allocator<void> >; NodeT = Node; std::string = std::__cxx11::basic_string<char>; typename MessageMemoryStrategyT::SharedPtr = std::shared_ptr<message_memory_strategy::MessageMemoryStrategy<object_pose_interface_msgs::msg::SemanticMapObjectArray_<std::allocator<void> >, std::allocator<void> > >]’
[54.596s] /opt/ros/jazzy/include/rclcpp/rclcpp/node_impl.hpp:99:47:   required from ‘std::shared_ptr<ROSMessageT> rclcpp::Node::create_subscription(const std::string&, const rclcpp::QoS&, CallbackT&&, const rclcpp::SubscriptionOptionsWithAllocator<AllocatorT>&, typename MessageMemoryStrategyT::SharedPtr) [with MessageT = object_pose_interface_msgs::msg::SemanticMapObjectArray_<std::allocator<void> >; CallbackT = std::_Bind<void (NavigationHumansNode::*(NavigationHumansNode*, std::_Placeholder<1>))(const std::shared_ptr<const object_pose_interface_msgs::msg::KeypointDetections3D_<std::allocator<void> > >&)>; AllocatorT = std::allocator<void>; SubscriptionT = rclcpp::Subscription<object_pose_interface_msgs::msg::SemanticMapObjectArray_<std::allocator<void> > >; MessageMemoryStrategyT = rclcpp::message_memory_strategy::MessageMemoryStrategy<object_pose_interface_msgs::msg::SemanticMapObjectArray_<std::allocator<void> >, std::allocator<void> >; std::string = std::__cxx11::basic_string<char>; typename MessageMemoryStrategyT::SharedPtr = std::shared_ptr<rclcpp::message_memory_strategy::MessageMemoryStrategy<object_pose_interface_msgs::msg::SemanticMapObjectArray_<std::allocator<void> >, std::allocator<void> > >]’
[54.596s] /home/neha/ros2_ws/src/semnav_migration/src/navigation_humans.cpp:168:106:   required from here
[54.598s] /opt/ros/jazzy/include/rclcpp/rclcpp/any_subscription_callback.hpp:396:23: error: no match for ‘operator=’ (operand types are ‘rclcpp::detail::AnySubscriptionCallbackHelper<object_pose_interface_msgs::msg::SemanticMapObjectArray_<std::allocator<void> >, std::allocator<void>, false, false>::variant_type’ {aka ‘std::variant<std::function<void(const object_pose_interface_msgs::msg::SemanticMapObjectArray_<std::allocator<void> >&)>, std::function<void(const object_pose_interface_msgs::msg::SemanticMapObjectArray_<std::allocator<void> >&, const rclcpp::MessageInfo&)>, std::function<void(const rclcpp::SerializedMessage&)>, std::function<void(const rclcpp::SerializedMessage&, const rclcpp::MessageInfo&)>, std::function<void(std::unique_ptr<object_pose_interface_msgs::msg::SemanticMapObjectArray_<std::allocator<void> >, std::default_delete<object_pose_interface_msgs::msg::SemanticMapObjectArray_<std::allocator<void> > > >)>, std::function<void(std::unique_ptr<object_pose_interface_msgs::msg::SemanticMapObjectArray_<std::allocator<void> >, std::default_delete<object_pose_interface_msgs::msg::SemanticMapObjectArray_<std::allocator<void> > > >, const rclcpp::MessageInfo&)>, std::function<void(std::unique_ptr<rclcpp::SerializedMessage, std::default_delete<rclcpp::SerializedMessage> >)>, std::function<void(std::unique_ptr<rclcpp::SerializedMessage, std::default_delete<rclcpp::SerializedMessage> >, const rclcpp::MessageInfo&)>, std::function<void(std::shared_ptr<const object_pose_interface_msgs::msg::SemanticMapObjectArray_<std::allocator<void> > >)>, std::function<void(std::shared_ptr<const object_pose_interface_msgs::msg::SemanticMapObjectArray_<std::allocator<void> > >, const rclcpp::MessageInfo&)>, std::function<void(std::shared_ptr<const rclcpp::SerializedMessage>)>, std::function<void(std::shared_ptr<const rclcpp::SerializedMessage>, const rclcpp::MessageInfo&)>, std::function<void(const std::shared_ptr<const object_pose_interface_msgs::msg::SemanticMapObjectArray_<std::allocator<void> > >&)>, std::function<void(const std::shared_ptr<const object_pose_interface_msgs::msg::SemanticMapObjectArray_<std::allocator<void> > >&, const rclcpp::MessageInfo&)>, std::function<void(const std::shared_ptr<const rclcpp::SerializedMessage>&)>, std::function<void(const std::shared_ptr<const rclcpp::SerializedMessage>&, const rclcpp::MessageInfo&)>, std::function<void(std::shared_ptr<object_pose_interface_msgs::msg::SemanticMapObjectArray_<std::allocator<void> > >)>, std::function<void(std::shared_ptr<object_pose_interface_msgs::msg::SemanticMapObjectArray_<std::allocator<void> > >, const rclcpp::MessageInfo&)>, std::function<void(std::shared_ptr<rclcpp::SerializedMessage>)>, std::function<void(std::shared_ptr<rclcpp::SerializedMessage>, const rclcpp::MessageInfo&)> >’} and ‘rclcpp::detail::SubscriptionCallbackTypeHelper<object_pose_interface_msgs::msg::SemanticMapObjectArray_<std::allocator<void> >, std::_Bind<void (NavigationHumansNode::*(NavigationHumansNode*, std::_Placeholder<1>))(const std::shared_ptr<const object_pose_interface_msgs::msg::KeypointDetections3D_<std::allocator<void> > >&)>, void>::callback_type’ {aka ‘std::function<void(const std::shared_ptr<const object_pose_interface_msgs::msg::KeypointDetections3D_<std::allocator<void> > >&)>’})
[54.598s]   396 |     callback_variant_ = static_cast<typename scbth::callback_type>(callback);
[54.598s]       |     ~~~~~~~~~~~~~~~~~~^~~~~~~~~~~~~~~~~~~~~~~~~~~~~~~~~~~~~~~~~~~~~~~~~~~~~~
[54.598s] In file included from /opt/ros/jazzy/include/rclcpp/rclcpp/client.hpp:29,
[54.598s]                  from /opt/ros/jazzy/include/rclcpp/rclcpp/callback_group.hpp:24:
[54.601s] /usr/include/c++/13/variant:1494:9: note: candidate: ‘template<class _Tp> std::enable_if_t<((__exactly_once<std::variant<_Types>::__accepted_type<_Tp&&, typename std::enable_if<__not_self<_Tp&&>, void>::type> > && is_constructible_v<std::variant<_Types>::__accepted_type<_Tp&&, typename std::enable_if<__not_self<_Tp&&>, void>::type>, _Tp>) && is_assignable_v<std::variant<_Types>::__accepted_type<_Tp&&, typename std::enable_if<__not_self<_Tp&&>, void>::type>&, _Tp>), std::variant<_Types>&> std::variant<_Types>::operator=(_Tp&&) [with _Types = {std::function<void(const object_pose_interface_msgs::msg::SemanticMapObjectArray_<std::allocator<void> >&)>, std::function<void(const object_pose_interface_msgs::msg::SemanticMapObjectArray_<std::allocator<void> >&, const rclcpp::MessageInfo&)>, std::function<void(const rclcpp::SerializedMessage&)>, std::function<void(const rclcpp::SerializedMessage&, const rclcpp::MessageInfo&)>, std::function<void(std::unique_ptr<object_pose_interface_msgs::msg::SemanticMapObjectArray_<std::allocator<void> >, std::default_delete<object_pose_interface_msgs::msg::SemanticMapObjectArray_<std::allocator<void> > > >)>, std::function<void(std::unique_ptr<object_pose_interface_msgs::msg::SemanticMapObjectArray_<std::allocator<void> >, std::default_delete<object_pose_interface_msgs::msg::SemanticMapObjectArray_<std::allocator<void> > > >, const rclcpp::MessageInfo&)>, std::function<void(std::unique_ptr<rclcpp::SerializedMessage, std::default_delete<rclcpp::SerializedMessage> >)>, std::function<void(std::unique_ptr<rclcpp::SerializedMessage, std::default_delete<rclcpp::SerializedMessage> >, const rclcpp::MessageInfo&)>, std::function<void(std::shared_ptr<const object_pose_interface_msgs::msg::SemanticMapObjectArray_<std::allocator<void> > >)>, std::function<void(std::shared_ptr<const object_pose_interface_msgs::msg::SemanticMapObjectArray_<std::allocator<void> > >, const rclcpp::MessageInfo&)>, std::function<void(std::shared_ptr<const rclcpp::SerializedMessage>)>, std::function<void(std::shared_ptr<const rclcpp::SerializedMessage>, const rclcpp::MessageInfo&)>, std::function<void(const std::shared_ptr<const object_pose_interface_msgs::msg::SemanticMapObjectArray_<std::allocator<void> > >&)>, std::function<void(const std::shared_ptr<const object_pose_interface_msgs::msg::SemanticMapObjectArray_<std::allocator<void> > >&, const rclcpp::MessageInfo&)>, std::function<void(const std::shared_ptr<const rclcpp::SerializedMessage>&)>, std::function<void(const std::shared_ptr<const rclcpp::SerializedMessage>&, const rclcpp::MessageInfo&)>, std::function<void(std::shared_ptr<object_pose_interface_msgs::msg::SemanticMapObjectArray_<std::allocator<void> > >)>, std::function<void(std::shared_ptr<object_pose_interface_msgs::msg::SemanticMapObjectArray_<std::allocator<void> > >, const rclcpp::MessageInfo&)>, std::function<void(std::shared_ptr<rclcpp::SerializedMessage>)>, std::function<void(std::shared_ptr<rclcpp::SerializedMessage>, const rclcpp::MessageInfo&)>}]’
[54.601s]  1494 |         operator=(_Tp&& __rhs)
[54.601s]       |         ^~~~~~~~
[54.601s] /usr/include/c++/13/variant:1494:9: note:   template argument deduction/substitution failed:
[54.601s] /usr/include/c++/13/variant: In substitution of ‘template<class ... _Types> template<class _Tp, class> using std::variant<_Types>::__accepted_type = std::variant<_Types>::__to_type<__accepted_index<_Tp> > [with _Tp = std::function<void(const std::shared_ptr<const object_pose_interface_msgs::msg::KeypointDetections3D_<std::allocator<void> > >&)>&&; <template-parameter-2-2> = void; _Types = {std::function<void(const object_pose_interface_msgs::msg::SemanticMapObjectArray_<std::allocator<void> >&)>, std::function<void(const object_pose_interface_msgs::msg::SemanticMapObjectArray_<std::allocator<void> >&, const rclcpp::MessageInfo&)>, std::function<void(const rclcpp::SerializedMessage&)>, std::function<void(const rclcpp::SerializedMessage&, const rclcpp::MessageInfo&)>, std::function<void(std::unique_ptr<object_pose_interface_msgs::msg::SemanticMapObjectArray_<std::allocator<void> >, std::default_delete<object_pose_interface_msgs::msg::SemanticMapObjectArray_<std::allocator<void> > > >)>, std::function<void(std::unique_ptr<object_pose_interface_msgs::msg::SemanticMapObjectArray_<std::allocator<void> >, std::default_delete<object_pose_interface_msgs::msg::SemanticMapObjectArray_<std::allocator<void> > > >, const rclcpp::MessageInfo&)>, std::function<void(std::unique_ptr<rclcpp::SerializedMessage, std::default_delete<rclcpp::SerializedMessage> >)>, std::function<void(std::unique_ptr<rclcpp::SerializedMessage, std::default_delete<rclcpp::SerializedMessage> >, const rclcpp::MessageInfo&)>, std::function<void(std::shared_ptr<const object_pose_interface_msgs::msg::SemanticMapObjectArray_<std::allocator<void> > >)>, std::function<void(std::shared_ptr<const object_pose_interface_msgs::msg::SemanticMapObjectArray_<std::allocator<void> > >, const rclcpp::MessageInfo&)>, std::function<void(std::shared_ptr<const rclcpp::SerializedMessage>)>, std::function<void(std::shared_ptr<const rclcpp::SerializedMessage>, const rclcpp::MessageInfo&)>, std::function<void(const std::shared_ptr<const object_pose_interface_msgs::msg::SemanticMapObjectArray_<std::allocator<void> > >&)>, std::function<void(const std::shared_ptr<const object_pose_interface_msgs::msg::SemanticMapObjectArray_<std::allocator<void> > >&, const rclcpp::MessageInfo&)>, std::function<void(const std::shared_ptr<const rclcpp::SerializedMessage>&)>, std::function<void(const std::shared_ptr<const rclcpp::SerializedMessage>&, const rclcpp::MessageInfo&)>, std::function<void(std::shared_ptr<object_pose_interface_msgs::msg::SemanticMapObjectArray_<std::allocator<void> > >)>, std::function<void(std::shared_ptr<object_pose_interface_msgs::msg::SemanticMapObjectArray_<std::allocator<void> > >, const rclcpp::MessageInfo&)>, std::function<void(std::shared_ptr<rclcpp::SerializedMessage>)>, std::function<void(std::shared_ptr<rclcpp::SerializedMessage>, const rclcpp::MessageInfo&)>}]’:
[54.603s] /usr/include/c++/13/variant:1490:14:   required by substitution of ‘template<class _Tp> std::enable_if_t<((__exactly_once<std::variant<std::function<void(const object_pose_interface_msgs::msg::SemanticMapObjectArray_<std::allocator<void> >&)>, std::function<void(const object_pose_interface_msgs::msg::SemanticMapObjectArray_<std::allocator<void> >&, const rclcpp::MessageInfo&)>, std::function<void(const rclcpp::SerializedMessage&)>, std::function<void(const rclcpp::SerializedMessage&, const rclcpp::MessageInfo&)>, std::function<void(std::unique_ptr<object_pose_interface_msgs::msg::SemanticMapObjectArray_<std::allocator<void> >, std::default_delete<object_pose_interface_msgs::msg::SemanticMapObjectArray_<std::allocator<void> > > >)>, std::function<void(std::unique_ptr<object_pose_interface_msgs::msg::SemanticMapObjectArray_<std::allocator<void> >, std::default_delete<object_pose_interface_msgs::msg::SemanticMapObjectArray_<std::allocator<void> > > >, const rclcpp::MessageInfo&)>, std::function<void(std::unique_ptr<rclcpp::SerializedMessage, std::default_delete<rclcpp::SerializedMessage> >)>, std::function<void(std::unique_ptr<rclcpp::SerializedMessage, std::default_delete<rclcpp::SerializedMessage> >, const rclcpp::MessageInfo&)>, std::function<void(std::shared_ptr<const object_pose_interface_msgs::msg::SemanticMapObjectArray_<std::allocator<void> > >)>, std::function<void(std::shared_ptr<const object_pose_interface_msgs::msg::SemanticMapObjectArray_<std::allocator<void> > >, const rclcpp::MessageInfo&)>, std::function<void(std::shared_ptr<const rclcpp::SerializedMessage>)>, std::function<void(std::shared_ptr<const rclcpp::SerializedMessage>, const rclcpp::MessageInfo&)>, std::function<void(const std::shared_ptr<const object_pose_interface_msgs::msg::SemanticMapObjectArray_<std::allocator<void> > >&)>, std::function<void(const std::shared_ptr<const object_pose_interface_msgs::msg::SemanticMapObjectArray_<std::allocator<void> > >&, const rclcpp::MessageInfo&)>, std::function<void(const std::shared_ptr<const rclcpp::SerializedMessage>&)>, std::function<void(const std::shared_ptr<const rclcpp::SerializedMessage>&, const rclcpp::MessageInfo&)>, std::function<void(std::shared_ptr<object_pose_interface_msgs::msg::SemanticMapObjectArray_<std::allocator<void> > >)>, std::function<void(std::shared_ptr<object_pose_interface_msgs::msg::SemanticMapObjectArray_<std::allocator<void> > >, const rclcpp::MessageInfo&)>, std::function<void(std::shared_ptr<rclcpp::SerializedMessage>)>, std::function<void(std::shared_ptr<rclcpp::SerializedMessage>, const rclcpp::MessageInfo&)> >::__accepted_type<_Tp&&, typename std::enable_if<__not_self<_Tp&&>, void>::type> > && is_constructible_v<std::variant<std::function<void(const object_pose_interface_msgs::msg::SemanticMapObjectArray_<std::allocator<void> >&)>, std::function<void(const object_pose_interface_msgs::msg::SemanticMapObjectArray_<std::allocator<void> >&, const rclcpp::MessageInfo&)>, std::function<void(const rclcpp::SerializedMessage&)>, std::function<void(const rclcpp::SerializedMessage&, const rclcpp::MessageInfo&)>, std::function<void(std::unique_ptr<object_pose_interface_msgs::msg::SemanticMapObjectArray_<std::allocator<void> >, std::default_delete<object_pose_interface_msgs::msg::SemanticMapObjectArray_<std::allocator<void> > > >)>, std::function<void(std::unique_ptr<object_pose_interface_msgs::msg::SemanticMapObjectArray_<std::allocator<void> >, std::default_delete<object_pose_interface_msgs::msg::SemanticMapObjectArray_<std::allocator<void> > > >, const rclcpp::MessageInfo&)>, std::function<void(std::unique_ptr<rclcpp::SerializedMessage, std::default_delete<rclcpp::SerializedMessage> >)>, std::function<void(std::unique_ptr<rclcpp::SerializedMessage, std::default_delete<rclcpp::SerializedMessage> >, const rclcpp::MessageInfo&)>, std::function<void(std::shared_ptr<const object_pose_interface_msgs::msg::SemanticMapObjectArray_<std::allocator<void> > >)>, std::function<void(std::shared_ptr<const object_pose_interface_msgs::msg::SemanticMapObjectArray_<std::allocator<void> > >, const rclcpp::MessageInfo&)>, std::function<void(std::shared_ptr<const rclcpp::SerializedMessage>)>, std::function<void(std::shared_ptr<const rclcpp::SerializedMessage>, const rclcpp::MessageInfo&)>, std::function<void(const std::shared_ptr<const object_pose_interface_msgs::msg::SemanticMapObjectArray_<std::allocator<void> > >&)>, std::function<void(const std::shared_ptr<const object_pose_interface_msgs::msg::SemanticMapObjectArray_<std::allocator<void> > >&, const rclcpp::MessageInfo&)>, std::function<void(const std::shared_ptr<const rclcpp::SerializedMessage>&)>, std::function<void(const std::shared_ptr<const rclcpp::SerializedMessage>&, const rclcpp::MessageInfo&)>, std::function<void(std::shared_ptr<object_pose_interface_msgs::msg::SemanticMapObjectArray_<std::allocator<void> > >)>, std::function<void(std::shared_ptr<object_pose_interface_msgs::msg::SemanticMapObjectArray_<std::allocator<void> > >, const rclcpp::MessageInfo&)>, std::function<void(std::shared_ptr<rclcpp::SerializedMessage>)>, std::function<void(std::shared_ptr<rclcpp::SerializedMessage>, const rclcpp::MessageInfo&)> >::__accepted_type<_Tp&&, typename std::enable_if<__not_self<_Tp&&>, void>::type>, _Tp>) && is_assignable_v<std::variant<std::function<void(const object_pose_interface_msgs::msg::SemanticMapObjectArray_<std::allocator<void> >&)>, std::function<void(const object_pose_interface_msgs::msg::SemanticMapObjectArray_<std::allocator<void> >&, const rclcpp::MessageInfo&)>, std::function<void(const rclcpp::SerializedMessage&)>, std::function<void(const rclcpp::SerializedMessage&, const rclcpp::MessageInfo&)>, std::function<void(std::unique_ptr<object_pose_interface_msgs::msg::SemanticMapObjectArray_<std::allocator<void> >, std::default_delete<object_pose_interface_msgs::msg::SemanticMapObjectArray_<std::allocator<void> > > >)>, std::function<void(std::unique_ptr<object_pose_interface_msgs::msg::SemanticMapObjectArray_<std::allocator<void> >, std::default_delete<object_pose_interface_msgs::msg::SemanticMapObjectArray_<std::allocator<void> > > >, const rclcpp::MessageInfo&)>, std::function<void(std::unique_ptr<rclcpp::SerializedMessage, std::default_delete<rclcpp::SerializedMessage> >)>, std::function<void(std::unique_ptr<rclcpp::SerializedMessage, std::default_delete<rclcpp::SerializedMessage> >, const rclcpp::MessageInfo&)>, std::function<void(std::shared_ptr<const object_pose_interface_msgs::msg::SemanticMapObjectArray_<std::allocator<void> > >)>, std::function<void(std::shared_ptr<const object_pose_interface_msgs::msg::SemanticMapObjectArray_<std::allocator<void> > >, const rclcpp::MessageInfo&)>, std::function<void(std::shared_ptr<const rclcpp::SerializedMessage>)>, std::function<void(std::shared_ptr<const rclcpp::SerializedMessage>, const rclcpp::MessageInfo&)>, std::function<void(const std::shared_ptr<const object_pose_interface_msgs::msg::SemanticMapObjectArray_<std::allocator<void> > >&)>, std::function<void(const std::shared_ptr<const object_pose_interface_msgs::msg::SemanticMapObjectArray_<std::allocator<void> > >&, const rclcpp::MessageInfo&)>, std::function<void(const std::shared_ptr<const rclcpp::SerializedMessage>&)>, std::function<void(const std::shared_ptr<const rclcpp::SerializedMessage>&, const rclcpp::MessageInfo&)>, std::function<void(std::shared_ptr<object_pose_interface_msgs::msg::SemanticMapObjectArray_<std::allocator<void> > >)>, std::function<void(std::shared_ptr<object_pose_interface_msgs::msg::SemanticMapObjectArray_<std::allocator<void> > >, const rclcpp::MessageInfo&)>, std::function<void(std::shared_ptr<rclcpp::SerializedMessage>)>, std::function<void(std::shared_ptr<rclcpp::SerializedMessage>, const rclcpp::MessageInfo&)> >::__accepted_type<_Tp&&, typename std::enable_if<__not_self<_Tp&&>, void>::type>&, _Tp>), std::variant<std::function<void(const object_pose_interface_msgs::msg::SemanticMapObjectArray_<std::allocator<void> >&)>, std::function<void(const object_pose_interface_msgs::msg::SemanticMapObjectArray_<std::allocator<void> >&, const rclcpp::MessageInfo&)>, std::function<void(const rclcpp::SerializedMessage&)>, std::function<void(const rclcpp::SerializedMessage&, const rclcpp::MessageInfo&)>, std::function<void(std::unique_ptr<object_pose_interface_msgs::msg::SemanticMapObjectArray_<std::allocator<void> >, std::default_delete<object_pose_interface_msgs::msg::SemanticMapObjectArray_<std::allocator<void> > > >)>, std::function<void(std::unique_ptr<object_pose_interface_msgs::msg::SemanticMapObjectArray_<std::allocator<void> >, std::default_delete<object_pose_interface_msgs::msg::SemanticMapObjectArray_<std::allocator<void> > > >, const rclcpp::MessageInfo&)>, std::function<void(std::unique_ptr<rclcpp::SerializedMessage, std::default_delete<rclcpp::SerializedMessage> >)>, std::function<void(std::unique_ptr<rclcpp::SerializedMessage, std::default_delete<rclcpp::SerializedMessage> >, const rclcpp::MessageInfo&)>, std::function<void(std::shared_ptr<const object_pose_interface_msgs::msg::SemanticMapObjectArray_<std::allocator<void> > >)>, std::function<void(std::shared_ptr<const object_pose_interface_msgs::msg::SemanticMapObjectArray_<std::allocator<void> > >, const rclcpp::MessageInfo&)>, std::function<void(std::shared_ptr<const rclcpp::SerializedMessage>)>, std::function<void(std::shared_ptr<const rclcpp::SerializedMessage>, const rclcpp::MessageInfo&)>, std::function<void(const std::shared_ptr<const object_pose_interface_msgs::msg::SemanticMapObjectArray_<std::allocator<void> > >&)>, std::function<void(const std::shared_ptr<const object_pose_interface_msgs::msg::SemanticMapObjectArray_<std::allocator<void> > >&, const rclcpp::MessageInfo&)>, std::function<void(const std::shared_ptr<const rclcpp::SerializedMessage>&)>, std::function<void(const std::shared_ptr<const rclcpp::SerializedMessage>&, const rclcpp::MessageInfo&)>, std::function<void(std::shared_ptr<object_pose_interface_msgs::msg::SemanticMapObjectArray_<std::allocator<void> > >)>, std::function<void(std::shared_ptr<object_pose_interface_msgs::msg::SemanticMapObjectArray_<std::allocator<void> > >, const rclcpp::MessageInfo&)>, std::function<void(std::shared_ptr<rclcpp::SerializedMessage>)>, std::function<void(std::shared_ptr<rclcpp::SerializedMessage>, const rclcpp::MessageInfo&)> >&> std::variant<std::function<void(const object_pose_interface_msgs::msg::SemanticMapObjectArray_<std::allocator<void> >&)>, std::function<void(const object_pose_interface_msgs::msg::SemanticMapObjectArray_<std::allocator<void> >&, const rclcpp::MessageInfo&)>, std::function<void(const rclcpp::SerializedMessage&)>, std::function<void(const rclcpp::SerializedMessage&, const rclcpp::MessageInfo&)>, std::function<void(std::unique_ptr<object_pose_interface_msgs::msg::SemanticMapObjectArray_<std::allocator<void> >, std::default_delete<object_pose_interface_msgs::msg::SemanticMapObjectArray_<std::allocator<void> > > >)>, std::function<void(std::unique_ptr<object_pose_interface_msgs::msg::SemanticMapObjectArray_<std::allocator<void> >, std::default_delete<object_pose_interface_msgs::msg::SemanticMapObjectArray_<std::allocator<void> > > >, const rclcpp::MessageInfo&)>, std::function<void(std::unique_ptr<rclcpp::SerializedMessage, std::default_delete<rclcpp::SerializedMessage> >)>, std::function<void(std::unique_ptr<rclcpp::SerializedMessage, std::default_delete<rclcpp::SerializedMessage> >, const rclcpp::MessageInfo&)>, std::function<void(std::shared_ptr<const object_pose_interface_msgs::msg::SemanticMapObjectArray_<std::allocator<void> > >)>, std::function<void(std::shared_ptr<const object_pose_interface_msgs::msg::SemanticMapObjectArray_<std::allocator<void> > >, const rclcpp::MessageInfo&)>, std::function<void(std::shared_ptr<const rclcpp::SerializedMessage>)>, std::function<void(std::shared_ptr<const rclcpp::SerializedMessage>, const rclcpp::MessageInfo&)>, std::function<void(const std::shared_ptr<const object_pose_interface_msgs::msg::SemanticMapObjectArray_<std::allocator<void> > >&)>, std::function<void(const std::shared_ptr<const object_pose_interface_msgs::msg::SemanticMapObjectArray_<std::allocator<void> > >&, const rclcpp::MessageInfo&)>, std::function<void(const std::shared_ptr<const rclcpp::SerializedMessage>&)>, std::function<void(const std::shared_ptr<const rclcpp::SerializedMessage>&, const rclcpp::MessageInfo&)>, std::function<void(std::shared_ptr<object_pose_interface_msgs::msg::SemanticMapObjectArray_<std::allocator<void> > >)>, std::function<void(std::shared_ptr<object_pose_interface_msgs::msg::SemanticMapObjectArray_<std::allocator<void> > >, const rclcpp::MessageInfo&)>, std::function<void(std::shared_ptr<rclcpp::SerializedMessage>)>, std::function<void(std::shared_ptr<rclcpp::SerializedMessage>, const rclcpp::MessageInfo&)> >::operator=(_Tp&&) [with _Tp = std::function<void(const std::shared_ptr<const object_pose_interface_msgs::msg::KeypointDetections3D_<std::allocator<void> > >&)>]’
[54.604s] /opt/ros/jazzy/include/rclcpp/rclcpp/any_subscription_callback.hpp:396:23:   required from ‘rclcpp::AnySubscriptionCallback<MessageT, AllocatorT> rclcpp::AnySubscriptionCallback<MessageT, AllocatorT>::set(CallbackT) [with CallbackT = std::_Bind<void (NavigationHumansNode::*(NavigationHumansNode*, std::_Placeholder<1>))(const std::shared_ptr<const object_pose_interface_msgs::msg::KeypointDetections3D_<std::allocator<void> > >&)>; MessageT = object_pose_interface_msgs::msg::SemanticMapObjectArray_<std::allocator<void> >; AllocatorT = std::allocator<void>]’
[54.604s] /opt/ros/jazzy/include/rclcpp/rclcpp/subscription_factory.hpp:93:32:   required from ‘rclcpp::SubscriptionFactory rclcpp::create_subscription_factory(CallbackT&&, const SubscriptionOptionsWithAllocator<AllocatorT>&, typename MessageMemoryStrategyT::SharedPtr, std::shared_ptr<topic_statistics::SubscriptionTopicStatistics>) [with MessageT = object_pose_interface_msgs::msg::SemanticMapObjectArray_<std::allocator<void> >; CallbackT = std::_Bind<void (NavigationHumansNode::*(NavigationHumansNode*, std::_Placeholder<1>))(const std::shared_ptr<const object_pose_interface_msgs::msg::KeypointDetections3D_<std::allocator<void> > >&)>; AllocatorT = std::allocator<void>; SubscriptionT = Subscription<object_pose_interface_msgs::msg::SemanticMapObjectArray_<std::allocator<void> > >; MessageMemoryStrategyT = message_memory_strategy::MessageMemoryStrategy<object_pose_interface_msgs::msg::SemanticMapObjectArray_<std::allocator<void> >, std::allocator<void> >; typename MessageMemoryStrategyT::SharedPtr = std::shared_ptr<message_memory_strategy::MessageMemoryStrategy<object_pose_interface_msgs::msg::SemanticMapObjectArray_<std::allocator<void> >, std::allocator<void> > >]’
[54.604s] /opt/ros/jazzy/include/rclcpp/rclcpp/create_subscription.hpp:121:63:   required from ‘std::shared_ptr<ROSMessageT> rclcpp::detail::create_subscription(NodeParametersT&, NodeTopicsT&, const std::string&, const rclcpp::QoS&, CallbackT&&, const rclcpp::SubscriptionOptionsWithAllocator<AllocatorT>&, typename MessageMemoryStrategyT::SharedPtr) [with MessageT = object_pose_interface_msgs::msg::SemanticMapObjectArray_<std::allocator<void> >; CallbackT = std::_Bind<void (NavigationHumansNode::*(NavigationHumansNode*, std::_Placeholder<1>))(const std::shared_ptr<const object_pose_interface_msgs::msg::KeypointDetections3D_<std::allocator<void> > >&)>; AllocatorT = std::allocator<void>; SubscriptionT = rclcpp::Subscription<object_pose_interface_msgs::msg::SemanticMapObjectArray_<std::allocator<void> > >; MessageMemoryStrategyT = rclcpp::message_memory_strategy::MessageMemoryStrategy<object_pose_interface_msgs::msg::SemanticMapObjectArray_<std::allocator<void> >, std::allocator<void> >; NodeParametersT = rclcpp::Node; NodeTopicsT = rclcpp::Node; std::string = std::__cxx11::basic_string<char>; typename MessageMemoryStrategyT::SharedPtr = std::shared_ptr<rclcpp::message_memory_strategy::MessageMemoryStrategy<object_pose_interface_msgs::msg::SemanticMapObjectArray_<std::allocator<void> >, std::allocator<void> > >]’
[54.604s] /opt/ros/jazzy/include/rclcpp/rclcpp/create_subscription.hpp:190:76:   required from ‘std::shared_ptr<ROSMessageT> rclcpp::create_subscription(NodeT&, const std::string&, const QoS&, CallbackT&&, const SubscriptionOptionsWithAllocator<AllocatorT>&, typename MessageMemoryStrategyT::SharedPtr) [with MessageT = object_pose_interface_msgs::msg::SemanticMapObjectArray_<std::allocator<void> >; CallbackT = std::_Bind<void (NavigationHumansNode::*(NavigationHumansNode*, std::_Placeholder<1>))(const std::shared_ptr<const object_pose_interface_msgs::msg::KeypointDetections3D_<std::allocator<void> > >&)>; AllocatorT = std::allocator<void>; SubscriptionT = Subscription<object_pose_interface_msgs::msg::SemanticMapObjectArray_<std::allocator<void> > >; MessageMemoryStrategyT = message_memory_strategy::MessageMemoryStrategy<object_pose_interface_msgs::msg::SemanticMapObjectArray_<std::allocator<void> >, std::allocator<void> >; NodeT = Node; std::string = std::__cxx11::basic_string<char>; typename MessageMemoryStrategyT::SharedPtr = std::shared_ptr<message_memory_strategy::MessageMemoryStrategy<object_pose_interface_msgs::msg::SemanticMapObjectArray_<std::allocator<void> >, std::allocator<void> > >]’
[54.604s] /opt/ros/jazzy/include/rclcpp/rclcpp/node_impl.hpp:99:47:   required from ‘std::shared_ptr<ROSMessageT> rclcpp::Node::create_subscription(const std::string&, const rclcpp::QoS&, CallbackT&&, const rclcpp::SubscriptionOptionsWithAllocator<AllocatorT>&, typename MessageMemoryStrategyT::SharedPtr) [with MessageT = object_pose_interface_msgs::msg::SemanticMapObjectArray_<std::allocator<void> >; CallbackT = std::_Bind<void (NavigationHumansNode::*(NavigationHumansNode*, std::_Placeholder<1>))(const std::shared_ptr<const object_pose_interface_msgs::msg::KeypointDetections3D_<std::allocator<void> > >&)>; AllocatorT = std::allocator<void>; SubscriptionT = rclcpp::Subscription<object_pose_interface_msgs::msg::SemanticMapObjectArray_<std::allocator<void> > >; MessageMemoryStrategyT = rclcpp::message_memory_strategy::MessageMemoryStrategy<object_pose_interface_msgs::msg::SemanticMapObjectArray_<std::allocator<void> >, std::allocator<void> >; std::string = std::__cxx11::basic_string<char>; typename MessageMemoryStrategyT::SharedPtr = std::shared_ptr<rclcpp::message_memory_strategy::MessageMemoryStrategy<object_pose_interface_msgs::msg::SemanticMapObjectArray_<std::allocator<void> >, std::allocator<void> > >]’
[54.605s] /home/neha/ros2_ws/src/semnav_migration/src/navigation_humans.cpp:168:106:   required from here
[54.605s] /usr/include/c++/13/variant:1407:15: error: no type named ‘type’ in ‘struct std::enable_if<false, void>’
[54.605s]  1407 |         using __accepted_type = __to_type<__accepted_index<_Tp>>;
[54.605s]       |               ^~~~~~~~~~~~~~~
[54.605s] /opt/ros/jazzy/include/rclcpp/rclcpp/any_subscription_callback.hpp: In instantiation of ‘rclcpp::AnySubscriptionCallback<MessageT, AllocatorT> rclcpp::AnySubscriptionCallback<MessageT, AllocatorT>::set(CallbackT) [with CallbackT = std::_Bind<void (NavigationHumansNode::*(NavigationHumansNode*, std::_Placeholder<1>))(const std::shared_ptr<const object_pose_interface_msgs::msg::KeypointDetections3D_<std::allocator<void> > >&)>; MessageT = object_pose_interface_msgs::msg::SemanticMapObjectArray_<std::allocator<void> >; AllocatorT = std::allocator<void>]’:
[54.605s] /opt/ros/jazzy/include/rclcpp/rclcpp/subscription_factory.hpp:93:32:   required from ‘rclcpp::SubscriptionFactory rclcpp::create_subscription_factory(CallbackT&&, const SubscriptionOptionsWithAllocator<AllocatorT>&, typename MessageMemoryStrategyT::SharedPtr, std::shared_ptr<topic_statistics::SubscriptionTopicStatistics>) [with MessageT = object_pose_interface_msgs::msg::SemanticMapObjectArray_<std::allocator<void> >; CallbackT = std::_Bind<void (NavigationHumansNode::*(NavigationHumansNode*, std::_Placeholder<1>))(const std::shared_ptr<const object_pose_interface_msgs::msg::KeypointDetections3D_<std::allocator<void> > >&)>; AllocatorT = std::allocator<void>; SubscriptionT = Subscription<object_pose_interface_msgs::msg::SemanticMapObjectArray_<std::allocator<void> > >; MessageMemoryStrategyT = message_memory_strategy::MessageMemoryStrategy<object_pose_interface_msgs::msg::SemanticMapObjectArray_<std::allocator<void> >, std::allocator<void> >; typename MessageMemoryStrategyT::SharedPtr = std::shared_ptr<message_memory_strategy::MessageMemoryStrategy<object_pose_interface_msgs::msg::SemanticMapObjectArray_<std::allocator<void> >, std::allocator<void> > >]’
[54.613s] /opt/ros/jazzy/include/rclcpp/rclcpp/create_subscription.hpp:121:63:   required from ‘std::shared_ptr<ROSMessageT> rclcpp::detail::create_subscription(NodeParametersT&, NodeTopicsT&, const std::string&, const rclcpp::QoS&, CallbackT&&, const rclcpp::SubscriptionOptionsWithAllocator<AllocatorT>&, typename MessageMemoryStrategyT::SharedPtr) [with MessageT = object_pose_interface_msgs::msg::SemanticMapObjectArray_<std::allocator<void> >; CallbackT = std::_Bind<void (NavigationHumansNode::*(NavigationHumansNode*, std::_Placeholder<1>))(const std::shared_ptr<const object_pose_interface_msgs::msg::KeypointDetections3D_<std::allocator<void> > >&)>; AllocatorT = std::allocator<void>; SubscriptionT = rclcpp::Subscription<object_pose_interface_msgs::msg::SemanticMapObjectArray_<std::allocator<void> > >; MessageMemoryStrategyT = rclcpp::message_memory_strategy::MessageMemoryStrategy<object_pose_interface_msgs::msg::SemanticMapObjectArray_<std::allocator<void> >, std::allocator<void> >; NodeParametersT = rclcpp::Node; NodeTopicsT = rclcpp::Node; std::string = std::__cxx11::basic_string<char>; typename MessageMemoryStrategyT::SharedPtr = std::shared_ptr<rclcpp::message_memory_strategy::MessageMemoryStrategy<object_pose_interface_msgs::msg::SemanticMapObjectArray_<std::allocator<void> >, std::allocator<void> > >]’
[54.614s] /opt/ros/jazzy/include/rclcpp/rclcpp/create_subscription.hpp:190:76:   required from ‘std::shared_ptr<ROSMessageT> rclcpp::create_subscription(NodeT&, const std::string&, const QoS&, CallbackT&&, const SubscriptionOptionsWithAllocator<AllocatorT>&, typename MessageMemoryStrategyT::SharedPtr) [with MessageT = object_pose_interface_msgs::msg::SemanticMapObjectArray_<std::allocator<void> >; CallbackT = std::_Bind<void (NavigationHumansNode::*(NavigationHumansNode*, std::_Placeholder<1>))(const std::shared_ptr<const object_pose_interface_msgs::msg::KeypointDetections3D_<std::allocator<void> > >&)>; AllocatorT = std::allocator<void>; SubscriptionT = Subscription<object_pose_interface_msgs::msg::SemanticMapObjectArray_<std::allocator<void> > >; MessageMemoryStrategyT = message_memory_strategy::MessageMemoryStrategy<object_pose_interface_msgs::msg::SemanticMapObjectArray_<std::allocator<void> >, std::allocator<void> >; NodeT = Node; std::string = std::__cxx11::basic_string<char>; typename MessageMemoryStrategyT::SharedPtr = std::shared_ptr<message_memory_strategy::MessageMemoryStrategy<object_pose_interface_msgs::msg::SemanticMapObjectArray_<std::allocator<void> >, std::allocator<void> > >]’
[54.614s] /opt/ros/jazzy/include/rclcpp/rclcpp/node_impl.hpp:99:47:   required from ‘std::shared_ptr<ROSMessageT> rclcpp::Node::create_subscription(const std::string&, const rclcpp::QoS&, CallbackT&&, const rclcpp::SubscriptionOptionsWithAllocator<AllocatorT>&, typename MessageMemoryStrategyT::SharedPtr) [with MessageT = object_pose_interface_msgs::msg::SemanticMapObjectArray_<std::allocator<void> >; CallbackT = std::_Bind<void (NavigationHumansNode::*(NavigationHumansNode*, std::_Placeholder<1>))(const std::shared_ptr<const object_pose_interface_msgs::msg::KeypointDetections3D_<std::allocator<void> > >&)>; AllocatorT = std::allocator<void>; SubscriptionT = rclcpp::Subscription<object_pose_interface_msgs::msg::SemanticMapObjectArray_<std::allocator<void> > >; MessageMemoryStrategyT = rclcpp::message_memory_strategy::MessageMemoryStrategy<object_pose_interface_msgs::msg::SemanticMapObjectArray_<std::allocator<void> >, std::allocator<void> >; std::string = std::__cxx11::basic_string<char>; typename MessageMemoryStrategyT::SharedPtr = std::shared_ptr<rclcpp::message_memory_strategy::MessageMemoryStrategy<object_pose_interface_msgs::msg::SemanticMapObjectArray_<std::allocator<void> >, std::allocator<void> > >]’
[54.614s] /home/neha/ros2_ws/src/semnav_migration/src/navigation_humans.cpp:168:106:   required from here
[54.614s] /usr/include/c++/13/variant:1430:16: note: candidate: ‘std::variant<_Types>& std::variant<_Types>::operator=(const std::variant<_Types>&) [with _Types = {std::function<void(const object_pose_interface_msgs::msg::SemanticMapObjectArray_<std::allocator<void> >&)>, std::function<void(const object_pose_interface_msgs::msg::SemanticMapObjectArray_<std::allocator<void> >&, const rclcpp::MessageInfo&)>, std::function<void(const rclcpp::SerializedMessage&)>, std::function<void(const rclcpp::SerializedMessage&, const rclcpp::MessageInfo&)>, std::function<void(std::unique_ptr<object_pose_interface_msgs::msg::SemanticMapObjectArray_<std::allocator<void> >, std::default_delete<object_pose_interface_msgs::msg::SemanticMapObjectArray_<std::allocator<void> > > >)>, std::function<void(std::unique_ptr<object_pose_interface_msgs::msg::SemanticMapObjectArray_<std::allocator<void> >, std::default_delete<object_pose_interface_msgs::msg::SemanticMapObjectArray_<std::allocator<void> > > >, const rclcpp::MessageInfo&)>, std::function<void(std::unique_ptr<rclcpp::SerializedMessage, std::default_delete<rclcpp::SerializedMessage> >)>, std::function<void(std::unique_ptr<rclcpp::SerializedMessage, std::default_delete<rclcpp::SerializedMessage> >, const rclcpp::MessageInfo&)>, std::function<void(std::shared_ptr<const object_pose_interface_msgs::msg::SemanticMapObjectArray_<std::allocator<void> > >)>, std::function<void(std::shared_ptr<const object_pose_interface_msgs::msg::SemanticMapObjectArray_<std::allocator<void> > >, const rclcpp::MessageInfo&)>, std::function<void(std::shared_ptr<const rclcpp::SerializedMessage>)>, std::function<void(std::shared_ptr<const rclcpp::SerializedMessage>, const rclcpp::MessageInfo&)>, std::function<void(const std::shared_ptr<const object_pose_interface_msgs::msg::SemanticMapObjectArray_<std::allocator<void> > >&)>, std::function<void(const std::shared_ptr<const object_pose_interface_msgs::msg::SemanticMapObjectArray_<std::allocator<void> > >&, const rclcpp::MessageInfo&)>, std::function<void(const std::shared_ptr<const rclcpp::SerializedMessage>&)>, std::function<void(const std::shared_ptr<const rclcpp::SerializedMessage>&, const rclcpp::MessageInfo&)>, std::function<void(std::shared_ptr<object_pose_interface_msgs::msg::SemanticMapObjectArray_<std::allocator<void> > >)>, std::function<void(std::shared_ptr<object_pose_interface_msgs::msg::SemanticMapObjectArray_<std::allocator<void> > >, const rclcpp::MessageInfo&)>, std::function<void(std::shared_ptr<rclcpp::SerializedMessage>)>, std::function<void(std::shared_ptr<rclcpp::SerializedMessage>, const rclcpp::MessageInfo&)>}]’
[54.614s]  1430 |       variant& operator=(const variant&) = default;
[54.615s]       |                ^~~~~~~~
[54.615s] /usr/include/c++/13/variant:1430:26: note:   no known conversion for argument 1 from ‘rclcpp::detail::SubscriptionCallbackTypeHelper<object_pose_interface_msgs::msg::SemanticMapObjectArray_<std::allocator<void> >, std::_Bind<void (NavigationHumansNode::*(NavigationHumansNode*, std::_Placeholder<1>))(const std::shared_ptr<const object_pose_interface_msgs::msg::KeypointDetections3D_<std::allocator<void> > >&)>, void>::callback_type’ {aka ‘std::function<void(const std::shared_ptr<const object_pose_interface_msgs::msg::KeypointDetections3D_<std::allocator<void> > >&)>’} to ‘const std::variant<std::function<void(const object_pose_interface_msgs::msg::SemanticMapObjectArray_<std::allocator<void> >&)>, std::function<void(const object_pose_interface_msgs::msg::SemanticMapObjectArray_<std::allocator<void> >&, const rclcpp::MessageInfo&)>, std::function<void(const rclcpp::SerializedMessage&)>, std::function<void(const rclcpp::SerializedMessage&, const rclcpp::MessageInfo&)>, std::function<void(std::unique_ptr<object_pose_interface_msgs::msg::SemanticMapObjectArray_<std::allocator<void> >, std::default_delete<object_pose_interface_msgs::msg::SemanticMapObjectArray_<std::allocator<void> > > >)>, std::function<void(std::unique_ptr<object_pose_interface_msgs::msg::SemanticMapObjectArray_<std::allocator<void> >, std::default_delete<object_pose_interface_msgs::msg::SemanticMapObjectArray_<std::allocator<void> > > >, const rclcpp::MessageInfo&)>, std::function<void(std::unique_ptr<rclcpp::SerializedMessage, std::default_delete<rclcpp::SerializedMessage> >)>, std::function<void(std::unique_ptr<rclcpp::SerializedMessage, std::default_delete<rclcpp::SerializedMessage> >, const rclcpp::MessageInfo&)>, std::function<void(std::shared_ptr<const object_pose_interface_msgs::msg::SemanticMapObjectArray_<std::allocator<void> > >)>, std::function<void(std::shared_ptr<const object_pose_interface_msgs::msg::SemanticMapObjectArray_<std::allocator<void> > >, const rclcpp::MessageInfo&)>, std::function<void(std::shared_ptr<const rclcpp::SerializedMessage>)>, std::function<void(std::shared_ptr<const rclcpp::SerializedMessage>, const rclcpp::MessageInfo&)>, std::function<void(const std::shared_ptr<const object_pose_interface_msgs::msg::SemanticMapObjectArray_<std::allocator<void> > >&)>, std::function<void(const std::shared_ptr<const object_pose_interface_msgs::msg::SemanticMapObjectArray_<std::allocator<void> > >&, const rclcpp::MessageInfo&)>, std::function<void(const std::shared_ptr<const rclcpp::SerializedMessage>&)>, std::function<void(const std::shared_ptr<const rclcpp::SerializedMessage>&, const rclcpp::MessageInfo&)>, std::function<void(std::shared_ptr<object_pose_interface_msgs::msg::SemanticMapObjectArray_<std::allocator<void> > >)>, std::function<void(std::shared_ptr<object_pose_interface_msgs::msg::SemanticMapObjectArray_<std::allocator<void> > >, const rclcpp::MessageInfo&)>, std::function<void(std::shared_ptr<rclcpp::SerializedMessage>)>, std::function<void(std::shared_ptr<rclcpp::SerializedMessage>, const rclcpp::MessageInfo&)> >&’
[54.615s]  1430 |       variant& operator=(const variant&) = default;
[54.615s]       |                          ^~~~~~~~~~~~~~
[54.615s] /usr/include/c++/13/variant:1431:16: note: candidate: ‘std::variant<_Types>& std::variant<_Types>::operator=(std::variant<_Types>&&) [with _Types = {std::function<void(const object_pose_interface_msgs::msg::SemanticMapObjectArray_<std::allocator<void> >&)>, std::function<void(const object_pose_interface_msgs::msg::SemanticMapObjectArray_<std::allocator<void> >&, const rclcpp::MessageInfo&)>, std::function<void(const rclcpp::SerializedMessage&)>, std::function<void(const rclcpp::SerializedMessage&, const rclcpp::MessageInfo&)>, std::function<void(std::unique_ptr<object_pose_interface_msgs::msg::SemanticMapObjectArray_<std::allocator<void> >, std::default_delete<object_pose_interface_msgs::msg::SemanticMapObjectArray_<std::allocator<void> > > >)>, std::function<void(std::unique_ptr<object_pose_interface_msgs::msg::SemanticMapObjectArray_<std::allocator<void> >, std::default_delete<object_pose_interface_msgs::msg::SemanticMapObjectArray_<std::allocator<void> > > >, const rclcpp::MessageInfo&)>, std::function<void(std::unique_ptr<rclcpp::SerializedMessage, std::default_delete<rclcpp::SerializedMessage> >)>, std::function<void(std::unique_ptr<rclcpp::SerializedMessage, std::default_delete<rclcpp::SerializedMessage> >, const rclcpp::MessageInfo&)>, std::function<void(std::shared_ptr<const object_pose_interface_msgs::msg::SemanticMapObjectArray_<std::allocator<void> > >)>, std::function<void(std::shared_ptr<const object_pose_interface_msgs::msg::SemanticMapObjectArray_<std::allocator<void> > >, const rclcpp::MessageInfo&)>, std::function<void(std::shared_ptr<const rclcpp::SerializedMessage>)>, std::function<void(std::shared_ptr<const rclcpp::SerializedMessage>, const rclcpp::MessageInfo&)>, std::function<void(const std::shared_ptr<const object_pose_interface_msgs::msg::SemanticMapObjectArray_<std::allocator<void> > >&)>, std::function<void(const std::shared_ptr<const object_pose_interface_msgs::msg::SemanticMapObjectArray_<std::allocator<void> > >&, const rclcpp::MessageInfo&)>, std::function<void(const std::shared_ptr<const rclcpp::SerializedMessage>&)>, std::function<void(const std::shared_ptr<const rclcpp::SerializedMessage>&, const rclcpp::MessageInfo&)>, std::function<void(std::shared_ptr<object_pose_interface_msgs::msg::SemanticMapObjectArray_<std::allocator<void> > >)>, std::function<void(std::shared_ptr<object_pose_interface_msgs::msg::SemanticMapObjectArray_<std::allocator<void> > >, const rclcpp::MessageInfo&)>, std::function<void(std::shared_ptr<rclcpp::SerializedMessage>)>, std::function<void(std::shared_ptr<rclcpp::SerializedMessage>, const rclcpp::MessageInfo&)>}]’
[54.616s]  1431 |       variant& operator=(variant&&) = default;
[54.617s]       |                ^~~~~~~~
[54.619s] /usr/include/c++/13/variant:1431:26: note:   no known conversion for argument 1 from ‘rclcpp::detail::SubscriptionCallbackTypeHelper<object_pose_interface_msgs::msg::SemanticMapObjectArray_<std::allocator<void> >, std::_Bind<void (NavigationHumansNode::*(NavigationHumansNode*, std::_Placeholder<1>))(const std::shared_ptr<const object_pose_interface_msgs::msg::KeypointDetections3D_<std::allocator<void> > >&)>, void>::callback_type’ {aka ‘std::function<void(const std::shared_ptr<const object_pose_interface_msgs::msg::KeypointDetections3D_<std::allocator<void> > >&)>’} to ‘std::variant<std::function<void(const object_pose_interface_msgs::msg::SemanticMapObjectArray_<std::allocator<void> >&)>, std::function<void(const object_pose_interface_msgs::msg::SemanticMapObjectArray_<std::allocator<void> >&, const rclcpp::MessageInfo&)>, std::function<void(const rclcpp::SerializedMessage&)>, std::function<void(const rclcpp::SerializedMessage&, const rclcpp::MessageInfo&)>, std::function<void(std::unique_ptr<object_pose_interface_msgs::msg::SemanticMapObjectArray_<std::allocator<void> >, std::default_delete<object_pose_interface_msgs::msg::SemanticMapObjectArray_<std::allocator<void> > > >)>, std::function<void(std::unique_ptr<object_pose_interface_msgs::msg::SemanticMapObjectArray_<std::allocator<void> >, std::default_delete<object_pose_interface_msgs::msg::SemanticMapObjectArray_<std::allocator<void> > > >, const rclcpp::MessageInfo&)>, std::function<void(std::unique_ptr<rclcpp::SerializedMessage, std::default_delete<rclcpp::SerializedMessage> >)>, std::function<void(std::unique_ptr<rclcpp::SerializedMessage, std::default_delete<rclcpp::SerializedMessage> >, const rclcpp::MessageInfo&)>, std::function<void(std::shared_ptr<const object_pose_interface_msgs::msg::SemanticMapObjectArray_<std::allocator<void> > >)>, std::function<void(std::shared_ptr<const object_pose_interface_msgs::msg::SemanticMapObjectArray_<std::allocator<void> > >, const rclcpp::MessageInfo&)>, std::function<void(std::shared_ptr<const rclcpp::SerializedMessage>)>, std::function<void(std::shared_ptr<const rclcpp::SerializedMessage>, const rclcpp::MessageInfo&)>, std::function<void(const std::shared_ptr<const object_pose_interface_msgs::msg::SemanticMapObjectArray_<std::allocator<void> > >&)>, std::function<void(const std::shared_ptr<const object_pose_interface_msgs::msg::SemanticMapObjectArray_<std::allocator<void> > >&, const rclcpp::MessageInfo&)>, std::function<void(const std::shared_ptr<const rclcpp::SerializedMessage>&)>, std::function<void(const std::shared_ptr<const rclcpp::SerializedMessage>&, const rclcpp::MessageInfo&)>, std::function<void(std::shared_ptr<object_pose_interface_msgs::msg::SemanticMapObjectArray_<std::allocator<void> > >)>, std::function<void(std::shared_ptr<object_pose_interface_msgs::msg::SemanticMapObjectArray_<std::allocator<void> > >, const rclcpp::MessageInfo&)>, std::function<void(std::shared_ptr<rclcpp::SerializedMessage>)>, std::function<void(std::shared_ptr<rclcpp::SerializedMessage>, const rclcpp::MessageInfo&)> >&&’
[54.619s]  1431 |       variant& operator=(variant&&) = default;
[54.619s]       |                          ^~~~~~~~~
[57.877s] gmake[2]: *** [CMakeFiles/human_following.dir/build.make:76: CMakeFiles/human_following.dir/src/human_following.cpp.o] Error 1
[57.880s] gmake[1]: *** [CMakeFiles/Makefile2:259: CMakeFiles/human_following.dir/all] Error 2
[57.880s] gmake[1]: *** Waiting for unfinished jobs....
[73.582s] gmake[2]: *** [CMakeFiles/navigation_humans.dir/build.make:76: CMakeFiles/navigation_humans.dir/src/navigation_humans.cpp.o] Error 1
[73.583s] gmake[1]: *** [CMakeFiles/Makefile2:233: CMakeFiles/navigation_humans.dir/all] Error 2
[73.584s] gmake: *** [Makefile:146: all] Error 2
[73.588s] Invoked command in '/home/neha/ros2_ws/src/semnav_migration/build/semnav' returned '2': CMAKE_PREFIX_PATH=${CMAKE_PREFIX_PATH}:/opt/ros/jazzy DEBUGINFOD_URLS=https://debuginfod.ubuntu.com /usr/bin/cmake --build /home/neha/ros2_ws/src/semnav_migration/build/semnav -- -j2 -l2
