[0.652s] DEBUG:colcon:Command line arguments: ['/usr/bin/colcon', 'build']
[0.652s] DEBUG:colcon:Parsed command line arguments: Namespace(log_base=None, log_level=None, verb_name='build', build_base='build', install_base='install', merge_install=False, symlink_install=False, test_result_base=None, continue_on_error=False, executor='parallel', parallel_workers=2, event_handlers=None, ignore_user_meta=False, metas=['./colcon.meta'], base_paths=['.'], packages_ignore=None, packages_ignore_regex=None, paths=None, packages_up_to=None, packages_up_to_regex=None, packages_above=None, packages_above_and_dependencies=None, packages_above_depth=None, packages_select_by_dep=None, packages_skip_by_dep=None, packages_skip_up_to=None, packages_select_build_failed=False, packages_skip_build_finished=False, packages_select_test_failures=False, packages_skip_test_passed=False, packages_select=None, packages_skip=None, packages_select_regex=None, packages_skip_regex=None, packages_start=None, packages_end=None, cmake_args=None, cmake_target=None, cmake_target_skip_unavailable=False, cmake_clean_cache=False, cmake_clean_first=False, cmake_force_configure=False, ament_cmake_args=None, catkin_cmake_args=None, catkin_skip_building_tests=False, verb_parser=<colcon_defaults.argument_parser.defaults.DefaultArgumentsDecorator object at 0x750ed9cf1910>, verb_extension=<colcon_core.verb.build.BuildVerb object at 0x750ed9c10d40>, main=<bound method BuildVerb.main of <colcon_core.verb.build.BuildVerb object at 0x750ed9c10d40>>)
[1.116s] Level 1:colcon.colcon_core.package_discovery:discover_packages(colcon_meta) check parameters
[1.116s] Level 1:colcon.colcon_core.package_discovery:discover_packages(recursive) check parameters
[1.117s] Level 1:colcon.colcon_core.package_discovery:discover_packages(ignore) check parameters
[1.117s] Level 1:colcon.colcon_core.package_discovery:discover_packages(path) check parameters
[1.117s] Level 1:colcon.colcon_core.package_discovery:discover_packages(colcon_meta) discover
[1.117s] Level 1:colcon.colcon_core.package_discovery:discover_packages(recursive) discover
[1.117s] INFO:colcon.colcon_core.package_discovery:Crawling recursively for packages in '/home/neha/ros2_ws/src/current_semnav_migration'
[1.118s] Level 1:colcon.colcon_core.package_identification:_identify(.) by extensions ['ignore', 'ignore_ament_install']
[1.118s] Level 1:colcon.colcon_core.package_identification:_identify(.) by extension 'ignore'
[1.118s] Level 1:colcon.colcon_core.package_identification:_identify(.) by extension 'ignore_ament_install'
[1.119s] Level 1:colcon.colcon_core.package_identification:_identify(.) by extensions ['colcon_pkg']
[1.119s] Level 1:colcon.colcon_core.package_identification:_identify(.) by extension 'colcon_pkg'
[1.119s] Level 1:colcon.colcon_core.package_identification:_identify(.) by extensions ['colcon_meta']
[1.119s] Level 1:colcon.colcon_core.package_identification:_identify(.) by extension 'colcon_meta'
[1.119s] Level 1:colcon.colcon_core.package_identification:_identify(.) by extensions ['ros']
[1.119s] Level 1:colcon.colcon_core.package_identification:_identify(.) by extension 'ros'
[1.384s] DEBUG:colcon.colcon_core.package_identification:Package '.' with type 'ros.ament_cmake' and name 'semnav'
[1.384s] Level 1:colcon.colcon_core.package_discovery:discover_packages(recursive) using defaults
[1.384s] Level 1:colcon.colcon_core.package_discovery:discover_packages(ignore) discover
[1.384s] Level 1:colcon.colcon_core.package_discovery:discover_packages(ignore) using defaults
[1.384s] Level 1:colcon.colcon_core.package_discovery:discover_packages(path) discover
[1.385s] Level 1:colcon.colcon_core.package_discovery:discover_packages(path) using defaults
[1.533s] Level 5:colcon.colcon_core.verb:set package 'semnav' build argument 'cmake_args' from command line to 'None'
[1.533s] Level 5:colcon.colcon_core.verb:set package 'semnav' build argument 'cmake_target' from command line to 'None'
[1.533s] Level 5:colcon.colcon_core.verb:set package 'semnav' build argument 'cmake_target_skip_unavailable' from command line to 'False'
[1.533s] Level 5:colcon.colcon_core.verb:set package 'semnav' build argument 'cmake_clean_cache' from command line to 'False'
[1.534s] Level 5:colcon.colcon_core.verb:set package 'semnav' build argument 'cmake_clean_first' from command line to 'False'
[1.534s] Level 5:colcon.colcon_core.verb:set package 'semnav' build argument 'cmake_force_configure' from command line to 'False'
[1.534s] Level 5:colcon.colcon_core.verb:set package 'semnav' build argument 'ament_cmake_args' from command line to 'None'
[1.534s] Level 5:colcon.colcon_core.verb:set package 'semnav' build argument 'catkin_cmake_args' from command line to 'None'
[1.534s] Level 5:colcon.colcon_core.verb:set package 'semnav' build argument 'catkin_skip_building_tests' from command line to 'False'
[1.534s] DEBUG:colcon.colcon_core.verb:Building package 'semnav' with the following arguments: {'ament_cmake_args': None, 'build_base': '/home/neha/ros2_ws/src/current_semnav_migration/build/semnav', 'catkin_cmake_args': None, 'catkin_skip_building_tests': False, 'cmake_args': None, 'cmake_clean_cache': False, 'cmake_clean_first': False, 'cmake_force_configure': False, 'cmake_target': None, 'cmake_target_skip_unavailable': False, 'install_base': '/home/neha/ros2_ws/src/current_semnav_migration/install/semnav', 'merge_install': False, 'path': '/home/neha/ros2_ws/src/current_semnav_migration', 'symlink_install': False, 'test_result_base': None}
[1.534s] INFO:colcon.colcon_core.executor:Executing jobs using 'parallel' executor
[1.536s] DEBUG:colcon.colcon_parallel_executor.executor.parallel:run_until_complete
[1.537s] INFO:colcon.colcon_ros.task.ament_cmake.build:Building ROS package in '/home/neha/ros2_ws/src/current_semnav_migration' with build type 'ament_cmake'
[1.537s] INFO:colcon.colcon_cmake.task.cmake.build:Building CMake package in '/home/neha/ros2_ws/src/current_semnav_migration'
[1.548s] INFO:colcon.colcon_core.plugin_system:Skipping extension 'colcon_core.shell.bat': Not used on non-Windows systems
[1.548s] DEBUG:colcon.colcon_core.shell:Skip shell extension 'dsv' for command environment
[1.669s] DEBUG:colcon.colcon_core.event_handler.log_command:Invoking command in '/home/neha/ros2_ws/src/current_semnav_migration/build/semnav': CMAKE_PREFIX_PATH=${CMAKE_PREFIX_PATH}:/opt/ros/jazzy DEBUGINFOD_URLS=https://debuginfod.ubuntu.com /usr/bin/cmake --build /home/neha/ros2_ws/src/current_semnav_migration/build/semnav -- -j2 -l2
[158.861s] DEBUG:colcon.colcon_core.event_handler.log_command:Invoked command in '/home/neha/ros2_ws/src/current_semnav_migration/build/semnav' returned '2': CMAKE_PREFIX_PATH=${CMAKE_PREFIX_PATH}:/opt/ros/jazzy DEBUGINFOD_URLS=https://debuginfod.ubuntu.com /usr/bin/cmake --build /home/neha/ros2_ws/src/current_semnav_migration/build/semnav -- -j2 -l2
[158.960s] Level 1:colcon.colcon_core.environment:create_environment_scripts_only(semnav)
[159.052s] Level 1:colcon.colcon_core.environment:checking '/home/neha/ros2_ws/src/current_semnav_migration/install/semnav' for CMake module files
[159.095s] Level 1:colcon.colcon_core.environment:checking '/home/neha/ros2_ws/src/current_semnav_migration/install/semnav' for CMake config files
[159.097s] Level 1:colcon.colcon_core.environment:checking '/home/neha/ros2_ws/src/current_semnav_migration/install/semnav/lib'
[159.098s] Level 1:colcon.colcon_core.environment:checking '/home/neha/ros2_ws/src/current_semnav_migration/install/semnav/bin'
[159.098s] Level 1:colcon.colcon_core.environment:checking '/home/neha/ros2_ws/src/current_semnav_migration/install/semnav/lib/pkgconfig/semnav.pc'
[159.138s] Level 1:colcon.colcon_core.environment:checking '/home/neha/ros2_ws/src/current_semnav_migration/install/semnav/lib/python3.12/site-packages'
[159.139s] Level 1:colcon.colcon_core.environment:checking '/home/neha/ros2_ws/src/current_semnav_migration/install/semnav/bin'
[159.140s] INFO:colcon.colcon_core.shell:Creating package descriptor '/home/neha/ros2_ws/src/current_semnav_migration/install/semnav/share/semnav/package.dsv'
[159.162s] INFO:colcon.colcon_core.shell:Creating package script '/home/neha/ros2_ws/src/current_semnav_migration/install/semnav/share/semnav/package.sh'
[159.166s] INFO:colcon.colcon_core.shell:Creating package script '/home/neha/ros2_ws/src/current_semnav_migration/install/semnav/share/semnav/package.bash'
[159.219s] INFO:colcon.colcon_core.shell:Creating package script '/home/neha/ros2_ws/src/current_semnav_migration/install/semnav/share/semnav/package.zsh'
[159.244s] Level 1:colcon.colcon_core.environment:create_file_with_runtime_dependencies(/home/neha/ros2_ws/src/current_semnav_migration/install/semnav/share/colcon-core/packages/semnav)
[159.256s] DEBUG:colcon.colcon_parallel_executor.executor.parallel:closing loop
[159.257s] DEBUG:colcon.colcon_parallel_executor.executor.parallel:loop closed
[159.257s] DEBUG:colcon.colcon_parallel_executor.executor.parallel:run_until_complete finished with '2'
[159.257s] DEBUG:colcon.colcon_core.event_reactor:joining thread
[159.300s] INFO:colcon.colcon_core.plugin_system:Skipping extension 'colcon_notification.desktop_notification.terminal_notifier': Not used on non-Darwin systems
[159.300s] INFO:colcon.colcon_core.plugin_system:Skipping extension 'colcon_notification.desktop_notification.win32': Not used on non-Windows systems
[159.301s] INFO:colcon.colcon_notification.desktop_notification:Sending desktop notification using 'notify2'
[159.383s] DEBUG:colcon.colcon_core.event_reactor:joined thread
[159.383s] INFO:colcon.colcon_core.shell:Creating prefix script '/home/neha/ros2_ws/src/current_semnav_migration/install/local_setup.sh'
[159.394s] INFO:colcon.colcon_core.shell:Creating prefix util module '/home/neha/ros2_ws/src/current_semnav_migration/install/_local_setup_util_sh.py'
[159.404s] INFO:colcon.colcon_core.shell:Creating prefix chain script '/home/neha/ros2_ws/src/current_semnav_migration/install/setup.sh'
[159.408s] INFO:colcon.colcon_core.shell:Creating prefix script '/home/neha/ros2_ws/src/current_semnav_migration/install/local_setup.bash'
[159.410s] INFO:colcon.colcon_core.shell:Creating prefix chain script '/home/neha/ros2_ws/src/current_semnav_migration/install/setup.bash'
[159.413s] INFO:colcon.colcon_core.shell:Creating prefix script '/home/neha/ros2_ws/src/current_semnav_migration/install/local_setup.zsh'
[159.418s] INFO:colcon.colcon_core.shell:Creating prefix chain script '/home/neha/ros2_ws/src/current_semnav_migration/install/setup.zsh'
