[0.037s] Invoking command in '/home/neha/ros2_ws/src/current_semnav_migration/build/semnav': CMAKE_PREFIX_PATH=${CMAKE_PREFIX_PATH}:/opt/ros/jazzy DEBUGINFOD_URLS=https://debuginfod.ubuntu.com /usr/bin/cmake --build /home/neha/ros2_ws/src/current_semnav_migration/build/semnav -- -j2 -l2
[0.220s] [ 14%] Built target reactive_planner
[0.362s] [ 23%] Built target navigation
[0.503s] [ 33%] Built target navigation_semantic
[0.651s] [ 38%] [32mBuilding CXX object CMakeFiles/navigation_humans.dir/src/navigation_humans.cpp.o[0m
[161.223s] [ 42%] [32m[1mLinking CXX executable navigation_humans[0m
[162.524s] [ 42%] Built target navigation_humans
[162.707s] [ 47%] [32mBuilding CXX object CMakeFiles/human_following.dir/src/human_following.cpp.o[0m
[325.352s] [ 52%] [32m[1mLinking CXX executable human_following[0m
[326.425s] [ 52%] Built target human_following
[326.574s] [ 57%] [32mBuilding CXX object CMakeFiles/human_following_signal.dir/src/human_following_signal.cpp.o[0m
[477.651s] [ 61%] [32m[1mLinking CXX executable human_following_signal[0m
[478.790s] [ 61%] Built target human_following_signal
[478.953s] [ 66%] [32mBuilding CXX object CMakeFiles/human_following_fallen.dir/src/human_following_fallen.cpp.o[0m
[638.923s] [ 71%] [32m[1mLinking CXX executable human_following_fallen[0m
[640.212s] [ 71%] Built target human_following_fallen
[640.279s] [ 80%] Built target map_debug
[640.361s] [ 90%] Built target fake_lidar_publisher
[640.429s] [100%] Built target fake_odometry_publisher
[640.453s] Invoked command in '/home/neha/ros2_ws/src/current_semnav_migration/build/semnav' returned '0': CMAKE_PREFIX_PATH=${CMAKE_PREFIX_PATH}:/opt/ros/jazzy DEBUGINFOD_URLS=https://debuginfod.ubuntu.com /usr/bin/cmake --build /home/neha/ros2_ws/src/current_semnav_migration/build/semnav -- -j2 -l2
[640.640s] Invoking command in '/home/neha/ros2_ws/src/current_semnav_migration/build/semnav': CMAKE_PREFIX_PATH=${CMAKE_PREFIX_PATH}:/opt/ros/jazzy DEBUGINFOD_URLS=https://debuginfod.ubuntu.com /usr/bin/cmake --install /home/neha/ros2_ws/src/current_semnav_migration/build/semnav
[640.657s] -- Install configuration: "Release"
[640.657s] -- Up-to-date: /home/neha/ros2_ws/src/current_semnav_migration/install/semnav/lib/semnav/libreactive_planner.a
[640.658s] -- Installing: /home/neha/ros2_ws/src/current_semnav_migration/install/semnav/lib/semnav/navigation
[640.669s] -- Set non-toolchain portion of runtime path of "/home/neha/ros2_ws/src/current_semnav_migration/install/semnav/lib/semnav/navigation" to ""
[640.670s] -- Installing: /home/neha/ros2_ws/src/current_semnav_migration/install/semnav/lib/semnav/navigation_semantic
[640.675s] -- Set non-toolchain portion of runtime path of "/home/neha/ros2_ws/src/current_semnav_migration/install/semnav/lib/semnav/navigation_semantic" to ""
[640.675s] -- Installing: /home/neha/ros2_ws/src/current_semnav_migration/install/semnav/lib/semnav/navigation_humans
[640.687s] -- Set non-toolchain portion of runtime path of "/home/neha/ros2_ws/src/current_semnav_migration/install/semnav/lib/semnav/navigation_humans" to ""
[640.688s] -- Installing: /home/neha/ros2_ws/src/current_semnav_migration/install/semnav/lib/semnav/human_following
[640.694s] -- Set non-toolchain portion of runtime path of "/home/neha/ros2_ws/src/current_semnav_migration/install/semnav/lib/semnav/human_following" to ""
[640.694s] -- Installing: /home/neha/ros2_ws/src/current_semnav_migration/install/semnav/lib/semnav/human_following_signal
[640.704s] -- Set non-toolchain portion of runtime path of "/home/neha/ros2_ws/src/current_semnav_migration/install/semnav/lib/semnav/human_following_signal" to ""
[640.704s] -- Installing: /home/neha/ros2_ws/src/current_semnav_migration/install/semnav/lib/semnav/human_following_fallen
[640.712s] -- Set non-toolchain portion of runtime path of "/home/neha/ros2_ws/src/current_semnav_migration/install/semnav/lib/semnav/human_following_fallen" to ""
[640.712s] -- Up-to-date: /home/neha/ros2_ws/src/current_semnav_migration/install/semnav/lib/semnav/map_debug
[640.712s] -- Up-to-date: /home/neha/ros2_ws/src/current_semnav_migration/install/semnav/lib/semnav/fake_lidar_publisher
[640.718s] -- Up-to-date: /home/neha/ros2_ws/src/current_semnav_migration/install/semnav/lib/semnav/fake_odometry_publisher
[640.719s] Invoked command in '/home/neha/ros2_ws/src/current_semnav_migration/build/semnav' returned '0': CMAKE_PREFIX_PATH=${CMAKE_PREFIX_PATH}:/opt/ros/jazzy DEBUGINFOD_URLS=https://debuginfod.ubuntu.com /usr/bin/cmake --install /home/neha/ros2_ws/src/current_semnav_migration/build/semnav
